[2020-11-13 14:54][DEBUG] [CAMERA] 摄像机初始化成功 
[2020-11-13 14:54][DEBUG] [SHADER] 绑定顶点着色器文件 
[2020-11-13 14:54][DEBUG] [SHADER] 绑定片元着色器文件 
[2020-11-13 14:54][DEBUG] [SHADER] 着色器程序初始化成功 
[2020-11-13 14:54][DEBUG] [SHADER] 绑定顶点着色器文件 
[2020-11-13 14:54][DEBUG] [SHADER] 绑定片元着色器文件 
[2020-11-13 14:54][DEBUG] [SHADER] 着色器程序初始化成功 
[2020-11-13 14:54][DEBUG] [NMODULE] 主进程初始化完毕 
[2020-11-13 15:01][DEBUG] [CAMERA] 摄像机初始化成功 
[2020-11-13 15:01][DEBUG] [SHADER] 绑定顶点着色器文件 
[2020-11-13 15:01][DEBUG] [SHADER] 绑定片元着色器文件 
[2020-11-13 15:01][DEBUG] [SHADER] 着色器程序初始化成功 
[2020-11-13 15:01][DEBUG] [SHADER] 绑定顶点着色器文件 
[2020-11-13 15:01][DEBUG] [SHADER] 绑定片元着色器文件 
[2020-11-13 15:01][DEBUG] [SHADER] 着色器程序初始化成功 
[2020-11-13 15:01][DEBUG] [NMODULE] 主进程初始化完毕 
[2020-11-13 15:03][DEBUG] [CAMERA] 摄像机初始化成功 
[2020-11-13 15:03][DEBUG] [SHADER] 绑定顶点着色器文件 
[2020-11-13 15:03][DEBUG] [SHADER] 绑定片元着色器文件 
[2020-11-13 15:03][DEBUG] [SHADER] 着色器程序初始化成功 
[2020-11-13 15:03][DEBUG] [SHADER] 绑定顶点着色器文件 
[2020-11-13 15:03][DEBUG] [SHADER] 绑定片元着色器文件 
[2020-11-13 15:03][DEBUG] [SHADER] 着色器程序初始化成功 
[2020-11-13 15:03][DEBUG] [NMODULE] 主进程初始化完毕 
[2020-11-13 15:10][DEBUG] [CAMERA] 摄像机初始化成功 
[2020-11-13 15:10][DEBUG] [SHADER] 绑定顶点着色器文件 
[2020-11-13 15:10][DEBUG] [SHADER] 绑定片元着色器文件 
[2020-11-13 15:10][DEBUG] [SHADER] 着色器程序初始化成功 
[2020-11-13 15:10][DEBUG] [SHADER] 绑定顶点着色器文件 
[2020-11-13 15:10][DEBUG] [SHADER] 绑定片元着色器文件 
[2020-11-13 15:10][DEBUG] [SHADER] 着色器程序初始化成功 
[2020-11-13 15:10][DEBUG] [NMODULE] 主进程初始化完毕 
