[2020-11-18 02:29][DEBUG] [CAMERA] 摄像机初始化成功 
[2020-11-18 02:29][DEBUG] [NMODULE] 主进程初始化完毕 
[2020-11-18 02:29][DEBUG] [NMODULE] 初始化物体 
[2020-11-18 02:29][DEBUG] [SHADER] 绑定顶点着色器文件 
[2020-11-18 02:29][DEBUG] [SHADER] 绑定片元着色器文件 
[2020-11-18 02:29][DEBUG] [SHADER] 着色器程序初始化成功 
[2020-11-18 02:29][DEBUG] [OBJECT] 物件初始化成功 
[2020-11-18 02:29][DEBUG] [NMODULE] 初始化物体 
[2020-11-18 02:29][DEBUG] [SHADER] 绑定顶点着色器文件 
[2020-11-18 02:29][DEBUG] [SHADER] 绑定片元着色器文件 
[2020-11-18 02:29][DEBUG] [SHADER] 着色器程序初始化成功 
[2020-11-18 02:29][DEBUG] [OBJECT] 物件初始化成功 
[2020-11-18 02:29][DEBUG] [NMODULE] 主进程结束 
[2020-11-18 02:29][DEBUG] [NMODULE] 资源释放完毕 
[2020-11-18 02:58][DEBUG] [CAMERA] 摄像机初始化成功 
[2020-11-18 02:58][DEBUG] [NMODULE] 主进程初始化完毕 
[2020-11-18 02:58][DEBUG] [NMODULE] 初始化物体 
[2020-11-18 02:58][DEBUG] [SHADER] 绑定顶点着色器文件 
[2020-11-18 02:58][DEBUG] [SHADER] 绑定片元着色器文件 
[2020-11-18 02:58][DEBUG] [SHADER] 着色器程序初始化成功 
[2020-11-18 02:58][DEBUG] [OBJECT] 物件初始化成功 
[2020-11-18 02:58][DEBUG] [NMODULE] 初始化物体 
[2020-11-18 02:58][DEBUG] [SHADER] 绑定顶点着色器文件 
[2020-11-18 02:58][DEBUG] [SHADER] 绑定片元着色器文件 
[2020-11-18 02:58][DEBUG] [SHADER] 着色器程序初始化成功 
[2020-11-18 02:58][DEBUG] [OBJECT] 物件初始化成功 
[2020-11-18 02:58][DEBUG] [NMODULE] 主进程结束 
[2020-11-18 02:58][DEBUG] [NMODULE] 资源释放完毕 
[2020-11-18 16:30][DEBUG] [CAMERA] 摄像机初始化成功 
[2020-11-18 16:30][DEBUG] [NMODULE] 主进程初始化完毕 
[2020-11-18 16:30][DEBUG] [NMODULE] 初始化物体 
[2020-11-18 16:30][DEBUG] [SHADER] 绑定顶点着色器文件 
[2020-11-18 16:30][DEBUG] [SHADER] 绑定片元着色器文件 
[2020-11-18 16:30][DEBUG] [SHADER] 着色器程序初始化成功 
[2020-11-18 16:30][DEBUG] [OBJECT] 物件初始化成功 
[2020-11-18 16:30][DEBUG] [OBJECT] 物体加入完毕, id->49, vbo-> 
[2020-11-18 16:30][DEBUG] [NMODULE] 初始化物体 
[2020-11-18 16:30][DEBUG] [SHADER] 绑定顶点着色器文件 
[2020-11-18 16:30][DEBUG] [SHADER] 绑定片元着色器文件 
[2020-11-18 16:30][DEBUG] [SHADER] 着色器程序初始化成功 
[2020-11-18 16:30][DEBUG] [OBJECT] 物件初始化成功 
[2020-11-18 16:30][DEBUG] [OBJECT] 物体加入完毕, id->0, vbo->2 
[2020-11-18 16:30][DEBUG] [NMODULE] 主进程结束 
[2020-11-18 16:30][DEBUG] [NMODULE] 资源释放完毕 
[2020-11-18 16:36][DEBUG] [CAMERA] 摄像机初始化成功 
[2020-11-18 16:36][DEBUG] [NMODULE] 主进程初始化完毕 
[2020-11-18 16:36][DEBUG] [NMODULE] 初始化物体 
[2020-11-18 16:36][DEBUG] [SHADER] 绑定顶点着色器文件 
[2020-11-18 16:36][DEBUG] [SHADER] 绑定片元着色器文件 
[2020-11-18 16:36][DEBUG] [SHADER] 着色器程序初始化成功 
[2020-11-18 16:36][DEBUG] [OBJECT] 物件初始化成功 
[2020-11-18 16:36][DEBUG] [OBJECT] 物体加入完毕, id->0, vbo->2 
[2020-11-18 16:36][DEBUG] [NMODULE] 初始化物体 
[2020-11-18 16:36][DEBUG] [SHADER] 绑定顶点着色器文件 
[2020-11-18 16:36][DEBUG] [SHADER] 绑定片元着色器文件 
[2020-11-18 16:36][DEBUG] [SHADER] 着色器程序初始化成功 
[2020-11-18 16:36][DEBUG] [OBJECT] 物件初始化成功 
[2020-11-18 16:36][DEBUG] [OBJECT] 物体加入完毕, id->0, vbo->2 
[2020-11-18 16:36][DEBUG] [NMODULE] 主进程结束 
[2020-11-18 16:36][DEBUG] [NMODULE] 资源释放完毕 
[2020-11-18 16:38][DEBUG] [CAMERA] 摄像机初始化成功 
[2020-11-18 16:38][DEBUG] [NMODULE] 主进程初始化完毕 
[2020-11-18 16:38][DEBUG] [NMODULE] 初始化物体 
[2020-11-18 16:38][DEBUG] [SHADER] 绑定顶点着色器文件 
[2020-11-18 16:38][DEBUG] [SHADER] 绑定片元着色器文件 
[2020-11-18 16:38][DEBUG] [SHADER] 着色器程序初始化成功 
[2020-11-18 16:38][DEBUG] [OBJECT] 物件初始化成功 
[2020-11-18 16:38][DEBUG] [OBJECT] 物体加入完毕, id->376935852 
[2020-11-18 16:38][DEBUG] [NMODULE] 初始化物体 
[2020-11-18 16:38][DEBUG] [SHADER] 绑定顶点着色器文件 
[2020-11-18 16:38][DEBUG] [SHADER] 绑定片元着色器文件 
[2020-11-18 16:38][DEBUG] [SHADER] 着色器程序初始化成功 
[2020-11-18 16:38][DEBUG] [OBJECT] 物件初始化成功 
[2020-11-18 16:38][DEBUG] [OBJECT] 物体加入完毕, id->376935852 
[2020-11-18 16:38][DEBUG] [NMODULE] 主进程结束 
[2020-11-18 16:38][DEBUG] [NMODULE] 资源释放完毕 
[2020-11-18 16:39][DEBUG] [CAMERA] 摄像机初始化成功 
[2020-11-18 16:39][DEBUG] [NMODULE] 主进程初始化完毕 
[2020-11-18 16:39][DEBUG] [NMODULE] 初始化物体 
[2020-11-18 16:39][DEBUG] [SHADER] 绑定顶点着色器文件 
[2020-11-18 16:39][DEBUG] [SHADER] 绑定片元着色器文件 
[2020-11-18 16:39][DEBUG] [SHADER] 着色器程序初始化成功 
[2020-11-18 16:39][DEBUG] [OBJECT] 物件初始化成功 
[2020-11-18 16:39][DEBUG] [OBJECT] 物体加入完毕, id->49, vbo-> 
[2020-11-18 16:39][DEBUG] [NMODULE] 初始化物体 
[2020-11-18 16:39][DEBUG] [SHADER] 绑定顶点着色器文件 
[2020-11-18 16:39][DEBUG] [SHADER] 绑定片元着色器文件 
[2020-11-18 16:39][DEBUG] [SHADER] 着色器程序初始化成功 
[2020-11-18 16:39][DEBUG] [OBJECT] 物件初始化成功 
[2020-11-18 16:39][DEBUG] [OBJECT] 物体加入完毕, id->408812563 
[2020-11-18 16:39][DEBUG] [NMODULE] 主进程结束 
[2020-11-18 16:39][DEBUG] [NMODULE] 资源释放完毕 
[2020-11-18 16:40][DEBUG] [CAMERA] 摄像机初始化成功 
[2020-11-18 16:40][DEBUG] [NMODULE] 主进程初始化完毕 
[2020-11-18 16:40][DEBUG] [NMODULE] 初始化物体 
[2020-11-18 16:40][DEBUG] [SHADER] 绑定顶点着色器文件 
[2020-11-18 16:40][DEBUG] [SHADER] 绑定片元着色器文件 
[2020-11-18 16:40][DEBUG] [SHADER] 着色器程序初始化成功 
[2020-11-18 16:40][DEBUG] [OBJECT] 物件初始化成功 
[2020-11-18 16:40][DEBUG] [OBJECT] 物体加入完毕, id->49, vbo-> 
[2020-11-18 16:40][DEBUG] [NMODULE] 初始化物体 
[2020-11-18 16:40][DEBUG] [SHADER] 绑定顶点着色器文件 
[2020-11-18 16:40][DEBUG] [SHADER] 绑定片元着色器文件 
[2020-11-18 16:40][DEBUG] [SHADER] 着色器程序初始化成功 
[2020-11-18 16:40][DEBUG] [OBJECT] 物件初始化成功 
[2020-11-18 16:40][DEBUG] [OBJECT] 物体加入完毕, id->157993184 
[2020-11-18 16:40][DEBUG] [NMODULE] 主进程结束 
[2020-11-18 16:40][DEBUG] [NMODULE] 资源释放完毕 
[2020-11-18 16:40][DEBUG] [CAMERA] 摄像机初始化成功 
[2020-11-18 16:40][DEBUG] [NMODULE] 主进程初始化完毕 
[2020-11-18 16:40][DEBUG] [NMODULE] 初始化物体 
[2020-11-18 16:40][DEBUG] [SHADER] 绑定顶点着色器文件 
[2020-11-18 16:40][DEBUG] [SHADER] 绑定片元着色器文件 
[2020-11-18 16:40][DEBUG] [SHADER] 着色器程序初始化成功 
[2020-11-18 16:40][DEBUG] [OBJECT] 物件初始化成功 
[2020-11-18 16:40][DEBUG] [OBJECT] 物体加入完毕, id->49, vbo-> 
[2020-11-18 16:40][DEBUG] [NMODULE] 初始化物体 
[2020-11-18 16:40][DEBUG] [SHADER] 绑定顶点着色器文件 
[2020-11-18 16:40][DEBUG] [SHADER] 绑定片元着色器文件 
[2020-11-18 16:40][DEBUG] [SHADER] 着色器程序初始化成功 
[2020-11-18 16:40][DEBUG] [OBJECT] 物件初始化成功 
[2020-11-18 16:40][DEBUG] [OBJECT] 物体加入完毕, id->361207212 
[2020-11-18 16:40][DEBUG] [NMODULE] 主进程结束 
[2020-11-18 16:40][DEBUG] [NMODULE] 资源释放完毕 
[2020-11-18 16:42][DEBUG] [CAMERA] 摄像机初始化成功 
[2020-11-18 16:42][DEBUG] [NMODULE] 主进程初始化完毕 
[2020-11-18 16:42][DEBUG] [NMODULE] 初始化物体 
[2020-11-18 16:42][DEBUG] [SHADER] 绑定顶点着色器文件 
[2020-11-18 16:42][DEBUG] [SHADER] 绑定片元着色器文件 
[2020-11-18 16:42][DEBUG] [SHADER] 着色器程序初始化成功 
[2020-11-18 16:42][DEBUG] [OBJECT] 物件初始化成功 
[2020-11-18 16:42][DEBUG] [OBJECT] 物体加入完毕, id->49, vbo-> 
[2020-11-18 16:42][DEBUG] [NMODULE] 初始化物体 
[2020-11-18 16:42][DEBUG] [SHADER] 绑定顶点着色器文件 
[2020-11-18 16:42][DEBUG] [SHADER] 绑定片元着色器文件 
[2020-11-18 16:42][DEBUG] [SHADER] 着色器程序初始化成功 
[2020-11-18 16:42][DEBUG] [OBJECT] 物件初始化成功 
[2020-11-18 16:42][DEBUG] [OBJECT] 物体加入完毕, id->417410886 
[2020-11-18 16:42][DEBUG] [NMODULE] 主进程结束 
[2020-11-18 16:42][DEBUG] [NMODULE] 资源释放完毕 
[2020-11-18 16:45][DEBUG] [CAMERA] 摄像机初始化成功 
[2020-11-18 16:45][DEBUG] [NMODULE] 主进程初始化完毕 
[2020-11-18 16:45][DEBUG] [NMODULE] 初始化物体 
[2020-11-18 16:45][DEBUG] [SHADER] 绑定顶点着色器文件 
[2020-11-18 16:45][DEBUG] [SHADER] 绑定片元着色器文件 
[2020-11-18 16:45][DEBUG] [SHADER] 着色器程序初始化成功 
[2020-11-18 16:45][DEBUG] [OBJECT] 物件初始化成功 
[2020-11-18 16:45][DEBUG] [OBJECT] 物体加入完毕, id->1, vbo->1 
[2020-11-18 16:45][DEBUG] [NMODULE] 初始化物体 
[2020-11-18 16:45][DEBUG] [SHADER] 绑定顶点着色器文件 
[2020-11-18 16:45][DEBUG] [SHADER] 绑定片元着色器文件 
[2020-11-18 16:45][DEBUG] [SHADER] 着色器程序初始化成功 
[2020-11-18 16:45][DEBUG] [OBJECT] 物件初始化成功 
[2020-11-18 16:45][DEBUG] [OBJECT] 物体加入完毕, id->2, vbo->2 
[2020-11-18 16:45][DEBUG] [NMODULE] 主进程结束 
[2020-11-18 16:45][DEBUG] [NMODULE] 资源释放完毕 
[2020-11-18 16:47][DEBUG] [CAMERA] 摄像机初始化成功 
[2020-11-18 16:47][DEBUG] [NMODULE] 主进程初始化完毕 
[2020-11-18 16:47][DEBUG] [NMODULE] 初始化物体 
[2020-11-18 16:47][DEBUG] [SHADER] 绑定顶点着色器文件 
[2020-11-18 16:47][DEBUG] [SHADER] 绑定片元着色器文件 
[2020-11-18 16:47][DEBUG] [SHADER] 着色器程序初始化成功 
[2020-11-18 16:47][DEBUG] [OBJECT] 物件初始化成功 
[2020-11-18 16:47][DEBUG] [OBJECT] 物体加入完毕, id->49, vbo-> 
[2020-11-18 16:47][DEBUG] [NMODULE] 初始化物体 
[2020-11-18 16:47][DEBUG] [SHADER] 绑定顶点着色器文件 
[2020-11-18 16:47][DEBUG] [SHADER] 绑定片元着色器文件 
[2020-11-18 16:47][DEBUG] [SHADER] 着色器程序初始化成功 
[2020-11-18 16:47][DEBUG] [OBJECT] 物件初始化成功 
[2020-11-18 16:47][DEBUG] [OBJECT] 物体加入完毕, id->128213625 
[2020-11-18 16:47][DEBUG] [NMODULE] 主进程结束 
[2020-11-18 16:47][DEBUG] [NMODULE] 资源释放完毕 
[2020-11-18 16:49][DEBUG] [CAMERA] 摄像机初始化成功 
[2020-11-18 16:49][DEBUG] [NMODULE] 主进程初始化完毕 
[2020-11-18 16:49][DEBUG] [NMODULE] 初始化物体 
[2020-11-18 16:49][DEBUG] [SHADER] 绑定顶点着色器文件 
[2020-11-18 16:49][DEBUG] [SHADER] 绑定片元着色器文件 
[2020-11-18 16:49][DEBUG] [SHADER] 着色器程序初始化成功 
[2020-11-18 16:49][DEBUG] [OBJECT] 物件初始化成功 
[2020-11-18 16:49][DEBUG] [OBJECT] 物体加入完毕, id->49, vbo-> 
[2020-11-18 16:49][DEBUG] [NMODULE] 初始化物体 
[2020-11-18 16:49][DEBUG] [SHADER] 绑定顶点着色器文件 
[2020-11-18 16:49][DEBUG] [SHADER] 绑定片元着色器文件 
[2020-11-18 16:49][DEBUG] [SHADER] 着色器程序初始化成功 
[2020-11-18 16:49][DEBUG] [OBJECT] 物件初始化成功 
[2020-11-18 16:49][DEBUG] [OBJECT] 物体加入完毕, id->421395475 
[2020-11-18 16:49][DEBUG] [NMODULE] 主进程结束 
[2020-11-18 16:49][DEBUG] [NMODULE] 资源释放完毕 
[2020-11-18 16:51][DEBUG] [CAMERA] 摄像机初始化成功 
[2020-11-18 16:51][DEBUG] [NMODULE] 主进程初始化完毕 
[2020-11-18 16:51][DEBUG] [NMODULE] 初始化物体 
[2020-11-18 16:51][DEBUG] [SHADER] 绑定顶点着色器文件 
[2020-11-18 16:51][DEBUG] [SHADER] 绑定片元着色器文件 
[2020-11-18 16:51][DEBUG] [SHADER] 着色器程序初始化成功 
[2020-11-18 16:51][DEBUG] [OBJECT] 物件初始化成功 
[2020-11-18 16:51][DEBUG] [OBJECT] 物体加入完毕, id->1, vbo->1 
[2020-11-18 16:51][DEBUG] [NMODULE] 初始化物体 
[2020-11-18 16:51][DEBUG] [SHADER] 绑定顶点着色器文件 
[2020-11-18 16:51][DEBUG] [SHADER] 绑定片元着色器文件 
[2020-11-18 16:51][DEBUG] [SHADER] 着色器程序初始化成功 
[2020-11-18 16:51][DEBUG] [OBJECT] 物件初始化成功 
[2020-11-18 16:51][DEBUG] [OBJECT] 物体加入完毕, id->2, vbo->2 
[2020-11-18 16:51][DEBUG] [NMODULE] 主进程结束 
[2020-11-18 16:51][DEBUG] [NMODULE] 资源释放完毕 
[2020-11-18 16:55][DEBUG] [CAMERA] 摄像机初始化成功 
[2020-11-18 16:55][DEBUG] [NMODULE] 主进程初始化完毕 
[2020-11-18 16:55][DEBUG] [NMODULE] 初始化物体 
[2020-11-18 16:55][DEBUG] [SHADER] 绑定顶点着色器文件 
[2020-11-18 16:55][DEBUG] [SHADER] 绑定片元着色器文件 
[2020-11-18 16:55][DEBUG] [SHADER] 着色器程序初始化成功 
[2020-11-18 16:55][DEBUG] [OBJECT] 物件初始化成功 
[2020-11-18 16:55][DEBUG] [OBJECT] 物体加入全局物件管理器完毕, id->1, vbo->1 
[2020-11-18 16:55][DEBUG] [NMODULE] 初始化物体 
[2020-11-18 16:55][DEBUG] [SHADER] 绑定顶点着色器文件 
[2020-11-18 16:55][DEBUG] [SHADER] 绑定片元着色器文件 
[2020-11-18 16:55][DEBUG] [SHADER] 着色器程序初始化成功 
[2020-11-18 16:55][DEBUG] [OBJECT] 物件初始化成功 
[2020-11-18 16:55][DEBUG] [OBJECT] 物体加入全局物件管理器完毕, id->2, vbo->2 
[2020-11-18 16:55][DEBUG] [NMODULE] 主进程结束 
[2020-11-18 16:55][DEBUG] [NMODULE] 资源释放完毕 
[2020-11-18 19:11][DEBUG] [CAMERA] 摄像机初始化成功 
[2020-11-18 19:11][DEBUG] [NMODULE] 主进程初始化完毕 
[2020-11-18 19:11][DEBUG] [NMODULE] 初始化物体 
[2020-11-18 19:11][DEBUG] [SHADER] 绑定顶点着色器文件 
[2020-11-18 19:11][DEBUG] [SHADER] 绑定片元着色器文件 
[2020-11-18 19:11][DEBUG] [SHADER] 着色器程序初始化成功 
[2020-11-18 19:11][DEBUG] [OBJECT] 物件初始化成功 
[2020-11-18 19:11][DEBUG] [OBJECT] 物体加入全局物件管理器完毕, id->65537, vao->1, vbo->1 
[2020-11-18 19:11][DEBUG] [NMODULE] 初始化物体 
[2020-11-18 19:11][DEBUG] [SHADER] 绑定顶点着色器文件 
[2020-11-18 19:11][DEBUG] [SHADER] 绑定片元着色器文件 
[2020-11-18 19:11][DEBUG] [SHADER] 着色器程序初始化成功 
[2020-11-18 19:11][DEBUG] [OBJECT] 物件初始化成功 
[2020-11-18 19:11][DEBUG] [OBJECT] 物体加入全局物件管理器完毕, id->131074, vao->2, vbo->2 
[2020-11-18 19:11][DEBUG] [NMODULE] 主进程结束 
[2020-11-18 19:11][DEBUG] [NMODULE] 资源释放完毕 
