[2020-11-17 00:12][DEBUG] [CAMERA] 摄像机初始化成功 
[2020-11-17 00:12][DEBUG] [NMODULE] 主进程初始化完毕 
[2020-11-17 00:12][DEBUG] [NMODULE] 初始化obj1 
[2020-11-17 00:12][DEBUG] [SHADER] 绑定顶点着色器文件 
[2020-11-17 00:12][DEBUG] [SHADER] 绑定片元着色器文件 
[2020-11-17 00:12][DEBUG] [SHADER] 着色器程序初始化成功 
[2020-11-17 00:12][DEBUG] [OBJECT] 物件初始化成功 
[2020-11-17 00:12][DEBUG] [NMODULE] 初始化obj2 
[2020-11-17 00:12][DEBUG] [SHADER] 绑定顶点着色器文件 
[2020-11-17 00:12][DEBUG] [SHADER] 绑定片元着色器文件 
[2020-11-17 00:12][DEBUG] [SHADER] 着色器程序初始化成功 
[2020-11-17 00:12][DEBUG] [OBJECT] 物件初始化成功 
[2020-11-17 00:13][DEBUG] [NMODULE] 主进程结束 
[2020-11-17 00:13][DEBUG] [NMODULE] 资源释放完毕 
[2020-11-17 00:16][DEBUG] [CAMERA] 摄像机初始化成功 
[2020-11-17 00:16][DEBUG] [NMODULE] 主进程初始化完毕 
[2020-11-17 00:16][DEBUG] [NMODULE] 初始化obj1 
[2020-11-17 00:16][DEBUG] [SHADER] 绑定顶点着色器文件 
[2020-11-17 00:16][DEBUG] [SHADER] 绑定片元着色器文件 
[2020-11-17 00:16][DEBUG] [SHADER] 着色器程序初始化成功 
[2020-11-17 00:16][DEBUG] [OBJECT] 物件初始化成功 
[2020-11-17 00:16][DEBUG] [NMODULE] 初始化obj2 
[2020-11-17 00:16][DEBUG] [SHADER] 绑定顶点着色器文件 
[2020-11-17 00:16][DEBUG] [SHADER] 绑定片元着色器文件 
[2020-11-17 00:16][DEBUG] [SHADER] 着色器程序初始化成功 
[2020-11-17 00:16][DEBUG] [OBJECT] 物件初始化成功 
[2020-11-17 00:16][DEBUG] [NMODULE] 主进程结束 
[2020-11-17 00:16][DEBUG] [NMODULE] 资源释放完毕 
[2020-11-17 00:16][DEBUG] [CAMERA] 摄像机初始化成功 
[2020-11-17 00:16][DEBUG] [NMODULE] 主进程初始化完毕 
[2020-11-17 00:16][DEBUG] [NMODULE] 初始化obj1 
[2020-11-17 00:16][DEBUG] [SHADER] 绑定顶点着色器文件 
[2020-11-17 00:16][DEBUG] [SHADER] 绑定片元着色器文件 
[2020-11-17 00:16][DEBUG] [SHADER] 着色器程序初始化成功 
[2020-11-17 00:16][DEBUG] [OBJECT] 物件初始化成功 
[2020-11-17 00:16][DEBUG] [NMODULE] 初始化obj2 
[2020-11-17 00:16][DEBUG] [SHADER] 绑定顶点着色器文件 
[2020-11-17 00:16][DEBUG] [SHADER] 绑定片元着色器文件 
[2020-11-17 00:16][DEBUG] [SHADER] 着色器程序初始化成功 
[2020-11-17 00:16][DEBUG] [OBJECT] 物件初始化成功 
[2020-11-17 00:17][DEBUG] [NMODULE] 主进程结束 
[2020-11-17 00:17][DEBUG] [NMODULE] 资源释放完毕 
[2020-11-17 00:18][DEBUG] [CAMERA] 摄像机初始化成功 
[2020-11-17 00:18][DEBUG] [NMODULE] 主进程初始化完毕 
[2020-11-17 00:18][DEBUG] [NMODULE] 初始化obj1 
[2020-11-17 00:18][DEBUG] [SHADER] 绑定顶点着色器文件 
[2020-11-17 00:18][DEBUG] [SHADER] 绑定片元着色器文件 
[2020-11-17 00:18][DEBUG] [SHADER] 着色器程序初始化成功 
[2020-11-17 00:18][DEBUG] [OBJECT] 物件初始化成功 
[2020-11-17 00:18][DEBUG] [NMODULE] 初始化obj2 
[2020-11-17 00:18][DEBUG] [SHADER] 绑定顶点着色器文件 
[2020-11-17 00:18][DEBUG] [SHADER] 绑定片元着色器文件 
[2020-11-17 00:18][DEBUG] [SHADER] 着色器程序初始化成功 
[2020-11-17 00:18][DEBUG] [OBJECT] 物件初始化成功 
[2020-11-17 00:18][DEBUG] [NMODULE] 主进程结束 
[2020-11-17 00:18][DEBUG] [NMODULE] 资源释放完毕 
[2020-11-17 00:19][DEBUG] [CAMERA] 摄像机初始化成功 
[2020-11-17 00:19][DEBUG] [NMODULE] 主进程初始化完毕 
[2020-11-17 00:19][DEBUG] [NMODULE] 初始化obj1 
[2020-11-17 00:19][DEBUG] [SHADER] 绑定顶点着色器文件 
[2020-11-17 00:19][DEBUG] [SHADER] 绑定片元着色器文件 
[2020-11-17 00:19][DEBUG] [SHADER] 着色器程序初始化成功 
[2020-11-17 00:19][DEBUG] [OBJECT] 物件初始化成功 
[2020-11-17 00:19][DEBUG] [NMODULE] 初始化obj2 
[2020-11-17 00:19][DEBUG] [SHADER] 绑定顶点着色器文件 
[2020-11-17 00:19][DEBUG] [SHADER] 绑定片元着色器文件 
[2020-11-17 00:19][DEBUG] [SHADER] 着色器程序初始化成功 
[2020-11-17 00:19][DEBUG] [OBJECT] 物件初始化成功 
[2020-11-17 00:19][DEBUG] [NMODULE] 主进程结束 
[2020-11-17 00:19][DEBUG] [NMODULE] 资源释放完毕 
[2020-11-17 17:13][DEBUG] [CAMERA] 摄像机初始化成功 
[2020-11-17 17:13][DEBUG] [NMODULE] 主进程初始化完毕 
[2020-11-17 17:13][DEBUG] [NMODULE] 初始化物体 
[2020-11-17 17:13][DEBUG] [SHADER] 绑定顶点着色器文件 
[2020-11-17 17:13][DEBUG] [SHADER] 绑定片元着色器文件 
[2020-11-17 17:13][DEBUG] [SHADER] 着色器程序初始化成功 
[2020-11-17 17:13][DEBUG] [OBJECT] 物件初始化成功 
[2020-11-17 17:13][DEBUG] [NMODULE] 初始化物体 
[2020-11-17 17:13][DEBUG] [SHADER] 绑定顶点着色器文件 
[2020-11-17 17:13][DEBUG] [SHADER] 绑定片元着色器文件 
[2020-11-17 17:13][DEBUG] [SHADER] 着色器程序初始化成功 
[2020-11-17 17:13][DEBUG] [OBJECT] 物件初始化成功 
[2020-11-17 17:14][DEBUG] [NMODULE] 主进程结束 
[2020-11-17 17:14][DEBUG] [NMODULE] 资源释放完毕 
[2020-11-17 18:03][DEBUG] [CAMERA] 摄像机初始化成功 
[2020-11-17 18:03][DEBUG] [NMODULE] 主进程初始化完毕 
[2020-11-17 18:03][DEBUG] [NMODULE] 初始化物体 
[2020-11-17 18:03][DEBUG] [SHADER] 绑定顶点着色器文件 
[2020-11-17 18:03][DEBUG] [SHADER] 绑定片元着色器文件 
[2020-11-17 18:03][DEBUG] [SHADER] 着色器程序初始化成功 
[2020-11-17 18:03][DEBUG] [OBJECT] 物件初始化成功 
[2020-11-17 18:03][DEBUG] [NMODULE] 初始化物体 
[2020-11-17 18:03][DEBUG] [SHADER] 绑定顶点着色器文件 
[2020-11-17 18:03][DEBUG] [SHADER] 绑定片元着色器文件 
[2020-11-17 18:03][DEBUG] [SHADER] 着色器程序初始化成功 
[2020-11-17 18:03][DEBUG] [OBJECT] 物件初始化成功 
[2020-11-17 18:03][DEBUG] [NMODULE] 主进程结束 
[2020-11-17 18:03][DEBUG] [NMODULE] 资源释放完毕 
[2020-11-17 18:16][DEBUG] [CAMERA] 摄像机初始化成功 
[2020-11-17 18:16][DEBUG] [NMODULE] 主进程初始化完毕 
[2020-11-17 18:16][DEBUG] [NMODULE] 初始化物体 
[2020-11-17 18:16][DEBUG] [SHADER] 绑定顶点着色器文件 
[2020-11-17 18:16][DEBUG] [SHADER] 绑定片元着色器文件 
[2020-11-17 18:16][DEBUG] [SHADER] 着色器程序初始化成功 
[2020-11-17 18:16][DEBUG] [OBJECT] 物件初始化成功 
[2020-11-17 18:16][DEBUG] [NMODULE] 初始化物体 
[2020-11-17 18:16][DEBUG] [SHADER] 绑定顶点着色器文件 
[2020-11-17 18:16][DEBUG] [SHADER] 绑定片元着色器文件 
[2020-11-17 18:16][DEBUG] [SHADER] 着色器程序初始化成功 
[2020-11-17 18:16][DEBUG] [OBJECT] 物件初始化成功 
[2020-11-17 18:16][DEBUG] [NMODULE] 主进程结束 
[2020-11-17 18:16][DEBUG] [NMODULE] 资源释放完毕 
[2020-11-17 18:26][DEBUG] [CAMERA] 摄像机初始化成功 
[2020-11-17 18:26][DEBUG] [NMODULE] 主进程初始化完毕 
[2020-11-17 18:26][DEBUG] [NMODULE] 初始化物体 
[2020-11-17 18:26][DEBUG] [SHADER] 绑定顶点着色器文件 
[2020-11-17 18:26][DEBUG] [SHADER] 绑定片元着色器文件 
[2020-11-17 18:26][DEBUG] [SHADER] 着色器程序初始化成功 
[2020-11-17 18:26][DEBUG] [OBJECT] 物件初始化成功 
[2020-11-17 18:26][DEBUG] [NMODULE] 初始化物体 
[2020-11-17 18:26][DEBUG] [SHADER] 绑定顶点着色器文件 
[2020-11-17 18:26][DEBUG] [SHADER] 绑定片元着色器文件 
[2020-11-17 18:26][DEBUG] [SHADER] 着色器程序初始化成功 
[2020-11-17 18:26][DEBUG] [OBJECT] 物件初始化成功 
[2020-11-17 18:27][DEBUG] [NMODULE] 主进程结束 
[2020-11-17 18:27][DEBUG] [NMODULE] 资源释放完毕 
