[2020-11-23 16:11][DEBUG] [CAMERA] 摄像机初始化成功 
[2020-11-23 16:11][DEBUG] [NMODULE] 主进程初始化完毕 
[2020-11-23 16:11][DEBUG] [NMODULE] 初始化物体 
[2020-11-23 16:11][DEBUG] [SHADER] 绑定顶点着色器文件 
[2020-11-23 16:11][DEBUG] [SHADER] 绑定片元着色器文件 
[2020-11-23 16:11][DEBUG] [SHADER] 着色器程序初始化成功 
[2020-11-23 16:11][DEBUG] [OBJECT] 物件初始化成功 
[2020-11-23 16:11][DEBUG] [OBJECT] 物体加入全局物件管理器完毕, id->65537, vao->1, vbo->1 
[2020-11-23 16:11][DEBUG] [NMODULE] 初始化物体 
[2020-11-23 16:11][DEBUG] [SHADER] 绑定顶点着色器文件 
[2020-11-23 16:11][DEBUG] [SHADER] 绑定片元着色器文件 
[2020-11-23 16:11][DEBUG] [SHADER] 着色器程序初始化成功 
[2020-11-23 16:11][DEBUG] [OBJECT] 物件初始化成功 
[2020-11-23 16:11][DEBUG] [OBJECT] 物体加入全局物件管理器完毕, id->131074, vao->2, vbo->2 
[2020-11-23 16:11][DEBUG] [NMODULE] 主进程结束 
[2020-11-23 16:11][DEBUG] [NMODULE] 资源释放完毕 
[2020-11-23 16:15][DEBUG] [CAMERA] 摄像机初始化成功 
[2020-11-23 16:15][DEBUG] [NMODULE] 主进程初始化完毕 
[2020-11-23 16:15][DEBUG] [NMODULE] 初始化物体 
[2020-11-23 16:15][DEBUG] [SHADER] 绑定顶点着色器文件 
[2020-11-23 16:15][DEBUG] [SHADER] 绑定片元着色器文件 
[2020-11-23 16:15][DEBUG] [SHADER] 着色器程序初始化成功 
[2020-11-23 16:15][DEBUG] [OBJECT] 物件初始化成功 
[2020-11-23 16:15][DEBUG] [OBJECT] 物体加入全局物件管理器完毕, id->65537, vao->1, vbo->1 
[2020-11-23 16:15][DEBUG] [NMODULE] 初始化物体 
[2020-11-23 16:15][DEBUG] [SHADER] 绑定顶点着色器文件 
[2020-11-23 16:15][DEBUG] [SHADER] 绑定片元着色器文件 
[2020-11-23 16:15][DEBUG] [SHADER] 着色器程序初始化成功 
[2020-11-23 16:15][DEBUG] [OBJECT] 物件初始化成功 
[2020-11-23 16:15][DEBUG] [OBJECT] 物体加入全局物件管理器完毕, id->131074, vao->2, vbo->2 
[2020-11-23 16:15][DEBUG] [NMODULE] 主进程结束 
[2020-11-23 16:15][DEBUG] [NMODULE] 资源释放完毕 
[2020-11-23 16:21][DEBUG] [CAMERA] 摄像机初始化成功 
[2020-11-23 16:21][DEBUG] [NMODULE] 主进程初始化完毕 
[2020-11-23 16:21][DEBUG] [NMODULE] 初始化物体 
[2020-11-23 16:21][DEBUG] [SHADER] 绑定顶点着色器文件 
[2020-11-23 16:21][DEBUG] [SHADER] 绑定片元着色器文件 
[2020-11-23 16:21][DEBUG] [SHADER] 着色器程序初始化成功 
[2020-11-23 16:21][DEBUG] [OBJECT] 物件初始化成功 
[2020-11-23 16:21][DEBUG] [OBJECT] 物体加入全局物件管理器完毕, id->65537, vao->1, vbo->1 
[2020-11-23 16:21][DEBUG] [NMODULE] 初始化物体 
[2020-11-23 16:21][DEBUG] [SHADER] 绑定顶点着色器文件 
[2020-11-23 16:21][DEBUG] [SHADER] 绑定片元着色器文件 
[2020-11-23 16:21][DEBUG] [SHADER] 着色器程序初始化成功 
[2020-11-23 16:21][DEBUG] [OBJECT] 物件初始化成功 
[2020-11-23 16:21][DEBUG] [OBJECT] 物体加入全局物件管理器完毕, id->131074, vao->2, vbo->2 
[2020-11-23 16:21][DEBUG] [NMODULE] 主进程结束 
[2020-11-23 16:21][DEBUG] [NMODULE] 资源释放完毕 
[2020-11-23 16:31][DEBUG] [CAMERA] 摄像机初始化成功 
[2020-11-23 16:31][DEBUG] [NMODULE] 主进程初始化完毕 
[2020-11-23 16:31][DEBUG] [NMODULE] 初始化物体 
[2020-11-23 16:31][DEBUG] [SHADER] 绑定顶点着色器文件 
[2020-11-23 16:31][DEBUG] [SHADER] 绑定片元着色器文件 
[2020-11-23 16:31][DEBUG] [SHADER] 着色器程序初始化成功 
[2020-11-23 16:31][DEBUG] [OBJECT] 物件初始化成功 
[2020-11-23 16:31][DEBUG] [OBJECT] 物体加入全局物件管理器完毕, id->0, vao->1, vbo->1 
[2020-11-23 16:31][DEBUG] [NMODULE] 初始化物体 
[2020-11-23 16:31][DEBUG] [SHADER] 绑定顶点着色器文件 
[2020-11-23 16:31][DEBUG] [SHADER] 绑定片元着色器文件 
[2020-11-23 16:31][DEBUG] [SHADER] 着色器程序初始化成功 
[2020-11-23 16:31][DEBUG] [OBJECT] 物件初始化成功 
[2020-11-23 16:31][DEBUG] [OBJECT] 物体加入全局物件管理器完毕, id->0, vao->2, vbo->2 
[2020-11-23 16:32][DEBUG] [CAMERA] 摄像机初始化成功 
[2020-11-23 16:32][DEBUG] [NMODULE] 主进程初始化完毕 
[2020-11-23 16:32][DEBUG] [NMODULE] 初始化物体 
[2020-11-23 16:32][DEBUG] [SHADER] 绑定顶点着色器文件 
[2020-11-23 16:32][DEBUG] [SHADER] 绑定片元着色器文件 
[2020-11-23 16:32][DEBUG] [SHADER] 着色器程序初始化成功 
[2020-11-23 16:32][DEBUG] [OBJECT] 物件初始化成功 
[2020-11-23 16:32][DEBUG] [OBJECT] 物体加入全局物件管理器完毕, id->0, vao->1, vbo->1 
[2020-11-23 16:32][DEBUG] [NMODULE] 初始化物体 
[2020-11-23 16:32][DEBUG] [SHADER] 绑定顶点着色器文件 
[2020-11-23 16:32][DEBUG] [SHADER] 绑定片元着色器文件 
[2020-11-23 16:32][DEBUG] [SHADER] 着色器程序初始化成功 
[2020-11-23 16:32][DEBUG] [OBJECT] 物件初始化成功 
[2020-11-23 16:32][DEBUG] [OBJECT] 物体加入全局物件管理器完毕, id->0, vao->2, vbo->2 
[2020-11-23 16:34][DEBUG] [CAMERA] 摄像机初始化成功 
[2020-11-23 16:34][DEBUG] [NMODULE] 主进程初始化完毕 
[2020-11-23 16:34][DEBUG] [NMODULE] 初始化物体 
[2020-11-23 16:34][DEBUG] [SHADER] 绑定顶点着色器文件 
[2020-11-23 16:34][DEBUG] [SHADER] 绑定片元着色器文件 
[2020-11-23 16:34][DEBUG] [SHADER] 着色器程序初始化成功 
[2020-11-23 16:34][DEBUG] [OBJECT] 物件初始化成功 
[2020-11-23 16:34][DEBUG] [OBJECT] 物体加入全局物件管理器完毕, id->0, vao->1, vbo->1 
[2020-11-23 16:34][DEBUG] [NMODULE] 初始化物体 
[2020-11-23 16:34][DEBUG] [SHADER] 绑定顶点着色器文件 
[2020-11-23 16:34][DEBUG] [SHADER] 绑定片元着色器文件 
[2020-11-23 16:34][DEBUG] [SHADER] 着色器程序初始化成功 
[2020-11-23 16:34][DEBUG] [OBJECT] 物件初始化成功 
[2020-11-23 16:34][DEBUG] [OBJECT] 物体加入全局物件管理器完毕, id->0, vao->2, vbo->2 
[2020-11-23 16:34][DEBUG] [NMODULE] 主进程结束 
[2020-11-23 16:34][DEBUG] [NMODULE] 资源释放完毕 
[2020-11-23 16:37][DEBUG] [CAMERA] 摄像机初始化成功 
[2020-11-23 16:37][DEBUG] [NMODULE] 主进程初始化完毕 
[2020-11-23 16:37][DEBUG] [NMODULE] 初始化物体 
[2020-11-23 16:37][DEBUG] [SHADER] 绑定顶点着色器文件 
[2020-11-23 16:37][DEBUG] [SHADER] 绑定片元着色器文件 
[2020-11-23 16:37][DEBUG] [SHADER] 着色器程序初始化成功 
[2020-11-23 16:37][DEBUG] [OBJECT] 物件初始化成功 
[2020-11-23 16:37][DEBUG] [OBJECT] 物体加入全局物件管理器完毕, id->8589934592, vao->1, vbo->1 
[2020-11-23 16:37][DEBUG] [NMODULE] 初始化物体 
[2020-11-23 16:37][DEBUG] [SHADER] 绑定顶点着色器文件 
[2020-11-23 16:37][DEBUG] [SHADER] 绑定片元着色器文件 
[2020-11-23 16:37][DEBUG] [SHADER] 着色器程序初始化成功 
[2020-11-23 16:37][DEBUG] [OBJECT] 物件初始化成功 
[2020-11-23 16:37][DEBUG] [OBJECT] 物体加入全局物件管理器完毕, id->34359738368, vao->2, vbo->2 
[2020-11-23 16:37][DEBUG] [NMODULE] 主进程结束 
[2020-11-23 16:37][DEBUG] [NMODULE] 资源释放完毕 
[2020-11-23 16:37][DEBUG] [LIGHT] 生成id为1644667543837696 
[2020-11-23 16:37][DEBUG] [CAMERA] 摄像机初始化成功 
[2020-11-23 16:37][DEBUG] [NMODULE] 主进程初始化完毕 
[2020-11-23 16:37][DEBUG] [NMODULE] 初始化物体 
[2020-11-23 16:37][DEBUG] [SHADER] 绑定顶点着色器文件 
[2020-11-23 16:37][DEBUG] [SHADER] 绑定片元着色器文件 
[2020-11-23 16:37][DEBUG] [SHADER] 着色器程序初始化成功 
[2020-11-23 16:37][DEBUG] [OBJECT] 物件初始化成功 
[2020-11-23 16:37][DEBUG] [OBJECT] 物体加入全局物件管理器完毕, id->8589934592, vao->1, vbo->1 
[2020-11-23 16:37][DEBUG] [NMODULE] 初始化物体 
[2020-11-23 16:37][DEBUG] [SHADER] 绑定顶点着色器文件 
[2020-11-23 16:37][DEBUG] [SHADER] 绑定片元着色器文件 
[2020-11-23 16:37][DEBUG] [SHADER] 着色器程序初始化成功 
[2020-11-23 16:37][DEBUG] [OBJECT] 物件初始化成功 
[2020-11-23 16:37][DEBUG] [OBJECT] 物体加入全局物件管理器完毕, id->34359738368, vao->2, vbo->2 
[2020-11-23 16:37][DEBUG] [NMODULE] 主进程结束 
[2020-11-23 16:37][DEBUG] [NMODULE] 资源释放完毕 
