[2020-11-14 14:12][DEBUG] [CAMERA] 摄像机初始化成功 
[2020-11-14 14:12][DEBUG] [SHADER] 绑定顶点着色器文件 
[2020-11-14 14:12][DEBUG] [SHADER] 绑定片元着色器文件 
[2020-11-14 14:12][DEBUG] [SHADER] 着色器程序初始化成功 
[2020-11-14 14:12][DEBUG] [SHADER] 绑定顶点着色器文件 
[2020-11-14 14:12][DEBUG] [SHADER] 绑定片元着色器文件 
[2020-11-14 14:12][DEBUG] [SHADER] 着色器程序初始化成功 
[2020-11-14 14:12][DEBUG] [NMODULE] 主进程初始化完毕 
[2020-11-14 14:15][DEBUG] [CAMERA] 摄像机初始化成功 
[2020-11-14 14:15][DEBUG] [SHADER] 绑定顶点着色器文件 
[2020-11-14 14:15][DEBUG] [SHADER] 绑定片元着色器文件 
[2020-11-14 14:15][DEBUG] [SHADER] 着色器程序初始化成功 
[2020-11-14 14:15][DEBUG] [SHADER] 绑定顶点着色器文件 
[2020-11-14 14:15][DEBUG] [SHADER] 绑定片元着色器文件 
[2020-11-14 14:15][DEBUG] [SHADER] 着色器程序初始化成功 
[2020-11-14 14:15][DEBUG] [NMODULE] 主进程初始化完毕 
[2020-11-14 14:19][DEBUG] [CAMERA] 摄像机初始化成功 
[2020-11-14 14:19][DEBUG] [SHADER] 绑定顶点着色器文件 
[2020-11-14 14:19][DEBUG] [SHADER] 绑定片元着色器文件 
[2020-11-14 14:19][DEBUG] [SHADER] 着色器程序初始化成功 
[2020-11-14 14:19][DEBUG] [SHADER] 绑定顶点着色器文件 
[2020-11-14 14:19][DEBUG] [SHADER] 绑定片元着色器文件 
[2020-11-14 14:19][DEBUG] [SHADER] 着色器程序初始化成功 
[2020-11-14 14:19][DEBUG] [NMODULE] 主进程初始化完毕 
[2020-11-14 16:03][DEBUG] [CAMERA] 摄像机初始化成功 
[2020-11-14 16:03][DEBUG] [NMODULE] 主进程初始化完毕 
[2020-11-14 16:09][DEBUG] [CAMERA] 摄像机初始化成功 
[2020-11-14 16:09][DEBUG] [NMODULE] 主进程初始化完毕 
[2020-11-14 16:09][DEBUG] [NMODULE] 初始化obj1 
[2020-11-14 16:09][DEBUG] [SHADER] 绑定顶点着色器文件 
[2020-11-14 16:09][DEBUG] [SHADER] 绑定片元着色器文件 
[2020-11-14 16:09][DEBUG] [SHADER] 着色器程序初始化成功 
[2020-11-14 16:09][DEBUG] [NMODULE] 初始化obj2 
[2020-11-14 16:09][DEBUG] [SHADER] 绑定顶点着色器文件 
[2020-11-14 16:09][DEBUG] [SHADER] 绑定片元着色器文件 
[2020-11-14 16:09][DEBUG] [SHADER] 着色器程序初始化成功 
[2020-11-14 16:09][DEBUG] [OBJECT] 旋转角为0 
[2020-11-14 16:09][DEBUG] [OBJECT] 旋转角为0 
[2020-11-14 16:09][DEBUG] [OBJECT] 旋转角为0 
[2020-11-14 16:09][DEBUG] [OBJECT] 旋转角为0 
[2020-11-14 16:09][DEBUG] [OBJECT] 旋转角为0 
[2020-11-14 16:09][DEBUG] [OBJECT] 旋转角为0 
[2020-11-14 16:09][DEBUG] [OBJECT] 旋转角为0 
[2020-11-14 16:09][DEBUG] [OBJECT] 旋转角为0 
[2020-11-14 16:09][DEBUG] [OBJECT] 旋转角为0 
[2020-11-14 16:09][DEBUG] [OBJECT] 旋转角为0 
[2020-11-14 16:09][DEBUG] [OBJECT] 旋转角为0 
[2020-11-14 16:09][DEBUG] [OBJECT] 旋转角为0 
[2020-11-14 16:09][DEBUG] [OBJECT] 旋转角为0 
[2020-11-14 16:09][DEBUG] [OBJECT] 旋转角为0 
[2020-11-14 16:09][DEBUG] [OBJECT] 旋转角为0 
[2020-11-14 16:09][DEBUG] [OBJECT] 旋转角为0 
[2020-11-14 16:09][DEBUG] [OBJECT] 旋转角为0 
[2020-11-14 16:09][DEBUG] [OBJECT] 旋转角为0 
[2020-11-14 16:09][DEBUG] [OBJECT] 旋转角为0 
[2020-11-14 16:09][DEBUG] [OBJECT] 旋转角为0 
[2020-11-14 16:09][DEBUG] [OBJECT] 旋转角为0 
[2020-11-14 16:09][DEBUG] [OBJECT] 旋转角为0 
[2020-11-14 16:09][DEBUG] [OBJECT] 旋转角为0 
[2020-11-14 16:09][DEBUG] [OBJECT] 旋转角为0 
[2020-11-14 16:09][DEBUG] [OBJECT] 旋转角为0 
[2020-11-14 16:09][DEBUG] [OBJECT] 旋转角为0 
[2020-11-14 16:09][DEBUG] [OBJECT] 旋转角为0 
[2020-11-14 16:09][DEBUG] [OBJECT] 旋转角为0 
[2020-11-14 16:09][DEBUG] [OBJECT] 旋转角为0 
[2020-11-14 16:09][DEBUG] [OBJECT] 旋转角为0 
[2020-11-14 16:09][DEBUG] [OBJECT] 旋转角为0 
[2020-11-14 16:09][DEBUG] [OBJECT] 旋转角为0 
[2020-11-14 16:09][DEBUG] [OBJECT] 旋转角为0 
[2020-11-14 16:09][DEBUG] [OBJECT] 旋转角为0 
[2020-11-14 16:09][DEBUG] [OBJECT] 旋转角为0 
[2020-11-14 16:09][DEBUG] [OBJECT] 旋转角为0 
[2020-11-14 16:09][DEBUG] [OBJECT] 旋转角为0 
[2020-11-14 16:09][DEBUG] [OBJECT] 旋转角为0 
[2020-11-14 16:09][DEBUG] [OBJECT] 旋转角为0 
[2020-11-14 16:09][DEBUG] [OBJECT] 旋转角为0 
[2020-11-14 16:09][DEBUG] [OBJECT] 旋转角为0 
[2020-11-14 16:09][DEBUG] [OBJECT] 旋转角为0 
[2020-11-14 16:09][DEBUG] [OBJECT] 旋转角为0 
[2020-11-14 16:09][DEBUG] [OBJECT] 旋转角为0 
[2020-11-14 16:09][DEBUG] [OBJECT] 旋转角为0 
[2020-11-14 16:09][DEBUG] [OBJECT] 旋转角为0 
[2020-11-14 16:09][DEBUG] [OBJECT] 旋转角为0 
[2020-11-14 16:09][DEBUG] [OBJECT] 旋转角为0 
[2020-11-14 16:09][DEBUG] [OBJECT] 旋转角为0 
[2020-11-14 16:09][DEBUG] [OBJECT] 旋转角为0 
[2020-11-14 16:09][DEBUG] [OBJECT] 旋转角为0 
[2020-11-14 16:09][DEBUG] [OBJECT] 旋转角为0 
[2020-11-14 16:09][DEBUG] [OBJECT] 旋转角为0 
[2020-11-14 16:09][DEBUG] [OBJECT] 旋转角为0 
[2020-11-14 16:09][DEBUG] [OBJECT] 旋转角为0 
[2020-11-14 16:09][DEBUG] [OBJECT] 旋转角为0 
[2020-11-14 16:09][DEBUG] [OBJECT] 旋转角为0 
[2020-11-14 16:09][DEBUG] [OBJECT] 旋转角为0 
[2020-11-14 16:09][DEBUG] [OBJECT] 旋转角为0 
[2020-11-14 16:09][DEBUG] [OBJECT] 旋转角为0 
[2020-11-14 16:09][DEBUG] [OBJECT] 旋转角为0 
[2020-11-14 16:09][DEBUG] [OBJECT] 旋转角为0 
[2020-11-14 16:09][DEBUG] [OBJECT] 旋转角为0 
[2020-11-14 16:09][DEBUG] [OBJECT] 旋转角为0 
[2020-11-14 16:09][DEBUG] [OBJECT] 旋转角为0 
[2020-11-14 16:09][DEBUG] [OBJECT] 旋转角为0 
[2020-11-14 16:09][DEBUG] [OBJECT] 旋转角为0 
[2020-11-14 16:09][DEBUG] [OBJECT] 旋转角为0 
[2020-11-14 16:09][DEBUG] [OBJECT] 旋转角为0 
[2020-11-14 16:09][DEBUG] [OBJECT] 旋转角为0 
[2020-11-14 16:09][DEBUG] [OBJECT] 旋转角为0 
[2020-11-14 16:09][DEBUG] [OBJECT] 旋转角为0 
[2020-11-14 16:09][DEBUG] [OBJECT] 旋转角为0 
[2020-11-14 16:09][DEBUG] [OBJECT] 旋转角为0 
[2020-11-14 16:09][DEBUG] [OBJECT] 旋转角为0 
[2020-11-14 16:09][DEBUG] [OBJECT] 旋转角为0 
[2020-11-14 16:09][DEBUG] [OBJECT] 旋转角为0 
[2020-11-14 16:09][DEBUG] [OBJECT] 旋转角为0 
[2020-11-14 16:09][DEBUG] [OBJECT] 旋转角为0 
[2020-11-14 16:09][DEBUG] [OBJECT] 旋转角为0 
[2020-11-14 16:09][DEBUG] [OBJECT] 旋转角为0 
[2020-11-14 16:09][DEBUG] [OBJECT] 旋转角为0 
[2020-11-14 16:09][DEBUG] [OBJECT] 旋转角为0 
[2020-11-14 16:09][DEBUG] [OBJECT] 旋转角为0 
[2020-11-14 16:09][DEBUG] [OBJECT] 旋转角为0 
[2020-11-14 16:09][DEBUG] [OBJECT] 旋转角为0 
[2020-11-14 16:09][DEBUG] [OBJECT] 旋转角为0 
[2020-11-14 16:09][DEBUG] [OBJECT] 旋转角为0 
[2020-11-14 16:09][DEBUG] [OBJECT] 旋转角为0 
[2020-11-14 16:09][DEBUG] [OBJECT] 旋转角为0 
[2020-11-14 16:09][DEBUG] [OBJECT] 旋转角为0 
[2020-11-14 16:09][DEBUG] [OBJECT] 旋转角为0 
[2020-11-14 16:09][DEBUG] [OBJECT] 旋转角为0 
[2020-11-14 16:09][DEBUG] [OBJECT] 旋转角为0 
[2020-11-14 16:09][DEBUG] [OBJECT] 旋转角为0 
[2020-11-14 16:09][DEBUG] [OBJECT] 旋转角为0 
[2020-11-14 16:09][DEBUG] [OBJECT] 旋转角为0 
[2020-11-14 16:09][DEBUG] [OBJECT] 旋转角为0 
[2020-11-14 16:09][DEBUG] [OBJECT] 旋转角为0 
[2020-11-14 16:09][DEBUG] [OBJECT] 旋转角为0 
[2020-11-14 16:09][DEBUG] [OBJECT] 旋转角为0 
[2020-11-14 16:09][DEBUG] [OBJECT] 旋转角为0 
[2020-11-14 16:09][DEBUG] [OBJECT] 旋转角为0 
[2020-11-14 16:09][DEBUG] [OBJECT] 旋转角为0 
[2020-11-14 16:09][DEBUG] [OBJECT] 旋转角为0 
[2020-11-14 16:09][DEBUG] [OBJECT] 旋转角为0 
[2020-11-14 16:09][DEBUG] [OBJECT] 旋转角为0 
[2020-11-14 16:09][DEBUG] [OBJECT] 旋转角为0 
[2020-11-14 16:09][DEBUG] [OBJECT] 旋转角为0 
[2020-11-14 16:09][DEBUG] [OBJECT] 旋转角为0 
[2020-11-14 16:09][DEBUG] [OBJECT] 旋转角为0 
[2020-11-14 16:09][DEBUG] [OBJECT] 旋转角为0 
[2020-11-14 16:09][DEBUG] [OBJECT] 旋转角为0 
[2020-11-14 16:09][DEBUG] [OBJECT] 旋转角为0 
[2020-11-14 16:09][DEBUG] [OBJECT] 旋转角为0 
[2020-11-14 16:09][DEBUG] [OBJECT] 旋转角为0 
[2020-11-14 16:09][DEBUG] [OBJECT] 旋转角为0 
[2020-11-14 16:09][DEBUG] [OBJECT] 旋转角为0 
[2020-11-14 16:09][DEBUG] [OBJECT] 旋转角为0 
[2020-11-14 16:09][DEBUG] [OBJECT] 旋转角为0 
[2020-11-14 16:09][DEBUG] [OBJECT] 旋转角为0 
[2020-11-14 16:09][DEBUG] [OBJECT] 旋转角为0 
[2020-11-14 16:09][DEBUG] [OBJECT] 旋转角为0 
[2020-11-14 16:09][DEBUG] [OBJECT] 旋转角为0 
[2020-11-14 16:09][DEBUG] [OBJECT] 旋转角为0 
[2020-11-14 16:09][DEBUG] [OBJECT] 旋转角为0 
[2020-11-14 16:09][DEBUG] [OBJECT] 旋转角为0 
[2020-11-14 16:09][DEBUG] [OBJECT] 旋转角为0 
[2020-11-14 16:09][DEBUG] [OBJECT] 旋转角为0 
[2020-11-14 16:09][DEBUG] [OBJECT] 旋转角为0 
[2020-11-14 16:09][DEBUG] [OBJECT] 旋转角为0 
[2020-11-14 16:09][DEBUG] [OBJECT] 旋转角为0 
[2020-11-14 16:09][DEBUG] [OBJECT] 旋转角为0 
[2020-11-14 16:09][DEBUG] [OBJECT] 旋转角为0 
[2020-11-14 16:09][DEBUG] [OBJECT] 旋转角为0 
[2020-11-14 16:09][DEBUG] [OBJECT] 旋转角为0 
[2020-11-14 16:09][DEBUG] [OBJECT] 旋转角为0 
[2020-11-14 16:09][DEBUG] [OBJECT] 旋转角为0 
[2020-11-14 16:09][DEBUG] [OBJECT] 旋转角为0 
[2020-11-14 16:09][DEBUG] [OBJECT] 旋转角为0 
[2020-11-14 16:09][DEBUG] [OBJECT] 旋转角为0 
[2020-11-14 16:09][DEBUG] [OBJECT] 旋转角为0 
[2020-11-14 16:09][DEBUG] [OBJECT] 旋转角为0 
[2020-11-14 16:09][DEBUG] [OBJECT] 旋转角为0 
[2020-11-14 16:09][DEBUG] [OBJECT] 旋转角为0 
[2020-11-14 16:09][DEBUG] [OBJECT] 旋转角为0 
[2020-11-14 16:09][DEBUG] [OBJECT] 旋转角为0 
[2020-11-14 16:09][DEBUG] [OBJECT] 旋转角为0 
[2020-11-14 16:09][DEBUG] [OBJECT] 旋转角为0 
[2020-11-14 16:09][DEBUG] [OBJECT] 旋转角为0 
[2020-11-14 16:09][DEBUG] [OBJECT] 旋转角为0 
[2020-11-14 16:09][DEBUG] [OBJECT] 旋转角为0 
[2020-11-14 16:09][DEBUG] [OBJECT] 旋转角为0 
[2020-11-14 16:09][DEBUG] [OBJECT] 旋转角为0 
[2020-11-14 16:09][DEBUG] [OBJECT] 旋转角为0 
[2020-11-14 16:09][DEBUG] [OBJECT] 旋转角为0 
[2020-11-14 16:09][DEBUG] [OBJECT] 旋转角为0 
[2020-11-14 16:09][DEBUG] [OBJECT] 旋转角为0 
[2020-11-14 16:09][DEBUG] [OBJECT] 旋转角为0 
[2020-11-14 16:09][DEBUG] [OBJECT] 旋转角为0 
[2020-11-14 16:09][DEBUG] [OBJECT] 旋转角为0 
[2020-11-14 16:09][DEBUG] [OBJECT] 旋转角为0 
[2020-11-14 16:09][DEBUG] [OBJECT] 旋转角为0 
[2020-11-14 16:09][DEBUG] [OBJECT] 旋转角为0 
[2020-11-14 16:09][DEBUG] [OBJECT] 旋转角为0 
[2020-11-14 16:09][DEBUG] [OBJECT] 旋转角为0 
[2020-11-14 16:09][DEBUG] [OBJECT] 旋转角为0 
[2020-11-14 16:09][DEBUG] [OBJECT] 旋转角为0 
[2020-11-14 16:09][DEBUG] [OBJECT] 旋转角为0 
[2020-11-14 16:09][DEBUG] [OBJECT] 旋转角为0 
[2020-11-14 16:09][DEBUG] [OBJECT] 旋转角为0 
[2020-11-14 16:09][DEBUG] [OBJECT] 旋转角为0 
[2020-11-14 16:09][DEBUG] [OBJECT] 旋转角为0 
[2020-11-14 16:09][DEBUG] [OBJECT] 旋转角为0 
[2020-11-14 16:09][DEBUG] [OBJECT] 旋转角为0 
[2020-11-14 16:09][DEBUG] [OBJECT] 旋转角为0 
[2020-11-14 16:09][DEBUG] [OBJECT] 旋转角为0 
[2020-11-14 16:09][DEBUG] [OBJECT] 旋转角为0 
[2020-11-14 16:09][DEBUG] [OBJECT] 旋转角为0 
[2020-11-14 16:09][DEBUG] [OBJECT] 旋转角为0 
[2020-11-14 16:09][DEBUG] [OBJECT] 旋转角为0 
[2020-11-14 16:09][DEBUG] [OBJECT] 旋转角为0 
[2020-11-14 16:09][DEBUG] [OBJECT] 旋转角为0 
[2020-11-14 16:09][DEBUG] [OBJECT] 旋转角为0 
[2020-11-14 16:09][DEBUG] [OBJECT] 旋转角为0 
[2020-11-14 16:09][DEBUG] [OBJECT] 旋转角为0 
[2020-11-14 16:09][DEBUG] [OBJECT] 旋转角为0 
[2020-11-14 16:09][DEBUG] [OBJECT] 旋转角为0 
[2020-11-14 16:09][DEBUG] [OBJECT] 旋转角为0 
[2020-11-14 16:09][DEBUG] [OBJECT] 旋转角为0 
[2020-11-14 16:09][DEBUG] [OBJECT] 旋转角为0 
[2020-11-14 16:09][DEBUG] [OBJECT] 旋转角为0 
[2020-11-14 16:09][DEBUG] [OBJECT] 旋转角为0 
[2020-11-14 16:09][DEBUG] [OBJECT] 旋转角为0 
[2020-11-14 16:09][DEBUG] [OBJECT] 旋转角为0 
[2020-11-14 16:09][DEBUG] [OBJECT] 旋转角为0 
[2020-11-14 16:09][DEBUG] [OBJECT] 旋转角为0 
[2020-11-14 16:09][DEBUG] [OBJECT] 旋转角为0 
[2020-11-14 16:09][DEBUG] [OBJECT] 旋转角为0 
[2020-11-14 16:09][DEBUG] [OBJECT] 旋转角为0 
[2020-11-14 16:09][DEBUG] [OBJECT] 旋转角为0 
[2020-11-14 16:09][DEBUG] [OBJECT] 旋转角为0 
[2020-11-14 16:09][DEBUG] [OBJECT] 旋转角为0 
[2020-11-14 16:09][DEBUG] [OBJECT] 旋转角为0 
[2020-11-14 16:09][DEBUG] [OBJECT] 旋转角为0 
[2020-11-14 16:09][DEBUG] [OBJECT] 旋转角为0 
[2020-11-14 16:09][DEBUG] [OBJECT] 旋转角为0 
[2020-11-14 16:09][DEBUG] [OBJECT] 旋转角为0 
[2020-11-14 16:09][DEBUG] [OBJECT] 旋转角为0 
[2020-11-14 16:09][DEBUG] [OBJECT] 旋转角为0 
[2020-11-14 16:09][DEBUG] [OBJECT] 旋转角为0 
[2020-11-14 16:09][DEBUG] [OBJECT] 旋转角为0 
[2020-11-14 16:09][DEBUG] [OBJECT] 旋转角为0 
[2020-11-14 16:09][DEBUG] [OBJECT] 旋转角为0 
[2020-11-14 16:09][DEBUG] [OBJECT] 旋转角为0 
[2020-11-14 16:09][DEBUG] [OBJECT] 旋转角为0 
[2020-11-14 16:09][DEBUG] [OBJECT] 旋转角为0 
[2020-11-14 16:09][DEBUG] [OBJECT] 旋转角为0 
[2020-11-14 16:09][DEBUG] [OBJECT] 旋转角为0 
[2020-11-14 16:09][DEBUG] [OBJECT] 旋转角为0 
[2020-11-14 16:09][DEBUG] [OBJECT] 旋转角为0 
[2020-11-14 16:09][DEBUG] [OBJECT] 旋转角为0 
[2020-11-14 16:09][DEBUG] [OBJECT] 旋转角为0 
[2020-11-14 16:09][DEBUG] [OBJECT] 旋转角为0 
[2020-11-14 16:09][DEBUG] [OBJECT] 旋转角为0 
[2020-11-14 16:09][DEBUG] [OBJECT] 旋转角为0 
[2020-11-14 16:09][DEBUG] [OBJECT] 旋转角为0 
[2020-11-14 16:09][DEBUG] [OBJECT] 旋转角为0 
[2020-11-14 16:09][DEBUG] [OBJECT] 旋转角为0 
[2020-11-14 16:09][DEBUG] [OBJECT] 旋转角为0 
[2020-11-14 16:09][DEBUG] [OBJECT] 旋转角为0 
[2020-11-14 16:09][DEBUG] [OBJECT] 旋转角为0 
[2020-11-14 16:09][DEBUG] [OBJECT] 旋转角为0 
[2020-11-14 16:09][DEBUG] [OBJECT] 旋转角为0 
[2020-11-14 16:09][DEBUG] [OBJECT] 旋转角为0 
[2020-11-14 16:09][DEBUG] [OBJECT] 旋转角为0 
[2020-11-14 16:09][DEBUG] [OBJECT] 旋转角为0 
[2020-11-14 16:09][DEBUG] [OBJECT] 旋转角为0 
[2020-11-14 16:09][DEBUG] [OBJECT] 旋转角为0 
[2020-11-14 16:09][DEBUG] [OBJECT] 旋转角为0 
[2020-11-14 16:09][DEBUG] [OBJECT] 旋转角为0 
[2020-11-14 16:09][DEBUG] [OBJECT] 旋转角为0 
[2020-11-14 16:09][DEBUG] [OBJECT] 旋转角为0 
[2020-11-14 16:09][DEBUG] [OBJECT] 旋转角为0 
[2020-11-14 16:09][DEBUG] [OBJECT] 旋转角为0 
[2020-11-14 16:09][DEBUG] [OBJECT] 旋转角为0 
[2020-11-14 16:09][DEBUG] [OBJECT] 旋转角为0 
[2020-11-14 16:09][DEBUG] [OBJECT] 旋转角为0 
[2020-11-14 16:09][DEBUG] [OBJECT] 旋转角为0 
[2020-11-14 16:09][DEBUG] [OBJECT] 旋转角为0 
[2020-11-14 16:09][DEBUG] [OBJECT] 旋转角为0 
[2020-11-14 16:09][DEBUG] [OBJECT] 旋转角为0 
[2020-11-14 16:09][DEBUG] [OBJECT] 旋转角为0 
[2020-11-14 16:09][DEBUG] [OBJECT] 旋转角为0 
[2020-11-14 16:09][DEBUG] [OBJECT] 旋转角为0 
[2020-11-14 16:09][DEBUG] [OBJECT] 旋转角为0 
[2020-11-14 16:09][DEBUG] [OBJECT] 旋转角为0 
[2020-11-14 16:09][DEBUG] [OBJECT] 旋转角为0 
[2020-11-14 16:09][DEBUG] [OBJECT] 旋转角为0 
[2020-11-14 16:09][DEBUG] [OBJECT] 旋转角为0 
[2020-11-14 16:09][DEBUG] [OBJECT] 旋转角为0 
[2020-11-14 16:09][DEBUG] [OBJECT] 旋转角为0 
[2020-11-14 16:09][DEBUG] [OBJECT] 旋转角为0 
[2020-11-14 16:09][DEBUG] [OBJECT] 旋转角为0 
[2020-11-14 16:09][DEBUG] [OBJECT] 旋转角为0 
[2020-11-14 16:09][DEBUG] [OBJECT] 旋转角为0 
[2020-11-14 16:09][DEBUG] [OBJECT] 旋转角为0 
[2020-11-14 16:09][DEBUG] [OBJECT] 旋转角为0 
[2020-11-14 16:09][DEBUG] [OBJECT] 旋转角为0 
[2020-11-14 16:09][DEBUG] [OBJECT] 旋转角为0 
[2020-11-14 16:09][DEBUG] [OBJECT] 旋转角为0 
[2020-11-14 16:09][DEBUG] [OBJECT] 旋转角为0 
[2020-11-14 16:09][DEBUG] [OBJECT] 旋转角为0 
[2020-11-14 16:09][DEBUG] [OBJECT] 旋转角为0 
[2020-11-14 16:09][DEBUG] [OBJECT] 旋转角为0 
[2020-11-14 16:09][DEBUG] [OBJECT] 旋转角为0 
[2020-11-14 16:09][DEBUG] [OBJECT] 旋转角为0 
[2020-11-14 16:09][DEBUG] [OBJECT] 旋转角为0 
[2020-11-14 16:09][DEBUG] [OBJECT] 旋转角为0 
[2020-11-14 16:09][DEBUG] [OBJECT] 旋转角为0 
[2020-11-14 16:09][DEBUG] [OBJECT] 旋转角为0 
[2020-11-14 16:09][DEBUG] [OBJECT] 旋转角为0 
[2020-11-14 16:09][DEBUG] [OBJECT] 旋转角为0 
[2020-11-14 16:09][DEBUG] [OBJECT] 旋转角为0 
[2020-11-14 16:09][DEBUG] [OBJECT] 旋转角为0 
[2020-11-14 16:09][DEBUG] [OBJECT] 旋转角为0 
[2020-11-14 16:09][DEBUG] [OBJECT] 旋转角为0 
[2020-11-14 16:09][DEBUG] [OBJECT] 旋转角为0 
[2020-11-14 16:09][DEBUG] [OBJECT] 旋转角为0 
[2020-11-14 16:09][DEBUG] [OBJECT] 旋转角为0 
[2020-11-14 16:09][DEBUG] [OBJECT] 旋转角为0 
[2020-11-14 16:09][DEBUG] [OBJECT] 旋转角为0 
[2020-11-14 16:09][DEBUG] [OBJECT] 旋转角为0 
[2020-11-14 16:09][DEBUG] [OBJECT] 旋转角为0 
[2020-11-14 16:09][DEBUG] [OBJECT] 旋转角为0 
[2020-11-14 16:09][DEBUG] [OBJECT] 旋转角为0 
[2020-11-14 16:09][DEBUG] [OBJECT] 旋转角为0 
[2020-11-14 16:09][DEBUG] [OBJECT] 旋转角为0 
[2020-11-14 16:09][DEBUG] [OBJECT] 旋转角为0 
[2020-11-14 16:09][DEBUG] [OBJECT] 旋转角为0 
[2020-11-14 16:09][DEBUG] [OBJECT] 旋转角为0 
[2020-11-14 16:09][DEBUG] [OBJECT] 旋转角为0 
[2020-11-14 16:09][DEBUG] [OBJECT] 旋转角为0 
[2020-11-14 16:09][DEBUG] [OBJECT] 旋转角为0 
[2020-11-14 16:09][DEBUG] [OBJECT] 旋转角为0 
[2020-11-14 16:09][DEBUG] [OBJECT] 旋转角为0 
[2020-11-14 16:09][DEBUG] [OBJECT] 旋转角为0 
[2020-11-14 16:09][DEBUG] [OBJECT] 旋转角为0 
[2020-11-14 16:09][DEBUG] [OBJECT] 旋转角为0 
[2020-11-14 16:10][DEBUG] [CAMERA] 摄像机初始化成功 
[2020-11-14 16:10][DEBUG] [NMODULE] 主进程初始化完毕 
[2020-11-14 16:10][DEBUG] [NMODULE] 初始化obj1 
[2020-11-14 16:10][DEBUG] [SHADER] 绑定顶点着色器文件 
[2020-11-14 16:10][DEBUG] [SHADER] 绑定片元着色器文件 
[2020-11-14 16:10][DEBUG] [SHADER] 着色器程序初始化成功 
[2020-11-14 16:10][DEBUG] [NMODULE] 初始化obj2 
[2020-11-14 16:10][DEBUG] [SHADER] 绑定顶点着色器文件 
[2020-11-14 16:10][DEBUG] [SHADER] 绑定片元着色器文件 
[2020-11-14 16:10][DEBUG] [SHADER] 着色器程序初始化成功 
[2020-11-14 16:19][DEBUG] [CAMERA] 摄像机初始化成功 
[2020-11-14 16:19][DEBUG] [NMODULE] 主进程初始化完毕 
[2020-11-14 16:19][DEBUG] [NMODULE] 初始化obj1 
[2020-11-14 16:19][DEBUG] [SHADER] 绑定顶点着色器文件 
[2020-11-14 16:19][DEBUG] [SHADER] 绑定片元着色器文件 
[2020-11-14 16:19][DEBUG] [SHADER] 着色器程序初始化成功 
[2020-11-14 16:19][DEBUG] [OBJECT] 物件初始化成功 vao:9293679 
[2020-11-14 16:19][DEBUG] [NMODULE] 初始化obj2 
[2020-11-14 16:19][DEBUG] [SHADER] 绑定顶点着色器文件 
[2020-11-14 16:19][DEBUG] [SHADER] 绑定片元着色器文件 
[2020-11-14 16:19][DEBUG] [SHADER] 着色器程序初始化成功 
[2020-11-14 16:19][DEBUG] [OBJECT] 物件初始化成功 vao:9293679 
[2020-11-14 16:23][DEBUG] [CAMERA] 摄像机初始化成功 
[2020-11-14 16:23][DEBUG] [NMODULE] 主进程初始化完毕 
[2020-11-14 16:23][DEBUG] [SHADER] 绑定顶点着色器文件 
[2020-11-14 16:23][DEBUG] [SHADER] 绑定片元着色器文件 
[2020-11-14 16:23][DEBUG] [SHADER] 着色器程序初始化成功 
[2020-11-14 16:23][DEBUG] [SHADER] 绑定顶点着色器文件 
[2020-11-14 16:23][DEBUG] [SHADER] 绑定片元着色器文件 
[2020-11-14 16:23][DEBUG] [SHADER] 着色器程序初始化成功 
[2020-11-14 16:25][DEBUG] [CAMERA] 摄像机初始化成功 
[2020-11-14 16:25][DEBUG] [NMODULE] 主进程初始化完毕 
[2020-11-14 16:25][DEBUG] [SHADER] 绑定顶点着色器文件 
[2020-11-14 16:25][DEBUG] [SHADER] 绑定片元着色器文件 
[2020-11-14 16:25][DEBUG] [SHADER] 着色器程序初始化成功 
[2020-11-14 16:25][DEBUG] [SHADER] 绑定顶点着色器文件 
[2020-11-14 16:25][DEBUG] [SHADER] 绑定片元着色器文件 
[2020-11-14 16:25][DEBUG] [SHADER] 着色器程序初始化成功 
[2020-11-14 16:25][DEBUG] [NMODULE] 物件初始化成功 vao:1 vao:0 
[2020-11-14 16:29][DEBUG] [CAMERA] 摄像机初始化成功 
[2020-11-14 16:29][DEBUG] [NMODULE] 主进程初始化完毕 
[2020-11-14 16:29][DEBUG] [SHADER] 绑定顶点着色器文件 
[2020-11-14 16:29][DEBUG] [SHADER] 绑定片元着色器文件 
[2020-11-14 16:29][DEBUG] [SHADER] 着色器程序初始化成功 
[2020-11-14 16:29][DEBUG] [SHADER] 绑定顶点着色器文件 
[2020-11-14 16:29][DEBUG] [SHADER] 绑定片元着色器文件 
[2020-11-14 16:29][DEBUG] [SHADER] 着色器程序初始化成功 
[2020-11-14 16:30][DEBUG] [CAMERA] 摄像机初始化成功 
[2020-11-14 16:30][DEBUG] [NMODULE] 主进程初始化完毕 
[2020-11-14 16:30][DEBUG] [NMODULE] 初始化obj1 
[2020-11-14 16:30][DEBUG] [SHADER] 绑定顶点着色器文件 
[2020-11-14 16:30][DEBUG] [SHADER] 绑定片元着色器文件 
[2020-11-14 16:30][DEBUG] [SHADER] 着色器程序初始化成功 
[2020-11-14 16:30][DEBUG] [OBJECT] 物件初始化成功 vao:3888270 
[2020-11-14 16:30][DEBUG] [NMODULE] 初始化obj2 
[2020-11-14 16:30][DEBUG] [SHADER] 绑定顶点着色器文件 
[2020-11-14 16:30][DEBUG] [SHADER] 绑定片元着色器文件 
[2020-11-14 16:30][DEBUG] [SHADER] 着色器程序初始化成功 
[2020-11-14 16:30][DEBUG] [OBJECT] 物件初始化成功 vao:3888270 
[2020-11-14 16:37][DEBUG] [CAMERA] 摄像机初始化成功 
[2020-11-14 16:37][DEBUG] [NMODULE] 主进程初始化完毕 
[2020-11-14 16:37][DEBUG] [NMODULE] 初始化obj1 
[2020-11-14 16:37][DEBUG] [OBJECT] buffsersize2 
[2020-11-14 16:37][DEBUG] [SHADER] 绑定顶点着色器文件 
[2020-11-14 16:37][DEBUG] [SHADER] 绑定片元着色器文件 
[2020-11-14 16:37][DEBUG] [SHADER] 着色器程序初始化成功 
[2020-11-14 16:37][DEBUG] [OBJECT] 物件初始化成功 vao:2506622 
[2020-11-14 16:37][DEBUG] [NMODULE] 初始化obj2 
[2020-11-14 16:37][DEBUG] [OBJECT] buffsersize2 
[2020-11-14 16:37][DEBUG] [SHADER] 绑定顶点着色器文件 
[2020-11-14 16:37][DEBUG] [SHADER] 绑定片元着色器文件 
[2020-11-14 16:37][DEBUG] [SHADER] 着色器程序初始化成功 
[2020-11-14 16:37][DEBUG] [OBJECT] 物件初始化成功 vao:2506622 
[2020-11-14 16:39][DEBUG] [CAMERA] 摄像机初始化成功 
[2020-11-14 16:39][DEBUG] [NMODULE] 主进程初始化完毕 
[2020-11-14 16:39][DEBUG] [NMODULE] 初始化obj1 
[2020-11-14 16:39][DEBUG] [OBJECT] buffsersize1830264184 
[2020-11-14 16:39][DEBUG] [SHADER] 绑定顶点着色器文件 
[2020-11-14 16:39][DEBUG] [SHADER] 绑定片元着色器文件 
[2020-11-14 16:39][DEBUG] [SHADER] 着色器程序初始化成功 
[2020-11-14 16:39][DEBUG] [OBJECT] 物件初始化成功 vao:1947797 
[2020-11-14 16:39][DEBUG] [NMODULE] 初始化obj2 
[2020-11-14 16:39][DEBUG] [OBJECT] buffsersize1830264184 
[2020-11-14 16:39][DEBUG] [SHADER] 绑定顶点着色器文件 
[2020-11-14 16:39][DEBUG] [SHADER] 绑定片元着色器文件 
[2020-11-14 16:39][DEBUG] [SHADER] 着色器程序初始化成功 
[2020-11-14 16:39][DEBUG] [OBJECT] 物件初始化成功 vao:1947797 
[2020-11-14 16:40][DEBUG] [CAMERA] 摄像机初始化成功 
[2020-11-14 16:40][DEBUG] [NMODULE] 主进程初始化完毕 
[2020-11-14 16:40][DEBUG] [NMODULE] 初始化obj1 
[2020-11-14 16:40][DEBUG] [OBJECT] buffsersize0.000000 
[2020-11-14 16:40][DEBUG] [SHADER] 绑定顶点着色器文件 
[2020-11-14 16:40][DEBUG] [SHADER] 绑定片元着色器文件 
[2020-11-14 16:40][DEBUG] [SHADER] 着色器程序初始化成功 
[2020-11-14 16:40][DEBUG] [OBJECT] 物件初始化成功 vao:7045794 
[2020-11-14 16:40][DEBUG] [NMODULE] 初始化obj2 
[2020-11-14 16:40][DEBUG] [OBJECT] buffsersize0.000000 
[2020-11-14 16:40][DEBUG] [SHADER] 绑定顶点着色器文件 
[2020-11-14 16:40][DEBUG] [SHADER] 绑定片元着色器文件 
[2020-11-14 16:40][DEBUG] [SHADER] 着色器程序初始化成功 
[2020-11-14 16:40][DEBUG] [OBJECT] 物件初始化成功 vao:7045794 
[2020-11-14 16:50][DEBUG] [CAMERA] 摄像机初始化成功 
[2020-11-14 16:50][DEBUG] [NMODULE] 主进程初始化完毕 
[2020-11-14 16:50][DEBUG] [NMODULE] 初始化obj1 
[2020-11-14 16:50][DEBUG] [OBJECT] buffsersize559121957 
[2020-11-14 16:50][DEBUG] [SHADER] 绑定顶点着色器文件 
[2020-11-14 16:50][DEBUG] [SHADER] 绑定片元着色器文件 
[2020-11-14 16:50][DEBUG] [SHADER] 着色器程序初始化成功 
[2020-11-14 16:50][DEBUG] [OBJECT] 物件初始化成功 vao:4209641 
[2020-11-14 16:50][DEBUG] [NMODULE] 初始化obj2 
[2020-11-14 16:50][DEBUG] [OBJECT] buffsersize674202579 
[2020-11-14 16:50][DEBUG] [SHADER] 绑定顶点着色器文件 
[2020-11-14 16:50][DEBUG] [SHADER] 绑定片元着色器文件 
[2020-11-14 16:50][DEBUG] [SHADER] 着色器程序初始化成功 
[2020-11-14 16:50][DEBUG] [OBJECT] 物件初始化成功 vao:4209641 
[2020-11-14 16:52][DEBUG] [CAMERA] 摄像机初始化成功 
[2020-11-14 16:52][DEBUG] [NMODULE] 主进程初始化完毕 
[2020-11-14 16:52][DEBUG] [NMODULE] 初始化obj1 
[2020-11-14 16:52][DEBUG] [OBJECT] buffsersize559121957 
[2020-11-14 16:52][DEBUG] [SHADER] 绑定顶点着色器文件 
[2020-11-14 16:52][DEBUG] [SHADER] 绑定片元着色器文件 
[2020-11-14 16:52][DEBUG] [SHADER] 着色器程序初始化成功 
[2020-11-14 16:52][DEBUG] [OBJECT] 物件初始化成功 vao:2626946 
[2020-11-14 16:52][DEBUG] [NMODULE] 初始化obj2 
[2020-11-14 16:52][DEBUG] [OBJECT] buffsersize674202579 
[2020-11-14 16:52][DEBUG] [SHADER] 绑定顶点着色器文件 
[2020-11-14 16:52][DEBUG] [SHADER] 绑定片元着色器文件 
[2020-11-14 16:52][DEBUG] [SHADER] 着色器程序初始化成功 
[2020-11-14 16:52][DEBUG] [OBJECT] 物件初始化成功 vao:2626946 
[2020-11-14 16:54][DEBUG] [CAMERA] 摄像机初始化成功 
[2020-11-14 16:54][DEBUG] [NMODULE] 主进程初始化完毕 
[2020-11-14 16:54][DEBUG] [NMODULE] 初始化obj1 
[2020-11-14 16:54][DEBUG] [OBJECT] buffsersize559121957 
[2020-11-14 16:54][DEBUG] [SHADER] 绑定顶点着色器文件 
[2020-11-14 16:54][DEBUG] [SHADER] 绑定片元着色器文件 
[2020-11-14 16:54][DEBUG] [SHADER] 着色器程序初始化成功 
[2020-11-14 16:54][DEBUG] [OBJECT] 物件初始化成功 vao:1310263 
[2020-11-14 16:54][DEBUG] [NMODULE] 初始化obj2 
[2020-11-14 16:54][DEBUG] [OBJECT] buffsersize674202579 
[2020-11-14 16:54][DEBUG] [SHADER] 绑定顶点着色器文件 
[2020-11-14 16:54][DEBUG] [SHADER] 绑定片元着色器文件 
[2020-11-14 16:54][DEBUG] [SHADER] 着色器程序初始化成功 
[2020-11-14 16:54][DEBUG] [OBJECT] 物件初始化成功 vao:1310263 
[2020-11-14 16:55][DEBUG] [CAMERA] 摄像机初始化成功 
[2020-11-14 16:55][DEBUG] [NMODULE] 主进程初始化完毕 
[2020-11-14 16:55][DEBUG] [NMODULE] 初始化obj1 
[2020-11-14 16:55][DEBUG] [OBJECT] buffsersize 559121957 
[2020-11-14 16:55][DEBUG] [SHADER] 绑定顶点着色器文件 
[2020-11-14 16:55][DEBUG] [SHADER] 绑定片元着色器文件 
[2020-11-14 16:55][DEBUG] [SHADER] 着色器程序初始化成功 
[2020-11-14 16:55][DEBUG] [OBJECT] 物件初始化成功 vao:8398457 
[2020-11-14 16:55][DEBUG] [NMODULE] 初始化obj2 
[2020-11-14 16:55][DEBUG] [OBJECT] buffsersize 674202579 
[2020-11-14 16:55][DEBUG] [SHADER] 绑定顶点着色器文件 
[2020-11-14 16:55][DEBUG] [SHADER] 绑定片元着色器文件 
[2020-11-14 16:55][DEBUG] [SHADER] 着色器程序初始化成功 
[2020-11-14 16:55][DEBUG] [OBJECT] 物件初始化成功 vao:8398457 
[2020-11-14 16:57][DEBUG] [CAMERA] 摄像机初始化成功 
[2020-11-14 16:57][DEBUG] [NMODULE] 主进程初始化完毕 
[2020-11-14 16:57][DEBUG] [NMODULE] Engine里buffer0的地址为3055719552 
[2020-11-14 16:57][DEBUG] [NMODULE] 初始化obj1 
[2020-11-14 16:57][DEBUG] [OBJECT] 函数里buffer0的地址为3501603248 
[2020-11-14 16:57][DEBUG] [SHADER] 绑定顶点着色器文件 
[2020-11-14 16:57][DEBUG] [SHADER] 绑定片元着色器文件 
[2020-11-14 16:57][DEBUG] [SHADER] 着色器程序初始化成功 
[2020-11-14 16:57][DEBUG] [OBJECT] 物件初始化成功 vao:3054045 
[2020-11-14 16:57][DEBUG] [NMODULE] 初始化obj2 
[2020-11-14 16:57][DEBUG] [OBJECT] 函数里buffer0的地址为3501603248 
[2020-11-14 16:57][DEBUG] [SHADER] 绑定顶点着色器文件 
[2020-11-14 16:57][DEBUG] [SHADER] 绑定片元着色器文件 
[2020-11-14 16:57][DEBUG] [SHADER] 着色器程序初始化成功 
[2020-11-14 16:57][DEBUG] [OBJECT] 物件初始化成功 vao:3054045 
[2020-11-14 17:03][DEBUG] [CAMERA] 摄像机初始化成功 
[2020-11-14 17:03][DEBUG] [NMODULE] 主进程初始化完毕 
[2020-11-14 17:03][DEBUG] [NMODULE] Engine里buffer0的地址为10654848 
[2020-11-14 17:03][DEBUG] [NMODULE] 初始化obj1 
[2020-11-14 17:03][DEBUG] [OBJECT] 函数里buffer0的地址为3447100624 
[2020-11-14 17:03][DEBUG] [SHADER] 绑定顶点着色器文件 
[2020-11-14 17:03][DEBUG] [SHADER] 绑定片元着色器文件 
[2020-11-14 17:03][DEBUG] [SHADER] 着色器程序初始化成功 
[2020-11-14 17:03][DEBUG] [OBJECT] 物件初始化成功 vao:8849280 
[2020-11-14 17:03][DEBUG] [NMODULE] 初始化obj2 
[2020-11-14 17:03][DEBUG] [OBJECT] 函数里buffer0的地址为3447100624 
[2020-11-14 17:03][DEBUG] [SHADER] 绑定顶点着色器文件 
[2020-11-14 17:03][DEBUG] [SHADER] 绑定片元着色器文件 
[2020-11-14 17:03][DEBUG] [SHADER] 着色器程序初始化成功 
[2020-11-14 17:03][DEBUG] [OBJECT] 物件初始化成功 vao:8849280 
[2020-11-14 17:12][DEBUG] [CAMERA] 摄像机初始化成功 
[2020-11-14 17:12][DEBUG] [NMODULE] 主进程初始化完毕 
[2020-11-14 17:12][DEBUG] [NMODULE] Engine里buffer0的地址为3116536992 
[2020-11-14 17:12][DEBUG] [NMODULE] Engine里buffer0的地址为3465572368 
[2020-11-14 17:12][DEBUG] [NMODULE] 初始化obj1 
[2020-11-14 17:12][DEBUG] [OBJECT] 函数里buffer0的地址为3589757104 
[2020-11-14 17:12][DEBUG] [SHADER] 绑定顶点着色器文件 
[2020-11-14 17:12][DEBUG] [SHADER] 绑定片元着色器文件 
[2020-11-14 17:12][DEBUG] [SHADER] 着色器程序初始化成功 
[2020-11-14 17:12][DEBUG] [OBJECT] 物件初始化成功 vao:3115386 
[2020-11-14 17:12][DEBUG] [NMODULE] 初始化obj2 
[2020-11-14 17:12][DEBUG] [OBJECT] 函数里buffer0的地址为3589757104 
[2020-11-14 17:12][DEBUG] [SHADER] 绑定顶点着色器文件 
[2020-11-14 17:12][DEBUG] [SHADER] 绑定片元着色器文件 
[2020-11-14 17:12][DEBUG] [SHADER] 着色器程序初始化成功 
[2020-11-14 17:12][DEBUG] [OBJECT] 物件初始化成功 vao:3115386 
[2020-11-14 17:13][DEBUG] [CAMERA] 摄像机初始化成功 
[2020-11-14 17:13][DEBUG] [NMODULE] 主进程初始化完毕 
[2020-11-14 17:13][DEBUG] [NMODULE] Engine里buffer0的地址为167941248 
[2020-11-14 17:13][DEBUG] [NMODULE] 初始化obj1 
[2020-11-14 17:13][DEBUG] [OBJECT] 函数里buffer0的地址为3742273872 
[2020-11-14 17:13][DEBUG] [SHADER] 绑定顶点着色器文件 
[2020-11-14 17:13][DEBUG] [SHADER] 绑定片元着色器文件 
[2020-11-14 17:13][DEBUG] [SHADER] 着色器程序初始化成功 
[2020-11-14 17:13][DEBUG] [OBJECT] 物件初始化成功 vao:1656113 
[2020-11-14 17:13][DEBUG] [NMODULE] 初始化obj2 
[2020-11-14 17:13][DEBUG] [OBJECT] 函数里buffer0的地址为3742273872 
[2020-11-14 17:13][DEBUG] [SHADER] 绑定顶点着色器文件 
[2020-11-14 17:13][DEBUG] [SHADER] 绑定片元着色器文件 
[2020-11-14 17:13][DEBUG] [SHADER] 着色器程序初始化成功 
[2020-11-14 17:13][DEBUG] [OBJECT] 物件初始化成功 vao:1656113 
[2020-11-14 17:24][DEBUG] [CAMERA] 摄像机初始化成功 
[2020-11-14 17:24][DEBUG] [NMODULE] 主进程初始化完毕 
[2020-11-14 17:24][DEBUG] [NMODULE] Engine里buffer0的地址为2741146752 
[2020-11-14 17:24][DEBUG] [NMODULE] 初始化obj1 
[2020-11-14 17:24][DEBUG] [OBJECT] buffer指向的地址 
[2020-11-14 17:24][DEBUG] [SHADER] 绑定顶点着色器文件 
[2020-11-14 17:24][DEBUG] [SHADER] 绑定片元着色器文件 
[2020-11-14 17:24][DEBUG] [SHADER] 着色器程序初始化成功 
[2020-11-14 17:24][DEBUG] [OBJECT] 物件初始化成功 vao:2739537 
[2020-11-14 17:24][DEBUG] [NMODULE] 初始化obj2 
[2020-11-14 17:24][DEBUG] [OBJECT] buffer指向的地址 
[2020-11-14 17:24][DEBUG] [SHADER] 绑定顶点着色器文件 
[2020-11-14 17:24][DEBUG] [SHADER] 绑定片元着色器文件 
[2020-11-14 17:24][DEBUG] [SHADER] 着色器程序初始化成功 
[2020-11-14 17:24][DEBUG] [OBJECT] 物件初始化成功 vao:2739537 
[2020-11-14 17:25][DEBUG] [CAMERA] 摄像机初始化成功 
[2020-11-14 17:25][DEBUG] [NMODULE] 主进程初始化完毕 
[2020-11-14 17:25][DEBUG] [NMODULE] Engine里buffer0的地址为73569408 
[2020-11-14 17:25][DEBUG] [NMODULE] 初始化obj1 
[2020-11-14 17:25][DEBUG] [OBJECT] buffer指向的地址4077580304 
[2020-11-14 17:25][DEBUG] [SHADER] 绑定顶点着色器文件 
[2020-11-14 17:25][DEBUG] [SHADER] 绑定片元着色器文件 
[2020-11-14 17:25][DEBUG] [SHADER] 着色器程序初始化成功 
[2020-11-14 17:25][DEBUG] [OBJECT] 物件初始化成功 vao:7169830 
[2020-11-14 17:25][DEBUG] [NMODULE] 初始化obj2 
[2020-11-14 17:25][DEBUG] [OBJECT] buffer指向的地址4077580304 
[2020-11-14 17:25][DEBUG] [SHADER] 绑定顶点着色器文件 
[2020-11-14 17:25][DEBUG] [SHADER] 绑定片元着色器文件 
[2020-11-14 17:25][DEBUG] [SHADER] 着色器程序初始化成功 
[2020-11-14 17:25][DEBUG] [OBJECT] 物件初始化成功 vao:7169830 
[2020-11-14 17:26][DEBUG] [CAMERA] 摄像机初始化成功 
[2020-11-14 17:26][DEBUG] [NMODULE] 主进程初始化完毕 
[2020-11-14 17:26][DEBUG] [NMODULE] Engine里buffer0的地址为1478661248 
[2020-11-14 17:26][DEBUG] [NMODULE] 初始化obj1 
[2020-11-14 17:26][DEBUG] [OBJECT] buffer指向的地址3235394256 
[2020-11-14 17:26][DEBUG] [SHADER] 绑定顶点着色器文件 
[2020-11-14 17:26][DEBUG] [SHADER] 绑定片元着色器文件 
[2020-11-14 17:26][DEBUG] [SHADER] 着色器程序初始化成功 
[2020-11-14 17:26][DEBUG] [OBJECT] 物件初始化成功 vao:1476724 
[2020-11-14 17:26][DEBUG] [NMODULE] 初始化obj2 
[2020-11-14 17:26][DEBUG] [OBJECT] buffer指向的地址3235394256 
[2020-11-14 17:26][DEBUG] [SHADER] 绑定顶点着色器文件 
[2020-11-14 17:26][DEBUG] [SHADER] 绑定片元着色器文件 
[2020-11-14 17:26][DEBUG] [SHADER] 着色器程序初始化成功 
[2020-11-14 17:26][DEBUG] [OBJECT] 物件初始化成功 vao:1476724 
[2020-11-14 17:26][DEBUG] [CAMERA] 摄像机初始化成功 
[2020-11-14 17:26][DEBUG] [NMODULE] 主进程初始化完毕 
[2020-11-14 17:26][DEBUG] [NMODULE] Engine里vertex的地址为1193448576 
[2020-11-14 17:26][DEBUG] [NMODULE] 初始化obj1 
[2020-11-14 17:26][DEBUG] [OBJECT] buffer指向的地址3309644816 
[2020-11-14 17:26][DEBUG] [SHADER] 绑定顶点着色器文件 
[2020-11-14 17:26][DEBUG] [SHADER] 绑定片元着色器文件 
[2020-11-14 17:26][DEBUG] [SHADER] 着色器程序初始化成功 
[2020-11-14 17:26][DEBUG] [OBJECT] 物件初始化成功 vao:1192691 
[2020-11-14 17:26][DEBUG] [NMODULE] 初始化obj2 
[2020-11-14 17:26][DEBUG] [OBJECT] buffer指向的地址3309644816 
[2020-11-14 17:26][DEBUG] [SHADER] 绑定顶点着色器文件 
[2020-11-14 17:26][DEBUG] [SHADER] 绑定片元着色器文件 
[2020-11-14 17:26][DEBUG] [SHADER] 着色器程序初始化成功 
[2020-11-14 17:26][DEBUG] [OBJECT] 物件初始化成功 vao:1192691 
[2020-11-14 17:29][DEBUG] [CAMERA] 摄像机初始化成功 
[2020-11-14 17:29][DEBUG] [NMODULE] 主进程初始化完毕 
[2020-11-14 17:29][DEBUG] [NMODULE] Engine里vertex的地址为809669760 
[2020-11-14 17:29][DEBUG] [NMODULE] 初始化obj1 
[2020-11-14 17:29][DEBUG] [OBJECT] buffer指向的地址0, 0 
[2020-11-14 17:29][DEBUG] [SHADER] 绑定顶点着色器文件 
[2020-11-14 17:29][DEBUG] [SHADER] 绑定片元着色器文件 
[2020-11-14 17:29][DEBUG] [SHADER] 着色器程序初始化成功 
[2020-11-14 17:29][DEBUG] [OBJECT] 物件初始化成功 vao:8089127 
[2020-11-14 17:29][DEBUG] [NMODULE] 初始化obj2 
[2020-11-14 17:29][DEBUG] [OBJECT] buffer指向的地址0, 13 
[2020-11-14 17:29][DEBUG] [SHADER] 绑定顶点着色器文件 
[2020-11-14 17:29][DEBUG] [SHADER] 绑定片元着色器文件 
[2020-11-14 17:29][DEBUG] [SHADER] 着色器程序初始化成功 
[2020-11-14 17:29][DEBUG] [OBJECT] 物件初始化成功 vao:8089127 
[2020-11-14 17:30][DEBUG] [CAMERA] 摄像机初始化成功 
[2020-11-14 17:30][DEBUG] [NMODULE] 主进程初始化完毕 
[2020-11-14 17:30][DEBUG] [NMODULE] Engine里vertex的地址为1300403328 
[2020-11-14 17:30][DEBUG] [NMODULE] 初始化obj1 
[2020-11-14 17:30][DEBUG] [OBJECT] buffer指向的地址0, 0 
[2020-11-14 17:30][DEBUG] [SHADER] 绑定顶点着色器文件 
[2020-11-14 17:30][DEBUG] [SHADER] 绑定片元着色器文件 
[2020-11-14 17:30][DEBUG] [SHADER] 着色器程序初始化成功 
[2020-11-14 17:30][DEBUG] [OBJECT] 物件初始化成功 vao:1298466 
[2020-11-14 17:30][DEBUG] [NMODULE] 初始化obj2 
[2020-11-14 17:30][DEBUG] [OBJECT] buffer指向的地址0, 13 
[2020-11-14 17:30][DEBUG] [SHADER] 绑定顶点着色器文件 
[2020-11-14 17:30][DEBUG] [SHADER] 绑定片元着色器文件 
[2020-11-14 17:30][DEBUG] [SHADER] 着色器程序初始化成功 
[2020-11-14 17:30][DEBUG] [OBJECT] 物件初始化成功 vao:1298466 
[2020-11-14 17:39][DEBUG] [CAMERA] 摄像机初始化成功 
[2020-11-14 17:39][DEBUG] [NMODULE] 主进程初始化完毕 
[2020-11-14 17:39][DEBUG] [NMODULE] Engine里vertex的地址为1281528960 
[2020-11-14 17:39][DEBUG] [NMODULE] 初始化obj1 
[2020-11-14 17:39][DEBUG] [OBJECT] buffer指向的地址0, 0 
[2020-11-14 17:39][DEBUG] [SHADER] 绑定顶点着色器文件 
[2020-11-14 17:39][DEBUG] [SHADER] 绑定片元着色器文件 
[2020-11-14 17:39][DEBUG] [SHADER] 着色器程序初始化成功 
[2020-11-14 17:39][DEBUG] [OBJECT] 物件初始化成功 vao:1279395 
[2020-11-14 17:39][DEBUG] [NMODULE] 初始化obj2 
[2020-11-14 17:39][DEBUG] [OBJECT] buffer指向的地址0, 13 
[2020-11-14 17:39][DEBUG] [SHADER] 绑定顶点着色器文件 
[2020-11-14 17:39][DEBUG] [SHADER] 绑定片元着色器文件 
[2020-11-14 17:39][DEBUG] [SHADER] 着色器程序初始化成功 
[2020-11-14 17:39][DEBUG] [OBJECT] 物件初始化成功 vao:1279395 
[2020-11-14 17:40][DEBUG] [CAMERA] 摄像机初始化成功 
[2020-11-14 17:40][DEBUG] [NMODULE] 主进程初始化完毕 
[2020-11-14 17:40][DEBUG] [NMODULE] Engine里vertex的地址为1082299520 
[2020-11-14 17:40][DEBUG] [NMODULE] 初始化obj1 
[2020-11-14 17:40][DEBUG] [OBJECT] buffer指向的地址0, 0 
[2020-11-14 17:40][DEBUG] [SHADER] 绑定顶点着色器文件 
[2020-11-14 17:40][DEBUG] [SHADER] 绑定片元着色器文件 
[2020-11-14 17:40][DEBUG] [SHADER] 着色器程序初始化成功 
[2020-11-14 17:40][DEBUG] [OBJECT] 物件初始化成功 vao:1080690 
[2020-11-14 17:40][DEBUG] [NMODULE] 初始化obj2 
[2020-11-14 17:40][DEBUG] [OBJECT] buffer指向的地址0, 13 
[2020-11-14 17:40][DEBUG] [SHADER] 绑定顶点着色器文件 
[2020-11-14 17:40][DEBUG] [SHADER] 绑定片元着色器文件 
[2020-11-14 17:40][DEBUG] [SHADER] 着色器程序初始化成功 
[2020-11-14 17:40][DEBUG] [OBJECT] 物件初始化成功 vao:1080690 
[2020-11-14 17:40][DEBUG] [CAMERA] 摄像机初始化成功 
[2020-11-14 17:40][DEBUG] [NMODULE] 主进程初始化完毕 
[2020-11-14 17:40][DEBUG] [NMODULE] Engine里vertex的地址为3959592064 
[2020-11-14 17:40][DEBUG] [NMODULE] 初始化obj1 
[2020-11-14 17:40][DEBUG] [SHADER] 绑定顶点着色器文件 
[2020-11-14 17:40][DEBUG] [SHADER] 绑定片元着色器文件 
[2020-11-14 17:40][DEBUG] [SHADER] 着色器程序初始化成功 
[2020-11-14 17:40][DEBUG] [OBJECT] 物件初始化成功 vao:3957393 
[2020-11-14 17:40][DEBUG] [NMODULE] 初始化obj2 
[2020-11-14 17:40][DEBUG] [SHADER] 绑定顶点着色器文件 
[2020-11-14 17:40][DEBUG] [SHADER] 绑定片元着色器文件 
[2020-11-14 17:40][DEBUG] [SHADER] 着色器程序初始化成功 
[2020-11-14 17:40][DEBUG] [OBJECT] 物件初始化成功 vao:3957393 
[2020-11-14 17:41][DEBUG] [CAMERA] 摄像机初始化成功 
[2020-11-14 17:41][DEBUG] [NMODULE] 主进程初始化完毕 
[2020-11-14 17:41][DEBUG] [NMODULE] Engine里vertex的地址为3861025920 
[2020-11-14 17:41][DEBUG] [NMODULE] 初始化obj1 
[2020-11-14 17:41][DEBUG] [SHADER] 绑定顶点着色器文件 
[2020-11-14 17:41][DEBUG] [SHADER] 绑定片元着色器文件 
[2020-11-14 17:41][DEBUG] [SHADER] 着色器程序初始化成功 
[2020-11-14 17:41][DEBUG] [OBJECT] 物件初始化成功 vao:3858499 
[2020-11-14 17:41][DEBUG] [NMODULE] 初始化obj2 
[2020-11-14 17:41][DEBUG] [SHADER] 绑定顶点着色器文件 
[2020-11-14 17:41][DEBUG] [SHADER] 绑定片元着色器文件 
[2020-11-14 17:41][DEBUG] [SHADER] 着色器程序初始化成功 
[2020-11-14 17:41][DEBUG] [OBJECT] 物件初始化成功 vao:3858499 
[2020-11-14 17:49][DEBUG] [CAMERA] 摄像机初始化成功 
[2020-11-14 17:49][DEBUG] [NMODULE] 主进程初始化完毕 
[2020-11-14 17:49][DEBUG] [NMODULE] Engine里vertex的地址为2751632640 
[2020-11-14 17:49][DEBUG] [NMODULE] 初始化obj1 
[2020-11-14 17:49][DEBUG] [SHADER] 绑定顶点着色器文件 
[2020-11-14 17:49][DEBUG] [SHADER] 绑定片元着色器文件 
[2020-11-14 17:49][DEBUG] [SHADER] 着色器程序初始化成功 
[2020-11-14 17:49][DEBUG] [OBJECT] 物件初始化成功 vao:2749826 
[2020-11-14 17:49][DEBUG] [NMODULE] 初始化obj2 
[2020-11-14 17:49][DEBUG] [SHADER] 绑定顶点着色器文件 
[2020-11-14 17:49][DEBUG] [SHADER] 绑定片元着色器文件 
[2020-11-14 17:49][DEBUG] [SHADER] 着色器程序初始化成功 
[2020-11-14 17:49][DEBUG] [OBJECT] 物件初始化成功 vao:2749826 
[2020-11-14 17:50][DEBUG] [CAMERA] 摄像机初始化成功 
[2020-11-14 17:50][DEBUG] [NMODULE] 主进程初始化完毕 
[2020-11-14 17:50][DEBUG] [NMODULE] Engine里vertex的地址为3460470016 
[2020-11-14 17:50][DEBUG] [NMODULE] 初始化obj1 
[2020-11-14 17:50][DEBUG] [SHADER] 绑定顶点着色器文件 
[2020-11-14 17:50][DEBUG] [SHADER] 绑定片元着色器文件 
[2020-11-14 17:50][DEBUG] [SHADER] 着色器程序初始化成功 
[2020-11-14 17:50][DEBUG] [OBJECT] 物件初始化成功 vao:3457746 
[2020-11-14 17:50][DEBUG] [NMODULE] 初始化obj2 
[2020-11-14 17:50][DEBUG] [SHADER] 绑定顶点着色器文件 
[2020-11-14 17:50][DEBUG] [SHADER] 绑定片元着色器文件 
[2020-11-14 17:50][DEBUG] [SHADER] 着色器程序初始化成功 
[2020-11-14 17:50][DEBUG] [OBJECT] 物件初始化成功 vao:3457746 
[2020-11-14 17:55][DEBUG] [CAMERA] 摄像机初始化成功 
[2020-11-14 17:55][DEBUG] [NMODULE] 主进程初始化完毕 
[2020-11-14 17:55][DEBUG] [NMODULE] Engine里vertex的地址为2795672896 
[2020-11-14 17:55][DEBUG] [NMODULE] 初始化obj1 
[2020-11-14 17:55][DEBUG] [OBJECT] 大小429496 
[2020-11-14 17:55][DEBUG] [SHADER] 绑定顶点着色器文件 
[2020-11-14 17:55][DEBUG] [SHADER] 绑定片元着色器文件 
[2020-11-14 17:55][DEBUG] [SHADER] 着色器程序初始化成功 
[2020-11-14 17:55][DEBUG] [OBJECT] 物件初始化成功 vao:2793867 
[2020-11-14 17:55][DEBUG] [NMODULE] 初始化obj2 
[2020-11-14 17:55][DEBUG] [OBJECT] 大小429496 
[2020-11-14 17:55][DEBUG] [SHADER] 绑定顶点着色器文件 
[2020-11-14 17:55][DEBUG] [SHADER] 绑定片元着色器文件 
[2020-11-14 17:55][DEBUG] [SHADER] 着色器程序初始化成功 
[2020-11-14 17:55][DEBUG] [OBJECT] 物件初始化成功 vao:2793867 
[2020-11-14 17:56][DEBUG] [CAMERA] 摄像机初始化成功 
[2020-11-14 17:56][DEBUG] [NMODULE] 主进程初始化完毕 
[2020-11-14 17:56][DEBUG] [NMODULE] Engine里vertex的地址为1027773728 
[2020-11-14 17:56][DEBUG] [NMODULE] 初始化obj1 
[2020-11-14 17:56][DEBUG] [SHADER] 绑定顶点着色器文件 
[2020-11-14 17:56][DEBUG] [SHADER] 绑定片元着色器文件 
[2020-11-14 17:56][DEBUG] [SHADER] 着色器程序初始化成功 
[2020-11-14 17:56][DEBUG] [OBJECT] 物件初始化成功 vao:1026885 
[2020-11-14 17:56][DEBUG] [NMODULE] 初始化obj2 
[2020-11-14 17:56][DEBUG] [SHADER] 绑定顶点着色器文件 
[2020-11-14 17:56][DEBUG] [SHADER] 绑定片元着色器文件 
[2020-11-14 17:56][DEBUG] [SHADER] 着色器程序初始化成功 
[2020-11-14 17:56][DEBUG] [OBJECT] 物件初始化成功 vao:1026885 
[2020-11-14 17:56][DEBUG] [CAMERA] 摄像机初始化成功 
[2020-11-14 17:56][DEBUG] [NMODULE] 主进程初始化完毕 
[2020-11-14 17:56][DEBUG] [NMODULE] Engine里vertex的地址为4070741664 
[2020-11-14 17:56][DEBUG] [NMODULE] 初始化obj1 
[2020-11-14 17:56][DEBUG] [SHADER] 绑定顶点着色器文件 
[2020-11-14 17:56][DEBUG] [SHADER] 绑定片元着色器文件 
[2020-11-14 17:56][DEBUG] [SHADER] 着色器程序初始化成功 
[2020-11-14 17:56][DEBUG] [OBJECT] 物件初始化成功 vao:4068476 
[2020-11-14 17:56][DEBUG] [NMODULE] 初始化obj2 
[2020-11-14 17:56][DEBUG] [SHADER] 绑定顶点着色器文件 
[2020-11-14 17:56][DEBUG] [SHADER] 绑定片元着色器文件 
[2020-11-14 17:56][DEBUG] [SHADER] 着色器程序初始化成功 
[2020-11-14 17:56][DEBUG] [OBJECT] 物件初始化成功 vao:4068476 
[2020-11-14 17:58][DEBUG] [CAMERA] 摄像机初始化成功 
[2020-11-14 17:58][DEBUG] [NMODULE] 主进程初始化完毕 
[2020-11-14 17:58][DEBUG] [NMODULE] Engine里vertex的地址为2109904672 
[2020-11-14 17:58][DEBUG] [NMODULE] 初始化obj1 
[2020-11-14 17:58][DEBUG] [SHADER] 绑定顶点着色器文件 
[2020-11-14 17:58][DEBUG] [SHADER] 绑定片元着色器文件 
[2020-11-14 17:58][DEBUG] [SHADER] 着色器程序初始化成功 
[2020-11-14 17:58][DEBUG] [OBJECT] 物件初始化成功 vao:2108622 
[2020-11-14 17:58][DEBUG] [NMODULE] 初始化obj2 
[2020-11-14 17:58][DEBUG] [SHADER] 绑定顶点着色器文件 
[2020-11-14 17:58][DEBUG] [SHADER] 绑定片元着色器文件 
[2020-11-14 17:58][DEBUG] [SHADER] 着色器程序初始化成功 
[2020-11-14 17:58][DEBUG] [OBJECT] 物件初始化成功 vao:2108622 
[2020-11-14 18:02][DEBUG] [CAMERA] 摄像机初始化成功 
[2020-11-14 18:02][DEBUG] [NMODULE] 主进程初始化完毕 
[2020-11-14 18:02][DEBUG] [NMODULE] 初始化obj1 
[2020-11-14 18:02][DEBUG] [SHADER] 绑定顶点着色器文件 
[2020-11-14 18:02][DEBUG] [SHADER] 绑定片元着色器文件 
[2020-11-14 18:02][DEBUG] [SHADER] 着色器程序初始化成功 
[2020-11-14 18:02][DEBUG] [OBJECT] 物件初始化成功 vao:3963291 
[2020-11-14 18:02][DEBUG] [NMODULE] 初始化obj2 
[2020-11-14 18:02][DEBUG] [SHADER] 绑定顶点着色器文件 
[2020-11-14 18:02][DEBUG] [SHADER] 绑定片元着色器文件 
[2020-11-14 18:02][DEBUG] [SHADER] 着色器程序初始化成功 
[2020-11-14 18:02][DEBUG] [OBJECT] 物件初始化成功 vao:3963291 
[2020-11-14 18:04][DEBUG] [CAMERA] 摄像机初始化成功 
[2020-11-14 18:04][DEBUG] [NMODULE] 主进程初始化完毕 
[2020-11-14 18:04][DEBUG] [NMODULE] 初始化obj1 
[2020-11-14 18:04][DEBUG] [SHADER] 绑定顶点着色器文件 
[2020-11-14 18:04][DEBUG] [SHADER] 绑定片元着色器文件 
[2020-11-14 18:04][DEBUG] [SHADER] 着色器程序初始化成功 
[2020-11-14 18:04][DEBUG] [OBJECT] 物件初始化成功 vao:2542471 
[2020-11-14 18:04][DEBUG] [NMODULE] 初始化obj2 
[2020-11-14 18:04][DEBUG] [SHADER] 绑定顶点着色器文件 
[2020-11-14 18:04][DEBUG] [SHADER] 绑定片元着色器文件 
[2020-11-14 18:04][DEBUG] [SHADER] 着色器程序初始化成功 
[2020-11-14 18:04][DEBUG] [OBJECT] 物件初始化成功 vao:2542471 
[2020-11-14 18:04][DEBUG] [CAMERA] 摄像机初始化成功 
[2020-11-14 18:04][DEBUG] [NMODULE] 主进程初始化完毕 
[2020-11-14 18:04][DEBUG] [NMODULE] 初始化obj1 
[2020-11-14 18:04][DEBUG] [SHADER] 绑定顶点着色器文件 
[2020-11-14 18:04][DEBUG] [SHADER] 绑定片元着色器文件 
[2020-11-14 18:04][DEBUG] [SHADER] 着色器程序初始化成功 
[2020-11-14 18:04][DEBUG] [OBJECT] 物件初始化成功 vao:1275135 
[2020-11-14 18:04][DEBUG] [NMODULE] 初始化obj2 
[2020-11-14 18:04][DEBUG] [SHADER] 绑定顶点着色器文件 
[2020-11-14 18:04][DEBUG] [SHADER] 绑定片元着色器文件 
[2020-11-14 18:04][DEBUG] [SHADER] 着色器程序初始化成功 
[2020-11-14 18:04][DEBUG] [OBJECT] 物件初始化成功 vao:1275135 
[2020-11-14 18:09][DEBUG] [CAMERA] 摄像机初始化成功 
[2020-11-14 18:09][DEBUG] [NMODULE] 主进程初始化完毕 
[2020-11-14 18:09][DEBUG] [NMODULE] 初始化obj1 
[2020-11-14 18:09][DEBUG] [SHADER] 绑定顶点着色器文件 
[2020-11-14 18:09][DEBUG] [SHADER] 绑定片元着色器文件 
[2020-11-14 18:09][DEBUG] [SHADER] 着色器程序初始化成功 
[2020-11-14 18:09][DEBUG] [OBJECT] 物件初始化成功 vao:1181157 
[2020-11-14 18:09][DEBUG] [NMODULE] 初始化obj2 
[2020-11-14 18:09][DEBUG] [SHADER] 绑定顶点着色器文件 
[2020-11-14 18:09][DEBUG] [SHADER] 绑定片元着色器文件 
[2020-11-14 18:09][DEBUG] [SHADER] 着色器程序初始化成功 
[2020-11-14 18:09][DEBUG] [OBJECT] 物件初始化成功 vao:1181157 
[2020-11-14 18:10][DEBUG] [CAMERA] 摄像机初始化成功 
[2020-11-14 18:10][DEBUG] [NMODULE] 主进程初始化完毕 
[2020-11-14 18:10][DEBUG] [NMODULE] 初始化obj1 
[2020-11-14 18:10][DEBUG] [SHADER] 绑定顶点着色器文件 
[2020-11-14 18:10][DEBUG] [SHADER] 绑定片元着色器文件 
[2020-11-14 18:10][DEBUG] [SHADER] 着色器程序初始化成功 
[2020-11-14 18:10][DEBUG] [OBJECT] 物件初始化成功 
[2020-11-14 18:10][DEBUG] [NMODULE] 初始化obj2 
[2020-11-14 18:10][DEBUG] [SHADER] 绑定顶点着色器文件 
[2020-11-14 18:10][DEBUG] [SHADER] 绑定片元着色器文件 
[2020-11-14 18:10][DEBUG] [SHADER] 着色器程序初始化成功 
[2020-11-14 18:10][DEBUG] [OBJECT] 物件初始化成功 
[2020-11-14 18:10][DEBUG] [NMODULE] 123123 
[2020-11-14 18:10][DEBUG] [CAMERA] 摄像机初始化成功 
[2020-11-14 18:10][DEBUG] [NMODULE] 主进程初始化完毕 
[2020-11-14 18:10][DEBUG] [NMODULE] 初始化obj1 
[2020-11-14 18:10][DEBUG] [SHADER] 绑定顶点着色器文件 
[2020-11-14 18:10][DEBUG] [SHADER] 绑定片元着色器文件 
[2020-11-14 18:10][DEBUG] [SHADER] 着色器程序初始化成功 
[2020-11-14 18:10][DEBUG] [OBJECT] 物件初始化成功 
[2020-11-14 18:10][DEBUG] [NMODULE] 初始化obj2 
[2020-11-14 18:10][DEBUG] [SHADER] 绑定顶点着色器文件 
[2020-11-14 18:10][DEBUG] [SHADER] 绑定片元着色器文件 
[2020-11-14 18:10][DEBUG] [SHADER] 着色器程序初始化成功 
[2020-11-14 18:10][DEBUG] [OBJECT] 物件初始化成功 
[2020-11-14 18:10][DEBUG] [NMODULE] 123123 
[2020-11-14 18:12][DEBUG] [CAMERA] 摄像机初始化成功 
[2020-11-14 18:12][DEBUG] [NMODULE] 主进程初始化完毕 
[2020-11-14 18:12][DEBUG] [NMODULE] 初始化obj1 
[2020-11-14 18:12][DEBUG] [SHADER] 绑定顶点着色器文件 
[2020-11-14 18:12][DEBUG] [SHADER] 绑定片元着色器文件 
[2020-11-14 18:12][DEBUG] [SHADER] 着色器程序初始化成功 
[2020-11-14 18:12][DEBUG] [OBJECT] 物件初始化成功 
[2020-11-14 18:12][DEBUG] [NMODULE] 初始化obj2 
[2020-11-14 18:12][DEBUG] [SHADER] 绑定顶点着色器文件 
[2020-11-14 18:12][DEBUG] [SHADER] 绑定片元着色器文件 
[2020-11-14 18:12][DEBUG] [SHADER] 着色器程序初始化成功 
[2020-11-14 18:12][DEBUG] [OBJECT] 物件初始化成功 
[2020-11-14 18:12][DEBUG] [NMODULE] 123123 
[2020-11-14 18:16][DEBUG] [CAMERA] 摄像机初始化成功 
[2020-11-14 18:16][DEBUG] [NMODULE] 主进程初始化完毕 
[2020-11-14 18:16][DEBUG] [NMODULE] 初始化obj1 
[2020-11-14 18:16][DEBUG] [SHADER] 绑定顶点着色器文件 
[2020-11-14 18:16][DEBUG] [SHADER] 绑定片元着色器文件 
[2020-11-14 18:16][DEBUG] [SHADER] 着色器程序初始化成功 
[2020-11-14 18:16][DEBUG] [OBJECT] 物件初始化成功 
[2020-11-14 18:16][DEBUG] [NMODULE] 初始化obj2 
[2020-11-14 18:16][DEBUG] [SHADER] 绑定顶点着色器文件 
[2020-11-14 18:16][DEBUG] [SHADER] 绑定片元着色器文件 
[2020-11-14 18:16][DEBUG] [SHADER] 着色器程序初始化成功 
[2020-11-14 18:16][DEBUG] [OBJECT] 物件初始化成功 
[2020-11-14 18:28][DEBUG] [CAMERA] 摄像机初始化成功 
[2020-11-14 18:28][DEBUG] [NMODULE] 主进程初始化完毕 
[2020-11-14 18:28][DEBUG] [NMODULE] 初始化obj1 
[2020-11-14 18:28][DEBUG] [SHADER] 绑定顶点着色器文件 
[2020-11-14 18:28][DEBUG] [SHADER] 绑定片元着色器文件 
[2020-11-14 18:28][DEBUG] [SHADER] 着色器程序初始化成功 
[2020-11-14 18:28][DEBUG] [OBJECT] 物件初始化成功 
[2020-11-14 18:28][DEBUG] [NMODULE] 初始化obj2 
[2020-11-14 18:28][DEBUG] [SHADER] 绑定顶点着色器文件 
[2020-11-14 18:28][DEBUG] [SHADER] 绑定片元着色器文件 
[2020-11-14 18:28][DEBUG] [SHADER] 着色器程序初始化成功 
[2020-11-14 18:28][DEBUG] [OBJECT] 物件初始化成功 
[2020-11-14 18:29][DEBUG] [CAMERA] 摄像机初始化成功 
[2020-11-14 18:29][DEBUG] [NMODULE] 主进程初始化完毕 
[2020-11-14 18:29][DEBUG] [NMODULE] 初始化obj1 
[2020-11-14 18:29][DEBUG] [SHADER] 绑定顶点着色器文件 
[2020-11-14 18:29][DEBUG] [SHADER] 绑定片元着色器文件 
[2020-11-14 18:29][DEBUG] [SHADER] 着色器程序初始化成功 
[2020-11-14 18:29][DEBUG] [OBJECT] 物件初始化成功 
[2020-11-14 18:29][DEBUG] [NMODULE] 初始化obj2 
[2020-11-14 18:29][DEBUG] [SHADER] 绑定顶点着色器文件 
[2020-11-14 18:29][DEBUG] [SHADER] 绑定片元着色器文件 
[2020-11-14 18:29][DEBUG] [SHADER] 着色器程序初始化成功 
[2020-11-14 18:29][DEBUG] [OBJECT] 物件初始化成功 
[2020-11-14 18:31][DEBUG] [CAMERA] 摄像机初始化成功 
[2020-11-14 18:31][DEBUG] [NMODULE] 主进程初始化完毕 
[2020-11-14 18:31][DEBUG] [NMODULE] 初始化obj1 
[2020-11-14 18:31][DEBUG] [SHADER] 绑定顶点着色器文件 
[2020-11-14 18:31][DEBUG] [SHADER] 绑定片元着色器文件 
[2020-11-14 18:31][DEBUG] [SHADER] 着色器程序初始化成功 
[2020-11-14 18:31][DEBUG] [OBJECT] 物件初始化成功 
[2020-11-14 18:31][DEBUG] [NMODULE] 初始化obj2 
[2020-11-14 18:31][DEBUG] [SHADER] 绑定顶点着色器文件 
[2020-11-14 18:31][DEBUG] [SHADER] 绑定片元着色器文件 
[2020-11-14 18:31][DEBUG] [SHADER] 着色器程序初始化成功 
[2020-11-14 18:31][DEBUG] [OBJECT] 物件初始化成功 
[2020-11-14 18:33][DEBUG] [CAMERA] 摄像机初始化成功 
[2020-11-14 18:33][DEBUG] [NMODULE] 主进程初始化完毕 
[2020-11-14 18:33][DEBUG] [NMODULE] 初始化obj1 
[2020-11-14 18:33][DEBUG] [SHADER] 绑定顶点着色器文件 
[2020-11-14 18:33][DEBUG] [SHADER] 绑定片元着色器文件 
[2020-11-14 18:33][DEBUG] [SHADER] 着色器程序初始化成功 
[2020-11-14 18:33][DEBUG] [OBJECT] 物件初始化成功 
[2020-11-14 18:33][DEBUG] [NMODULE] 初始化obj2 
[2020-11-14 18:33][DEBUG] [SHADER] 绑定顶点着色器文件 
[2020-11-14 18:33][DEBUG] [SHADER] 绑定片元着色器文件 
[2020-11-14 18:33][DEBUG] [SHADER] 着色器程序初始化成功 
[2020-11-14 18:33][DEBUG] [OBJECT] 物件初始化成功 
[2020-11-14 18:33][DEBUG] [CAMERA] 摄像机初始化成功 
[2020-11-14 18:33][DEBUG] [NMODULE] 主进程初始化完毕 
[2020-11-14 18:33][DEBUG] [NMODULE] 初始化obj1 
[2020-11-14 18:33][DEBUG] [SHADER] 绑定顶点着色器文件 
[2020-11-14 18:33][DEBUG] [SHADER] 绑定片元着色器文件 
[2020-11-14 18:33][DEBUG] [SHADER] 着色器程序初始化成功 
[2020-11-14 18:33][DEBUG] [OBJECT] 物件初始化成功 
[2020-11-14 18:33][DEBUG] [NMODULE] 初始化obj2 
[2020-11-14 18:33][DEBUG] [SHADER] 绑定顶点着色器文件 
[2020-11-14 18:33][DEBUG] [SHADER] 绑定片元着色器文件 
[2020-11-14 18:33][DEBUG] [SHADER] 着色器程序初始化成功 
[2020-11-14 18:33][DEBUG] [OBJECT] 物件初始化成功 
[2020-11-14 18:34][DEBUG] [CAMERA] 摄像机初始化成功 
[2020-11-14 18:34][DEBUG] [NMODULE] 主进程初始化完毕 
[2020-11-14 18:34][DEBUG] [NMODULE] 初始化obj1 
[2020-11-14 18:34][DEBUG] [SHADER] 绑定顶点着色器文件 
[2020-11-14 18:34][DEBUG] [SHADER] 绑定片元着色器文件 
[2020-11-14 18:34][DEBUG] [SHADER] 着色器程序初始化成功 
[2020-11-14 18:34][DEBUG] [OBJECT] 物件初始化成功 
[2020-11-14 18:34][DEBUG] [NMODULE] 初始化obj2 
[2020-11-14 18:34][DEBUG] [SHADER] 绑定顶点着色器文件 
[2020-11-14 18:34][DEBUG] [SHADER] 绑定片元着色器文件 
[2020-11-14 18:34][DEBUG] [SHADER] 着色器程序初始化成功 
[2020-11-14 18:34][DEBUG] [OBJECT] 物件初始化成功 
[2020-11-14 18:34][DEBUG] [NMODULE] 主进程结束 
[2020-11-14 18:35][DEBUG] [CAMERA] 摄像机初始化成功 
[2020-11-14 18:35][DEBUG] [NMODULE] 主进程初始化完毕 
[2020-11-14 18:35][DEBUG] [NMODULE] 初始化obj1 
[2020-11-14 18:35][DEBUG] [SHADER] 绑定顶点着色器文件 
[2020-11-14 18:35][DEBUG] [SHADER] 绑定片元着色器文件 
[2020-11-14 18:35][DEBUG] [SHADER] 着色器程序初始化成功 
[2020-11-14 18:35][DEBUG] [OBJECT] 物件初始化成功 
[2020-11-14 18:35][DEBUG] [NMODULE] 初始化obj2 
[2020-11-14 18:35][DEBUG] [SHADER] 绑定顶点着色器文件 
[2020-11-14 18:35][DEBUG] [SHADER] 绑定片元着色器文件 
[2020-11-14 18:35][DEBUG] [SHADER] 着色器程序初始化成功 
[2020-11-14 18:35][DEBUG] [OBJECT] 物件初始化成功 
[2020-11-14 18:35][DEBUG] [NMODULE] 主进程结束 
[2020-11-14 18:36][DEBUG] [CAMERA] 摄像机初始化成功 
[2020-11-14 18:36][DEBUG] [NMODULE] 主进程初始化完毕 
[2020-11-14 18:36][DEBUG] [NMODULE] 初始化obj1 
[2020-11-14 18:36][DEBUG] [SHADER] 绑定顶点着色器文件 
[2020-11-14 18:36][DEBUG] [SHADER] 绑定片元着色器文件 
[2020-11-14 18:36][DEBUG] [SHADER] 着色器程序初始化成功 
[2020-11-14 18:36][DEBUG] [OBJECT] 物件初始化成功 
[2020-11-14 18:36][DEBUG] [NMODULE] 初始化obj2 
[2020-11-14 18:36][DEBUG] [SHADER] 绑定顶点着色器文件 
[2020-11-14 18:36][DEBUG] [SHADER] 绑定片元着色器文件 
[2020-11-14 18:36][DEBUG] [SHADER] 着色器程序初始化成功 
[2020-11-14 18:36][DEBUG] [OBJECT] 物件初始化成功 
[2020-11-14 18:36][DEBUG] [NMODULE] 主进程结束 
[2020-11-14 18:36][DEBUG] [NMODULE] 资源释放完毕 
