[2020-12-03 23:33][DEBUG] [CAMERA] 摄像机初始化成功 
[2020-12-03 23:33][DEBUG] [NMODULE] 主进程初始化完毕 
[2020-12-03 23:33][DEBUG] [NMODULE] 初始化物体 
[2020-12-03 23:33][DEBUG] [SHADER] 绑定顶点着色器文件 
[2020-12-03 23:33][DEBUG] [SHADER] 绑定片元着色器文件 
[2020-12-03 23:33][DEBUG] [SHADER] 着色器程序初始化成功 
[2020-12-03 23:33][DEBUG] [OBJECT] 物件初始化成功 
[2020-12-03 23:33][DEBUG] [OBJECT] 物体加入全局物件管理器完毕, id->8589934592, vao->1, vbo->1 
[2020-12-03 23:33][DEBUG] [NMODULE] 初始化物体 
[2020-12-03 23:33][DEBUG] [SHADER] 绑定顶点着色器文件 
[2020-12-03 23:33][DEBUG] [SHADER] 绑定片元着色器文件 
[2020-12-03 23:33][DEBUG] [SHADER] 着色器程序初始化成功 
[2020-12-03 23:33][DEBUG] [OBJECT] 物件初始化成功 
[2020-12-03 23:33][DEBUG] [OBJECT] 物体加入全局物件管理器完毕, id->34359738368, vao->2, vbo->2 
[2020-12-03 23:33][DEBUG] [NMODULE] 主进程结束 
[2020-12-03 23:33][DEBUG] [NMODULE] 资源释放完毕 
[2020-12-03 23:35][DEBUG] [CAMERA] 摄像机初始化成功 
[2020-12-03 23:35][DEBUG] [NMODULE] 主进程初始化完毕 
[2020-12-03 23:35][DEBUG] [NMODULE] 初始化物体 
[2020-12-03 23:35][DEBUG] [SHADER] 绑定顶点着色器文件 
[2020-12-03 23:35][DEBUG] [SHADER] 绑定片元着色器文件 
[2020-12-03 23:35][DEBUG] [SHADER] 着色器程序初始化成功 
[2020-12-03 23:35][DEBUG] [OBJECT] 物件初始化成功 
[2020-12-03 23:35][DEBUG] [OBJECT] 物体加入全局物件管理器完毕, id->8589934592, vao->1, vbo->1 
[2020-12-03 23:35][DEBUG] [NMODULE] 初始化物体 
[2020-12-03 23:35][DEBUG] [SHADER] 绑定顶点着色器文件 
[2020-12-03 23:35][DEBUG] [SHADER] 绑定片元着色器文件 
[2020-12-03 23:35][DEBUG] [SHADER] 着色器程序初始化成功 
[2020-12-03 23:35][DEBUG] [OBJECT] 物件初始化成功 
[2020-12-03 23:35][DEBUG] [OBJECT] 物体加入全局物件管理器完毕, id->34359738368, vao->2, vbo->2 
[2020-12-03 23:36][DEBUG] [NMODULE] 主进程结束 
[2020-12-03 23:36][DEBUG] [NMODULE] 资源释放完毕 
[2020-12-03 23:51][DEBUG] [CAMERA] 摄像机初始化成功 
[2020-12-03 23:51][DEBUG] [NMODULE] 主进程初始化完毕 
[2020-12-03 23:51][DEBUG] [NMODULE] 初始化物体 
[2020-12-03 23:51][DEBUG] [SHADER] 绑定顶点着色器文件 
[2020-12-03 23:51][DEBUG] [SHADER] 绑定片元着色器文件 
[2020-12-03 23:51][DEBUG] [SHADER] 着色器程序初始化成功 
[2020-12-03 23:51][DEBUG] [OBJECT] 物件初始化成功 
[2020-12-03 23:51][DEBUG] [OBJECT] 物体加入全局物件管理器完毕, id->8589934592, vao->1, vbo->1 
[2020-12-03 23:51][DEBUG] [NMODULE] 初始化物体 
[2020-12-03 23:51][DEBUG] [SHADER] 绑定顶点着色器文件 
[2020-12-03 23:51][DEBUG] [SHADER] 绑定片元着色器文件 
[2020-12-03 23:51][DEBUG] [SHADER] 着色器程序初始化成功 
[2020-12-03 23:51][DEBUG] [OBJECT] 物件初始化成功 
[2020-12-03 23:51][DEBUG] [OBJECT] 物体加入全局物件管理器完毕, id->34359738368, vao->2, vbo->2 
[2020-12-03 23:51][DEBUG] [NMODULE] 主进程结束 
[2020-12-03 23:51][DEBUG] [NMODULE] 资源释放完毕 
