[2020-11-15 17:13][DEBUG] [CAMERA] 摄像机初始化成功 
[2020-11-15 17:13][DEBUG] [NMODULE] 主进程初始化完毕 
[2020-11-15 17:13][DEBUG] [NMODULE] 初始化obj1 
[2020-11-15 17:13][DEBUG] [SHADER] 绑定顶点着色器文件 
[2020-11-15 17:13][DEBUG] [SHADER] 绑定片元着色器文件 
[2020-11-15 17:13][DEBUG] [SHADER] 着色器程序初始化成功 
[2020-11-15 17:13][DEBUG] [OBJECT] 物件初始化成功 
[2020-11-15 17:13][DEBUG] [NMODULE] 初始化obj2 
[2020-11-15 17:13][DEBUG] [SHADER] 绑定顶点着色器文件 
[2020-11-15 17:13][DEBUG] [SHADER] 绑定片元着色器文件 
[2020-11-15 17:13][DEBUG] [SHADER] 着色器程序初始化成功 
[2020-11-15 17:13][DEBUG] [OBJECT] 物件初始化成功 
[2020-11-15 17:13][DEBUG] [NMODULE] 主进程结束 
[2020-11-15 17:13][DEBUG] [NMODULE] 资源释放完毕 
[2020-11-15 17:37][DEBUG] [CAMERA] 摄像机初始化成功 
[2020-11-15 17:37][DEBUG] [NMODULE] 主进程初始化完毕 
[2020-11-15 17:37][DEBUG] [NMODULE] 初始化obj1 
[2020-11-15 17:37][DEBUG] [SHADER] 绑定顶点着色器文件 
[2020-11-15 17:37][DEBUG] [SHADER] 绑定片元着色器文件 
[2020-11-15 17:37][DEBUG] [SHADER] 着色器程序初始化成功 
[2020-11-15 17:37][DEBUG] [OBJECT] 物件初始化成功 
[2020-11-15 17:37][DEBUG] [NMODULE] 初始化obj2 
[2020-11-15 17:37][DEBUG] [SHADER] 绑定顶点着色器文件 
[2020-11-15 17:37][DEBUG] [SHADER] 绑定片元着色器文件 
[2020-11-15 17:37][DEBUG] [SHADER] 着色器程序初始化成功 
[2020-11-15 17:37][DEBUG] [OBJECT] 物件初始化成功 
[2020-11-15 17:38][DEBUG] [NMODULE] 主进程结束 
[2020-11-15 17:38][DEBUG] [NMODULE] 资源释放完毕 
