[2020-12-20 15:48][DEBUG] [CAMERA] 摄像机初始化成功 
[2020-12-20 15:48][DEBUG] [NMODULE] 主进程初始化完毕 
[2020-12-20 15:48][DEBUG] [NMODULE] 初始化物体 
[2020-12-20 15:48][DEBUG] [OBJECT] 物件初始化成功 
[2020-12-20 15:48][DEBUG] [OBJECT] 物体加入全局物件管理器完毕, id->8589934592, vao->1, vbo->1 
[2020-12-20 15:48][DEBUG] [SHADER] 绑定顶点着色器文件 
[2020-12-20 15:48][DEBUG] [SHADER] 绑定片元着色器文件 
[2020-12-20 15:48][DEBUG] [SHADER] 着色器程序初始化成功 
[2020-12-20 15:48][DEBUG] [NMODULE] 初始化物体 
[2020-12-20 15:48][DEBUG] [OBJECT] 物件初始化成功 
[2020-12-20 15:48][DEBUG] [OBJECT] 物体加入全局物件管理器完毕, id->34359738368, vao->2, vbo->2 
[2020-12-20 15:48][DEBUG] [SHADER] 绑定顶点着色器文件 
[2020-12-20 15:48][DEBUG] [SHADER] 绑定片元着色器文件 
[2020-12-20 15:48][DEBUG] [SHADER] 着色器程序初始化成功 
[2020-12-20 15:49][DEBUG] [NMODULE] 主进程结束 
[2020-12-20 15:49][DEBUG] [NMODULE] 资源释放完毕 
[2020-12-20 15:49][DEBUG] [CAMERA] 摄像机初始化成功 
[2020-12-20 15:49][DEBUG] [NMODULE] 主进程初始化完毕 
[2020-12-20 15:49][DEBUG] [NMODULE] 初始化物体 
[2020-12-20 15:49][DEBUG] [OBJECT] 物件初始化成功 
[2020-12-20 15:49][DEBUG] [OBJECT] 物体加入全局物件管理器完毕, id->8589934592, vao->1, vbo->1 
[2020-12-20 15:49][DEBUG] [SHADER] 绑定顶点着色器文件 
[2020-12-20 15:49][DEBUG] [SHADER] 绑定片元着色器文件 
[2020-12-20 15:49][DEBUG] [SHADER] 着色器程序初始化成功 
[2020-12-20 15:49][DEBUG] [NMODULE] 初始化物体 
[2020-12-20 15:49][DEBUG] [OBJECT] 物件初始化成功 
[2020-12-20 15:49][DEBUG] [OBJECT] 物体加入全局物件管理器完毕, id->34359738368, vao->2, vbo->2 
[2020-12-20 15:49][DEBUG] [SHADER] 绑定顶点着色器文件 
[2020-12-20 15:49][DEBUG] [SHADER] 绑定片元着色器文件 
[2020-12-20 15:49][DEBUG] [SHADER] 着色器程序初始化成功 
[2020-12-20 15:49][DEBUG] [NMODULE] 主进程结束 
[2020-12-20 15:49][DEBUG] [NMODULE] 资源释放完毕 
[2020-12-20 15:52][DEBUG] [CAMERA] 摄像机初始化成功 
[2020-12-20 15:52][DEBUG] [NMODULE] 主进程初始化完毕 
[2020-12-20 15:52][DEBUG] [NMODULE] 初始化物体 
[2020-12-20 15:52][DEBUG] [OBJECT] 物件初始化成功 
[2020-12-20 15:52][DEBUG] [OBJECT] 物体加入全局物件管理器完毕, id->8589934592, vao->1, vbo->1 
[2020-12-20 15:52][DEBUG] [SHADER] 绑定顶点着色器文件 
[2020-12-20 15:52][DEBUG] [SHADER] 绑定片元着色器文件 
[2020-12-20 15:52][DEBUG] [SHADER] 着色器程序初始化成功 
[2020-12-20 15:52][DEBUG] [NMODULE] 初始化物体 
[2020-12-20 15:52][DEBUG] [OBJECT] 物件初始化成功 
[2020-12-20 15:52][DEBUG] [OBJECT] 物体加入全局物件管理器完毕, id->34359738368, vao->2, vbo->2 
[2020-12-20 15:52][DEBUG] [SHADER] 绑定顶点着色器文件 
[2020-12-20 15:52][DEBUG] [SHADER] 绑定片元着色器文件 
[2020-12-20 15:52][DEBUG] [SHADER] 着色器程序初始化成功 
[2020-12-20 15:52][DEBUG] [NMODULE] 主进程结束 
[2020-12-20 15:52][DEBUG] [NMODULE] 资源释放完毕 
[2020-12-20 15:56][DEBUG] [CAMERA] 摄像机初始化成功 
[2020-12-20 15:56][DEBUG] [NMODULE] 主进程初始化完毕 
[2020-12-20 15:56][DEBUG] [NMODULE] 初始化物体 
[2020-12-20 15:56][DEBUG] [OBJECT] 物件初始化成功 
[2020-12-20 15:56][DEBUG] [OBJECT] 物体加入全局物件管理器完毕, id->8589934592, vao->1, vbo->1 
[2020-12-20 15:56][DEBUG] [SHADER] 绑定顶点着色器文件 
[2020-12-20 15:56][DEBUG] [SHADER] 绑定片元着色器文件 
[2020-12-20 15:56][DEBUG] [SHADER] 着色器程序初始化成功 
[2020-12-20 15:56][DEBUG] [NMODULE] 初始化物体 
[2020-12-20 15:56][DEBUG] [OBJECT] 物件初始化成功 
[2020-12-20 15:56][DEBUG] [OBJECT] 物体加入全局物件管理器完毕, id->34359738368, vao->2, vbo->2 
[2020-12-20 15:56][DEBUG] [SHADER] 绑定顶点着色器文件 
[2020-12-20 15:56][DEBUG] [SHADER] 绑定片元着色器文件 
[2020-12-20 15:56][DEBUG] [SHADER] 着色器程序初始化成功 
[2020-12-20 15:56][DEBUG] [NMODULE] 主进程结束 
[2020-12-20 15:56][DEBUG] [NMODULE] 资源释放完毕 
[2020-12-20 16:15][DEBUG] [CAMERA] 摄像机初始化成功 
[2020-12-20 16:15][DEBUG] [OBJECT] 物件初始化成功 
[2020-12-20 16:15][DEBUG] [OBJECT] 物体加入全局物件管理器完毕, id->8589934592, vao->1, vbo->1 
[2020-12-20 16:15][DEBUG] [SHADER] 绑定顶点着色器文件 
[2020-12-20 16:15][DEBUG] [SHADER] 绑定片元着色器文件 
[2020-12-20 16:15][DEBUG] [SHADER] 着色器程序初始化成功 
[2020-12-20 16:15][DEBUG] [OBJECT] 物件初始化成功 
[2020-12-20 16:15][DEBUG] [OBJECT] 物体加入全局物件管理器完毕, id->34359738368, vao->2, vbo->2 
[2020-12-20 16:15][DEBUG] [SHADER] 绑定顶点着色器文件 
[2020-12-20 16:15][DEBUG] [SHADER] 绑定片元着色器文件 
[2020-12-20 16:15][DEBUG] [SHADER] 着色器程序初始化成功 
[2020-12-20 16:19][DEBUG] [CAMERA] 摄像机初始化成功 
[2020-12-20 16:19][DEBUG] [OBJECT] 物件初始化成功 
[2020-12-20 16:19][DEBUG] [OBJECT] 物体加入全局物件管理器完毕, id->8589934592, vao->1, vbo->1 
[2020-12-20 16:19][DEBUG] [SHADER] 绑定顶点着色器文件 
[2020-12-20 16:19][DEBUG] [SHADER] 绑定片元着色器文件 
[2020-12-20 16:19][DEBUG] [SHADER] 着色器程序初始化成功 
[2020-12-20 16:19][DEBUG] [OBJECT] 物件初始化成功 
[2020-12-20 16:19][DEBUG] [OBJECT] 物体加入全局物件管理器完毕, id->34359738368, vao->2, vbo->2 
[2020-12-20 16:19][DEBUG] [SHADER] 绑定顶点着色器文件 
[2020-12-20 16:19][DEBUG] [SHADER] 绑定片元着色器文件 
[2020-12-20 16:19][DEBUG] [SHADER] 着色器程序初始化成功 
[2020-12-20 16:27][DEBUG] [CAMERA] 摄像机初始化成功 
[2020-12-20 16:27][DEBUG] [OBJECT] 物件初始化成功 
[2020-12-20 16:27][DEBUG] [OBJECT] 物体加入全局物件管理器完毕, id->8589934592, vao->1, vbo->1 
[2020-12-20 16:27][DEBUG] [SHADER] 绑定顶点着色器文件 
[2020-12-20 16:27][DEBUG] [SHADER] 绑定片元着色器文件 
[2020-12-20 16:27][DEBUG] [SHADER] 着色器程序初始化成功 
[2020-12-20 16:27][DEBUG] [OBJECT] 物件初始化成功 
[2020-12-20 16:27][DEBUG] [OBJECT] 物体加入全局物件管理器完毕, id->34359738368, vao->2, vbo->2 
[2020-12-20 16:27][DEBUG] [SHADER] 绑定顶点着色器文件 
[2020-12-20 16:27][DEBUG] [SHADER] 绑定片元着色器文件 
[2020-12-20 16:27][DEBUG] [SHADER] 着色器程序初始化成功 
[2020-12-20 16:29][DEBUG] [CAMERA] 摄像机初始化成功 
[2020-12-20 16:29][DEBUG] [OBJECT] 物件初始化成功 
[2020-12-20 16:29][DEBUG] [OBJECT] 物体加入全局物件管理器完毕, id->8589934592, vao->1, vbo->1 
[2020-12-20 16:29][DEBUG] [SHADER] 绑定顶点着色器文件 
[2020-12-20 16:29][DEBUG] [SHADER] 绑定片元着色器文件 
[2020-12-20 16:29][DEBUG] [SHADER] 着色器程序初始化成功 
[2020-12-20 16:29][DEBUG] [OBJECT] 物件初始化成功 
[2020-12-20 16:29][DEBUG] [OBJECT] 物体加入全局物件管理器完毕, id->34359738368, vao->2, vbo->2 
[2020-12-20 16:29][DEBUG] [SHADER] 绑定顶点着色器文件 
[2020-12-20 16:29][DEBUG] [SHADER] 绑定片元着色器文件 
[2020-12-20 16:29][DEBUG] [SHADER] 着色器程序初始化成功 
[2020-12-20 16:31][DEBUG] [CAMERA] 摄像机初始化成功 
[2020-12-20 16:31]DEBUG主进程初始化完毕
[2020-12-20 16:31]DEBUG初始化物体
[2020-12-20 16:31][DEBUG] [OBJECT] 物件初始化成功 
[2020-12-20 16:31][DEBUG] [OBJECT] 物体加入全局物件管理器完毕, id->8589934592, vao->1, vbo->1 
[2020-12-20 16:31][DEBUG] [SHADER] 绑定顶点着色器文件 
[2020-12-20 16:31][DEBUG] [SHADER] 绑定片元着色器文件 
[2020-12-20 16:31][DEBUG] [SHADER] 着色器程序初始化成功 
[2020-12-20 16:31]DEBUG初始化物体
[2020-12-20 16:31][DEBUG] [OBJECT] 物件初始化成功 
[2020-12-20 16:31][DEBUG] [OBJECT] 物体加入全局物件管理器完毕, id->34359738368, vao->2, vbo->2 
[2020-12-20 16:31][DEBUG] [SHADER] 绑定顶点着色器文件 
[2020-12-20 16:31][DEBUG] [SHADER] 绑定片元着色器文件 
[2020-12-20 16:31][DEBUG] [SHADER] 着色器程序初始化成功 
[2020-12-20 16:31]DEBUG主进程结束
[2020-12-20 16:31]DEBUG资源释放完毕
[2020-12-20 16:33][DEBUG] [CAMERA] 摄像机初始化成功 
[2020-12-20 16:33][DEBUG] 主进程初始化完毕
[2020-12-20 16:33][DEBUG] 初始化物体
[2020-12-20 16:33][DEBUG] [OBJECT] 物件初始化成功 
[2020-12-20 16:33][DEBUG] [OBJECT] 物体加入全局物件管理器完毕, id->8589934592, vao->1, vbo->1 
[2020-12-20 16:33][DEBUG] [SHADER] 绑定顶点着色器文件 
[2020-12-20 16:33][DEBUG] [SHADER] 绑定片元着色器文件 
[2020-12-20 16:33][DEBUG] [SHADER] 着色器程序初始化成功 
[2020-12-20 16:33][DEBUG] 初始化物体
[2020-12-20 16:33][DEBUG] [OBJECT] 物件初始化成功 
[2020-12-20 16:33][DEBUG] [OBJECT] 物体加入全局物件管理器完毕, id->34359738368, vao->2, vbo->2 
[2020-12-20 16:33][DEBUG] [SHADER] 绑定顶点着色器文件 
[2020-12-20 16:33][DEBUG] [SHADER] 绑定片元着色器文件 
[2020-12-20 16:33][DEBUG] [SHADER] 着色器程序初始化成功 
[2020-12-20 16:33][DEBUG] 主进程结束
[2020-12-20 16:33][DEBUG] 资源释放完毕
