[2020-12-05 14:16][DEBUG] [CAMERA] 摄像机初始化成功 
[2020-12-05 14:16][DEBUG] [NMODULE] 主进程初始化完毕 
[2020-12-05 14:16][DEBUG] [NMODULE] 初始化物体 
[2020-12-05 14:16][DEBUG] [SHADER] 绑定顶点着色器文件 
[2020-12-05 14:16][DEBUG] [SHADER] 绑定片元着色器文件 
[2020-12-05 14:16][DEBUG] [SHADER] 着色器程序初始化成功 
[2020-12-05 14:16][DEBUG] [OBJECT] 物件初始化成功 
[2020-12-05 14:16][DEBUG] [OBJECT] 物体加入全局物件管理器完毕, id->8589934592, vao->1, vbo->1 
[2020-12-05 14:16][DEBUG] [NMODULE] 初始化物体 
[2020-12-05 14:16][DEBUG] [SHADER] 绑定顶点着色器文件 
[2020-12-05 14:16][DEBUG] [SHADER] 绑定片元着色器文件 
[2020-12-05 14:16][DEBUG] [SHADER] 着色器程序初始化成功 
[2020-12-05 14:16][DEBUG] [OBJECT] 物件初始化成功 
[2020-12-05 14:16][DEBUG] [OBJECT] 物体加入全局物件管理器完毕, id->34359738368, vao->2, vbo->2 
[2020-12-05 14:16][DEBUG] [NMODULE] 主进程结束 
[2020-12-05 14:16][DEBUG] [NMODULE] 资源释放完毕 
[2020-12-05 14:44][DEBUG] [CAMERA] 摄像机初始化成功 
[2020-12-05 14:44][DEBUG] [NMODULE] 主进程初始化完毕 
[2020-12-05 14:44][DEBUG] [NMODULE] 初始化物体 
[2020-12-05 14:44][DEBUG] [SHADER] 绑定顶点着色器文件 
[2020-12-05 14:44][DEBUG] [SHADER] 绑定片元着色器文件 
[2020-12-05 14:44][DEBUG] [SHADER] 着色器程序初始化成功 
[2020-12-05 14:44][DEBUG] [OBJECT] 物件初始化成功 
[2020-12-05 14:44][DEBUG] [OBJECT] 物体加入全局物件管理器完毕, id->8589934592, vao->1, vbo->1 
[2020-12-05 14:44][DEBUG] [NMODULE] 初始化物体 
[2020-12-05 14:44][DEBUG] [SHADER] 绑定顶点着色器文件 
[2020-12-05 14:44][DEBUG] [SHADER] 绑定片元着色器文件 
[2020-12-05 14:44][DEBUG] [SHADER] 着色器程序初始化成功 
[2020-12-05 14:44][DEBUG] [OBJECT] 物件初始化成功 
[2020-12-05 14:44][DEBUG] [OBJECT] 物体加入全局物件管理器完毕, id->34359738368, vao->2, vbo->2 
[2020-12-05 14:44][DEBUG] [NMODULE] 主进程结束 
[2020-12-05 14:44][DEBUG] [NMODULE] 资源释放完毕 
[2020-12-05 15:57][DEBUG] [CAMERA] 摄像机初始化成功 
[2020-12-05 15:57][DEBUG] [NMODULE] 主进程初始化完毕 
[2020-12-05 15:57][DEBUG] [NMODULE] 初始化物体 
[2020-12-05 15:57][DEBUG] [SHADER] 绑定顶点着色器文件 
[2020-12-05 15:57][DEBUG] [SHADER] 绑定片元着色器文件 
[2020-12-05 15:57][DEBUG] [SHADER] 着色器程序初始化成功 
[2020-12-05 15:57][DEBUG] [OBJECT] 物件初始化成功 
[2020-12-05 15:57][DEBUG] [OBJECT] 物体加入全局物件管理器完毕, id->8589934592, vao->1, vbo->1 
[2020-12-05 15:57][DEBUG] [NMODULE] 初始化物体 
[2020-12-05 15:57][DEBUG] [SHADER] 绑定顶点着色器文件 
[2020-12-05 15:57][DEBUG] [SHADER] 绑定片元着色器文件 
[2020-12-05 15:57][DEBUG] [SHADER] 着色器程序初始化成功 
[2020-12-05 15:57][DEBUG] [OBJECT] 物件初始化成功 
[2020-12-05 15:57][DEBUG] [OBJECT] 物体加入全局物件管理器完毕, id->34359738368, vao->2, vbo->2 
[2020-12-05 15:57][DEBUG] [NMODULE] 主进程结束 
[2020-12-05 15:57][DEBUG] [NMODULE] 资源释放完毕 
[2020-12-05 16:04][DEBUG] [CAMERA] 摄像机初始化成功 
[2020-12-05 16:04][DEBUG] [NMODULE] 主进程初始化完毕 
[2020-12-05 16:04][DEBUG] [NMODULE] 初始化物体 
[2020-12-05 16:04][DEBUG] [SHADER] 绑定顶点着色器文件 
[2020-12-05 16:04][DEBUG] [SHADER] 绑定片元着色器文件 
[2020-12-05 16:04][DEBUG] [SHADER] 着色器程序初始化成功 
[2020-12-05 16:04][DEBUG] [OBJECT] 物件初始化成功 
[2020-12-05 16:04][DEBUG] [OBJECT] 物体加入全局物件管理器完毕, id->8589934592, vao->1, vbo->1 
[2020-12-05 16:04][DEBUG] [NMODULE] 初始化物体 
[2020-12-05 16:04][DEBUG] [SHADER] 绑定顶点着色器文件 
[2020-12-05 16:04][DEBUG] [SHADER] 绑定片元着色器文件 
[2020-12-05 16:04][DEBUG] [SHADER] 着色器程序初始化成功 
[2020-12-05 16:04][DEBUG] [OBJECT] 物件初始化成功 
[2020-12-05 16:04][DEBUG] [OBJECT] 物体加入全局物件管理器完毕, id->34359738368, vao->2, vbo->2 
[2020-12-05 16:04][DEBUG] [NMODULE] 主进程结束 
[2020-12-05 16:04][DEBUG] [NMODULE] 资源释放完毕 
