[2021-02-26 00:25][DEBUG] [CAMERA] 摄像机初始化成功 
[2021-02-26 00:25][DEBUG] 主进程初始化完毕
[2021-02-26 00:25][DEBUG] 初始化物体model/cube
[2021-02-26 00:25][DEBUG] [OBJECT] 物件初始化成功 
[2021-02-26 00:25][DEBUG] [OBJECT] 物体加入全局物件管理器完毕, id->8589934592, vao->1, vbo->1 
[2021-02-26 00:25][DEBUG] [SHADER] 绑定顶点着色器文件 
[2021-02-26 00:25][DEBUG] [SHADER] 绑定片元着色器文件 
[2021-02-26 00:25][DEBUG] [SHADER] 着色器程序初始化成功 
[2021-02-26 00:25][DEBUG] [TEXTURE] 0号纹理初始化成功, 纹理id1 
[2021-02-26 00:25][DEBUG] [TEXTURE] 1号纹理初始化成功, 纹理id2 
[2021-02-26 00:25][DEBUG] 初始化物体model/cube
[2021-02-26 00:25][DEBUG] [OBJECT] 物件初始化成功 
[2021-02-26 00:25][DEBUG] [OBJECT] 物体加入全局物件管理器完毕, id->34359738368, vao->2, vbo->2 
[2021-02-26 00:25][DEBUG] [SHADER] 绑定顶点着色器文件 
[2021-02-26 00:25][DEBUG] [SHADER] 绑定片元着色器文件 
[2021-02-26 00:25][DEBUG] [SHADER] 着色器程序初始化成功 
[2021-02-26 00:26][DEBUG] 主进程结束
[2021-02-26 00:26][DEBUG] 资源释放完毕
[2021-02-26 00:29][DEBUG] [CAMERA] 摄像机初始化成功 
[2021-02-26 00:29][DEBUG] 主进程初始化完毕
[2021-02-26 00:29][DEBUG] 初始化物体model/cube
[2021-02-26 00:29][DEBUG] [OBJECT] 物件初始化成功 
[2021-02-26 00:29][DEBUG] [OBJECT] 物体加入全局物件管理器完毕, id->8589934592, vao->1, vbo->1 
[2021-02-26 00:29][DEBUG] [SHADER] 绑定顶点着色器文件 
[2021-02-26 00:29][DEBUG] [SHADER] 绑定片元着色器文件 
[2021-02-26 00:29][DEBUG] [SHADER] 着色器程序初始化成功 
[2021-02-26 00:29][DEBUG] [TEXTURE] 0号纹理初始化成功, 纹理id1 
[2021-02-26 00:29][DEBUG] [TEXTURE] 1号纹理初始化成功, 纹理id2 
[2021-02-26 00:29][DEBUG] 初始化物体model/cube
[2021-02-26 00:29][DEBUG] [OBJECT] 物件初始化成功 
[2021-02-26 00:29][DEBUG] [OBJECT] 物体加入全局物件管理器完毕, id->34359738368, vao->2, vbo->2 
[2021-02-26 00:29][DEBUG] [SHADER] 绑定顶点着色器文件 
[2021-02-26 00:29][DEBUG] [SHADER] 绑定片元着色器文件 
[2021-02-26 00:29][DEBUG] [SHADER] 着色器程序初始化成功 
[2021-02-26 00:29][DEBUG] 主进程结束
[2021-02-26 00:29][DEBUG] 资源释放完毕
[2021-02-26 00:29][DEBUG] [CAMERA] 摄像机初始化成功 
[2021-02-26 00:29][DEBUG] 主进程初始化完毕
[2021-02-26 00:29][DEBUG] 初始化物体model/cube
[2021-02-26 00:29][DEBUG] [OBJECT] 物件初始化成功 
[2021-02-26 00:29][DEBUG] [OBJECT] 物体加入全局物件管理器完毕, id->8589934592, vao->1, vbo->1 
[2021-02-26 00:29][DEBUG] [SHADER] 绑定顶点着色器文件 
[2021-02-26 00:29][DEBUG] [SHADER] 绑定片元着色器文件 
[2021-02-26 00:29][DEBUG] [SHADER] 着色器程序初始化成功 
[2021-02-26 00:29][DEBUG] [TEXTURE] 0号纹理初始化成功, 纹理id1 
[2021-02-26 00:29][DEBUG] [TEXTURE] 1号纹理初始化成功, 纹理id2 
[2021-02-26 00:29][DEBUG] 初始化物体model/cube
[2021-02-26 00:29][DEBUG] [OBJECT] 物件初始化成功 
[2021-02-26 00:29][DEBUG] [OBJECT] 物体加入全局物件管理器完毕, id->34359738368, vao->2, vbo->2 
[2021-02-26 00:29][DEBUG] [SHADER] 绑定顶点着色器文件 
[2021-02-26 00:29][DEBUG] [SHADER] 绑定片元着色器文件 
[2021-02-26 00:29][DEBUG] [SHADER] 着色器程序初始化成功 
[2021-02-26 00:30][DEBUG] 主进程结束
[2021-02-26 00:30][DEBUG] 资源释放完毕
[2021-02-26 00:42][DEBUG] [CAMERA] 摄像机初始化成功 
[2021-02-26 00:42][DEBUG] 主进程初始化完毕
[2021-02-26 00:42][DEBUG] 初始化物体model/cube
[2021-02-26 00:42][DEBUG] [OBJECT] 物件初始化成功 
[2021-02-26 00:42][DEBUG] [OBJECT] 物体加入全局物件管理器完毕, id->8589934592, vao->1, vbo->1 
[2021-02-26 00:42][DEBUG] [SHADER] 绑定顶点着色器文件 
[2021-02-26 00:42][DEBUG] [SHADER] 绑定片元着色器文件 
[2021-02-26 00:42][DEBUG] [SHADER] 着色器程序初始化成功 
[2021-02-26 00:42][DEBUG] [TEXTURE] 0号纹理初始化成功, 纹理id1 
[2021-02-26 00:42][DEBUG] [TEXTURE] 1号纹理初始化成功, 纹理id2 
[2021-02-26 00:42][DEBUG] 初始化物体model/cube
[2021-02-26 00:42][DEBUG] [OBJECT] 物件初始化成功 
[2021-02-26 00:42][DEBUG] [OBJECT] 物体加入全局物件管理器完毕, id->34359738368, vao->2, vbo->2 
[2021-02-26 00:42][DEBUG] [SHADER] 绑定顶点着色器文件 
[2021-02-26 00:42][DEBUG] [SHADER] 绑定片元着色器文件 
[2021-02-26 00:42][DEBUG] [SHADER] 着色器程序初始化成功 
[2021-02-26 00:42][DEBUG] 主进程结束
[2021-02-26 00:42][DEBUG] 资源释放完毕
[2021-02-26 00:42][DEBUG] [CAMERA] 摄像机初始化成功 
[2021-02-26 00:42][DEBUG] 主进程初始化完毕
[2021-02-26 00:42][DEBUG] 初始化物体model/cube
[2021-02-26 00:42][DEBUG] [OBJECT] 物件初始化成功 
[2021-02-26 00:42][DEBUG] [OBJECT] 物体加入全局物件管理器完毕, id->8589934592, vao->1, vbo->1 
[2021-02-26 00:42][DEBUG] [SHADER] 绑定顶点着色器文件 
[2021-02-26 00:42][DEBUG] [SHADER] 绑定片元着色器文件 
[2021-02-26 00:42][DEBUG] [SHADER] 着色器程序初始化成功 
[2021-02-26 00:42][DEBUG] [TEXTURE] 0号纹理初始化成功, 纹理id1 
[2021-02-26 00:42][DEBUG] [TEXTURE] 1号纹理初始化成功, 纹理id2 
[2021-02-26 00:42][DEBUG] 初始化物体model/cube
[2021-02-26 00:42][DEBUG] [OBJECT] 物件初始化成功 
[2021-02-26 00:42][DEBUG] [OBJECT] 物体加入全局物件管理器完毕, id->34359738368, vao->2, vbo->2 
[2021-02-26 00:42][DEBUG] [SHADER] 绑定顶点着色器文件 
[2021-02-26 00:42][DEBUG] [SHADER] 绑定片元着色器文件 
[2021-02-26 00:42][DEBUG] [SHADER] 着色器程序初始化成功 
[2021-02-26 00:42][DEBUG] 主进程结束
[2021-02-26 00:42][DEBUG] 资源释放完毕
[2021-02-26 00:46][DEBUG] [CAMERA] 摄像机初始化成功 
[2021-02-26 00:46][DEBUG] 主进程初始化完毕
[2021-02-26 00:46][DEBUG] 初始化物体model/cube
[2021-02-26 00:46][DEBUG] [OBJECT] 物件初始化成功 
[2021-02-26 00:46][DEBUG] [OBJECT] 物体加入全局物件管理器完毕, id->8589934592, vao->1, vbo->1 
[2021-02-26 00:46][DEBUG] [SHADER] 绑定顶点着色器文件 
[2021-02-26 00:46][DEBUG] [SHADER] 绑定片元着色器文件 
[2021-02-26 00:46][DEBUG] [SHADER] 着色器程序初始化成功 
[2021-02-26 00:46][DEBUG] [TEXTURE] 0号纹理初始化成功, 纹理id1 
[2021-02-26 00:46][DEBUG] [TEXTURE] 1号纹理初始化成功, 纹理id2 
[2021-02-26 00:46][DEBUG] 初始化物体model/cube
[2021-02-26 00:46][DEBUG] [OBJECT] 物件初始化成功 
[2021-02-26 00:46][DEBUG] [OBJECT] 物体加入全局物件管理器完毕, id->34359738368, vao->2, vbo->2 
[2021-02-26 00:46][DEBUG] [SHADER] 绑定顶点着色器文件 
[2021-02-26 00:46][DEBUG] [SHADER] 绑定片元着色器文件 
[2021-02-26 00:46][DEBUG] [SHADER] 着色器程序初始化成功 
[2021-02-26 00:46][DEBUG] [SHADER] 绑定顶点着色器文件 
[2021-02-26 00:46][DEBUG] [SHADER] 绑定片元着色器文件 
[2021-02-26 00:46][DEBUG] [SHADER] 着色器程序初始化成功 
[2021-02-26 00:46][DEBUG] [Model] 载入模型model/nanosuit/nanosuit.obj成功 
[2021-02-26 00:46][DEBUG] 主进程结束
[2021-02-26 00:46][DEBUG] 资源释放完毕
[2021-02-26 00:52][DEBUG] [CAMERA] 摄像机初始化成功 
[2021-02-26 00:52][DEBUG] 主进程初始化完毕
[2021-02-26 00:52][DEBUG] 初始化物体model/cube
[2021-02-26 00:52][DEBUG] [OBJECT] 物件初始化成功 
[2021-02-26 00:52][DEBUG] [OBJECT] 物体加入全局物件管理器完毕, id->8589934592, vao->1, vbo->1 
[2021-02-26 00:52][DEBUG] [SHADER] 绑定顶点着色器文件 
[2021-02-26 00:52][DEBUG] [SHADER] 绑定片元着色器文件 
[2021-02-26 00:52][DEBUG] [SHADER] 着色器程序初始化成功 
[2021-02-26 00:52][DEBUG] [TEXTURE] 0号纹理初始化成功, 纹理id1 
[2021-02-26 00:52][DEBUG] [TEXTURE] 1号纹理初始化成功, 纹理id2 
[2021-02-26 00:52][DEBUG] 初始化物体model/cube
[2021-02-26 00:52][DEBUG] [OBJECT] 物件初始化成功 
[2021-02-26 00:52][DEBUG] [OBJECT] 物体加入全局物件管理器完毕, id->34359738368, vao->2, vbo->2 
[2021-02-26 00:52][DEBUG] [SHADER] 绑定顶点着色器文件 
[2021-02-26 00:52][DEBUG] [SHADER] 绑定片元着色器文件 
[2021-02-26 00:52][DEBUG] [SHADER] 着色器程序初始化成功 
[2021-02-26 00:52][DEBUG] [SHADER] 绑定顶点着色器文件 
[2021-02-26 00:52][DEBUG] [SHADER] 绑定片元着色器文件 
[2021-02-26 00:52][DEBUG] [SHADER] 着色器程序初始化成功 
[2021-02-26 00:52][DEBUG] [Model] 载入模型model/stones/Rock_3_LP.obj成功 
[2021-02-26 00:52][DEBUG] 主进程结束
[2021-02-26 00:52][DEBUG] 资源释放完毕
[2021-02-26 00:52][DEBUG] [CAMERA] 摄像机初始化成功 
[2021-02-26 00:52][DEBUG] 主进程初始化完毕
[2021-02-26 00:52][DEBUG] 初始化物体model/cube
[2021-02-26 00:52][DEBUG] [OBJECT] 物件初始化成功 
[2021-02-26 00:52][DEBUG] [OBJECT] 物体加入全局物件管理器完毕, id->8589934592, vao->1, vbo->1 
[2021-02-26 00:52][DEBUG] [SHADER] 绑定顶点着色器文件 
[2021-02-26 00:52][DEBUG] [SHADER] 绑定片元着色器文件 
[2021-02-26 00:52][DEBUG] [SHADER] 着色器程序初始化成功 
[2021-02-26 00:52][DEBUG] [TEXTURE] 0号纹理初始化成功, 纹理id1 
[2021-02-26 00:52][DEBUG] [TEXTURE] 1号纹理初始化成功, 纹理id2 
[2021-02-26 00:52][DEBUG] 初始化物体model/cube
[2021-02-26 00:52][DEBUG] [OBJECT] 物件初始化成功 
[2021-02-26 00:52][DEBUG] [OBJECT] 物体加入全局物件管理器完毕, id->34359738368, vao->2, vbo->2 
[2021-02-26 00:52][DEBUG] [SHADER] 绑定顶点着色器文件 
[2021-02-26 00:52][DEBUG] [SHADER] 绑定片元着色器文件 
[2021-02-26 00:52][DEBUG] [SHADER] 着色器程序初始化成功 
[2021-02-26 00:52][DEBUG] [SHADER] 绑定顶点着色器文件 
[2021-02-26 00:52][DEBUG] [SHADER] 绑定片元着色器文件 
[2021-02-26 00:52][DEBUG] [SHADER] 着色器程序初始化成功 
[2021-02-26 00:52][DEBUG] [Model] 载入模型model/stones/Rock_3_LP.obj成功 
[2021-02-26 00:53][DEBUG] 主进程结束
[2021-02-26 00:53][DEBUG] 资源释放完毕
[2021-02-26 00:57][DEBUG] [CAMERA] 摄像机初始化成功 
[2021-02-26 00:57][DEBUG] 主进程初始化完毕
[2021-02-26 00:57][DEBUG] 初始化物体model/cube
[2021-02-26 00:57][DEBUG] [OBJECT] 物件初始化成功 
[2021-02-26 00:57][DEBUG] [OBJECT] 物体加入全局物件管理器完毕, id->8589934592, vao->1, vbo->1 
[2021-02-26 00:57][DEBUG] [SHADER] 绑定顶点着色器文件 
[2021-02-26 00:57][DEBUG] [SHADER] 绑定片元着色器文件 
[2021-02-26 00:57][DEBUG] [SHADER] 着色器程序初始化成功 
[2021-02-26 00:57][DEBUG] [TEXTURE] 0号纹理初始化成功, 纹理id1 
[2021-02-26 00:57][DEBUG] [TEXTURE] 1号纹理初始化成功, 纹理id2 
[2021-02-26 00:57][DEBUG] 初始化物体model/cube
[2021-02-26 00:57][DEBUG] [OBJECT] 物件初始化成功 
[2021-02-26 00:57][DEBUG] [OBJECT] 物体加入全局物件管理器完毕, id->34359738368, vao->2, vbo->2 
[2021-02-26 00:57][DEBUG] [SHADER] 绑定顶点着色器文件 
[2021-02-26 00:57][DEBUG] [SHADER] 绑定片元着色器文件 
[2021-02-26 00:57][DEBUG] [SHADER] 着色器程序初始化成功 
[2021-02-26 00:57][DEBUG] [SHADER] 绑定顶点着色器文件 
[2021-02-26 00:57][DEBUG] [SHADER] 绑定片元着色器文件 
[2021-02-26 00:57][DEBUG] [SHADER] 着色器程序初始化成功 
[2021-02-26 00:57][DEBUG] [Model] 载入模型model/dragon.obj成功 
[2021-02-26 00:57][DEBUG] 主进程结束
[2021-02-26 00:57][DEBUG] 资源释放完毕
[2021-02-26 00:58][DEBUG] [CAMERA] 摄像机初始化成功 
[2021-02-26 00:58][DEBUG] 主进程初始化完毕
[2021-02-26 00:58][DEBUG] 初始化物体model/cube
[2021-02-26 00:58][DEBUG] [OBJECT] 物件初始化成功 
[2021-02-26 00:58][DEBUG] [OBJECT] 物体加入全局物件管理器完毕, id->8589934592, vao->1, vbo->1 
[2021-02-26 00:58][DEBUG] [SHADER] 绑定顶点着色器文件 
[2021-02-26 00:58][DEBUG] [SHADER] 绑定片元着色器文件 
[2021-02-26 00:58][DEBUG] [SHADER] 着色器程序初始化成功 
[2021-02-26 00:58][DEBUG] [TEXTURE] 0号纹理初始化成功, 纹理id1 
[2021-02-26 00:58][DEBUG] [TEXTURE] 1号纹理初始化成功, 纹理id2 
[2021-02-26 00:58][DEBUG] 初始化物体model/cube
[2021-02-26 00:58][DEBUG] [OBJECT] 物件初始化成功 
[2021-02-26 00:58][DEBUG] [OBJECT] 物体加入全局物件管理器完毕, id->34359738368, vao->2, vbo->2 
[2021-02-26 00:58][DEBUG] [SHADER] 绑定顶点着色器文件 
[2021-02-26 00:58][DEBUG] [SHADER] 绑定片元着色器文件 
[2021-02-26 00:58][DEBUG] [SHADER] 着色器程序初始化成功 
[2021-02-26 00:58][DEBUG] [SHADER] 绑定顶点着色器文件 
[2021-02-26 00:58][DEBUG] [SHADER] 绑定片元着色器文件 
[2021-02-26 00:58][DEBUG] [SHADER] 着色器程序初始化成功 
[2021-02-26 00:58][DEBUG] [Model] 载入模型model/dragon.obj成功 
[2021-02-26 00:58][DEBUG] 主进程结束
[2021-02-26 00:58][DEBUG] 资源释放完毕
[2021-02-26 01:03][DEBUG] [CAMERA] 摄像机初始化成功 
[2021-02-26 01:03][DEBUG] 主进程初始化完毕
[2021-02-26 01:03][DEBUG] 初始化物体model/cube
[2021-02-26 01:03][DEBUG] [OBJECT] 物件初始化成功 
[2021-02-26 01:03][DEBUG] [OBJECT] 物体加入全局物件管理器完毕, id->8589934592, vao->1, vbo->1 
[2021-02-26 01:03][DEBUG] [SHADER] 绑定顶点着色器文件 
[2021-02-26 01:03][DEBUG] [SHADER] 绑定片元着色器文件 
[2021-02-26 01:03][DEBUG] [SHADER] 着色器程序初始化成功 
[2021-02-26 01:03][DEBUG] [TEXTURE] 0号纹理初始化成功, 纹理id1 
[2021-02-26 01:03][DEBUG] [TEXTURE] 1号纹理初始化成功, 纹理id2 
[2021-02-26 01:03][DEBUG] 初始化物体model/cube
[2021-02-26 01:03][DEBUG] [OBJECT] 物件初始化成功 
[2021-02-26 01:03][DEBUG] [OBJECT] 物体加入全局物件管理器完毕, id->34359738368, vao->2, vbo->2 
[2021-02-26 01:03][DEBUG] [SHADER] 绑定顶点着色器文件 
[2021-02-26 01:03][DEBUG] [SHADER] 绑定片元着色器文件 
[2021-02-26 01:03][DEBUG] [SHADER] 着色器程序初始化成功 
[2021-02-26 01:03][DEBUG] [SHADER] 绑定顶点着色器文件 
[2021-02-26 01:03][DEBUG] [SHADER] 绑定片元着色器文件 
[2021-02-26 01:03][DEBUG] [SHADER] 着色器程序初始化成功 
[2021-02-26 01:03][DEBUG] [Model] 载入模型model/tail/Tails.obj成功 
[2021-02-26 01:03][DEBUG] 主进程结束
[2021-02-26 01:03][DEBUG] 资源释放完毕
[2021-02-26 01:03][DEBUG] [CAMERA] 摄像机初始化成功 
[2021-02-26 01:03][DEBUG] 主进程初始化完毕
[2021-02-26 01:03][DEBUG] 初始化物体model/cube
[2021-02-26 01:03][DEBUG] [OBJECT] 物件初始化成功 
[2021-02-26 01:03][DEBUG] [OBJECT] 物体加入全局物件管理器完毕, id->8589934592, vao->1, vbo->1 
[2021-02-26 01:03][DEBUG] [SHADER] 绑定顶点着色器文件 
[2021-02-26 01:03][DEBUG] [SHADER] 绑定片元着色器文件 
[2021-02-26 01:03][DEBUG] [SHADER] 着色器程序初始化成功 
[2021-02-26 01:03][DEBUG] [TEXTURE] 0号纹理初始化成功, 纹理id1 
[2021-02-26 01:03][DEBUG] [TEXTURE] 1号纹理初始化成功, 纹理id2 
[2021-02-26 01:03][DEBUG] 初始化物体model/cube
[2021-02-26 01:03][DEBUG] [OBJECT] 物件初始化成功 
[2021-02-26 01:03][DEBUG] [OBJECT] 物体加入全局物件管理器完毕, id->34359738368, vao->2, vbo->2 
[2021-02-26 01:03][DEBUG] [SHADER] 绑定顶点着色器文件 
[2021-02-26 01:03][DEBUG] [SHADER] 绑定片元着色器文件 
[2021-02-26 01:03][DEBUG] [SHADER] 着色器程序初始化成功 
[2021-02-26 01:03][DEBUG] [SHADER] 绑定顶点着色器文件 
[2021-02-26 01:03][DEBUG] [SHADER] 绑定片元着色器文件 
[2021-02-26 01:03][DEBUG] [SHADER] 着色器程序初始化成功 
[2021-02-26 01:03][DEBUG] [Model] 载入模型model/tail/Tails.obj成功 
[2021-02-26 01:04][DEBUG] 主进程结束
[2021-02-26 01:04][DEBUG] 资源释放完毕
