[2021-02-24 00:05][DEBUG] [CAMERA] 摄像机初始化成功 
[2021-02-24 00:05][DEBUG] 主进程初始化完毕
[2021-02-24 00:05][DEBUG] 初始化物体model/cube
[2021-02-24 00:05][DEBUG] [OBJECT] 物件初始化成功 
[2021-02-24 00:05][DEBUG] [OBJECT] 物体加入全局物件管理器完毕, id->8589934592, vao->1, vbo->1 
[2021-02-24 00:05][DEBUG] [SHADER] 绑定顶点着色器文件 
[2021-02-24 00:05][DEBUG] [SHADER] 绑定片元着色器文件 
[2021-02-24 00:05][DEBUG] [SHADER] 着色器程序初始化成功 
[2021-02-24 00:05][DEBUG] [TEXTURE] 0号纹理初始化成功, 纹理id1 
[2021-02-24 00:05][DEBUG] [TEXTURE] 1号纹理初始化成功, 纹理id2 
[2021-02-24 00:05][DEBUG] 初始化物体model/cube
[2021-02-24 00:05][DEBUG] [OBJECT] 物件初始化成功 
[2021-02-24 00:05][DEBUG] [OBJECT] 物体加入全局物件管理器完毕, id->34359738368, vao->2, vbo->2 
[2021-02-24 00:05][DEBUG] [SHADER] 绑定顶点着色器文件 
[2021-02-24 00:05][DEBUG] [SHADER] 绑定片元着色器文件 
[2021-02-24 00:05][DEBUG] [SHADER] 着色器程序初始化成功 
[2021-02-24 00:05][DEBUG] 主进程结束
[2021-02-24 00:05][DEBUG] 资源释放完毕
[2021-02-24 00:06][DEBUG] [CAMERA] 摄像机初始化成功 
[2021-02-24 00:06][DEBUG] 主进程初始化完毕
[2021-02-24 00:06][DEBUG] 初始化物体model/cube
[2021-02-24 00:06][DEBUG] [OBJECT] 物件初始化成功 
[2021-02-24 00:06][DEBUG] [OBJECT] 物体加入全局物件管理器完毕, id->8589934592, vao->1, vbo->1 
[2021-02-24 00:06][DEBUG] [SHADER] 绑定顶点着色器文件 
[2021-02-24 00:06][DEBUG] [SHADER] 绑定片元着色器文件 
[2021-02-24 00:06][DEBUG] [SHADER] 着色器程序初始化成功 
[2021-02-24 00:06][DEBUG] [TEXTURE] 0号纹理初始化成功, 纹理id1 
[2021-02-24 00:06][DEBUG] [TEXTURE] 1号纹理初始化成功, 纹理id2 
[2021-02-24 00:06][DEBUG] 初始化物体model/cube
[2021-02-24 00:06][DEBUG] [OBJECT] 物件初始化成功 
[2021-02-24 00:06][DEBUG] [OBJECT] 物体加入全局物件管理器完毕, id->34359738368, vao->2, vbo->2 
[2021-02-24 00:06][DEBUG] [SHADER] 绑定顶点着色器文件 
[2021-02-24 00:06][DEBUG] [SHADER] 绑定片元着色器文件 
[2021-02-24 00:06][DEBUG] [SHADER] 着色器程序初始化成功 
[2021-02-24 00:06][DEBUG] 主进程结束
[2021-02-24 00:06][DEBUG] 资源释放完毕
[2021-02-24 00:08][DEBUG] [CAMERA] 摄像机初始化成功 
[2021-02-24 00:08][DEBUG] 主进程初始化完毕
[2021-02-24 00:08][DEBUG] 初始化物体model/cube
[2021-02-24 00:08][DEBUG] [OBJECT] 物件初始化成功 
[2021-02-24 00:08][DEBUG] [OBJECT] 物体加入全局物件管理器完毕, id->8589934592, vao->1, vbo->1 
[2021-02-24 00:08][DEBUG] [SHADER] 绑定顶点着色器文件 
[2021-02-24 00:08][DEBUG] [SHADER] 绑定片元着色器文件 
[2021-02-24 00:08][DEBUG] [SHADER] 着色器程序初始化成功 
[2021-02-24 00:08][DEBUG] [TEXTURE] 0号纹理初始化成功, 纹理id1 
[2021-02-24 00:08][DEBUG] [TEXTURE] 1号纹理初始化成功, 纹理id2 
[2021-02-24 00:08][DEBUG] 初始化物体model/cube
[2021-02-24 00:08][DEBUG] [OBJECT] 物件初始化成功 
[2021-02-24 00:08][DEBUG] [OBJECT] 物体加入全局物件管理器完毕, id->34359738368, vao->2, vbo->2 
[2021-02-24 00:08][DEBUG] [SHADER] 绑定顶点着色器文件 
[2021-02-24 00:08][DEBUG] [SHADER] 绑定片元着色器文件 
[2021-02-24 00:08][DEBUG] [SHADER] 着色器程序初始化成功 
[2021-02-24 00:09][DEBUG] 主进程结束
[2021-02-24 00:09][DEBUG] 资源释放完毕
[2021-02-24 00:10][DEBUG] [CAMERA] 摄像机初始化成功 
[2021-02-24 00:10][DEBUG] 主进程初始化完毕
[2021-02-24 00:10][DEBUG] 初始化物体model/cube
[2021-02-24 00:10][DEBUG] [OBJECT] 物件初始化成功 
[2021-02-24 00:10][DEBUG] [OBJECT] 物体加入全局物件管理器完毕, id->8589934592, vao->1, vbo->1 
[2021-02-24 00:10][DEBUG] [SHADER] 绑定顶点着色器文件 
[2021-02-24 00:10][DEBUG] [SHADER] 绑定片元着色器文件 
[2021-02-24 00:10][DEBUG] [SHADER] 着色器程序初始化成功 
[2021-02-24 00:10][DEBUG] [TEXTURE] 0号纹理初始化成功, 纹理id1 
[2021-02-24 00:10][DEBUG] [TEXTURE] 1号纹理初始化成功, 纹理id2 
[2021-02-24 00:10][DEBUG] 初始化物体model/cube
[2021-02-24 00:10][DEBUG] [OBJECT] 物件初始化成功 
[2021-02-24 00:10][DEBUG] [OBJECT] 物体加入全局物件管理器完毕, id->34359738368, vao->2, vbo->2 
[2021-02-24 00:10][DEBUG] [SHADER] 绑定顶点着色器文件 
[2021-02-24 00:10][DEBUG] [SHADER] 绑定片元着色器文件 
[2021-02-24 00:10][DEBUG] [SHADER] 着色器程序初始化成功 
[2021-02-24 00:10][DEBUG] 主进程结束
[2021-02-24 00:10][DEBUG] 资源释放完毕
[2021-02-24 00:18][DEBUG] [CAMERA] 摄像机初始化成功 
[2021-02-24 00:18][DEBUG] 主进程初始化完毕
[2021-02-24 00:18][DEBUG] 初始化物体model/cube
[2021-02-24 00:18][DEBUG] [OBJECT] 物件初始化成功 
[2021-02-24 00:18][DEBUG] [OBJECT] 物体加入全局物件管理器完毕, id->8589934592, vao->1, vbo->1 
[2021-02-24 00:18][DEBUG] [SHADER] 绑定顶点着色器文件 
[2021-02-24 00:18][DEBUG] [SHADER] 绑定片元着色器文件 
[2021-02-24 00:18][DEBUG] [SHADER] 着色器程序初始化成功 
[2021-02-24 00:18][DEBUG] [TEXTURE] 0号纹理初始化成功, 纹理id1 
[2021-02-24 00:18][DEBUG] [TEXTURE] 1号纹理初始化成功, 纹理id2 
[2021-02-24 00:18][DEBUG] 初始化物体model/cube
[2021-02-24 00:18][DEBUG] [OBJECT] 物件初始化成功 
[2021-02-24 00:18][DEBUG] [OBJECT] 物体加入全局物件管理器完毕, id->34359738368, vao->2, vbo->2 
[2021-02-24 00:18][DEBUG] [SHADER] 绑定顶点着色器文件 
[2021-02-24 00:18][DEBUG] [SHADER] 绑定片元着色器文件 
[2021-02-24 00:18][DEBUG] [SHADER] 着色器程序初始化成功 
[2021-02-24 00:18][DEBUG] 主进程结束
[2021-02-24 00:18][DEBUG] 资源释放完毕
[2021-02-24 00:24][DEBUG] [CAMERA] 摄像机初始化成功 
[2021-02-24 00:24][DEBUG] 主进程初始化完毕
[2021-02-24 00:24][DEBUG] 初始化物体model/cube
[2021-02-24 00:24][DEBUG] [OBJECT] 物件初始化成功 
[2021-02-24 00:24][DEBUG] [OBJECT] 物体加入全局物件管理器完毕, id->8589934592, vao->1, vbo->1 
[2021-02-24 00:24][DEBUG] [SHADER] 绑定顶点着色器文件 
[2021-02-24 00:24][DEBUG] [SHADER] 绑定片元着色器文件 
[2021-02-24 00:24][DEBUG] [SHADER] 着色器程序初始化成功 
[2021-02-24 00:24][DEBUG] [TEXTURE] 0号纹理初始化成功, 纹理id1 
[2021-02-24 00:24][DEBUG] [TEXTURE] 1号纹理初始化成功, 纹理id2 
[2021-02-24 00:24][DEBUG] 初始化物体model/cube
[2021-02-24 00:24][DEBUG] [OBJECT] 物件初始化成功 
[2021-02-24 00:24][DEBUG] [OBJECT] 物体加入全局物件管理器完毕, id->34359738368, vao->2, vbo->2 
[2021-02-24 00:24][DEBUG] [SHADER] 绑定顶点着色器文件 
[2021-02-24 00:24][DEBUG] [SHADER] 绑定片元着色器文件 
[2021-02-24 00:24][DEBUG] [SHADER] 着色器程序初始化成功 
[2021-02-24 00:28][DEBUG] [CAMERA] 摄像机初始化成功 
[2021-02-24 00:28][DEBUG] 主进程初始化完毕
[2021-02-24 00:28][DEBUG] 初始化物体model/cube
[2021-02-24 00:28][DEBUG] [OBJECT] 物件初始化成功 
[2021-02-24 00:28][DEBUG] [OBJECT] 物体加入全局物件管理器完毕, id->8589934592, vao->1, vbo->1 
[2021-02-24 00:28][DEBUG] [SHADER] 绑定顶点着色器文件 
[2021-02-24 00:28][DEBUG] [SHADER] 绑定片元着色器文件 
[2021-02-24 00:28][DEBUG] [SHADER] 着色器程序初始化成功 
[2021-02-24 00:28][DEBUG] [TEXTURE] 0号纹理初始化成功, 纹理id1 
[2021-02-24 00:28][DEBUG] [TEXTURE] 1号纹理初始化成功, 纹理id2 
[2021-02-24 00:28][DEBUG] 初始化物体model/cube
[2021-02-24 00:28][DEBUG] [OBJECT] 物件初始化成功 
[2021-02-24 00:28][DEBUG] [OBJECT] 物体加入全局物件管理器完毕, id->34359738368, vao->2, vbo->2 
[2021-02-24 00:28][DEBUG] [SHADER] 绑定顶点着色器文件 
[2021-02-24 00:28][DEBUG] [SHADER] 绑定片元着色器文件 
[2021-02-24 00:28][DEBUG] [SHADER] 着色器程序初始化成功 
[2021-02-24 00:29][DEBUG] 主进程结束
[2021-02-24 00:29][DEBUG] 资源释放完毕
[2021-02-24 00:32][DEBUG] [CAMERA] 摄像机初始化成功 
[2021-02-24 00:32][DEBUG] 主进程初始化完毕
[2021-02-24 00:32][DEBUG] 初始化物体model/cube
[2021-02-24 00:32][DEBUG] [OBJECT] 物件初始化成功 
[2021-02-24 00:32][DEBUG] [OBJECT] 物体加入全局物件管理器完毕, id->8589934592, vao->1, vbo->1 
[2021-02-24 00:32][DEBUG] [SHADER] 绑定顶点着色器文件 
[2021-02-24 00:32][DEBUG] [SHADER] 绑定片元着色器文件 
[2021-02-24 00:32][DEBUG] [SHADER] 着色器程序初始化成功 
[2021-02-24 00:32][DEBUG] [TEXTURE] 0号纹理初始化成功, 纹理id1 
[2021-02-24 00:32][DEBUG] [TEXTURE] 1号纹理初始化成功, 纹理id2 
[2021-02-24 00:32][DEBUG] 初始化物体model/cube
[2021-02-24 00:32][DEBUG] [OBJECT] 物件初始化成功 
[2021-02-24 00:32][DEBUG] [OBJECT] 物体加入全局物件管理器完毕, id->34359738368, vao->2, vbo->2 
[2021-02-24 00:32][DEBUG] [SHADER] 绑定顶点着色器文件 
[2021-02-24 00:32][DEBUG] [SHADER] 绑定片元着色器文件 
[2021-02-24 00:32][DEBUG] [SHADER] 着色器程序初始化成功 
[2021-02-24 00:32][DEBUG] 主进程结束
[2021-02-24 00:32][DEBUG] 资源释放完毕
[2021-02-24 00:35][DEBUG] [CAMERA] 摄像机初始化成功 
[2021-02-24 00:35][DEBUG] 主进程初始化完毕
[2021-02-24 00:35][DEBUG] 初始化物体model/cube
[2021-02-24 00:35][DEBUG] [OBJECT] 物件初始化成功 
[2021-02-24 00:35][DEBUG] [OBJECT] 物体加入全局物件管理器完毕, id->8589934592, vao->1, vbo->1 
[2021-02-24 00:35][DEBUG] [SHADER] 绑定顶点着色器文件 
[2021-02-24 00:35][DEBUG] [SHADER] 绑定片元着色器文件 
[2021-02-24 00:35][DEBUG] [SHADER] 着色器程序初始化成功 
[2021-02-24 00:35][DEBUG] [TEXTURE] 0号纹理初始化成功, 纹理id1 
[2021-02-24 00:35][DEBUG] [TEXTURE] 1号纹理初始化成功, 纹理id2 
[2021-02-24 00:35][DEBUG] 初始化物体model/cube
[2021-02-24 00:35][DEBUG] [OBJECT] 物件初始化成功 
[2021-02-24 00:35][DEBUG] [OBJECT] 物体加入全局物件管理器完毕, id->34359738368, vao->2, vbo->2 
[2021-02-24 00:35][DEBUG] [SHADER] 绑定顶点着色器文件 
[2021-02-24 00:35][DEBUG] [SHADER] 绑定片元着色器文件 
[2021-02-24 00:35][DEBUG] [SHADER] 着色器程序初始化成功 
[2021-02-24 00:35][DEBUG] 主进程结束
[2021-02-24 00:38][DEBUG] [CAMERA] 摄像机初始化成功 
[2021-02-24 00:38][DEBUG] 主进程初始化完毕
[2021-02-24 00:38][DEBUG] 初始化物体model/cube
[2021-02-24 00:38][DEBUG] [OBJECT] 物件初始化成功 
[2021-02-24 00:38][DEBUG] [OBJECT] 物体加入全局物件管理器完毕, id->8589934592, vao->1, vbo->1 
[2021-02-24 00:38][DEBUG] [SHADER] 绑定顶点着色器文件 
[2021-02-24 00:38][DEBUG] [SHADER] 绑定片元着色器文件 
[2021-02-24 00:38][DEBUG] [SHADER] 着色器程序初始化成功 
[2021-02-24 00:38][DEBUG] [TEXTURE] 0号纹理初始化成功, 纹理id1 
[2021-02-24 00:38][DEBUG] [TEXTURE] 1号纹理初始化成功, 纹理id2 
[2021-02-24 00:38][DEBUG] 初始化物体model/cube
[2021-02-24 00:38][DEBUG] [OBJECT] 物件初始化成功 
[2021-02-24 00:38][DEBUG] [OBJECT] 物体加入全局物件管理器完毕, id->34359738368, vao->2, vbo->2 
[2021-02-24 00:38][DEBUG] [SHADER] 绑定顶点着色器文件 
[2021-02-24 00:38][DEBUG] [SHADER] 绑定片元着色器文件 
[2021-02-24 00:38][DEBUG] [SHADER] 着色器程序初始化成功 
[2021-02-24 00:38][DEBUG] 主进程结束
[2021-02-24 00:38][DEBUG] 资源释放完毕
[2021-02-24 00:39][DEBUG] [CAMERA] 摄像机初始化成功 
[2021-02-24 00:39][DEBUG] 主进程初始化完毕
[2021-02-24 00:39][DEBUG] 初始化物体model/cube
[2021-02-24 00:39][DEBUG] [OBJECT] 物件初始化成功 
[2021-02-24 00:39][DEBUG] [OBJECT] 物体加入全局物件管理器完毕, id->8589934592, vao->1, vbo->1 
[2021-02-24 00:39][DEBUG] [SHADER] 绑定顶点着色器文件 
[2021-02-24 00:39][DEBUG] [SHADER] 绑定片元着色器文件 
[2021-02-24 00:39][DEBUG] [SHADER] 着色器程序初始化成功 
[2021-02-24 00:39][DEBUG] [TEXTURE] 0号纹理初始化成功, 纹理id1 
[2021-02-24 00:39][DEBUG] [TEXTURE] 1号纹理初始化成功, 纹理id2 
[2021-02-24 00:39][DEBUG] 初始化物体model/cube
[2021-02-24 00:39][DEBUG] [OBJECT] 物件初始化成功 
[2021-02-24 00:39][DEBUG] [OBJECT] 物体加入全局物件管理器完毕, id->34359738368, vao->2, vbo->2 
[2021-02-24 00:39][DEBUG] [SHADER] 绑定顶点着色器文件 
[2021-02-24 00:39][DEBUG] [SHADER] 绑定片元着色器文件 
[2021-02-24 00:39][DEBUG] [SHADER] 着色器程序初始化成功 
[2021-02-24 00:39][DEBUG] 主进程结束
[2021-02-24 00:39][DEBUG] 资源释放完毕
[2021-02-24 00:42][DEBUG] [CAMERA] 摄像机初始化成功 
[2021-02-24 00:42][DEBUG] 主进程初始化完毕
[2021-02-24 00:42][DEBUG] 初始化物体model/cube
[2021-02-24 00:42][DEBUG] [OBJECT] 物件初始化成功 
[2021-02-24 00:42][DEBUG] [OBJECT] 物体加入全局物件管理器完毕, id->8589934592, vao->1, vbo->1 
[2021-02-24 00:42][DEBUG] [SHADER] 绑定顶点着色器文件 
[2021-02-24 00:42][DEBUG] [SHADER] 绑定片元着色器文件 
[2021-02-24 00:42][DEBUG] [SHADER] 着色器程序初始化成功 
[2021-02-24 00:42][DEBUG] [TEXTURE] 0号纹理初始化成功, 纹理id1 
[2021-02-24 00:42][DEBUG] [TEXTURE] 1号纹理初始化成功, 纹理id2 
[2021-02-24 00:42][DEBUG] 初始化物体model/cube
[2021-02-24 00:42][DEBUG] [OBJECT] 物件初始化成功 
[2021-02-24 00:42][DEBUG] [OBJECT] 物体加入全局物件管理器完毕, id->34359738368, vao->2, vbo->2 
[2021-02-24 00:42][DEBUG] [SHADER] 绑定顶点着色器文件 
[2021-02-24 00:42][DEBUG] [SHADER] 绑定片元着色器文件 
[2021-02-24 00:42][DEBUG] [SHADER] 着色器程序初始化成功 
[2021-02-24 00:42][DEBUG] 主进程结束
[2021-02-24 00:42][DEBUG] 资源释放完毕
[2021-02-24 14:21][ERROR] 窗口句柄初始化失败
[2021-02-24 14:21][FATAL] 窗口初始化失败
[2021-02-24 14:22][ERROR] 窗口句柄初始化失败
[2021-02-24 14:22][FATAL] 窗口初始化失败
[2021-02-24 14:31][DEBUG] [CAMERA] 摄像机初始化成功 
[2021-02-24 14:31][DEBUG] 主进程初始化完毕
[2021-02-24 14:31][DEBUG] 初始化物体model/cube
[2021-02-24 14:31][DEBUG] [OBJECT] 物件初始化成功 
[2021-02-24 14:31][DEBUG] [OBJECT] 物体加入全局物件管理器完毕, id->8589934592, vao->1, vbo->1 
[2021-02-24 14:31][DEBUG] [SHADER] 绑定顶点着色器文件 
[2021-02-24 14:31][DEBUG] [SHADER] 绑定片元着色器文件 
[2021-02-24 14:31][DEBUG] [SHADER] 着色器程序初始化成功 
[2021-02-24 14:31][DEBUG] [TEXTURE] 0号纹理初始化成功, 纹理id1 
[2021-02-24 14:31][DEBUG] [TEXTURE] 1号纹理初始化成功, 纹理id2 
[2021-02-24 14:31][DEBUG] 初始化物体model/cube
[2021-02-24 14:31][DEBUG] [OBJECT] 物件初始化成功 
[2021-02-24 14:31][DEBUG] [OBJECT] 物体加入全局物件管理器完毕, id->34359738368, vao->2, vbo->2 
[2021-02-24 14:31][DEBUG] [SHADER] 绑定顶点着色器文件 
[2021-02-24 14:31][DEBUG] [SHADER] 绑定片元着色器文件 
[2021-02-24 14:31][DEBUG] [SHADER] 着色器程序初始化成功 
[2021-02-24 14:36][DEBUG] [CAMERA] 摄像机初始化成功 
[2021-02-24 14:36][DEBUG] 主进程初始化完毕
[2021-02-24 14:36][DEBUG] 初始化物体model/cube
[2021-02-24 14:36][DEBUG] [OBJECT] 物件初始化成功 
[2021-02-24 14:36][DEBUG] [OBJECT] 物体加入全局物件管理器完毕, id->8589934592, vao->1, vbo->1 
[2021-02-24 14:36][DEBUG] [SHADER] 绑定顶点着色器文件 
[2021-02-24 14:36][DEBUG] [SHADER] 绑定片元着色器文件 
[2021-02-24 14:36][DEBUG] [SHADER] 着色器程序初始化成功 
[2021-02-24 14:36][DEBUG] [TEXTURE] 0号纹理初始化成功, 纹理id1 
[2021-02-24 14:36][DEBUG] [TEXTURE] 1号纹理初始化成功, 纹理id2 
[2021-02-24 14:36][DEBUG] 初始化物体model/cube
[2021-02-24 14:36][DEBUG] [OBJECT] 物件初始化成功 
[2021-02-24 14:36][DEBUG] [OBJECT] 物体加入全局物件管理器完毕, id->34359738368, vao->2, vbo->2 
[2021-02-24 14:36][DEBUG] [SHADER] 绑定顶点着色器文件 
[2021-02-24 14:36][DEBUG] [SHADER] 绑定片元着色器文件 
[2021-02-24 14:36][DEBUG] [SHADER] 着色器程序初始化成功 
[2021-02-24 14:47][DEBUG] [CAMERA] 摄像机初始化成功 
[2021-02-24 14:47][DEBUG] 主进程初始化完毕
[2021-02-24 14:47][DEBUG] 初始化物体model/cube
[2021-02-24 14:47][DEBUG] [OBJECT] 物件初始化成功 
[2021-02-24 14:47][DEBUG] [OBJECT] 物体加入全局物件管理器完毕, id->8589934592, vao->1, vbo->1 
[2021-02-24 14:47][DEBUG] [SHADER] 绑定顶点着色器文件 
[2021-02-24 14:47][DEBUG] [SHADER] 绑定片元着色器文件 
[2021-02-24 14:47][DEBUG] [SHADER] 着色器程序初始化成功 
[2021-02-24 14:47][DEBUG] [TEXTURE] 0号纹理初始化成功, 纹理id1 
[2021-02-24 14:47][DEBUG] [TEXTURE] 1号纹理初始化成功, 纹理id2 
[2021-02-24 14:47][DEBUG] 初始化物体model/cube
[2021-02-24 14:47][DEBUG] [OBJECT] 物件初始化成功 
[2021-02-24 14:47][DEBUG] [OBJECT] 物体加入全局物件管理器完毕, id->34359738368, vao->2, vbo->2 
[2021-02-24 14:47][DEBUG] [SHADER] 绑定顶点着色器文件 
[2021-02-24 14:47][DEBUG] [SHADER] 绑定片元着色器文件 
[2021-02-24 14:47][DEBUG] [SHADER] 着色器程序初始化成功 
[2021-02-24 14:48][DEBUG] [CAMERA] 摄像机初始化成功 
[2021-02-24 14:48][DEBUG] 主进程初始化完毕
[2021-02-24 14:48][DEBUG] 初始化物体model/cube
[2021-02-24 14:48][DEBUG] [OBJECT] 物件初始化成功 
[2021-02-24 14:48][DEBUG] [OBJECT] 物体加入全局物件管理器完毕, id->8589934592, vao->1, vbo->1 
[2021-02-24 14:48][DEBUG] [SHADER] 绑定顶点着色器文件 
[2021-02-24 14:48][DEBUG] [SHADER] 绑定片元着色器文件 
[2021-02-24 14:48][DEBUG] [SHADER] 着色器程序初始化成功 
[2021-02-24 14:48][DEBUG] [TEXTURE] 0号纹理初始化成功, 纹理id1 
[2021-02-24 14:48][DEBUG] [TEXTURE] 1号纹理初始化成功, 纹理id2 
[2021-02-24 14:48][DEBUG] 初始化物体model/cube
[2021-02-24 14:48][DEBUG] [OBJECT] 物件初始化成功 
[2021-02-24 14:48][DEBUG] [OBJECT] 物体加入全局物件管理器完毕, id->34359738368, vao->2, vbo->2 
[2021-02-24 14:48][DEBUG] [SHADER] 绑定顶点着色器文件 
[2021-02-24 14:48][DEBUG] [SHADER] 绑定片元着色器文件 
[2021-02-24 14:48][DEBUG] [SHADER] 着色器程序初始化成功 
[2021-02-24 14:50][DEBUG] [CAMERA] 摄像机初始化成功 
[2021-02-24 14:50][DEBUG] 主进程初始化完毕
[2021-02-24 14:50][DEBUG] 初始化物体model/cube
[2021-02-24 14:50][DEBUG] [OBJECT] 物件初始化成功 
[2021-02-24 14:50][DEBUG] [OBJECT] 物体加入全局物件管理器完毕, id->8589934592, vao->1, vbo->1 
[2021-02-24 14:50][DEBUG] [SHADER] 绑定顶点着色器文件 
[2021-02-24 14:50][DEBUG] [SHADER] 绑定片元着色器文件 
[2021-02-24 14:50][DEBUG] [SHADER] 着色器程序初始化成功 
[2021-02-24 14:50][DEBUG] [TEXTURE] 0号纹理初始化成功, 纹理id1 
[2021-02-24 14:50][DEBUG] [TEXTURE] 1号纹理初始化成功, 纹理id2 
[2021-02-24 14:50][DEBUG] 初始化物体model/cube
[2021-02-24 14:50][DEBUG] [OBJECT] 物件初始化成功 
[2021-02-24 14:50][DEBUG] [OBJECT] 物体加入全局物件管理器完毕, id->34359738368, vao->2, vbo->2 
[2021-02-24 14:50][DEBUG] [SHADER] 绑定顶点着色器文件 
[2021-02-24 14:50][DEBUG] [SHADER] 绑定片元着色器文件 
[2021-02-24 14:50][DEBUG] [SHADER] 着色器程序初始化成功 
[2021-02-24 14:54][DEBUG] [CAMERA] 摄像机初始化成功 
[2021-02-24 14:54][DEBUG] 主进程初始化完毕
[2021-02-24 14:54][DEBUG] 初始化物体model/cube
[2021-02-24 14:54][DEBUG] [OBJECT] 物件初始化成功 
[2021-02-24 14:54][DEBUG] [OBJECT] 物体加入全局物件管理器完毕, id->8589934592, vao->1, vbo->1 
[2021-02-24 14:54][DEBUG] [SHADER] 绑定顶点着色器文件 
[2021-02-24 14:54][DEBUG] [SHADER] 绑定片元着色器文件 
[2021-02-24 14:54][DEBUG] [SHADER] 着色器程序初始化成功 
[2021-02-24 14:54][DEBUG] [TEXTURE] 0号纹理初始化成功, 纹理id1 
[2021-02-24 14:54][DEBUG] [TEXTURE] 1号纹理初始化成功, 纹理id2 
[2021-02-24 14:54][DEBUG] 初始化物体model/cube
[2021-02-24 14:54][DEBUG] [OBJECT] 物件初始化成功 
[2021-02-24 14:54][DEBUG] [OBJECT] 物体加入全局物件管理器完毕, id->34359738368, vao->2, vbo->2 
[2021-02-24 14:54][DEBUG] [SHADER] 绑定顶点着色器文件 
[2021-02-24 14:54][DEBUG] [SHADER] 绑定片元着色器文件 
[2021-02-24 14:54][DEBUG] [SHADER] 着色器程序初始化成功 
[2021-02-24 15:34][DEBUG] [CAMERA] 摄像机初始化成功 
[2021-02-24 15:34][DEBUG] [SHADER] 绑定顶点着色器文件 
[2021-02-24 15:34][DEBUG] [SHADER] 绑定片元着色器文件 
[2021-02-24 15:34][DEBUG] [SHADER] 着色器程序初始化成功 
[2021-02-24 15:48][DEBUG] [CAMERA] 摄像机初始化成功 
[2021-02-24 15:48][DEBUG] 主进程初始化完毕
[2021-02-24 15:48][DEBUG] 初始化物体model/cube
[2021-02-24 15:48][DEBUG] [OBJECT] 物件初始化成功 
[2021-02-24 15:48][DEBUG] [OBJECT] 物体加入全局物件管理器完毕, id->8589934592, vao->1, vbo->1 
[2021-02-24 15:48][DEBUG] [SHADER] 绑定顶点着色器文件 
[2021-02-24 15:48][DEBUG] [SHADER] 绑定片元着色器文件 
[2021-02-24 15:48][DEBUG] [SHADER] 着色器程序初始化成功 
[2021-02-24 15:48][DEBUG] [TEXTURE] 0号纹理初始化成功, 纹理id1 
[2021-02-24 15:48][DEBUG] [TEXTURE] 1号纹理初始化成功, 纹理id2 
[2021-02-24 15:48][DEBUG] 初始化物体model/cube
[2021-02-24 15:48][DEBUG] [OBJECT] 物件初始化成功 
[2021-02-24 15:48][DEBUG] [OBJECT] 物体加入全局物件管理器完毕, id->34359738368, vao->2, vbo->2 
[2021-02-24 15:48][DEBUG] [SHADER] 绑定顶点着色器文件 
[2021-02-24 15:48][DEBUG] [SHADER] 绑定片元着色器文件 
[2021-02-24 15:48][DEBUG] [SHADER] 着色器程序初始化成功 
[2021-02-24 15:57][DEBUG] [CAMERA] 摄像机初始化成功 
[2021-02-24 15:57][DEBUG] 主进程初始化完毕
[2021-02-24 15:57][DEBUG] 初始化物体model/cube
[2021-02-24 15:57][DEBUG] [OBJECT] 物件初始化成功 
[2021-02-24 15:57][DEBUG] [OBJECT] 物体加入全局物件管理器完毕, id->8589934592, vao->1, vbo->1 
[2021-02-24 15:57][DEBUG] [SHADER] 绑定顶点着色器文件 
[2021-02-24 15:57][DEBUG] [SHADER] 绑定片元着色器文件 
[2021-02-24 15:57][DEBUG] [SHADER] 着色器程序初始化成功 
[2021-02-24 15:57][DEBUG] [TEXTURE] 0号纹理初始化成功, 纹理id1 
[2021-02-24 15:57][DEBUG] [TEXTURE] 1号纹理初始化成功, 纹理id2 
[2021-02-24 15:57][DEBUG] 初始化物体model/cube
[2021-02-24 15:57][DEBUG] [OBJECT] 物件初始化成功 
[2021-02-24 15:57][DEBUG] [OBJECT] 物体加入全局物件管理器完毕, id->34359738368, vao->2, vbo->2 
[2021-02-24 15:57][DEBUG] [SHADER] 绑定顶点着色器文件 
[2021-02-24 15:57][DEBUG] [SHADER] 绑定片元着色器文件 
[2021-02-24 15:57][DEBUG] [SHADER] 着色器程序初始化成功 
[2021-02-24 16:04][DEBUG] [CAMERA] 摄像机初始化成功 
[2021-02-24 16:04][DEBUG] 主进程初始化完毕
[2021-02-24 16:04][DEBUG] 初始化物体model/cube
[2021-02-24 16:04][DEBUG] [OBJECT] 物件初始化成功 
[2021-02-24 16:04][DEBUG] [OBJECT] 物体加入全局物件管理器完毕, id->8589934592, vao->1, vbo->1 
[2021-02-24 16:04][DEBUG] [SHADER] 绑定顶点着色器文件 
[2021-02-24 16:04][DEBUG] [SHADER] 绑定片元着色器文件 
[2021-02-24 16:04][DEBUG] [SHADER] 着色器程序初始化成功 
[2021-02-24 16:04][DEBUG] [TEXTURE] 0号纹理初始化成功, 纹理id1 
[2021-02-24 16:04][DEBUG] [TEXTURE] 1号纹理初始化成功, 纹理id2 
[2021-02-24 16:04][DEBUG] 初始化物体model/cube
[2021-02-24 16:04][DEBUG] [OBJECT] 物件初始化成功 
[2021-02-24 16:04][DEBUG] [OBJECT] 物体加入全局物件管理器完毕, id->34359738368, vao->2, vbo->2 
[2021-02-24 16:04][DEBUG] [SHADER] 绑定顶点着色器文件 
[2021-02-24 16:04][DEBUG] [SHADER] 绑定片元着色器文件 
[2021-02-24 16:04][DEBUG] [SHADER] 着色器程序初始化成功 
[2021-02-24 16:05][DEBUG] [CAMERA] 摄像机初始化成功 
[2021-02-24 16:05][DEBUG] 主进程初始化完毕
[2021-02-24 16:05][DEBUG] 初始化物体model/cube
[2021-02-24 16:05][DEBUG] [OBJECT] 物件初始化成功 
[2021-02-24 16:05][DEBUG] [OBJECT] 物体加入全局物件管理器完毕, id->8589934592, vao->1, vbo->1 
[2021-02-24 16:05][DEBUG] [SHADER] 绑定顶点着色器文件 
[2021-02-24 16:05][DEBUG] [SHADER] 绑定片元着色器文件 
[2021-02-24 16:05][DEBUG] [SHADER] 着色器程序初始化成功 
[2021-02-24 16:05][DEBUG] [TEXTURE] 0号纹理初始化成功, 纹理id1 
[2021-02-24 16:05][DEBUG] [TEXTURE] 1号纹理初始化成功, 纹理id2 
[2021-02-24 16:05][DEBUG] 初始化物体model/cube
[2021-02-24 16:05][DEBUG] [OBJECT] 物件初始化成功 
[2021-02-24 16:05][DEBUG] [OBJECT] 物体加入全局物件管理器完毕, id->34359738368, vao->2, vbo->2 
[2021-02-24 16:05][DEBUG] [SHADER] 绑定顶点着色器文件 
[2021-02-24 16:05][DEBUG] [SHADER] 绑定片元着色器文件 
[2021-02-24 16:05][DEBUG] [SHADER] 着色器程序初始化成功 
[2021-02-24 16:08][DEBUG] [CAMERA] 摄像机初始化成功 
[2021-02-24 16:08][DEBUG] 主进程初始化完毕
[2021-02-24 16:08][DEBUG] 初始化物体model/cube
[2021-02-24 16:08][DEBUG] [OBJECT] 物件初始化成功 
[2021-02-24 16:08][DEBUG] [OBJECT] 物体加入全局物件管理器完毕, id->8589934592, vao->1, vbo->1 
[2021-02-24 16:08][DEBUG] [SHADER] 绑定顶点着色器文件 
[2021-02-24 16:08][DEBUG] [SHADER] 绑定片元着色器文件 
[2021-02-24 16:08][DEBUG] [SHADER] 着色器程序初始化成功 
[2021-02-24 16:08][DEBUG] [TEXTURE] 0号纹理初始化成功, 纹理id1 
[2021-02-24 16:08][DEBUG] [TEXTURE] 1号纹理初始化成功, 纹理id2 
[2021-02-24 16:08][DEBUG] 初始化物体model/cube
[2021-02-24 16:08][DEBUG] [OBJECT] 物件初始化成功 
[2021-02-24 16:08][DEBUG] [OBJECT] 物体加入全局物件管理器完毕, id->34359738368, vao->2, vbo->2 
[2021-02-24 16:08][DEBUG] [SHADER] 绑定顶点着色器文件 
[2021-02-24 16:08][DEBUG] [SHADER] 绑定片元着色器文件 
[2021-02-24 16:08][DEBUG] [SHADER] 着色器程序初始化成功 
[2021-02-24 16:09][DEBUG] [CAMERA] 摄像机初始化成功 
[2021-02-24 16:09][DEBUG] 主进程初始化完毕
[2021-02-24 16:09][DEBUG] 初始化物体model/cube
[2021-02-24 16:09][DEBUG] [OBJECT] 物件初始化成功 
[2021-02-24 16:09][DEBUG] [OBJECT] 物体加入全局物件管理器完毕, id->8589934592, vao->1, vbo->1 
[2021-02-24 16:09][DEBUG] [SHADER] 绑定顶点着色器文件 
[2021-02-24 16:09][DEBUG] [SHADER] 绑定片元着色器文件 
[2021-02-24 16:09][DEBUG] [SHADER] 着色器程序初始化成功 
[2021-02-24 16:09][DEBUG] [TEXTURE] 0号纹理初始化成功, 纹理id1 
[2021-02-24 16:09][DEBUG] [TEXTURE] 1号纹理初始化成功, 纹理id2 
[2021-02-24 16:09][DEBUG] 初始化物体model/cube
[2021-02-24 16:09][DEBUG] [OBJECT] 物件初始化成功 
[2021-02-24 16:09][DEBUG] [OBJECT] 物体加入全局物件管理器完毕, id->34359738368, vao->2, vbo->2 
[2021-02-24 16:09][DEBUG] [SHADER] 绑定顶点着色器文件 
[2021-02-24 16:09][DEBUG] [SHADER] 绑定片元着色器文件 
[2021-02-24 16:09][DEBUG] [SHADER] 着色器程序初始化成功 
[2021-02-24 16:12][DEBUG] [CAMERA] 摄像机初始化成功 
[2021-02-24 16:12][DEBUG] 主进程初始化完毕
[2021-02-24 16:12][DEBUG] 初始化物体model/cube
[2021-02-24 16:12][DEBUG] [OBJECT] 物件初始化成功 
[2021-02-24 16:12][DEBUG] [OBJECT] 物体加入全局物件管理器完毕, id->8589934592, vao->1, vbo->1 
[2021-02-24 16:12][DEBUG] [SHADER] 绑定顶点着色器文件 
[2021-02-24 16:12][DEBUG] [SHADER] 绑定片元着色器文件 
[2021-02-24 16:12][DEBUG] [SHADER] 着色器程序初始化成功 
[2021-02-24 16:12][DEBUG] [TEXTURE] 0号纹理初始化成功, 纹理id1 
[2021-02-24 16:12][DEBUG] [TEXTURE] 1号纹理初始化成功, 纹理id2 
[2021-02-24 16:12][DEBUG] 初始化物体model/cube
[2021-02-24 16:12][DEBUG] [OBJECT] 物件初始化成功 
[2021-02-24 16:12][DEBUG] [OBJECT] 物体加入全局物件管理器完毕, id->34359738368, vao->2, vbo->2 
[2021-02-24 16:12][DEBUG] [SHADER] 绑定顶点着色器文件 
[2021-02-24 16:12][DEBUG] [SHADER] 绑定片元着色器文件 
[2021-02-24 16:12][DEBUG] [SHADER] 着色器程序初始化成功 
[2021-02-24 16:14][DEBUG] [CAMERA] 摄像机初始化成功 
[2021-02-24 16:14][DEBUG] 主进程初始化完毕
[2021-02-24 16:14][DEBUG] 初始化物体model/cube
[2021-02-24 16:14][DEBUG] [OBJECT] 物件初始化成功 
[2021-02-24 16:14][DEBUG] [OBJECT] 物体加入全局物件管理器完毕, id->8589934592, vao->1, vbo->1 
[2021-02-24 16:14][DEBUG] [SHADER] 绑定顶点着色器文件 
[2021-02-24 16:14][DEBUG] [SHADER] 绑定片元着色器文件 
[2021-02-24 16:14][DEBUG] [SHADER] 着色器程序初始化成功 
[2021-02-24 16:14][DEBUG] [TEXTURE] 0号纹理初始化成功, 纹理id1 
[2021-02-24 16:14][DEBUG] [TEXTURE] 1号纹理初始化成功, 纹理id2 
[2021-02-24 16:14][DEBUG] 初始化物体model/cube
[2021-02-24 16:14][DEBUG] [OBJECT] 物件初始化成功 
[2021-02-24 16:14][DEBUG] [OBJECT] 物体加入全局物件管理器完毕, id->34359738368, vao->2, vbo->2 
[2021-02-24 16:14][DEBUG] [SHADER] 绑定顶点着色器文件 
[2021-02-24 16:14][DEBUG] [SHADER] 绑定片元着色器文件 
[2021-02-24 16:14][DEBUG] [SHADER] 着色器程序初始化成功 
[2021-02-24 16:15][DEBUG] [CAMERA] 摄像机初始化成功 
[2021-02-24 16:15][DEBUG] 主进程初始化完毕
[2021-02-24 16:15][DEBUG] 初始化物体model/cube
[2021-02-24 16:15][DEBUG] [OBJECT] 物件初始化成功 
[2021-02-24 16:15][DEBUG] [OBJECT] 物体加入全局物件管理器完毕, id->8589934592, vao->1, vbo->1 
[2021-02-24 16:15][DEBUG] [SHADER] 绑定顶点着色器文件 
[2021-02-24 16:15][DEBUG] [SHADER] 绑定片元着色器文件 
[2021-02-24 16:15][DEBUG] [SHADER] 着色器程序初始化成功 
[2021-02-24 16:15][DEBUG] [TEXTURE] 0号纹理初始化成功, 纹理id1 
[2021-02-24 16:15][DEBUG] [TEXTURE] 1号纹理初始化成功, 纹理id2 
[2021-02-24 16:15][DEBUG] 初始化物体model/cube
[2021-02-24 16:15][DEBUG] [OBJECT] 物件初始化成功 
[2021-02-24 16:15][DEBUG] [OBJECT] 物体加入全局物件管理器完毕, id->34359738368, vao->2, vbo->2 
[2021-02-24 16:15][DEBUG] [SHADER] 绑定顶点着色器文件 
[2021-02-24 16:15][DEBUG] [SHADER] 绑定片元着色器文件 
[2021-02-24 16:15][DEBUG] [SHADER] 着色器程序初始化成功 
[2021-02-24 16:26][DEBUG] [CAMERA] 摄像机初始化成功 
[2021-02-24 16:26][DEBUG] 主进程初始化完毕
[2021-02-24 16:26][DEBUG] 初始化物体model/cube
[2021-02-24 16:26][DEBUG] [OBJECT] 物件初始化成功 
[2021-02-24 16:26][DEBUG] [OBJECT] 物体加入全局物件管理器完毕, id->8589934592, vao->1, vbo->1 
[2021-02-24 16:26][DEBUG] [SHADER] 绑定顶点着色器文件 
[2021-02-24 16:26][DEBUG] [SHADER] 绑定片元着色器文件 
[2021-02-24 16:26][DEBUG] [SHADER] 着色器程序初始化成功 
[2021-02-24 16:26][DEBUG] [TEXTURE] 0号纹理初始化成功, 纹理id1 
[2021-02-24 16:26][DEBUG] [TEXTURE] 1号纹理初始化成功, 纹理id2 
[2021-02-24 16:26][DEBUG] 初始化物体model/cube
[2021-02-24 16:26][DEBUG] [OBJECT] 物件初始化成功 
[2021-02-24 16:26][DEBUG] [OBJECT] 物体加入全局物件管理器完毕, id->34359738368, vao->2, vbo->2 
[2021-02-24 16:26][DEBUG] [SHADER] 绑定顶点着色器文件 
[2021-02-24 16:26][DEBUG] [SHADER] 绑定片元着色器文件 
[2021-02-24 16:26][DEBUG] [SHADER] 着色器程序初始化成功 
[2021-02-24 16:28][DEBUG] [CAMERA] 摄像机初始化成功 
[2021-02-24 16:28][DEBUG] [SHADER] 绑定顶点着色器文件 
[2021-02-24 16:28][DEBUG] [SHADER] 绑定片元着色器文件 
[2021-02-24 16:28][DEBUG] [SHADER] 着色器程序初始化成功 
[2021-02-24 16:31][DEBUG] [CAMERA] 摄像机初始化成功 
[2021-02-24 16:31][DEBUG] [SHADER] 绑定顶点着色器文件 
[2021-02-24 16:31][DEBUG] [SHADER] 绑定片元着色器文件 
[2021-02-24 16:31][DEBUG] [SHADER] 着色器程序初始化成功 
[2021-02-24 16:32][DEBUG] [CAMERA] 摄像机初始化成功 
[2021-02-24 16:32][DEBUG] 主进程初始化完毕
[2021-02-24 16:32][DEBUG] 初始化物体model/cube
[2021-02-24 16:32][DEBUG] [OBJECT] 物件初始化成功 
[2021-02-24 16:32][DEBUG] [OBJECT] 物体加入全局物件管理器完毕, id->8589934592, vao->1, vbo->1 
[2021-02-24 16:32][DEBUG] [SHADER] 绑定顶点着色器文件 
[2021-02-24 16:32][DEBUG] [SHADER] 绑定片元着色器文件 
[2021-02-24 16:32][DEBUG] [SHADER] 着色器程序初始化成功 
[2021-02-24 16:32][DEBUG] [TEXTURE] 0号纹理初始化成功, 纹理id1 
[2021-02-24 16:32][DEBUG] [TEXTURE] 1号纹理初始化成功, 纹理id2 
[2021-02-24 16:32][DEBUG] 初始化物体model/cube
[2021-02-24 16:32][DEBUG] [OBJECT] 物件初始化成功 
[2021-02-24 16:32][DEBUG] [OBJECT] 物体加入全局物件管理器完毕, id->34359738368, vao->2, vbo->2 
[2021-02-24 16:32][DEBUG] [SHADER] 绑定顶点着色器文件 
[2021-02-24 16:32][DEBUG] [SHADER] 绑定片元着色器文件 
[2021-02-24 16:32][DEBUG] [SHADER] 着色器程序初始化成功 
[2021-02-24 16:41][DEBUG] [CAMERA] 摄像机初始化成功 
[2021-02-24 16:41][DEBUG] 主进程初始化完毕
[2021-02-24 16:41][DEBUG] 初始化物体model/cube
[2021-02-24 16:41][DEBUG] [OBJECT] 物件初始化成功 
[2021-02-24 16:41][DEBUG] [OBJECT] 物体加入全局物件管理器完毕, id->8589934592, vao->1, vbo->1 
[2021-02-24 16:41][DEBUG] [SHADER] 绑定顶点着色器文件 
[2021-02-24 16:41][DEBUG] [SHADER] 绑定片元着色器文件 
[2021-02-24 16:41][DEBUG] [SHADER] 着色器程序初始化成功 
[2021-02-24 16:41][DEBUG] [TEXTURE] 0号纹理初始化成功, 纹理id1 
[2021-02-24 16:41][DEBUG] [TEXTURE] 1号纹理初始化成功, 纹理id2 
[2021-02-24 16:41][DEBUG] 初始化物体model/cube
[2021-02-24 16:41][DEBUG] [OBJECT] 物件初始化成功 
[2021-02-24 16:41][DEBUG] [OBJECT] 物体加入全局物件管理器完毕, id->34359738368, vao->2, vbo->2 
[2021-02-24 16:41][DEBUG] [SHADER] 绑定顶点着色器文件 
[2021-02-24 16:41][DEBUG] [SHADER] 绑定片元着色器文件 
[2021-02-24 16:41][DEBUG] [SHADER] 着色器程序初始化成功 
[2021-02-24 16:42][DEBUG] [CAMERA] 摄像机初始化成功 
[2021-02-24 16:42][DEBUG] 主进程初始化完毕
[2021-02-24 16:42][DEBUG] 初始化物体model/cube
[2021-02-24 16:42][DEBUG] [OBJECT] 物件初始化成功 
[2021-02-24 16:42][DEBUG] [OBJECT] 物体加入全局物件管理器完毕, id->8589934592, vao->1, vbo->1 
[2021-02-24 16:42][DEBUG] [SHADER] 绑定顶点着色器文件 
[2021-02-24 16:42][DEBUG] [SHADER] 绑定片元着色器文件 
[2021-02-24 16:42][DEBUG] [SHADER] 着色器程序初始化成功 
[2021-02-24 16:42][DEBUG] [TEXTURE] 0号纹理初始化成功, 纹理id1 
[2021-02-24 16:42][DEBUG] [TEXTURE] 1号纹理初始化成功, 纹理id2 
[2021-02-24 16:42][DEBUG] 初始化物体model/cube
[2021-02-24 16:42][DEBUG] [OBJECT] 物件初始化成功 
[2021-02-24 16:42][DEBUG] [OBJECT] 物体加入全局物件管理器完毕, id->34359738368, vao->2, vbo->2 
[2021-02-24 16:42][DEBUG] [SHADER] 绑定顶点着色器文件 
[2021-02-24 16:42][DEBUG] [SHADER] 绑定片元着色器文件 
[2021-02-24 16:42][DEBUG] [SHADER] 着色器程序初始化成功 
[2021-02-24 16:57][DEBUG] [CAMERA] 摄像机初始化成功 
[2021-02-24 16:57][DEBUG] [SHADER] 绑定顶点着色器文件 
[2021-02-24 16:58][DEBUG] [CAMERA] 摄像机初始化成功 
[2021-02-24 16:58][DEBUG] [SHADER] 绑定顶点着色器文件 
[2021-02-24 16:58][DEBUG] [SHADER] 绑定片元着色器文件 
[2021-02-24 16:58][DEBUG] [SHADER] 着色器程序初始化成功 
[2021-02-24 16:58][DEBUG] [CAMERA] 摄像机初始化成功 
[2021-02-24 16:58][DEBUG] 主进程初始化完毕
[2021-02-24 16:58][DEBUG] 初始化物体model/cube
[2021-02-24 16:58][DEBUG] [OBJECT] 物件初始化成功 
[2021-02-24 16:58][DEBUG] [OBJECT] 物体加入全局物件管理器完毕, id->8589934592, vao->1, vbo->1 
[2021-02-24 16:58][DEBUG] [SHADER] 绑定顶点着色器文件 
[2021-02-24 16:58][DEBUG] [SHADER] 绑定片元着色器文件 
[2021-02-24 16:58][DEBUG] [SHADER] 着色器程序初始化成功 
[2021-02-24 16:58][DEBUG] [TEXTURE] 0号纹理初始化成功, 纹理id1 
[2021-02-24 16:58][DEBUG] [TEXTURE] 1号纹理初始化成功, 纹理id2 
[2021-02-24 16:58][DEBUG] 初始化物体model/cube
[2021-02-24 16:58][DEBUG] [OBJECT] 物件初始化成功 
[2021-02-24 16:58][DEBUG] [OBJECT] 物体加入全局物件管理器完毕, id->34359738368, vao->2, vbo->2 
[2021-02-24 16:58][DEBUG] [SHADER] 绑定顶点着色器文件 
[2021-02-24 16:58][DEBUG] [SHADER] 绑定片元着色器文件 
[2021-02-24 16:58][DEBUG] [SHADER] 着色器程序初始化成功 
[2021-02-24 17:01][DEBUG] [CAMERA] 摄像机初始化成功 
[2021-02-24 17:01][DEBUG] 主进程初始化完毕
[2021-02-24 17:01][DEBUG] 初始化物体model/cube
[2021-02-24 17:01][DEBUG] [OBJECT] 物件初始化成功 
[2021-02-24 17:01][DEBUG] [OBJECT] 物体加入全局物件管理器完毕, id->8589934592, vao->1, vbo->1 
[2021-02-24 17:01][DEBUG] [SHADER] 绑定顶点着色器文件 
[2021-02-24 17:01][DEBUG] [SHADER] 绑定片元着色器文件 
[2021-02-24 17:01][DEBUG] [SHADER] 着色器程序初始化成功 
[2021-02-24 17:01][DEBUG] [TEXTURE] 0号纹理初始化成功, 纹理id1 
[2021-02-24 17:01][DEBUG] [TEXTURE] 1号纹理初始化成功, 纹理id2 
[2021-02-24 17:01][DEBUG] 初始化物体model/cube
[2021-02-24 17:01][DEBUG] [OBJECT] 物件初始化成功 
[2021-02-24 17:01][DEBUG] [OBJECT] 物体加入全局物件管理器完毕, id->34359738368, vao->2, vbo->2 
[2021-02-24 17:01][DEBUG] [SHADER] 绑定顶点着色器文件 
[2021-02-24 17:01][DEBUG] [SHADER] 绑定片元着色器文件 
[2021-02-24 17:01][DEBUG] [SHADER] 着色器程序初始化成功 
[2021-02-24 17:01][DEBUG] [SHADER] 绑定顶点着色器文件 
[2021-02-24 17:01][DEBUG] [SHADER] 绑定片元着色器文件 
[2021-02-24 17:01][DEBUG] [SHADER] 着色器程序初始化成功 
[2021-02-24 17:01][DEBUG] [Model] 载入模型model/nanosuit/nanosuit.obj成功 
[2021-02-24 17:01][DEBUG] 主进程结束
[2021-02-24 17:01][DEBUG] 资源释放完毕
[2021-02-24 17:02][DEBUG] [CAMERA] 摄像机初始化成功 
[2021-02-24 17:02][DEBUG] 主进程初始化完毕
[2021-02-24 17:02][DEBUG] 初始化物体model/cube
[2021-02-24 17:02][DEBUG] [OBJECT] 物件初始化成功 
[2021-02-24 17:02][DEBUG] [OBJECT] 物体加入全局物件管理器完毕, id->8589934592, vao->1, vbo->1 
[2021-02-24 17:02][DEBUG] [SHADER] 绑定顶点着色器文件 
[2021-02-24 17:02][DEBUG] [SHADER] 绑定片元着色器文件 
[2021-02-24 17:02][DEBUG] [SHADER] 着色器程序初始化成功 
[2021-02-24 17:02][DEBUG] [TEXTURE] 0号纹理初始化成功, 纹理id1 
[2021-02-24 17:02][DEBUG] [TEXTURE] 1号纹理初始化成功, 纹理id2 
[2021-02-24 17:02][DEBUG] 初始化物体model/cube
[2021-02-24 17:02][DEBUG] [OBJECT] 物件初始化成功 
[2021-02-24 17:02][DEBUG] [OBJECT] 物体加入全局物件管理器完毕, id->34359738368, vao->2, vbo->2 
[2021-02-24 17:02][DEBUG] [SHADER] 绑定顶点着色器文件 
[2021-02-24 17:02][DEBUG] [SHADER] 绑定片元着色器文件 
[2021-02-24 17:02][DEBUG] [SHADER] 着色器程序初始化成功 
[2021-02-24 17:02][DEBUG] [SHADER] 绑定顶点着色器文件 
[2021-02-24 17:02][DEBUG] [SHADER] 绑定片元着色器文件 
[2021-02-24 17:02][DEBUG] [SHADER] 着色器程序初始化成功 
[2021-02-24 17:02][DEBUG] [Model] 载入模型model/nanosuit/nanosuit.obj成功 
[2021-02-24 17:02][DEBUG] 主进程结束
[2021-02-24 17:02][DEBUG] 资源释放完毕
[2021-02-24 17:04][DEBUG] [CAMERA] 摄像机初始化成功 
[2021-02-24 17:04][DEBUG] 主进程初始化完毕
[2021-02-24 17:04][DEBUG] 初始化物体model/cube
[2021-02-24 17:04][DEBUG] [OBJECT] 物件初始化成功 
[2021-02-24 17:04][DEBUG] [OBJECT] 物体加入全局物件管理器完毕, id->8589934592, vao->1, vbo->1 
[2021-02-24 17:04][DEBUG] [SHADER] 绑定顶点着色器文件 
[2021-02-24 17:04][DEBUG] [SHADER] 绑定片元着色器文件 
[2021-02-24 17:04][DEBUG] [SHADER] 着色器程序初始化成功 
[2021-02-24 17:04][DEBUG] [TEXTURE] 0号纹理初始化成功, 纹理id1 
[2021-02-24 17:04][DEBUG] [TEXTURE] 1号纹理初始化成功, 纹理id2 
[2021-02-24 17:04][DEBUG] 初始化物体model/cube
[2021-02-24 17:04][DEBUG] [OBJECT] 物件初始化成功 
[2021-02-24 17:04][DEBUG] [OBJECT] 物体加入全局物件管理器完毕, id->34359738368, vao->2, vbo->2 
[2021-02-24 17:04][DEBUG] [SHADER] 绑定顶点着色器文件 
[2021-02-24 17:04][DEBUG] [SHADER] 绑定片元着色器文件 
[2021-02-24 17:04][DEBUG] [SHADER] 着色器程序初始化成功 
[2021-02-24 17:04][DEBUG] [SHADER] 绑定顶点着色器文件 
[2021-02-24 17:04][DEBUG] [SHADER] 绑定片元着色器文件 
[2021-02-24 17:04][DEBUG] [SHADER] 着色器程序初始化成功 
[2021-02-24 17:04][DEBUG] [Model] 载入模型model/nanosuit/nanosuit.obj成功 
[2021-02-24 17:04][DEBUG] 主进程结束
[2021-02-24 17:04][DEBUG] 资源释放完毕
[2021-02-24 17:05][DEBUG] [CAMERA] 摄像机初始化成功 
[2021-02-24 17:05][DEBUG] 主进程初始化完毕
[2021-02-24 17:05][DEBUG] 初始化物体model/cube
[2021-02-24 17:05][DEBUG] [OBJECT] 物件初始化成功 
[2021-02-24 17:05][DEBUG] [OBJECT] 物体加入全局物件管理器完毕, id->8589934592, vao->1, vbo->1 
[2021-02-24 17:05][DEBUG] [SHADER] 绑定顶点着色器文件 
[2021-02-24 17:05][DEBUG] [SHADER] 绑定片元着色器文件 
[2021-02-24 17:05][DEBUG] [SHADER] 着色器程序初始化成功 
[2021-02-24 17:05][DEBUG] [TEXTURE] 0号纹理初始化成功, 纹理id1 
[2021-02-24 17:05][DEBUG] [TEXTURE] 1号纹理初始化成功, 纹理id2 
[2021-02-24 17:05][DEBUG] 初始化物体model/cube
[2021-02-24 17:05][DEBUG] [OBJECT] 物件初始化成功 
[2021-02-24 17:05][DEBUG] [OBJECT] 物体加入全局物件管理器完毕, id->34359738368, vao->2, vbo->2 
[2021-02-24 17:05][DEBUG] [SHADER] 绑定顶点着色器文件 
[2021-02-24 17:05][DEBUG] [SHADER] 绑定片元着色器文件 
[2021-02-24 17:05][DEBUG] [SHADER] 着色器程序初始化成功 
[2021-02-24 17:05][DEBUG] [SHADER] 绑定顶点着色器文件 
[2021-02-24 17:05][DEBUG] [SHADER] 绑定片元着色器文件 
[2021-02-24 17:05][DEBUG] [SHADER] 着色器程序初始化成功 
[2021-02-24 17:05][DEBUG] [Model] 载入模型model/nanosuit/nanosuit.obj成功 
[2021-02-24 17:06][DEBUG] 主进程结束
[2021-02-24 17:06][DEBUG] 资源释放完毕
[2021-02-24 17:10][DEBUG] [CAMERA] 摄像机初始化成功 
[2021-02-24 17:10][DEBUG] [SHADER] 绑定顶点着色器文件 
[2021-02-24 17:10][DEBUG] [SHADER] 绑定片元着色器文件 
[2021-02-24 17:10][DEBUG] [SHADER] 着色器程序初始化成功 
[2021-02-24 17:13][DEBUG] [CAMERA] 摄像机初始化成功 
[2021-02-24 17:13][DEBUG] 主进程初始化完毕
[2021-02-24 17:13][DEBUG] 初始化物体model/cube
[2021-02-24 17:13][DEBUG] [OBJECT] 物件初始化成功 
[2021-02-24 17:13][DEBUG] [OBJECT] 物体加入全局物件管理器完毕, id->8589934592, vao->1, vbo->1 
[2021-02-24 17:13][DEBUG] [SHADER] 绑定顶点着色器文件 
[2021-02-24 17:13][DEBUG] [SHADER] 绑定片元着色器文件 
[2021-02-24 17:13][DEBUG] [SHADER] 着色器程序初始化成功 
[2021-02-24 17:13][DEBUG] [TEXTURE] 0号纹理初始化成功, 纹理id1 
[2021-02-24 17:13][DEBUG] [TEXTURE] 1号纹理初始化成功, 纹理id2 
[2021-02-24 17:13][DEBUG] 初始化物体model/cube
[2021-02-24 17:13][DEBUG] [OBJECT] 物件初始化成功 
[2021-02-24 17:13][DEBUG] [OBJECT] 物体加入全局物件管理器完毕, id->34359738368, vao->2, vbo->2 
[2021-02-24 17:13][DEBUG] [SHADER] 绑定顶点着色器文件 
[2021-02-24 17:13][DEBUG] [SHADER] 绑定片元着色器文件 
[2021-02-24 17:13][DEBUG] [SHADER] 着色器程序初始化成功 
[2021-02-24 17:13][DEBUG] [SHADER] 绑定顶点着色器文件 
[2021-02-24 17:13][DEBUG] [SHADER] 绑定片元着色器文件 
[2021-02-24 17:13][DEBUG] [SHADER] 着色器程序初始化成功 
[2021-02-24 17:13][DEBUG] [Model] 载入模型model/nanosuit/nanosuit.obj成功 
[2021-02-24 17:13][DEBUG] 主进程结束
[2021-02-24 17:13][DEBUG] 资源释放完毕
[2021-02-24 17:17][DEBUG] [CAMERA] 摄像机初始化成功 
[2021-02-24 17:17][DEBUG] [SHADER] 绑定顶点着色器文件 
[2021-02-24 17:17][DEBUG] [SHADER] 绑定片元着色器文件 
[2021-02-24 17:17][DEBUG] [SHADER] 着色器程序初始化成功 
[2021-02-24 17:19][DEBUG] [CAMERA] 摄像机初始化成功 
[2021-02-24 17:19][DEBUG] 主进程初始化完毕
[2021-02-24 17:19][DEBUG] 初始化物体model/cube
[2021-02-24 17:19][DEBUG] [OBJECT] 物件初始化成功 
[2021-02-24 17:19][DEBUG] [OBJECT] 物体加入全局物件管理器完毕, id->8589934592, vao->1, vbo->1 
[2021-02-24 17:19][DEBUG] [SHADER] 绑定顶点着色器文件 
[2021-02-24 17:19][DEBUG] [SHADER] 绑定片元着色器文件 
[2021-02-24 17:19][DEBUG] [SHADER] 着色器程序初始化成功 
[2021-02-24 17:19][DEBUG] [TEXTURE] 0号纹理初始化成功, 纹理id1 
[2021-02-24 17:19][DEBUG] [TEXTURE] 1号纹理初始化成功, 纹理id2 
[2021-02-24 17:19][DEBUG] 初始化物体model/cube
[2021-02-24 17:19][DEBUG] [OBJECT] 物件初始化成功 
[2021-02-24 17:19][DEBUG] [OBJECT] 物体加入全局物件管理器完毕, id->34359738368, vao->2, vbo->2 
[2021-02-24 17:19][DEBUG] [SHADER] 绑定顶点着色器文件 
[2021-02-24 17:19][DEBUG] [SHADER] 绑定片元着色器文件 
[2021-02-24 17:19][DEBUG] [SHADER] 着色器程序初始化成功 
[2021-02-24 17:19][DEBUG] [SHADER] 绑定顶点着色器文件 
[2021-02-24 17:19][DEBUG] [SHADER] 绑定片元着色器文件 
[2021-02-24 17:19][DEBUG] [SHADER] 着色器程序初始化成功 
[2021-02-24 17:19][DEBUG] [Model] 载入模型model/nanosuit/nanosuit.obj成功 
[2021-02-24 17:19][DEBUG] 主进程结束
[2021-02-24 17:19][DEBUG] 资源释放完毕
[2021-02-24 17:19][DEBUG] [CAMERA] 摄像机初始化成功 
[2021-02-24 17:19][DEBUG] 主进程初始化完毕
[2021-02-24 17:19][DEBUG] 初始化物体model/cube
[2021-02-24 17:19][DEBUG] [OBJECT] 物件初始化成功 
[2021-02-24 17:19][DEBUG] [OBJECT] 物体加入全局物件管理器完毕, id->8589934592, vao->1, vbo->1 
[2021-02-24 17:19][DEBUG] [SHADER] 绑定顶点着色器文件 
[2021-02-24 17:19][DEBUG] [SHADER] 绑定片元着色器文件 
[2021-02-24 17:19][DEBUG] [SHADER] 着色器程序初始化成功 
[2021-02-24 17:19][DEBUG] [TEXTURE] 0号纹理初始化成功, 纹理id1 
[2021-02-24 17:19][DEBUG] [TEXTURE] 1号纹理初始化成功, 纹理id2 
[2021-02-24 17:19][DEBUG] 初始化物体model/cube
[2021-02-24 17:19][DEBUG] [OBJECT] 物件初始化成功 
[2021-02-24 17:19][DEBUG] [OBJECT] 物体加入全局物件管理器完毕, id->34359738368, vao->2, vbo->2 
[2021-02-24 17:19][DEBUG] [SHADER] 绑定顶点着色器文件 
[2021-02-24 17:19][DEBUG] [SHADER] 绑定片元着色器文件 
[2021-02-24 17:19][DEBUG] [SHADER] 着色器程序初始化成功 
[2021-02-24 17:19][DEBUG] [SHADER] 绑定顶点着色器文件 
[2021-02-24 17:19][DEBUG] [SHADER] 绑定片元着色器文件 
[2021-02-24 17:19][DEBUG] [SHADER] 着色器程序初始化成功 
[2021-02-24 17:19][DEBUG] [Model] 载入模型model/nanosuit/nanosuit.obj成功 
[2021-02-24 17:19][DEBUG] 主进程结束
[2021-02-24 17:19][DEBUG] 资源释放完毕
[2021-02-24 17:24][DEBUG] [CAMERA] 摄像机初始化成功 
[2021-02-24 17:24][DEBUG] 主进程初始化完毕
[2021-02-24 17:24][DEBUG] 初始化物体model/cube
[2021-02-24 17:24][DEBUG] [OBJECT] 物件初始化成功 
[2021-02-24 17:24][DEBUG] [OBJECT] 物体加入全局物件管理器完毕, id->8589934592, vao->1, vbo->1 
[2021-02-24 17:24][DEBUG] [SHADER] 绑定顶点着色器文件 
[2021-02-24 17:24][DEBUG] [SHADER] 绑定片元着色器文件 
[2021-02-24 17:24][DEBUG] [SHADER] 着色器程序初始化成功 
[2021-02-24 17:24][DEBUG] [TEXTURE] 0号纹理初始化成功, 纹理id1 
[2021-02-24 17:24][DEBUG] [TEXTURE] 1号纹理初始化成功, 纹理id2 
[2021-02-24 17:24][DEBUG] 初始化物体model/cube
[2021-02-24 17:24][DEBUG] [OBJECT] 物件初始化成功 
[2021-02-24 17:24][DEBUG] [OBJECT] 物体加入全局物件管理器完毕, id->34359738368, vao->2, vbo->2 
[2021-02-24 17:24][DEBUG] [SHADER] 绑定顶点着色器文件 
[2021-02-24 17:24][DEBUG] [SHADER] 绑定片元着色器文件 
[2021-02-24 17:24][DEBUG] [SHADER] 着色器程序初始化成功 
[2021-02-24 17:24][DEBUG] [SHADER] 绑定顶点着色器文件 
[2021-02-24 17:24][DEBUG] [SHADER] 绑定片元着色器文件 
[2021-02-24 17:24][DEBUG] [SHADER] 着色器程序初始化成功 
[2021-02-24 17:24][DEBUG] [Model] 载入模型model/nanosuit/nanosuit.obj成功 
[2021-02-24 17:24][DEBUG] 主进程结束
[2021-02-24 17:24][DEBUG] 资源释放完毕
[2021-02-24 17:27][DEBUG] [CAMERA] 摄像机初始化成功 
[2021-02-24 17:27][DEBUG] 主进程初始化完毕
[2021-02-24 17:27][DEBUG] 初始化物体model/cube
[2021-02-24 17:27][DEBUG] [OBJECT] 物件初始化成功 
[2021-02-24 17:27][DEBUG] [OBJECT] 物体加入全局物件管理器完毕, id->8589934592, vao->1, vbo->1 
[2021-02-24 17:27][DEBUG] [SHADER] 绑定顶点着色器文件 
[2021-02-24 17:27][DEBUG] [SHADER] 绑定片元着色器文件 
[2021-02-24 17:27][DEBUG] [SHADER] 着色器程序初始化成功 
[2021-02-24 17:27][DEBUG] [TEXTURE] 0号纹理初始化成功, 纹理id1 
[2021-02-24 17:27][DEBUG] [TEXTURE] 1号纹理初始化成功, 纹理id2 
[2021-02-24 17:27][DEBUG] 初始化物体model/cube
[2021-02-24 17:27][DEBUG] [OBJECT] 物件初始化成功 
[2021-02-24 17:27][DEBUG] [OBJECT] 物体加入全局物件管理器完毕, id->34359738368, vao->2, vbo->2 
[2021-02-24 17:27][DEBUG] [SHADER] 绑定顶点着色器文件 
[2021-02-24 17:27][DEBUG] [SHADER] 绑定片元着色器文件 
[2021-02-24 17:27][DEBUG] [SHADER] 着色器程序初始化成功 
[2021-02-24 17:27][DEBUG] [SHADER] 绑定顶点着色器文件 
[2021-02-24 17:27][DEBUG] [SHADER] 绑定片元着色器文件 
[2021-02-24 17:27][DEBUG] [SHADER] 着色器程序初始化成功 
[2021-02-24 17:27][DEBUG] [Model] 载入模型model/nanosuit/nanosuit.obj成功 
[2021-02-24 17:27][DEBUG] 主进程结束
[2021-02-24 17:27][DEBUG] 资源释放完毕
[2021-02-24 18:00][DEBUG] [CAMERA] 摄像机初始化成功 
[2021-02-24 18:00][DEBUG] 主进程初始化完毕
[2021-02-24 18:00][DEBUG] 初始化物体model/cube
[2021-02-24 18:00][DEBUG] [OBJECT] 物件初始化成功 
[2021-02-24 18:00][DEBUG] [OBJECT] 物体加入全局物件管理器完毕, id->8589934592, vao->1, vbo->1 
[2021-02-24 18:00][DEBUG] [SHADER] 绑定顶点着色器文件 
[2021-02-24 18:00][DEBUG] [SHADER] 绑定片元着色器文件 
[2021-02-24 18:00][DEBUG] [SHADER] 着色器程序初始化成功 
[2021-02-24 18:00][DEBUG] [TEXTURE] 0号纹理初始化成功, 纹理id1 
[2021-02-24 18:00][DEBUG] [TEXTURE] 1号纹理初始化成功, 纹理id2 
[2021-02-24 18:00][DEBUG] 初始化物体model/cube
[2021-02-24 18:00][DEBUG] [OBJECT] 物件初始化成功 
[2021-02-24 18:00][DEBUG] [OBJECT] 物体加入全局物件管理器完毕, id->34359738368, vao->2, vbo->2 
[2021-02-24 18:00][DEBUG] [SHADER] 绑定顶点着色器文件 
[2021-02-24 18:00][DEBUG] [SHADER] 绑定片元着色器文件 
[2021-02-24 18:00][DEBUG] [SHADER] 着色器程序初始化成功 
[2021-02-24 18:00][DEBUG] [SHADER] 绑定顶点着色器文件 
[2021-02-24 18:00][DEBUG] [SHADER] 绑定片元着色器文件 
[2021-02-24 18:00][DEBUG] [SHADER] 着色器程序初始化成功 
[2021-02-24 18:00][DEBUG] [Model] 载入模型model/nanosuit/nanosuit.obj成功 
[2021-02-24 18:00][DEBUG] 主进程结束
[2021-02-24 18:00][DEBUG] 资源释放完毕
[2021-02-24 18:06][DEBUG] [CAMERA] 摄像机初始化成功 
[2021-02-24 18:06][DEBUG] 主进程初始化完毕
[2021-02-24 18:06][DEBUG] 初始化物体model/cube
[2021-02-24 18:06][DEBUG] [OBJECT] 物件初始化成功 
[2021-02-24 18:06][DEBUG] [OBJECT] 物体加入全局物件管理器完毕, id->8589934592, vao->1, vbo->1 
[2021-02-24 18:06][DEBUG] [SHADER] 绑定顶点着色器文件 
[2021-02-24 18:06][DEBUG] [SHADER] 绑定片元着色器文件 
[2021-02-24 18:06][DEBUG] [SHADER] 着色器程序初始化成功 
[2021-02-24 18:06][DEBUG] [TEXTURE] 0号纹理初始化成功, 纹理id1 
[2021-02-24 18:06][DEBUG] [TEXTURE] 1号纹理初始化成功, 纹理id2 
[2021-02-24 18:06][DEBUG] 初始化物体model/cube
[2021-02-24 18:06][DEBUG] [OBJECT] 物件初始化成功 
[2021-02-24 18:06][DEBUG] [OBJECT] 物体加入全局物件管理器完毕, id->34359738368, vao->2, vbo->2 
[2021-02-24 18:06][DEBUG] [SHADER] 绑定顶点着色器文件 
[2021-02-24 18:06][DEBUG] [SHADER] 绑定片元着色器文件 
[2021-02-24 18:06][DEBUG] [SHADER] 着色器程序初始化成功 
[2021-02-24 18:06][DEBUG] [SHADER] 绑定顶点着色器文件 
[2021-02-24 18:06][DEBUG] [SHADER] 绑定片元着色器文件 
[2021-02-24 18:06][DEBUG] [SHADER] 着色器程序初始化成功 
[2021-02-24 18:06][DEBUG] [SHADER] 绑定顶点着色器文件 
[2021-02-24 18:06][DEBUG] [SHADER] 绑定片元着色器文件 
[2021-02-24 18:06][DEBUG] [SHADER] 着色器程序初始化成功 
[2021-02-24 18:06][DEBUG] [Model] 载入模型model/nanosuit/nanosuit.obj成功 
[2021-02-24 18:06][DEBUG] 主进程结束
[2021-02-24 18:06][DEBUG] 资源释放完毕
[2021-02-24 18:15][DEBUG] [CAMERA] 摄像机初始化成功 
[2021-02-24 18:15][DEBUG] 主进程初始化完毕
[2021-02-24 18:15][DEBUG] 初始化物体model/cube
[2021-02-24 18:15][DEBUG] [OBJECT] 物件初始化成功 
[2021-02-24 18:15][DEBUG] [OBJECT] 物体加入全局物件管理器完毕, id->8589934592, vao->1, vbo->1 
[2021-02-24 18:15][DEBUG] [SHADER] 绑定顶点着色器文件 
[2021-02-24 18:15][DEBUG] [SHADER] 绑定片元着色器文件 
[2021-02-24 18:15][DEBUG] [SHADER] 着色器程序初始化成功 
[2021-02-24 18:15][DEBUG] [TEXTURE] 0号纹理初始化成功, 纹理id1 
[2021-02-24 18:15][DEBUG] [TEXTURE] 1号纹理初始化成功, 纹理id2 
[2021-02-24 18:15][DEBUG] 初始化物体model/cube
[2021-02-24 18:15][DEBUG] [OBJECT] 物件初始化成功 
[2021-02-24 18:15][DEBUG] [OBJECT] 物体加入全局物件管理器完毕, id->34359738368, vao->2, vbo->2 
[2021-02-24 18:15][DEBUG] [SHADER] 绑定顶点着色器文件 
[2021-02-24 18:15][DEBUG] [SHADER] 绑定片元着色器文件 
[2021-02-24 18:15][DEBUG] [SHADER] 着色器程序初始化成功 
[2021-02-24 18:15][DEBUG] [SHADER] 绑定顶点着色器文件 
[2021-02-24 18:15][DEBUG] [SHADER] 绑定片元着色器文件 
[2021-02-24 18:15][DEBUG] [SHADER] 着色器程序初始化成功 
[2021-02-24 18:15][DEBUG] [SHADER] 绑定顶点着色器文件 
[2021-02-24 18:15][DEBUG] [SHADER] 绑定片元着色器文件 
[2021-02-24 18:15][DEBUG] [SHADER] 着色器程序初始化成功 
[2021-02-24 18:15][DEBUG] [Model] 载入模型model/nanosuit/nanosuit.obj成功 
[2021-02-24 18:15][DEBUG] 主进程结束
[2021-02-24 18:15][DEBUG] 资源释放完毕
[2021-02-24 18:17][DEBUG] [CAMERA] 摄像机初始化成功 
[2021-02-24 18:17][DEBUG] 主进程初始化完毕
[2021-02-24 18:17][DEBUG] 初始化物体model/cube
[2021-02-24 18:17][DEBUG] [OBJECT] 物件初始化成功 
[2021-02-24 18:17][DEBUG] [OBJECT] 物体加入全局物件管理器完毕, id->8589934592, vao->1, vbo->1 
[2021-02-24 18:17][DEBUG] [SHADER] 绑定顶点着色器文件 
[2021-02-24 18:17][DEBUG] [SHADER] 绑定片元着色器文件 
[2021-02-24 18:17][DEBUG] [SHADER] 着色器程序初始化成功 
[2021-02-24 18:17][DEBUG] [TEXTURE] 0号纹理初始化成功, 纹理id1 
[2021-02-24 18:17][DEBUG] [TEXTURE] 1号纹理初始化成功, 纹理id2 
[2021-02-24 18:17][DEBUG] 初始化物体model/cube
[2021-02-24 18:17][DEBUG] [OBJECT] 物件初始化成功 
[2021-02-24 18:17][DEBUG] [OBJECT] 物体加入全局物件管理器完毕, id->34359738368, vao->2, vbo->2 
[2021-02-24 18:17][DEBUG] [SHADER] 绑定顶点着色器文件 
[2021-02-24 18:17][DEBUG] [SHADER] 绑定片元着色器文件 
[2021-02-24 18:17][DEBUG] [SHADER] 着色器程序初始化成功 
[2021-02-24 18:17][DEBUG] [SHADER] 绑定顶点着色器文件 
[2021-02-24 18:17][DEBUG] [SHADER] 绑定片元着色器文件 
[2021-02-24 18:17][DEBUG] [SHADER] 着色器程序初始化成功 
[2021-02-24 18:17][DEBUG] [SHADER] 绑定顶点着色器文件 
[2021-02-24 18:17][DEBUG] [SHADER] 绑定片元着色器文件 
[2021-02-24 18:17][DEBUG] [SHADER] 着色器程序初始化成功 
[2021-02-24 18:17][DEBUG] [Model] 载入模型model/nanosuit/nanosuit.obj成功 
[2021-02-24 18:17][DEBUG] 主进程结束
[2021-02-24 18:17][DEBUG] 资源释放完毕
[2021-02-24 18:25][DEBUG] [CAMERA] 摄像机初始化成功 
[2021-02-24 18:25][DEBUG] 主进程初始化完毕
[2021-02-24 18:25][DEBUG] 初始化物体model/cube
[2021-02-24 18:25][DEBUG] [OBJECT] 物件初始化成功 
[2021-02-24 18:25][DEBUG] [OBJECT] 物体加入全局物件管理器完毕, id->8589934592, vao->1, vbo->1 
[2021-02-24 18:25][DEBUG] [SHADER] 绑定顶点着色器文件 
[2021-02-24 18:25][DEBUG] [SHADER] 绑定片元着色器文件 
[2021-02-24 18:25][DEBUG] [SHADER] 着色器程序初始化成功 
[2021-02-24 18:25][DEBUG] [TEXTURE] 0号纹理初始化成功, 纹理id1 
[2021-02-24 18:25][DEBUG] [TEXTURE] 1号纹理初始化成功, 纹理id2 
[2021-02-24 18:25][DEBUG] 初始化物体model/cube
[2021-02-24 18:25][DEBUG] [OBJECT] 物件初始化成功 
[2021-02-24 18:25][DEBUG] [OBJECT] 物体加入全局物件管理器完毕, id->34359738368, vao->2, vbo->2 
[2021-02-24 18:25][DEBUG] [SHADER] 绑定顶点着色器文件 
[2021-02-24 18:25][DEBUG] [SHADER] 绑定片元着色器文件 
[2021-02-24 18:25][DEBUG] [SHADER] 着色器程序初始化成功 
[2021-02-24 18:25][DEBUG] [SHADER] 绑定顶点着色器文件 
[2021-02-24 18:25][DEBUG] [SHADER] 绑定片元着色器文件 
[2021-02-24 18:25][DEBUG] [SHADER] 着色器程序初始化成功 
[2021-02-24 18:25][DEBUG] [SHADER] 绑定顶点着色器文件 
[2021-02-24 18:25][DEBUG] [SHADER] 绑定片元着色器文件 
[2021-02-24 18:25][DEBUG] [SHADER] 着色器程序初始化成功 
[2021-02-24 18:25][DEBUG] [Model] 载入模型model/nanosuit/nanosuit.obj成功 
[2021-02-24 18:25][DEBUG] 主进程结束
[2021-02-24 18:25][DEBUG] 资源释放完毕
[2021-02-24 18:27][DEBUG] [CAMERA] 摄像机初始化成功 
[2021-02-24 18:27][DEBUG] 主进程初始化完毕
[2021-02-24 18:27][DEBUG] 初始化物体model/cube
[2021-02-24 18:27][DEBUG] [OBJECT] 物件初始化成功 
[2021-02-24 18:27][DEBUG] [OBJECT] 物体加入全局物件管理器完毕, id->8589934592, vao->1, vbo->1 
[2021-02-24 18:27][DEBUG] [SHADER] 绑定顶点着色器文件 
[2021-02-24 18:27][DEBUG] [SHADER] 绑定片元着色器文件 
[2021-02-24 18:27][DEBUG] [SHADER] 着色器程序初始化成功 
[2021-02-24 18:27][DEBUG] [TEXTURE] 0号纹理初始化成功, 纹理id1 
[2021-02-24 18:27][DEBUG] [TEXTURE] 1号纹理初始化成功, 纹理id2 
[2021-02-24 18:27][DEBUG] 初始化物体model/cube
[2021-02-24 18:27][DEBUG] [OBJECT] 物件初始化成功 
[2021-02-24 18:27][DEBUG] [OBJECT] 物体加入全局物件管理器完毕, id->34359738368, vao->2, vbo->2 
[2021-02-24 18:27][DEBUG] [SHADER] 绑定顶点着色器文件 
[2021-02-24 18:27][DEBUG] [SHADER] 绑定片元着色器文件 
[2021-02-24 18:27][DEBUG] [SHADER] 着色器程序初始化成功 
[2021-02-24 18:27][DEBUG] [SHADER] 绑定顶点着色器文件 
[2021-02-24 18:27][DEBUG] [SHADER] 绑定片元着色器文件 
[2021-02-24 18:27][DEBUG] [SHADER] 着色器程序初始化成功 
[2021-02-24 18:27][DEBUG] [Model] 载入模型model/nanosuit/nanosuit.obj成功 
[2021-02-24 18:27][DEBUG] 主进程结束
[2021-02-24 18:27][DEBUG] 资源释放完毕
[2021-02-24 18:27][DEBUG] [CAMERA] 摄像机初始化成功 
[2021-02-24 18:27][DEBUG] 主进程初始化完毕
[2021-02-24 18:27][DEBUG] 初始化物体model/cube
[2021-02-24 18:27][DEBUG] [OBJECT] 物件初始化成功 
[2021-02-24 18:27][DEBUG] [OBJECT] 物体加入全局物件管理器完毕, id->8589934592, vao->1, vbo->1 
[2021-02-24 18:27][DEBUG] [SHADER] 绑定顶点着色器文件 
[2021-02-24 18:27][DEBUG] [SHADER] 绑定片元着色器文件 
[2021-02-24 18:27][DEBUG] [SHADER] 着色器程序初始化成功 
[2021-02-24 18:27][DEBUG] [TEXTURE] 0号纹理初始化成功, 纹理id1 
[2021-02-24 18:27][DEBUG] [TEXTURE] 1号纹理初始化成功, 纹理id2 
[2021-02-24 18:27][DEBUG] 初始化物体model/cube
[2021-02-24 18:27][DEBUG] [OBJECT] 物件初始化成功 
[2021-02-24 18:27][DEBUG] [OBJECT] 物体加入全局物件管理器完毕, id->34359738368, vao->2, vbo->2 
[2021-02-24 18:27][DEBUG] [SHADER] 绑定顶点着色器文件 
[2021-02-24 18:27][DEBUG] [SHADER] 绑定片元着色器文件 
[2021-02-24 18:27][DEBUG] [SHADER] 着色器程序初始化成功 
[2021-02-24 18:27][DEBUG] [SHADER] 绑定顶点着色器文件 
[2021-02-24 18:27][DEBUG] [SHADER] 绑定片元着色器文件 
[2021-02-24 18:27][DEBUG] [SHADER] 着色器程序初始化成功 
[2021-02-24 18:27][DEBUG] [Model] 载入模型model/nanosuit/nanosuit.obj成功 
[2021-02-24 18:28][DEBUG] 主进程结束
[2021-02-24 18:28][DEBUG] 资源释放完毕
[2021-02-24 18:34][DEBUG] [CAMERA] 摄像机初始化成功 
[2021-02-24 18:34][DEBUG] 主进程初始化完毕
[2021-02-24 18:34][DEBUG] 初始化物体model/cube
[2021-02-24 18:34][DEBUG] [OBJECT] 物件初始化成功 
[2021-02-24 18:34][DEBUG] [OBJECT] 物体加入全局物件管理器完毕, id->8589934592, vao->1, vbo->1 
[2021-02-24 18:34][DEBUG] [SHADER] 绑定顶点着色器文件 
[2021-02-24 18:34][DEBUG] [SHADER] 绑定片元着色器文件 
[2021-02-24 18:34][DEBUG] [SHADER] 着色器程序初始化成功 
[2021-02-24 18:34][DEBUG] [TEXTURE] 0号纹理初始化成功, 纹理id1 
[2021-02-24 18:34][DEBUG] [TEXTURE] 1号纹理初始化成功, 纹理id2 
[2021-02-24 18:34][DEBUG] 初始化物体model/cube
[2021-02-24 18:34][DEBUG] [OBJECT] 物件初始化成功 
[2021-02-24 18:34][DEBUG] [OBJECT] 物体加入全局物件管理器完毕, id->34359738368, vao->2, vbo->2 
[2021-02-24 18:34][DEBUG] [SHADER] 绑定顶点着色器文件 
[2021-02-24 18:34][DEBUG] [SHADER] 绑定片元着色器文件 
[2021-02-24 18:34][DEBUG] [SHADER] 着色器程序初始化成功 
[2021-02-24 18:34][DEBUG] [SHADER] 绑定顶点着色器文件 
[2021-02-24 18:34][DEBUG] [SHADER] 绑定片元着色器文件 
[2021-02-24 18:34][DEBUG] [SHADER] 着色器程序初始化成功 
[2021-02-24 18:34][DEBUG] [Model] 载入模型model/nanosuit/nanosuit.obj成功 
[2021-02-24 18:35][DEBUG] 主进程结束
[2021-02-24 18:35][DEBUG] 资源释放完毕
[2021-02-24 18:35][DEBUG] [CAMERA] 摄像机初始化成功 
[2021-02-24 18:35][DEBUG] 主进程初始化完毕
[2021-02-24 18:35][DEBUG] 初始化物体model/cube
[2021-02-24 18:35][DEBUG] [OBJECT] 物件初始化成功 
[2021-02-24 18:35][DEBUG] [OBJECT] 物体加入全局物件管理器完毕, id->8589934592, vao->1, vbo->1 
[2021-02-24 18:35][DEBUG] [SHADER] 绑定顶点着色器文件 
[2021-02-24 18:35][DEBUG] [SHADER] 绑定片元着色器文件 
[2021-02-24 18:35][DEBUG] [SHADER] 着色器程序初始化成功 
[2021-02-24 18:35][DEBUG] [TEXTURE] 0号纹理初始化成功, 纹理id1 
[2021-02-24 18:35][DEBUG] [TEXTURE] 1号纹理初始化成功, 纹理id2 
[2021-02-24 18:35][DEBUG] 初始化物体model/cube
[2021-02-24 18:35][DEBUG] [OBJECT] 物件初始化成功 
[2021-02-24 18:35][DEBUG] [OBJECT] 物体加入全局物件管理器完毕, id->34359738368, vao->2, vbo->2 
[2021-02-24 18:35][DEBUG] [SHADER] 绑定顶点着色器文件 
[2021-02-24 18:35][DEBUG] [SHADER] 绑定片元着色器文件 
[2021-02-24 18:35][DEBUG] [SHADER] 着色器程序初始化成功 
[2021-02-24 18:35][DEBUG] [SHADER] 绑定顶点着色器文件 
[2021-02-24 18:35][DEBUG] [SHADER] 绑定片元着色器文件 
[2021-02-24 18:35][DEBUG] [SHADER] 着色器程序初始化成功 
[2021-02-24 18:35][DEBUG] [Model] 载入模型model/nanosuit/nanosuit.obj成功 
[2021-02-24 18:35][DEBUG] 主进程结束
[2021-02-24 18:35][DEBUG] 资源释放完毕
[2021-02-24 18:42][DEBUG] [CAMERA] 摄像机初始化成功 
[2021-02-24 18:42][DEBUG] 主进程初始化完毕
[2021-02-24 18:42][DEBUG] 初始化物体model/cube
[2021-02-24 18:42][DEBUG] [OBJECT] 物件初始化成功 
[2021-02-24 18:42][DEBUG] [OBJECT] 物体加入全局物件管理器完毕, id->8589934592, vao->1, vbo->1 
[2021-02-24 18:42][DEBUG] [SHADER] 绑定顶点着色器文件 
[2021-02-24 18:42][DEBUG] [SHADER] 绑定片元着色器文件 
[2021-02-24 18:42][DEBUG] [SHADER] 着色器程序初始化成功 
[2021-02-24 18:42][DEBUG] [TEXTURE] 0号纹理初始化成功, 纹理id1 
[2021-02-24 18:42][DEBUG] [TEXTURE] 1号纹理初始化成功, 纹理id2 
[2021-02-24 18:42][DEBUG] 初始化物体model/cube
[2021-02-24 18:42][DEBUG] [OBJECT] 物件初始化成功 
[2021-02-24 18:42][DEBUG] [OBJECT] 物体加入全局物件管理器完毕, id->34359738368, vao->2, vbo->2 
[2021-02-24 18:42][DEBUG] [SHADER] 绑定顶点着色器文件 
[2021-02-24 18:42][DEBUG] [SHADER] 绑定片元着色器文件 
[2021-02-24 18:42][DEBUG] [SHADER] 着色器程序初始化成功 
[2021-02-24 18:42][DEBUG] [SHADER] 绑定顶点着色器文件 
[2021-02-24 18:42][DEBUG] [SHADER] 绑定片元着色器文件 
[2021-02-24 18:42][DEBUG] [SHADER] 着色器程序初始化成功 
[2021-02-24 18:42][DEBUG] [Model] 载入模型model/nanosuit/nanosuit.obj成功 
[2021-02-24 18:42][DEBUG] 主进程结束
[2021-02-24 18:42][DEBUG] 资源释放完毕
[2021-02-24 18:52][DEBUG] [CAMERA] 摄像机初始化成功 
[2021-02-24 18:52][DEBUG] 主进程初始化完毕
[2021-02-24 18:52][DEBUG] 初始化物体model/cube
[2021-02-24 18:52][DEBUG] [OBJECT] 物件初始化成功 
[2021-02-24 18:52][DEBUG] [OBJECT] 物体加入全局物件管理器完毕, id->8589934592, vao->1, vbo->1 
[2021-02-24 18:52][DEBUG] [SHADER] 绑定顶点着色器文件 
[2021-02-24 18:52][DEBUG] [SHADER] 绑定片元着色器文件 
[2021-02-24 18:52][DEBUG] [SHADER] 着色器程序初始化成功 
[2021-02-24 18:52][DEBUG] [TEXTURE] 0号纹理初始化成功, 纹理id1 
[2021-02-24 18:52][DEBUG] [TEXTURE] 1号纹理初始化成功, 纹理id2 
[2021-02-24 18:52][DEBUG] 初始化物体model/cube
[2021-02-24 18:52][DEBUG] [OBJECT] 物件初始化成功 
[2021-02-24 18:52][DEBUG] [OBJECT] 物体加入全局物件管理器完毕, id->34359738368, vao->2, vbo->2 
[2021-02-24 18:52][DEBUG] [SHADER] 绑定顶点着色器文件 
[2021-02-24 18:52][DEBUG] [SHADER] 绑定片元着色器文件 
[2021-02-24 18:52][DEBUG] [SHADER] 着色器程序初始化成功 
[2021-02-24 18:52][DEBUG] [SHADER] 绑定顶点着色器文件 
[2021-02-24 18:52][DEBUG] [SHADER] 绑定片元着色器文件 
[2021-02-24 18:52][DEBUG] [SHADER] 着色器程序初始化成功 
[2021-02-24 18:52][DEBUG] [Model] 载入模型model/SHAN/SHAN.obj成功 
[2021-02-24 18:53][DEBUG] [CAMERA] 摄像机初始化成功 
[2021-02-24 18:53][DEBUG] 主进程初始化完毕
[2021-02-24 18:53][DEBUG] 初始化物体model/cube
[2021-02-24 18:53][DEBUG] [OBJECT] 物件初始化成功 
[2021-02-24 18:53][DEBUG] [OBJECT] 物体加入全局物件管理器完毕, id->8589934592, vao->1, vbo->1 
[2021-02-24 18:53][DEBUG] [SHADER] 绑定顶点着色器文件 
[2021-02-24 18:53][DEBUG] [SHADER] 绑定片元着色器文件 
[2021-02-24 18:53][DEBUG] [SHADER] 着色器程序初始化成功 
[2021-02-24 18:53][DEBUG] [TEXTURE] 0号纹理初始化成功, 纹理id1 
[2021-02-24 18:53][DEBUG] [TEXTURE] 1号纹理初始化成功, 纹理id2 
[2021-02-24 18:53][DEBUG] 初始化物体model/cube
[2021-02-24 18:53][DEBUG] [OBJECT] 物件初始化成功 
[2021-02-24 18:53][DEBUG] [OBJECT] 物体加入全局物件管理器完毕, id->34359738368, vao->2, vbo->2 
[2021-02-24 18:53][DEBUG] [SHADER] 绑定顶点着色器文件 
[2021-02-24 18:53][DEBUG] [SHADER] 绑定片元着色器文件 
[2021-02-24 18:53][DEBUG] [SHADER] 着色器程序初始化成功 
[2021-02-24 18:53][DEBUG] [SHADER] 绑定顶点着色器文件 
[2021-02-24 18:53][DEBUG] [SHADER] 绑定片元着色器文件 
[2021-02-24 18:53][DEBUG] [SHADER] 着色器程序初始化成功 
[2021-02-24 18:53][DEBUG] [Model] 载入模型model/SHAN/SHAN.obj成功 
[2021-02-24 18:53][DEBUG] 主进程结束
[2021-02-24 18:53][DEBUG] 资源释放完毕
[2021-02-24 19:01][DEBUG] [CAMERA] 摄像机初始化成功 
[2021-02-24 19:01][DEBUG] 主进程初始化完毕
[2021-02-24 19:01][DEBUG] 初始化物体model/cube
[2021-02-24 19:01][DEBUG] [OBJECT] 物件初始化成功 
[2021-02-24 19:01][DEBUG] [OBJECT] 物体加入全局物件管理器完毕, id->8589934592, vao->1, vbo->1 
[2021-02-24 19:01][DEBUG] [SHADER] 绑定顶点着色器文件 
[2021-02-24 19:01][DEBUG] [SHADER] 绑定片元着色器文件 
[2021-02-24 19:01][DEBUG] [SHADER] 着色器程序初始化成功 
[2021-02-24 19:01][DEBUG] [TEXTURE] 0号纹理初始化成功, 纹理id1 
[2021-02-24 19:01][DEBUG] [TEXTURE] 1号纹理初始化成功, 纹理id2 
[2021-02-24 19:01][DEBUG] 初始化物体model/cube
[2021-02-24 19:01][DEBUG] [OBJECT] 物件初始化成功 
[2021-02-24 19:01][DEBUG] [OBJECT] 物体加入全局物件管理器完毕, id->34359738368, vao->2, vbo->2 
[2021-02-24 19:01][DEBUG] [SHADER] 绑定顶点着色器文件 
[2021-02-24 19:01][DEBUG] [SHADER] 绑定片元着色器文件 
[2021-02-24 19:01][DEBUG] [SHADER] 着色器程序初始化成功 
[2021-02-24 19:01][DEBUG] [SHADER] 绑定顶点着色器文件 
[2021-02-24 19:01][DEBUG] [SHADER] 绑定片元着色器文件 
[2021-02-24 19:01][DEBUG] [SHADER] 着色器程序初始化成功 
[2021-02-24 19:01][DEBUG] [Model] 载入模型model/nanosuit/nanosuit.obj成功 
[2021-02-24 19:01][DEBUG] 主进程结束
[2021-02-24 19:01][DEBUG] 资源释放完毕
[2021-02-24 19:03][DEBUG] [CAMERA] 摄像机初始化成功 
[2021-02-24 19:03][DEBUG] 主进程初始化完毕
[2021-02-24 19:03][DEBUG] 初始化物体model/cube
[2021-02-24 19:03][DEBUG] [OBJECT] 物件初始化成功 
[2021-02-24 19:03][DEBUG] [OBJECT] 物体加入全局物件管理器完毕, id->8589934592, vao->1, vbo->1 
[2021-02-24 19:03][DEBUG] [SHADER] 绑定顶点着色器文件 
[2021-02-24 19:03][DEBUG] [SHADER] 绑定片元着色器文件 
[2021-02-24 19:03][DEBUG] [SHADER] 着色器程序初始化成功 
[2021-02-24 19:03][DEBUG] [TEXTURE] 0号纹理初始化成功, 纹理id1 
[2021-02-24 19:03][DEBUG] [TEXTURE] 1号纹理初始化成功, 纹理id2 
[2021-02-24 19:03][DEBUG] 初始化物体model/cube
[2021-02-24 19:03][DEBUG] [OBJECT] 物件初始化成功 
[2021-02-24 19:03][DEBUG] [OBJECT] 物体加入全局物件管理器完毕, id->34359738368, vao->2, vbo->2 
[2021-02-24 19:03][DEBUG] [SHADER] 绑定顶点着色器文件 
[2021-02-24 19:03][DEBUG] [SHADER] 绑定片元着色器文件 
[2021-02-24 19:03][DEBUG] [SHADER] 着色器程序初始化成功 
[2021-02-24 19:03][DEBUG] [SHADER] 绑定顶点着色器文件 
[2021-02-24 19:03][DEBUG] [SHADER] 绑定片元着色器文件 
[2021-02-24 19:03][DEBUG] [SHADER] 着色器程序初始化成功 
[2021-02-24 19:03][DEBUG] [Model] 载入模型model/nanosuit/nanosuit.obj成功 
[2021-02-24 19:03][DEBUG] 主进程结束
[2021-02-24 19:03][DEBUG] 资源释放完毕
