[2021-02-02 03:05][ERROR] 窗口句柄初始化失败
[2021-02-02 03:05][FATAL] 窗口初始化失败
[2021-02-02 14:16][DEBUG] [CAMERA] 摄像机初始化成功 
[2021-02-02 14:16][DEBUG] 主进程初始化完毕
[2021-02-02 14:16][DEBUG] 初始化物体model/cube
[2021-02-02 14:16][DEBUG] [OBJECT] 物件初始化成功 
[2021-02-02 14:16][DEBUG] [OBJECT] 物体加入全局物件管理器完毕, id->8589934592, vao->1, vbo->1 
[2021-02-02 14:16][DEBUG] [SHADER] 绑定顶点着色器文件 
[2021-02-02 14:16][DEBUG] [SHADER] 绑定片元着色器文件 
[2021-02-02 14:16][DEBUG] [SHADER] 着色器程序初始化成功 
[2021-02-02 14:16][DEBUG] [TEXTURE] 0号纹理初始化成功, 纹理id1 
[2021-02-02 14:16][DEBUG] [TEXTURE] 1号纹理初始化成功, 纹理id2 
[2021-02-02 14:16][DEBUG] 初始化物体model/cube
[2021-02-02 14:16][DEBUG] [OBJECT] 物件初始化成功 
[2021-02-02 14:16][DEBUG] [OBJECT] 物体加入全局物件管理器完毕, id->34359738368, vao->2, vbo->2 
[2021-02-02 14:16][DEBUG] [SHADER] 绑定顶点着色器文件 
[2021-02-02 14:16][DEBUG] [SHADER] 绑定片元着色器文件 
[2021-02-02 14:16][DEBUG] [SHADER] 着色器程序初始化成功 
[2021-02-02 14:16][DEBUG] 主进程结束
[2021-02-02 14:16][DEBUG] 资源释放完毕
