[2021-02-25 00:53][DEBUG] [CAMERA] 摄像机初始化成功 
[2021-02-25 00:53][DEBUG] 主进程初始化完毕
[2021-02-25 00:53][DEBUG] 初始化物体model/cube
[2021-02-25 00:53][DEBUG] [OBJECT] 物件初始化成功 
[2021-02-25 00:53][DEBUG] [OBJECT] 物体加入全局物件管理器完毕, id->8589934592, vao->1, vbo->1 
[2021-02-25 00:53][DEBUG] [SHADER] 绑定顶点着色器文件 
[2021-02-25 00:53][DEBUG] [SHADER] 绑定片元着色器文件 
[2021-02-25 00:53][DEBUG] [SHADER] 着色器程序初始化成功 
[2021-02-25 00:53][DEBUG] [TEXTURE] 0号纹理初始化成功, 纹理id1 
[2021-02-25 00:53][DEBUG] [TEXTURE] 1号纹理初始化成功, 纹理id2 
[2021-02-25 00:53][DEBUG] 初始化物体model/cube
[2021-02-25 00:53][DEBUG] [OBJECT] 物件初始化成功 
[2021-02-25 00:53][DEBUG] [OBJECT] 物体加入全局物件管理器完毕, id->34359738368, vao->2, vbo->2 
[2021-02-25 00:53][DEBUG] [SHADER] 绑定顶点着色器文件 
[2021-02-25 00:53][DEBUG] [SHADER] 绑定片元着色器文件 
[2021-02-25 00:53][DEBUG] [SHADER] 着色器程序初始化成功 
[2021-02-25 00:53][DEBUG] [SHADER] 绑定顶点着色器文件 
[2021-02-25 00:53][DEBUG] [SHADER] 绑定片元着色器文件 
[2021-02-25 00:53][DEBUG] [SHADER] 着色器程序初始化成功 
[2021-02-25 00:53][DEBUG] [Model] 载入模型model/nanosuit/nanosuit.obj成功 
[2021-02-25 00:53][DEBUG] 主进程结束
[2021-02-25 00:53][DEBUG] 资源释放完毕
[2021-02-25 20:58][ERROR] 窗口句柄初始化失败
[2021-02-25 20:58][FATAL] 窗口初始化失败
[2021-02-25 21:08][ERROR] 窗口句柄初始化失败
[2021-02-25 21:08][FATAL] 窗口初始化失败
[2021-02-25 21:08][ERROR] 窗口句柄初始化失败
[2021-02-25 21:08][FATAL] 窗口初始化失败
[2021-02-25 21:09][ERROR] 窗口句柄初始化失败
[2021-02-25 21:09][FATAL] 窗口初始化失败
[2021-02-25 21:09][ERROR] 窗口句柄初始化失败
[2021-02-25 21:09][FATAL] 窗口初始化失败
[2021-02-25 21:09][ERROR] 窗口句柄初始化失败
[2021-02-25 21:09][FATAL] 窗口初始化失败
[2021-02-25 21:09][ERROR] 窗口句柄初始化失败
[2021-02-25 21:09][FATAL] 窗口初始化失败
[2021-02-25 21:11][ERROR] 窗口句柄初始化失败
[2021-02-25 21:11][FATAL] 窗口初始化失败
[2021-02-25 21:24][ERROR] 窗口句柄初始化失败
[2021-02-25 21:24][FATAL] 窗口初始化失败
[2021-02-25 21:26][ERROR] 窗口句柄初始化失败
[2021-02-25 21:26][FATAL] 窗口初始化失败
[2021-02-25 21:26][ERROR] 窗口句柄初始化失败
[2021-02-25 21:26][FATAL] 窗口初始化失败
[2021-02-25 21:27][ERROR] 窗口句柄初始化失败
[2021-02-25 21:27][FATAL] 窗口初始化失败
[2021-02-25 21:32][ERROR] 窗口句柄初始化失败
[2021-02-25 21:32][FATAL] 窗口初始化失败
[2021-02-25 21:33][ERROR] 窗口句柄初始化失败
[2021-02-25 21:33][FATAL] 窗口初始化失败
[2021-02-25 21:38][DEBUG] [CAMERA] 摄像机初始化成功 
[2021-02-25 21:38][DEBUG] 主进程初始化完毕
[2021-02-25 21:38][DEBUG] 初始化物体model/cube
[2021-02-25 21:38][DEBUG] [OBJECT] 物件初始化成功 
[2021-02-25 21:38][DEBUG] [OBJECT] 物体加入全局物件管理器完毕, id->8589934592, vao->1, vbo->1 
[2021-02-25 21:38][DEBUG] [SHADER] 绑定顶点着色器文件 
[2021-02-25 21:38][DEBUG] [SHADER] 绑定片元着色器文件 
[2021-02-25 21:38][DEBUG] [SHADER] 着色器程序初始化成功 
[2021-02-25 21:38][DEBUG] [TEXTURE] 0号纹理初始化成功, 纹理id1 
[2021-02-25 21:38][DEBUG] [TEXTURE] 1号纹理初始化成功, 纹理id2 
[2021-02-25 21:38][DEBUG] 初始化物体model/cube
[2021-02-25 21:38][DEBUG] [OBJECT] 物件初始化成功 
[2021-02-25 21:38][DEBUG] [OBJECT] 物体加入全局物件管理器完毕, id->34359738368, vao->2, vbo->2 
[2021-02-25 21:38][DEBUG] [SHADER] 绑定顶点着色器文件 
[2021-02-25 21:38][DEBUG] [SHADER] 绑定片元着色器文件 
[2021-02-25 21:38][DEBUG] [SHADER] 着色器程序初始化成功 
[2021-02-25 21:38][DEBUG] [SHADER] 绑定顶点着色器文件 
[2021-02-25 21:38][DEBUG] [SHADER] 绑定片元着色器文件 
[2021-02-25 21:38][DEBUG] [SHADER] 着色器程序初始化成功 
[2021-02-25 21:38][DEBUG] [Model] 载入模型model/nanosuit/nanosuit.obj成功 
[2021-02-25 21:39][DEBUG] 主进程结束
[2021-02-25 21:39][DEBUG] 资源释放完毕
[2021-02-25 21:39][DEBUG] [CAMERA] 摄像机初始化成功 
[2021-02-25 21:39][DEBUG] 主进程初始化完毕
[2021-02-25 21:39][DEBUG] 初始化物体model/cube
[2021-02-25 21:39][DEBUG] [OBJECT] 物件初始化成功 
[2021-02-25 21:39][DEBUG] [OBJECT] 物体加入全局物件管理器完毕, id->8589934592, vao->1, vbo->1 
[2021-02-25 21:39][DEBUG] [SHADER] 绑定顶点着色器文件 
[2021-02-25 21:39][DEBUG] [SHADER] 绑定片元着色器文件 
[2021-02-25 21:39][DEBUG] [SHADER] 着色器程序初始化成功 
[2021-02-25 21:39][DEBUG] [TEXTURE] 0号纹理初始化成功, 纹理id1 
[2021-02-25 21:39][DEBUG] [TEXTURE] 1号纹理初始化成功, 纹理id2 
[2021-02-25 21:39][DEBUG] 初始化物体model/cube
[2021-02-25 21:39][DEBUG] [OBJECT] 物件初始化成功 
[2021-02-25 21:39][DEBUG] [OBJECT] 物体加入全局物件管理器完毕, id->34359738368, vao->2, vbo->2 
[2021-02-25 21:39][DEBUG] [SHADER] 绑定顶点着色器文件 
[2021-02-25 21:39][DEBUG] [SHADER] 绑定片元着色器文件 
[2021-02-25 21:39][DEBUG] [SHADER] 着色器程序初始化成功 
[2021-02-25 21:39][DEBUG] [SHADER] 绑定顶点着色器文件 
[2021-02-25 21:39][DEBUG] [SHADER] 绑定片元着色器文件 
[2021-02-25 21:39][DEBUG] [SHADER] 着色器程序初始化成功 
[2021-02-25 21:39][DEBUG] [Model] 载入模型model/nanosuit/nanosuit.obj成功 
[2021-02-25 21:39][DEBUG] 主进程结束
[2021-02-25 21:39][ERROR] [NMODULE] 获取redis句柄失败 
[2021-02-25 21:39][ERROR] [NMODULE] 获取redis句柄失败 
[2021-02-25 21:40][DEBUG] [CAMERA] 摄像机初始化成功 
[2021-02-25 21:40][DEBUG] 主进程初始化完毕
[2021-02-25 21:40][DEBUG] 初始化物体model/cube
[2021-02-25 21:40][DEBUG] [OBJECT] 物件初始化成功 
[2021-02-25 21:40][DEBUG] [OBJECT] 物体加入全局物件管理器完毕, id->8589934592, vao->1, vbo->1 
[2021-02-25 21:40][DEBUG] [SHADER] 绑定顶点着色器文件 
[2021-02-25 21:40][DEBUG] [SHADER] 绑定片元着色器文件 
[2021-02-25 21:40][DEBUG] [SHADER] 着色器程序初始化成功 
[2021-02-25 21:40][DEBUG] [TEXTURE] 0号纹理初始化成功, 纹理id1 
[2021-02-25 21:40][DEBUG] [TEXTURE] 1号纹理初始化成功, 纹理id2 
[2021-02-25 21:40][DEBUG] 初始化物体model/cube
[2021-02-25 21:40][DEBUG] [OBJECT] 物件初始化成功 
[2021-02-25 21:40][DEBUG] [OBJECT] 物体加入全局物件管理器完毕, id->34359738368, vao->2, vbo->2 
[2021-02-25 21:40][DEBUG] [SHADER] 绑定顶点着色器文件 
[2021-02-25 21:40][DEBUG] [SHADER] 绑定片元着色器文件 
[2021-02-25 21:40][DEBUG] [SHADER] 着色器程序初始化成功 
[2021-02-25 21:40][DEBUG] [SHADER] 绑定顶点着色器文件 
[2021-02-25 21:40][DEBUG] [SHADER] 绑定片元着色器文件 
[2021-02-25 21:40][DEBUG] [SHADER] 着色器程序初始化成功 
[2021-02-25 21:40][DEBUG] [Model] 载入模型model/nanosuit/nanosuit.obj成功 
[2021-02-25 21:40][DEBUG] 主进程结束
[2021-02-25 21:40][ERROR] [CAMERA] _redis数据库写入失败 
[2021-02-25 21:40][DEBUG] 资源释放完毕
[2021-02-25 21:42][DEBUG] [CAMERA] 摄像机初始化成功 
[2021-02-25 21:42][DEBUG] 主进程初始化完毕
[2021-02-25 21:42][DEBUG] 初始化物体model/cube
[2021-02-25 21:42][DEBUG] [OBJECT] 物件初始化成功 
[2021-02-25 21:42][DEBUG] [OBJECT] 物体加入全局物件管理器完毕, id->8589934592, vao->1, vbo->1 
[2021-02-25 21:42][DEBUG] [SHADER] 绑定顶点着色器文件 
[2021-02-25 21:42][DEBUG] [SHADER] 绑定片元着色器文件 
[2021-02-25 21:42][DEBUG] [SHADER] 着色器程序初始化成功 
[2021-02-25 21:42][DEBUG] [TEXTURE] 0号纹理初始化成功, 纹理id1 
[2021-02-25 21:42][DEBUG] [TEXTURE] 1号纹理初始化成功, 纹理id2 
[2021-02-25 21:42][DEBUG] 初始化物体model/cube
[2021-02-25 21:42][DEBUG] [OBJECT] 物件初始化成功 
[2021-02-25 21:42][DEBUG] [OBJECT] 物体加入全局物件管理器完毕, id->34359738368, vao->2, vbo->2 
[2021-02-25 21:42][DEBUG] [SHADER] 绑定顶点着色器文件 
[2021-02-25 21:42][DEBUG] [SHADER] 绑定片元着色器文件 
[2021-02-25 21:42][DEBUG] [SHADER] 着色器程序初始化成功 
[2021-02-25 21:42][DEBUG] [SHADER] 绑定顶点着色器文件 
[2021-02-25 21:42][DEBUG] [SHADER] 绑定片元着色器文件 
[2021-02-25 21:42][DEBUG] [SHADER] 着色器程序初始化成功 
[2021-02-25 21:42][DEBUG] [Model] 载入模型model/nanosuit/nanosuit.obj成功 
[2021-02-25 21:42][DEBUG] 主进程结束
[2021-02-25 21:42][DEBUG] 资源释放完毕
[2021-02-25 21:47][DEBUG] [CAMERA] 摄像机初始化成功 
[2021-02-25 21:47][DEBUG] 主进程初始化完毕
[2021-02-25 21:47][DEBUG] 初始化物体model/cube
[2021-02-25 21:47][DEBUG] [OBJECT] 物件初始化成功 
[2021-02-25 21:47][DEBUG] [OBJECT] 物体加入全局物件管理器完毕, id->8589934592, vao->1, vbo->1 
[2021-02-25 21:47][DEBUG] [SHADER] 绑定顶点着色器文件 
[2021-02-25 21:47][DEBUG] [SHADER] 绑定片元着色器文件 
[2021-02-25 21:47][DEBUG] [SHADER] 着色器程序初始化成功 
[2021-02-25 21:47][DEBUG] [TEXTURE] 0号纹理初始化成功, 纹理id1 
[2021-02-25 21:47][DEBUG] [TEXTURE] 1号纹理初始化成功, 纹理id2 
[2021-02-25 21:47][DEBUG] 初始化物体model/cube
[2021-02-25 21:47][DEBUG] [OBJECT] 物件初始化成功 
[2021-02-25 21:47][DEBUG] [OBJECT] 物体加入全局物件管理器完毕, id->34359738368, vao->2, vbo->2 
[2021-02-25 21:47][DEBUG] [SHADER] 绑定顶点着色器文件 
[2021-02-25 21:47][DEBUG] [SHADER] 绑定片元着色器文件 
[2021-02-25 21:47][DEBUG] [SHADER] 着色器程序初始化成功 
[2021-02-25 21:47][DEBUG] [SHADER] 绑定顶点着色器文件 
[2021-02-25 21:47][DEBUG] [SHADER] 绑定片元着色器文件 
[2021-02-25 21:47][DEBUG] [SHADER] 着色器程序初始化成功 
[2021-02-25 21:47][DEBUG] [Model] 载入模型model/nanosuit/nanosuit.obj成功 
[2021-02-25 21:47][DEBUG] 主进程结束
[2021-02-25 21:47][DEBUG] 资源释放完毕
[2021-02-25 21:56][ERROR] 窗口句柄初始化失败
[2021-02-25 21:56][FATAL] 窗口初始化失败
[2021-02-25 21:56][DEBUG] [CAMERA] 摄像机初始化成功 
[2021-02-25 21:56][DEBUG] 主进程初始化完毕
[2021-02-25 21:56][DEBUG] 初始化物体model/cube
[2021-02-25 21:56][DEBUG] [OBJECT] 物件初始化成功 
[2021-02-25 21:56][DEBUG] [OBJECT] 物体加入全局物件管理器完毕, id->8589934592, vao->1, vbo->1 
[2021-02-25 21:56][DEBUG] [SHADER] 绑定顶点着色器文件 
[2021-02-25 21:56][DEBUG] [SHADER] 绑定片元着色器文件 
[2021-02-25 21:56][DEBUG] [SHADER] 着色器程序初始化成功 
[2021-02-25 21:56][DEBUG] [TEXTURE] 0号纹理初始化成功, 纹理id1 
[2021-02-25 21:56][DEBUG] [TEXTURE] 1号纹理初始化成功, 纹理id2 
[2021-02-25 21:56][DEBUG] 初始化物体model/cube
[2021-02-25 21:56][DEBUG] [OBJECT] 物件初始化成功 
[2021-02-25 21:56][DEBUG] [OBJECT] 物体加入全局物件管理器完毕, id->34359738368, vao->2, vbo->2 
[2021-02-25 21:56][DEBUG] [SHADER] 绑定顶点着色器文件 
[2021-02-25 21:56][DEBUG] [SHADER] 绑定片元着色器文件 
[2021-02-25 21:56][DEBUG] [SHADER] 着色器程序初始化成功 
[2021-02-25 21:56][DEBUG] [SHADER] 绑定顶点着色器文件 
[2021-02-25 21:56][DEBUG] [SHADER] 绑定片元着色器文件 
[2021-02-25 21:56][DEBUG] [SHADER] 着色器程序初始化成功 
[2021-02-25 21:56][DEBUG] [Model] 载入模型model/nanosuit/nanosuit.obj成功 
[2021-02-25 21:56][DEBUG] 主进程结束
[2021-02-25 21:56][DEBUG] 资源释放完毕
[2021-02-25 23:05][ERROR] 窗口句柄初始化失败
[2021-02-25 23:05][FATAL] 窗口初始化失败
[2021-02-25 23:05][DEBUG] [CAMERA] 摄像机初始化成功 
[2021-02-25 23:05][DEBUG] 主进程初始化完毕
[2021-02-25 23:05][DEBUG] 初始化物体model/cube
[2021-02-25 23:05][DEBUG] [OBJECT] 物件初始化成功 
[2021-02-25 23:05][DEBUG] [OBJECT] 物体加入全局物件管理器完毕, id->8589934592, vao->1, vbo->1 
[2021-02-25 23:05][DEBUG] [SHADER] 绑定顶点着色器文件 
[2021-02-25 23:05][DEBUG] [SHADER] 绑定片元着色器文件 
[2021-02-25 23:05][DEBUG] [SHADER] 着色器程序初始化成功 
[2021-02-25 23:05][DEBUG] [TEXTURE] 0号纹理初始化成功, 纹理id1 
[2021-02-25 23:05][DEBUG] [TEXTURE] 1号纹理初始化成功, 纹理id2 
[2021-02-25 23:05][DEBUG] 初始化物体model/cube
[2021-02-25 23:05][DEBUG] [OBJECT] 物件初始化成功 
[2021-02-25 23:05][DEBUG] [OBJECT] 物体加入全局物件管理器完毕, id->34359738368, vao->2, vbo->2 
[2021-02-25 23:05][DEBUG] [SHADER] 绑定顶点着色器文件 
[2021-02-25 23:05][DEBUG] [SHADER] 绑定片元着色器文件 
[2021-02-25 23:05][DEBUG] [SHADER] 着色器程序初始化成功 
[2021-02-25 23:05][DEBUG] 主进程结束
[2021-02-25 23:05][DEBUG] 资源释放完毕
[2021-02-25 23:07][DEBUG] [CAMERA] 摄像机初始化成功 
[2021-02-25 23:07][DEBUG] 主进程初始化完毕
[2021-02-25 23:07][DEBUG] 初始化物体model/cube
[2021-02-25 23:07][DEBUG] [OBJECT] 物件初始化成功 
[2021-02-25 23:07][DEBUG] [OBJECT] 物体加入全局物件管理器完毕, id->8589934592, vao->1, vbo->1 
[2021-02-25 23:07][DEBUG] [SHADER] 绑定顶点着色器文件 
[2021-02-25 23:07][DEBUG] [SHADER] 绑定片元着色器文件 
[2021-02-25 23:07][DEBUG] [SHADER] 着色器程序初始化成功 
[2021-02-25 23:07][DEBUG] [TEXTURE] 0号纹理初始化成功, 纹理id1 
[2021-02-25 23:07][DEBUG] [TEXTURE] 1号纹理初始化成功, 纹理id2 
[2021-02-25 23:07][DEBUG] 初始化物体model/cube
[2021-02-25 23:07][DEBUG] [OBJECT] 物件初始化成功 
[2021-02-25 23:07][DEBUG] [OBJECT] 物体加入全局物件管理器完毕, id->34359738368, vao->2, vbo->2 
[2021-02-25 23:07][DEBUG] [SHADER] 绑定顶点着色器文件 
[2021-02-25 23:07][DEBUG] [SHADER] 绑定片元着色器文件 
[2021-02-25 23:07][DEBUG] [SHADER] 着色器程序初始化成功 
[2021-02-25 23:07][DEBUG] 主进程结束
[2021-02-25 23:07][DEBUG] 资源释放完毕
[2021-02-25 23:12][DEBUG] [CAMERA] 摄像机初始化成功 
[2021-02-25 23:12][DEBUG] 主进程初始化完毕
[2021-02-25 23:12][DEBUG] 初始化物体model/cube
[2021-02-25 23:12][DEBUG] [OBJECT] 物件初始化成功 
[2021-02-25 23:12][DEBUG] [OBJECT] 物体加入全局物件管理器完毕, id->8589934592, vao->1, vbo->1 
[2021-02-25 23:12][DEBUG] [SHADER] 绑定顶点着色器文件 
[2021-02-25 23:12][DEBUG] [SHADER] 绑定片元着色器文件 
[2021-02-25 23:12][DEBUG] [SHADER] 着色器程序初始化成功 
[2021-02-25 23:12][DEBUG] [TEXTURE] 0号纹理初始化成功, 纹理id1 
[2021-02-25 23:12][DEBUG] [TEXTURE] 1号纹理初始化成功, 纹理id2 
[2021-02-25 23:12][DEBUG] 初始化物体model/cube
[2021-02-25 23:12][DEBUG] [OBJECT] 物件初始化成功 
[2021-02-25 23:12][DEBUG] [OBJECT] 物体加入全局物件管理器完毕, id->34359738368, vao->2, vbo->2 
[2021-02-25 23:12][DEBUG] [SHADER] 绑定顶点着色器文件 
[2021-02-25 23:12][DEBUG] [SHADER] 绑定片元着色器文件 
[2021-02-25 23:12][DEBUG] [SHADER] 着色器程序初始化成功 
[2021-02-25 23:12][DEBUG] 主进程结束
[2021-02-25 23:12][DEBUG] 资源释放完毕
[2021-02-25 23:21][DEBUG] [CAMERA] 摄像机初始化成功 
[2021-02-25 23:21][DEBUG] 主进程初始化完毕
[2021-02-25 23:21][DEBUG] 初始化物体model/cube
[2021-02-25 23:21][DEBUG] [OBJECT] 物件初始化成功 
[2021-02-25 23:21][DEBUG] [OBJECT] 物体加入全局物件管理器完毕, id->8589934592, vao->1, vbo->1 
[2021-02-25 23:21][DEBUG] [SHADER] 绑定顶点着色器文件 
[2021-02-25 23:21][DEBUG] [SHADER] 绑定片元着色器文件 
[2021-02-25 23:21][DEBUG] [SHADER] 着色器程序初始化成功 
[2021-02-25 23:21][DEBUG] [TEXTURE] 0号纹理初始化成功, 纹理id1 
[2021-02-25 23:21][DEBUG] [TEXTURE] 1号纹理初始化成功, 纹理id2 
[2021-02-25 23:21][DEBUG] 初始化物体model/cube
[2021-02-25 23:21][DEBUG] [OBJECT] 物件初始化成功 
[2021-02-25 23:21][DEBUG] [OBJECT] 物体加入全局物件管理器完毕, id->34359738368, vao->2, vbo->2 
[2021-02-25 23:21][DEBUG] [SHADER] 绑定顶点着色器文件 
[2021-02-25 23:21][DEBUG] [SHADER] 绑定片元着色器文件 
[2021-02-25 23:21][DEBUG] [SHADER] 着色器程序初始化成功 
[2021-02-25 23:21][DEBUG] 主进程结束
[2021-02-25 23:21][DEBUG] 资源释放完毕
[2021-02-25 23:21][DEBUG] [CAMERA] 摄像机初始化成功 
[2021-02-25 23:21][DEBUG] 主进程初始化完毕
[2021-02-25 23:21][DEBUG] 初始化物体model/cube
[2021-02-25 23:21][DEBUG] [OBJECT] 物件初始化成功 
[2021-02-25 23:21][DEBUG] [OBJECT] 物体加入全局物件管理器完毕, id->8589934592, vao->1, vbo->1 
[2021-02-25 23:21][DEBUG] [SHADER] 绑定顶点着色器文件 
[2021-02-25 23:21][DEBUG] [SHADER] 绑定片元着色器文件 
[2021-02-25 23:21][DEBUG] [SHADER] 着色器程序初始化成功 
[2021-02-25 23:21][DEBUG] [TEXTURE] 0号纹理初始化成功, 纹理id1 
[2021-02-25 23:21][DEBUG] [TEXTURE] 1号纹理初始化成功, 纹理id2 
[2021-02-25 23:21][DEBUG] 初始化物体model/cube
[2021-02-25 23:21][DEBUG] [OBJECT] 物件初始化成功 
[2021-02-25 23:21][DEBUG] [OBJECT] 物体加入全局物件管理器完毕, id->34359738368, vao->2, vbo->2 
[2021-02-25 23:21][DEBUG] [SHADER] 绑定顶点着色器文件 
[2021-02-25 23:21][DEBUG] [SHADER] 绑定片元着色器文件 
[2021-02-25 23:21][DEBUG] [SHADER] 着色器程序初始化成功 
[2021-02-25 23:21][DEBUG] 主进程结束
[2021-02-25 23:21][DEBUG] 资源释放完毕
[2021-02-25 23:23][DEBUG] [CAMERA] 摄像机初始化成功 
[2021-02-25 23:23][DEBUG] 主进程初始化完毕
[2021-02-25 23:23][DEBUG] 初始化物体model/cube
[2021-02-25 23:23][DEBUG] [OBJECT] 物件初始化成功 
[2021-02-25 23:23][DEBUG] [OBJECT] 物体加入全局物件管理器完毕, id->8589934592, vao->1, vbo->1 
[2021-02-25 23:23][DEBUG] [SHADER] 绑定顶点着色器文件 
[2021-02-25 23:23][DEBUG] [SHADER] 绑定片元着色器文件 
[2021-02-25 23:23][DEBUG] [SHADER] 着色器程序初始化成功 
[2021-02-25 23:23][DEBUG] [TEXTURE] 0号纹理初始化成功, 纹理id1 
[2021-02-25 23:23][DEBUG] [TEXTURE] 1号纹理初始化成功, 纹理id2 
[2021-02-25 23:23][DEBUG] 初始化物体model/cube
[2021-02-25 23:23][DEBUG] [OBJECT] 物件初始化成功 
[2021-02-25 23:23][DEBUG] [OBJECT] 物体加入全局物件管理器完毕, id->34359738368, vao->2, vbo->2 
[2021-02-25 23:23][DEBUG] [SHADER] 绑定顶点着色器文件 
[2021-02-25 23:23][DEBUG] [SHADER] 绑定片元着色器文件 
[2021-02-25 23:23][DEBUG] [SHADER] 着色器程序初始化成功 
[2021-02-25 23:23][DEBUG] 主进程结束
[2021-02-25 23:23][DEBUG] 资源释放完毕
[2021-02-25 23:24][DEBUG] [CAMERA] 摄像机初始化成功 
[2021-02-25 23:24][DEBUG] 主进程初始化完毕
[2021-02-25 23:24][DEBUG] 初始化物体model/cube
[2021-02-25 23:24][DEBUG] [OBJECT] 物件初始化成功 
[2021-02-25 23:24][DEBUG] [OBJECT] 物体加入全局物件管理器完毕, id->8589934592, vao->1, vbo->1 
[2021-02-25 23:24][DEBUG] [SHADER] 绑定顶点着色器文件 
[2021-02-25 23:24][DEBUG] [SHADER] 绑定片元着色器文件 
[2021-02-25 23:24][DEBUG] [SHADER] 着色器程序初始化成功 
[2021-02-25 23:24][DEBUG] [TEXTURE] 0号纹理初始化成功, 纹理id1 
[2021-02-25 23:24][DEBUG] [TEXTURE] 1号纹理初始化成功, 纹理id2 
[2021-02-25 23:24][DEBUG] 初始化物体model/cube
[2021-02-25 23:24][DEBUG] [OBJECT] 物件初始化成功 
[2021-02-25 23:24][DEBUG] [OBJECT] 物体加入全局物件管理器完毕, id->34359738368, vao->2, vbo->2 
[2021-02-25 23:24][DEBUG] [SHADER] 绑定顶点着色器文件 
[2021-02-25 23:24][DEBUG] [SHADER] 绑定片元着色器文件 
[2021-02-25 23:24][DEBUG] [SHADER] 着色器程序初始化成功 
[2021-02-25 23:24][DEBUG] 主进程结束
[2021-02-25 23:24][DEBUG] 资源释放完毕
[2021-02-25 23:25][DEBUG] [CAMERA] 摄像机初始化成功 
[2021-02-25 23:25][DEBUG] 主进程初始化完毕
[2021-02-25 23:25][DEBUG] 初始化物体model/cube
[2021-02-25 23:25][DEBUG] [OBJECT] 物件初始化成功 
[2021-02-25 23:25][DEBUG] [OBJECT] 物体加入全局物件管理器完毕, id->8589934592, vao->1, vbo->1 
[2021-02-25 23:25][DEBUG] [SHADER] 绑定顶点着色器文件 
[2021-02-25 23:25][DEBUG] [SHADER] 绑定片元着色器文件 
[2021-02-25 23:25][DEBUG] [SHADER] 着色器程序初始化成功 
[2021-02-25 23:25][DEBUG] [TEXTURE] 0号纹理初始化成功, 纹理id1 
[2021-02-25 23:25][DEBUG] [TEXTURE] 1号纹理初始化成功, 纹理id2 
[2021-02-25 23:25][DEBUG] 初始化物体model/cube
[2021-02-25 23:25][DEBUG] [OBJECT] 物件初始化成功 
[2021-02-25 23:25][DEBUG] [OBJECT] 物体加入全局物件管理器完毕, id->34359738368, vao->2, vbo->2 
[2021-02-25 23:25][DEBUG] [SHADER] 绑定顶点着色器文件 
[2021-02-25 23:25][DEBUG] [SHADER] 绑定片元着色器文件 
[2021-02-25 23:25][DEBUG] [SHADER] 着色器程序初始化成功 
[2021-02-25 23:25][DEBUG] 主进程结束
[2021-02-25 23:25][DEBUG] 资源释放完毕
[2021-02-25 23:28][DEBUG] [CAMERA] 摄像机初始化成功 
[2021-02-25 23:28][DEBUG] 主进程初始化完毕
[2021-02-25 23:28][DEBUG] 初始化物体model/cube
[2021-02-25 23:28][DEBUG] [OBJECT] 物件初始化成功 
[2021-02-25 23:28][DEBUG] [OBJECT] 物体加入全局物件管理器完毕, id->8589934592, vao->1, vbo->1 
[2021-02-25 23:28][DEBUG] [SHADER] 绑定顶点着色器文件 
[2021-02-25 23:28][DEBUG] [SHADER] 绑定片元着色器文件 
[2021-02-25 23:28][DEBUG] [SHADER] 着色器程序初始化成功 
[2021-02-25 23:28][DEBUG] [TEXTURE] 0号纹理初始化成功, 纹理id1 
[2021-02-25 23:28][DEBUG] [TEXTURE] 1号纹理初始化成功, 纹理id2 
[2021-02-25 23:28][DEBUG] 初始化物体model/cube
[2021-02-25 23:28][DEBUG] [OBJECT] 物件初始化成功 
[2021-02-25 23:28][DEBUG] [OBJECT] 物体加入全局物件管理器完毕, id->34359738368, vao->2, vbo->2 
[2021-02-25 23:28][DEBUG] [SHADER] 绑定顶点着色器文件 
[2021-02-25 23:28][DEBUG] [SHADER] 绑定片元着色器文件 
[2021-02-25 23:28][DEBUG] [SHADER] 着色器程序初始化成功 
[2021-02-25 23:28][DEBUG] 主进程结束
[2021-02-25 23:28][DEBUG] 资源释放完毕
[2021-02-25 23:31][DEBUG] [CAMERA] 摄像机初始化成功 
[2021-02-25 23:31][DEBUG] 主进程初始化完毕
[2021-02-25 23:31][DEBUG] 初始化物体model/cube
[2021-02-25 23:31][DEBUG] [OBJECT] 物件初始化成功 
[2021-02-25 23:31][DEBUG] [OBJECT] 物体加入全局物件管理器完毕, id->8589934592, vao->1, vbo->1 
[2021-02-25 23:31][DEBUG] [SHADER] 绑定顶点着色器文件 
[2021-02-25 23:31][DEBUG] [SHADER] 绑定片元着色器文件 
[2021-02-25 23:31][DEBUG] [SHADER] 着色器程序初始化成功 
[2021-02-25 23:31][DEBUG] [TEXTURE] 0号纹理初始化成功, 纹理id1 
[2021-02-25 23:31][DEBUG] [TEXTURE] 1号纹理初始化成功, 纹理id2 
[2021-02-25 23:31][DEBUG] 初始化物体model/cube
[2021-02-25 23:31][DEBUG] [OBJECT] 物件初始化成功 
[2021-02-25 23:31][DEBUG] [OBJECT] 物体加入全局物件管理器完毕, id->34359738368, vao->2, vbo->2 
[2021-02-25 23:31][DEBUG] [SHADER] 绑定顶点着色器文件 
[2021-02-25 23:31][DEBUG] [SHADER] 绑定片元着色器文件 
[2021-02-25 23:31][DEBUG] [SHADER] 着色器程序初始化成功 
[2021-02-25 23:31][DEBUG] 主进程结束
[2021-02-25 23:31][DEBUG] 资源释放完毕
[2021-02-25 23:32][DEBUG] [CAMERA] 摄像机初始化成功 
[2021-02-25 23:32][DEBUG] 主进程初始化完毕
[2021-02-25 23:32][DEBUG] 初始化物体model/cube
[2021-02-25 23:32][DEBUG] [OBJECT] 物件初始化成功 
[2021-02-25 23:32][DEBUG] [OBJECT] 物体加入全局物件管理器完毕, id->8589934592, vao->1, vbo->1 
[2021-02-25 23:32][DEBUG] [SHADER] 绑定顶点着色器文件 
[2021-02-25 23:32][DEBUG] [SHADER] 绑定片元着色器文件 
[2021-02-25 23:32][DEBUG] [SHADER] 着色器程序初始化成功 
[2021-02-25 23:32][DEBUG] [TEXTURE] 0号纹理初始化成功, 纹理id1 
[2021-02-25 23:32][DEBUG] [TEXTURE] 1号纹理初始化成功, 纹理id2 
[2021-02-25 23:32][DEBUG] 初始化物体model/cube
[2021-02-25 23:32][DEBUG] [OBJECT] 物件初始化成功 
[2021-02-25 23:32][DEBUG] [OBJECT] 物体加入全局物件管理器完毕, id->34359738368, vao->2, vbo->2 
[2021-02-25 23:32][DEBUG] [SHADER] 绑定顶点着色器文件 
[2021-02-25 23:32][DEBUG] [SHADER] 绑定片元着色器文件 
[2021-02-25 23:32][DEBUG] [SHADER] 着色器程序初始化成功 
[2021-02-25 23:32][DEBUG] 主进程结束
[2021-02-25 23:32][DEBUG] 资源释放完毕
[2021-02-25 23:32][DEBUG] [CAMERA] 摄像机初始化成功 
[2021-02-25 23:32][DEBUG] 主进程初始化完毕
[2021-02-25 23:32][DEBUG] 初始化物体model/cube
[2021-02-25 23:32][DEBUG] [OBJECT] 物件初始化成功 
[2021-02-25 23:32][DEBUG] [OBJECT] 物体加入全局物件管理器完毕, id->8589934592, vao->1, vbo->1 
[2021-02-25 23:32][DEBUG] [SHADER] 绑定顶点着色器文件 
[2021-02-25 23:32][DEBUG] [SHADER] 绑定片元着色器文件 
[2021-02-25 23:32][DEBUG] [SHADER] 着色器程序初始化成功 
[2021-02-25 23:32][DEBUG] [TEXTURE] 0号纹理初始化成功, 纹理id1 
[2021-02-25 23:32][DEBUG] [TEXTURE] 1号纹理初始化成功, 纹理id2 
[2021-02-25 23:32][DEBUG] 初始化物体model/cube
[2021-02-25 23:32][DEBUG] [OBJECT] 物件初始化成功 
[2021-02-25 23:32][DEBUG] [OBJECT] 物体加入全局物件管理器完毕, id->34359738368, vao->2, vbo->2 
[2021-02-25 23:32][DEBUG] [SHADER] 绑定顶点着色器文件 
[2021-02-25 23:32][DEBUG] [SHADER] 绑定片元着色器文件 
[2021-02-25 23:32][DEBUG] [SHADER] 着色器程序初始化成功 
[2021-02-25 23:33][DEBUG] 主进程结束
[2021-02-25 23:33][DEBUG] 资源释放完毕
[2021-02-25 23:36][DEBUG] [CAMERA] 摄像机初始化成功 
[2021-02-25 23:36][DEBUG] 主进程初始化完毕
[2021-02-25 23:36][DEBUG] 初始化物体model/cube
[2021-02-25 23:36][DEBUG] [OBJECT] 物件初始化成功 
[2021-02-25 23:36][DEBUG] [OBJECT] 物体加入全局物件管理器完毕, id->8589934592, vao->1, vbo->1 
[2021-02-25 23:36][DEBUG] [SHADER] 绑定顶点着色器文件 
[2021-02-25 23:36][DEBUG] [SHADER] 绑定片元着色器文件 
[2021-02-25 23:36][ERROR] [SHADER] SHADER_COMPILATION_ERROR of type: fragment 
 0:139(2): error: syntax error, unexpected ELSE, expecting ',' or ';'
 
 ---------------------------------------- 
[2021-02-25 23:36][ERROR] [OBJECT] shader初始化失败 
[2021-02-25 23:36][ERROR] 物体着色器初始化失败
[2021-02-25 23:36][DEBUG] 主进程结束
[2021-02-25 23:36][DEBUG] 资源释放完毕
[2021-02-25 23:36][DEBUG] [CAMERA] 摄像机初始化成功 
[2021-02-25 23:36][DEBUG] 主进程初始化完毕
[2021-02-25 23:36][DEBUG] 初始化物体model/cube
[2021-02-25 23:36][DEBUG] [OBJECT] 物件初始化成功 
[2021-02-25 23:36][DEBUG] [OBJECT] 物体加入全局物件管理器完毕, id->8589934592, vao->1, vbo->1 
[2021-02-25 23:36][DEBUG] [SHADER] 绑定顶点着色器文件 
[2021-02-25 23:36][DEBUG] [SHADER] 绑定片元着色器文件 
[2021-02-25 23:36][ERROR] [SHADER] SHADER_COMPILATION_ERROR of type: fragment 
 0:138(19): error: no matching function for call to `texture(bool, vec2)'; candidates are:
0:138(19): error:    vec4 texture(sampler1D, float)
0:138(19): error:    ivec4 texture(isampler1D, float)
0:138(19): error:    uvec4 texture(usampler1D, float)
0:138(19): error:    vec4 texture(sampler2D, vec2)
0:138(19): error:    ivec4 texture(isampler2D, vec2)
0:138(19): error:    uvec4 texture(usampler2D, vec2)
0:138(19): error:    vec4 texture(sampler3D, vec3)
0:138(19): error:    ivec4 texture(isampler3D, vec3)
0:138(19): error:    uvec4 texture(usampler3D, vec3)
0:138(19): error:    vec4 texture(samplerCube, vec3)
0:138(19): error:    ivec4 texture(isamplerCube, vec3)
0:138(19): error:    uvec4 texture(usamplerCube, vec3)
0:138(19): error:    float texture(sampler1DShadow, vec3)
0:138(19): error:    float texture(sampler2DShadow, vec3)
0:138(19): error:    float texture(samplerCubeShadow, vec4)
0:138(19): error:    vec4 texture(sampler1DArray, vec2)
0:138(19): error:   
[2021-02-25 23:36][ERROR] [OBJECT] shader初始化失败 
[2021-02-25 23:36][ERROR] 物体着色器初始化失败
[2021-02-25 23:36][DEBUG] 主进程结束
[2021-02-25 23:36][DEBUG] 资源释放完毕
[2021-02-25 23:36][DEBUG] [CAMERA] 摄像机初始化成功 
[2021-02-25 23:36][DEBUG] 主进程初始化完毕
[2021-02-25 23:36][DEBUG] 初始化物体model/cube
[2021-02-25 23:36][DEBUG] [OBJECT] 物件初始化成功 
[2021-02-25 23:36][DEBUG] [OBJECT] 物体加入全局物件管理器完毕, id->8589934592, vao->1, vbo->1 
[2021-02-25 23:36][DEBUG] [SHADER] 绑定顶点着色器文件 
[2021-02-25 23:36][DEBUG] [SHADER] 绑定片元着色器文件 
[2021-02-25 23:36][ERROR] [SHADER] SHADER_COMPILATION_ERROR of type: fragment 
 0:138(14): error: too many parameters to `vec4' constructor
 
 ---------------------------------------- 
[2021-02-25 23:36][ERROR] [OBJECT] shader初始化失败 
[2021-02-25 23:36][ERROR] 物体着色器初始化失败
[2021-02-25 23:36][DEBUG] 主进程结束
[2021-02-25 23:36][DEBUG] 资源释放完毕
[2021-02-25 23:37][DEBUG] [CAMERA] 摄像机初始化成功 
[2021-02-25 23:37][DEBUG] 主进程初始化完毕
[2021-02-25 23:37][DEBUG] 初始化物体model/cube
[2021-02-25 23:37][DEBUG] [OBJECT] 物件初始化成功 
[2021-02-25 23:37][DEBUG] [OBJECT] 物体加入全局物件管理器完毕, id->8589934592, vao->1, vbo->1 
[2021-02-25 23:37][DEBUG] [SHADER] 绑定顶点着色器文件 
[2021-02-25 23:37][DEBUG] [SHADER] 绑定片元着色器文件 
[2021-02-25 23:37][DEBUG] [SHADER] 着色器程序初始化成功 
[2021-02-25 23:37][DEBUG] [TEXTURE] 0号纹理初始化成功, 纹理id1 
[2021-02-25 23:37][DEBUG] [TEXTURE] 1号纹理初始化成功, 纹理id2 
[2021-02-25 23:37][DEBUG] 初始化物体model/cube
[2021-02-25 23:37][DEBUG] [OBJECT] 物件初始化成功 
[2021-02-25 23:37][DEBUG] [OBJECT] 物体加入全局物件管理器完毕, id->34359738368, vao->2, vbo->2 
[2021-02-25 23:37][DEBUG] [SHADER] 绑定顶点着色器文件 
[2021-02-25 23:37][DEBUG] [SHADER] 绑定片元着色器文件 
[2021-02-25 23:37][DEBUG] [SHADER] 着色器程序初始化成功 
[2021-02-25 23:37][DEBUG] 主进程结束
[2021-02-25 23:37][DEBUG] 资源释放完毕
[2021-02-25 23:37][DEBUG] [CAMERA] 摄像机初始化成功 
[2021-02-25 23:37][DEBUG] 主进程初始化完毕
[2021-02-25 23:37][DEBUG] 初始化物体model/cube
[2021-02-25 23:37][DEBUG] [OBJECT] 物件初始化成功 
[2021-02-25 23:37][DEBUG] [OBJECT] 物体加入全局物件管理器完毕, id->8589934592, vao->1, vbo->1 
[2021-02-25 23:37][DEBUG] [SHADER] 绑定顶点着色器文件 
[2021-02-25 23:37][DEBUG] [SHADER] 绑定片元着色器文件 
[2021-02-25 23:37][DEBUG] [SHADER] 着色器程序初始化成功 
[2021-02-25 23:37][DEBUG] [TEXTURE] 0号纹理初始化成功, 纹理id1 
[2021-02-25 23:37][DEBUG] [TEXTURE] 1号纹理初始化成功, 纹理id2 
[2021-02-25 23:37][DEBUG] 初始化物体model/cube
[2021-02-25 23:37][DEBUG] [OBJECT] 物件初始化成功 
[2021-02-25 23:37][DEBUG] [OBJECT] 物体加入全局物件管理器完毕, id->34359738368, vao->2, vbo->2 
[2021-02-25 23:37][DEBUG] [SHADER] 绑定顶点着色器文件 
[2021-02-25 23:37][DEBUG] [SHADER] 绑定片元着色器文件 
[2021-02-25 23:37][DEBUG] [SHADER] 着色器程序初始化成功 
[2021-02-25 23:38][DEBUG] 主进程结束
[2021-02-25 23:38][DEBUG] 资源释放完毕
[2021-02-25 23:40][DEBUG] [CAMERA] 摄像机初始化成功 
[2021-02-25 23:40][DEBUG] 主进程初始化完毕
[2021-02-25 23:40][DEBUG] 初始化物体model/cube
[2021-02-25 23:40][DEBUG] [OBJECT] 物件初始化成功 
[2021-02-25 23:40][DEBUG] [OBJECT] 物体加入全局物件管理器完毕, id->8589934592, vao->1, vbo->1 
[2021-02-25 23:40][DEBUG] [SHADER] 绑定顶点着色器文件 
[2021-02-25 23:40][DEBUG] [SHADER] 绑定片元着色器文件 
[2021-02-25 23:40][DEBUG] [SHADER] 着色器程序初始化成功 
[2021-02-25 23:40][DEBUG] [TEXTURE] 0号纹理初始化成功, 纹理id1 
[2021-02-25 23:40][DEBUG] [TEXTURE] 1号纹理初始化成功, 纹理id2 
[2021-02-25 23:40][DEBUG] 初始化物体model/cube
[2021-02-25 23:40][DEBUG] [OBJECT] 物件初始化成功 
[2021-02-25 23:40][DEBUG] [OBJECT] 物体加入全局物件管理器完毕, id->34359738368, vao->2, vbo->2 
[2021-02-25 23:40][DEBUG] [SHADER] 绑定顶点着色器文件 
[2021-02-25 23:40][DEBUG] [SHADER] 绑定片元着色器文件 
[2021-02-25 23:40][DEBUG] [SHADER] 着色器程序初始化成功 
[2021-02-25 23:41][DEBUG] 主进程结束
[2021-02-25 23:41][DEBUG] 资源释放完毕
[2021-02-25 23:44][DEBUG] [CAMERA] 摄像机初始化成功 
[2021-02-25 23:44][DEBUG] 主进程初始化完毕
[2021-02-25 23:44][DEBUG] 初始化物体model/cube
[2021-02-25 23:44][DEBUG] [OBJECT] 物件初始化成功 
[2021-02-25 23:44][DEBUG] [OBJECT] 物体加入全局物件管理器完毕, id->8589934592, vao->1, vbo->1 
[2021-02-25 23:44][DEBUG] [SHADER] 绑定顶点着色器文件 
[2021-02-25 23:44][DEBUG] [SHADER] 绑定片元着色器文件 
[2021-02-25 23:44][DEBUG] [SHADER] 着色器程序初始化成功 
[2021-02-25 23:44][DEBUG] [TEXTURE] 0号纹理初始化成功, 纹理id1 
[2021-02-25 23:44][DEBUG] [TEXTURE] 1号纹理初始化成功, 纹理id2 
[2021-02-25 23:44][DEBUG] 初始化物体model/cube
[2021-02-25 23:44][DEBUG] [OBJECT] 物件初始化成功 
[2021-02-25 23:44][DEBUG] [OBJECT] 物体加入全局物件管理器完毕, id->34359738368, vao->2, vbo->2 
[2021-02-25 23:44][DEBUG] [SHADER] 绑定顶点着色器文件 
[2021-02-25 23:44][DEBUG] [SHADER] 绑定片元着色器文件 
[2021-02-25 23:44][DEBUG] [SHADER] 着色器程序初始化成功 
[2021-02-25 23:44][DEBUG] 主进程结束
[2021-02-25 23:44][DEBUG] 资源释放完毕
[2021-02-25 23:45][DEBUG] [CAMERA] 摄像机初始化成功 
[2021-02-25 23:45][DEBUG] 主进程初始化完毕
[2021-02-25 23:45][DEBUG] 初始化物体model/cube
[2021-02-25 23:45][DEBUG] [OBJECT] 物件初始化成功 
[2021-02-25 23:45][DEBUG] [OBJECT] 物体加入全局物件管理器完毕, id->8589934592, vao->1, vbo->1 
[2021-02-25 23:45][DEBUG] [SHADER] 绑定顶点着色器文件 
[2021-02-25 23:45][DEBUG] [SHADER] 绑定片元着色器文件 
[2021-02-25 23:45][DEBUG] [SHADER] 着色器程序初始化成功 
[2021-02-25 23:45][DEBUG] [TEXTURE] 0号纹理初始化成功, 纹理id1 
[2021-02-25 23:45][DEBUG] [TEXTURE] 1号纹理初始化成功, 纹理id2 
[2021-02-25 23:45][DEBUG] 初始化物体model/cube
[2021-02-25 23:45][DEBUG] [OBJECT] 物件初始化成功 
[2021-02-25 23:45][DEBUG] [OBJECT] 物体加入全局物件管理器完毕, id->34359738368, vao->2, vbo->2 
[2021-02-25 23:45][DEBUG] [SHADER] 绑定顶点着色器文件 
[2021-02-25 23:45][DEBUG] [SHADER] 绑定片元着色器文件 
[2021-02-25 23:45][DEBUG] [SHADER] 着色器程序初始化成功 
[2021-02-25 23:45][DEBUG] 主进程结束
[2021-02-25 23:45][DEBUG] 资源释放完毕
[2021-02-25 23:45][DEBUG] [CAMERA] 摄像机初始化成功 
[2021-02-25 23:45][DEBUG] 主进程初始化完毕
[2021-02-25 23:45][DEBUG] 初始化物体model/cube
[2021-02-25 23:45][DEBUG] [OBJECT] 物件初始化成功 
[2021-02-25 23:45][DEBUG] [OBJECT] 物体加入全局物件管理器完毕, id->8589934592, vao->1, vbo->1 
[2021-02-25 23:45][DEBUG] [SHADER] 绑定顶点着色器文件 
[2021-02-25 23:45][DEBUG] [SHADER] 绑定片元着色器文件 
[2021-02-25 23:45][DEBUG] [SHADER] 着色器程序初始化成功 
[2021-02-25 23:45][DEBUG] [TEXTURE] 0号纹理初始化成功, 纹理id1 
[2021-02-25 23:45][DEBUG] [TEXTURE] 1号纹理初始化成功, 纹理id2 
[2021-02-25 23:45][DEBUG] 初始化物体model/cube
[2021-02-25 23:45][DEBUG] [OBJECT] 物件初始化成功 
[2021-02-25 23:45][DEBUG] [OBJECT] 物体加入全局物件管理器完毕, id->34359738368, vao->2, vbo->2 
[2021-02-25 23:45][DEBUG] [SHADER] 绑定顶点着色器文件 
[2021-02-25 23:45][DEBUG] [SHADER] 绑定片元着色器文件 
[2021-02-25 23:45][DEBUG] [SHADER] 着色器程序初始化成功 
[2021-02-25 23:45][DEBUG] 主进程结束
[2021-02-25 23:45][DEBUG] 资源释放完毕
[2021-02-25 23:46][DEBUG] [CAMERA] 摄像机初始化成功 
[2021-02-25 23:46][DEBUG] 主进程初始化完毕
[2021-02-25 23:46][DEBUG] 初始化物体model/cube
[2021-02-25 23:46][DEBUG] [OBJECT] 物件初始化成功 
[2021-02-25 23:46][DEBUG] [OBJECT] 物体加入全局物件管理器完毕, id->8589934592, vao->1, vbo->1 
[2021-02-25 23:46][DEBUG] [SHADER] 绑定顶点着色器文件 
[2021-02-25 23:46][DEBUG] [SHADER] 绑定片元着色器文件 
[2021-02-25 23:46][DEBUG] [SHADER] 着色器程序初始化成功 
[2021-02-25 23:46][DEBUG] [TEXTURE] 0号纹理初始化成功, 纹理id1 
[2021-02-25 23:46][DEBUG] [TEXTURE] 1号纹理初始化成功, 纹理id2 
[2021-02-25 23:46][DEBUG] 初始化物体model/cube
[2021-02-25 23:46][DEBUG] [OBJECT] 物件初始化成功 
[2021-02-25 23:46][DEBUG] [OBJECT] 物体加入全局物件管理器完毕, id->34359738368, vao->2, vbo->2 
[2021-02-25 23:46][DEBUG] [SHADER] 绑定顶点着色器文件 
[2021-02-25 23:46][DEBUG] [SHADER] 绑定片元着色器文件 
[2021-02-25 23:46][DEBUG] [SHADER] 着色器程序初始化成功 
[2021-02-25 23:46][DEBUG] 主进程结束
[2021-02-25 23:46][DEBUG] 资源释放完毕
[2021-02-25 23:46][DEBUG] [CAMERA] 摄像机初始化成功 
[2021-02-25 23:46][DEBUG] 主进程初始化完毕
[2021-02-25 23:46][DEBUG] 初始化物体model/cube
[2021-02-25 23:46][DEBUG] [OBJECT] 物件初始化成功 
[2021-02-25 23:46][DEBUG] [OBJECT] 物体加入全局物件管理器完毕, id->8589934592, vao->1, vbo->1 
[2021-02-25 23:46][DEBUG] [SHADER] 绑定顶点着色器文件 
[2021-02-25 23:46][DEBUG] [SHADER] 绑定片元着色器文件 
[2021-02-25 23:46][DEBUG] [SHADER] 着色器程序初始化成功 
[2021-02-25 23:46][DEBUG] [TEXTURE] 0号纹理初始化成功, 纹理id1 
[2021-02-25 23:46][DEBUG] [TEXTURE] 1号纹理初始化成功, 纹理id2 
[2021-02-25 23:46][DEBUG] 初始化物体model/cube
[2021-02-25 23:46][DEBUG] [OBJECT] 物件初始化成功 
[2021-02-25 23:46][DEBUG] [OBJECT] 物体加入全局物件管理器完毕, id->34359738368, vao->2, vbo->2 
[2021-02-25 23:46][DEBUG] [SHADER] 绑定顶点着色器文件 
[2021-02-25 23:46][DEBUG] [SHADER] 绑定片元着色器文件 
[2021-02-25 23:46][DEBUG] [SHADER] 着色器程序初始化成功 
[2021-02-25 23:47][DEBUG] 主进程结束
[2021-02-25 23:47][DEBUG] 资源释放完毕
[2021-02-25 23:50][DEBUG] [CAMERA] 摄像机初始化成功 
[2021-02-25 23:50][DEBUG] 主进程初始化完毕
[2021-02-25 23:50][DEBUG] 初始化物体model/cube
[2021-02-25 23:50][DEBUG] [OBJECT] 物件初始化成功 
[2021-02-25 23:50][DEBUG] [OBJECT] 物体加入全局物件管理器完毕, id->8589934592, vao->1, vbo->1 
[2021-02-25 23:50][DEBUG] [SHADER] 绑定顶点着色器文件 
[2021-02-25 23:50][DEBUG] [SHADER] 绑定片元着色器文件 
[2021-02-25 23:50][DEBUG] [SHADER] 着色器程序初始化成功 
[2021-02-25 23:50][DEBUG] [TEXTURE] 0号纹理初始化成功, 纹理id1 
[2021-02-25 23:50][DEBUG] [TEXTURE] 1号纹理初始化成功, 纹理id2 
[2021-02-25 23:50][DEBUG] 初始化物体model/cube
[2021-02-25 23:50][DEBUG] [OBJECT] 物件初始化成功 
[2021-02-25 23:50][DEBUG] [OBJECT] 物体加入全局物件管理器完毕, id->34359738368, vao->2, vbo->2 
[2021-02-25 23:50][DEBUG] [SHADER] 绑定顶点着色器文件 
[2021-02-25 23:50][DEBUG] [SHADER] 绑定片元着色器文件 
[2021-02-25 23:50][DEBUG] [SHADER] 着色器程序初始化成功 
[2021-02-25 23:51][DEBUG] 主进程结束
[2021-02-25 23:51][DEBUG] 资源释放完毕
[2021-02-25 23:53][DEBUG] [CAMERA] 摄像机初始化成功 
[2021-02-25 23:53][DEBUG] 主进程初始化完毕
[2021-02-25 23:53][DEBUG] 初始化物体model/cube
[2021-02-25 23:53][DEBUG] [OBJECT] 物件初始化成功 
[2021-02-25 23:53][DEBUG] [OBJECT] 物体加入全局物件管理器完毕, id->8589934592, vao->1, vbo->1 
[2021-02-25 23:53][DEBUG] [SHADER] 绑定顶点着色器文件 
[2021-02-25 23:53][DEBUG] [SHADER] 绑定片元着色器文件 
[2021-02-25 23:53][DEBUG] [SHADER] 着色器程序初始化成功 
[2021-02-25 23:53][DEBUG] [TEXTURE] 0号纹理初始化成功, 纹理id1 
[2021-02-25 23:53][DEBUG] [TEXTURE] 1号纹理初始化成功, 纹理id2 
[2021-02-25 23:53][DEBUG] 初始化物体model/cube
[2021-02-25 23:53][DEBUG] [OBJECT] 物件初始化成功 
[2021-02-25 23:53][DEBUG] [OBJECT] 物体加入全局物件管理器完毕, id->34359738368, vao->2, vbo->2 
[2021-02-25 23:53][DEBUG] [SHADER] 绑定顶点着色器文件 
[2021-02-25 23:53][DEBUG] [SHADER] 绑定片元着色器文件 
[2021-02-25 23:53][DEBUG] [SHADER] 着色器程序初始化成功 
[2021-02-25 23:53][DEBUG] 主进程结束
[2021-02-25 23:53][DEBUG] 资源释放完毕
