[2021-01-18 16:20][DEBUG] [CAMERA] 摄像机初始化成功 
[2021-01-18 16:20][DEBUG] 主进程初始化完毕
[2021-01-18 16:20][DEBUG] 初始化物体model/cube
[2021-01-18 16:20][DEBUG] [OBJECT] 物件初始化成功 
[2021-01-18 16:20][DEBUG] [OBJECT] 物体加入全局物件管理器完毕, id->8589934592, vao->1, vbo->1 
[2021-01-18 16:20][DEBUG] [SHADER] 绑定顶点着色器文件 
[2021-01-18 16:20][DEBUG] [SHADER] 绑定片元着色器文件 
[2021-01-18 16:20][ERROR] [SHADER] SHADER_COMPILATION_ERROR of type: fragment 
 0:38(55): error: syntax error, unexpected DOT_TOK, expecting '('
 
 ---------------------------------------- 
[2021-01-18 16:20][ERROR] [OBJECT] shader初始化失败 
[2021-01-18 16:20][ERROR] 物体着色器初始化失败
[2021-01-18 16:20][DEBUG] 主进程结束
[2021-01-18 16:20][DEBUG] 资源释放完毕
[2021-01-18 16:25][DEBUG] [CAMERA] 摄像机初始化成功 
[2021-01-18 16:25][DEBUG] 主进程初始化完毕
[2021-01-18 16:25][DEBUG] 初始化物体model/cube
[2021-01-18 16:25][DEBUG] [OBJECT] 物件初始化成功 
[2021-01-18 16:25][DEBUG] [OBJECT] 物体加入全局物件管理器完毕, id->8589934592, vao->1, vbo->1 
[2021-01-18 16:25][DEBUG] [SHADER] 绑定顶点着色器文件 
[2021-01-18 16:25][DEBUG] [SHADER] 绑定片元着色器文件 
[2021-01-18 16:25][ERROR] [SHADER] SHADER_COMPILATION_ERROR of type: fragment 
 0:38(47): error: cannot access field `diffuse' of structure
0:38(47): error: type mismatch
0:38(58): error: `TexCoords' undeclared
0:38(39): error: no matching function for call to `texture(error, error)'; candidates are:
0:38(39): error:    vec4 texture(sampler1D, float)
0:38(39): error:    ivec4 texture(isampler1D, float)
0:38(39): error:    uvec4 texture(usampler1D, float)
0:38(39): error:    vec4 texture(sampler2D, vec2)
0:38(39): error:    ivec4 texture(isampler2D, vec2)
0:38(39): error:    uvec4 texture(usampler2D, vec2)
0:38(39): error:    vec4 texture(sampler3D, vec3)
0:38(39): error:    ivec4 texture(isampler3D, vec3)
0:38(39): error:    uvec4 texture(usampler3D, vec3)
0:38(39): error:    vec4 texture(samplerCube, vec3)
0:38(39): error:    ivec4 texture(isamplerCube, vec3)
0:38(39): error:    uvec4 texture(usamplerCube, vec3)
0:38(39): error:    float texture(sampler1DShadow, vec3)
0:38(39): error:    float texture(sampler2DShadow, vec3)
0:38(39): error:  
[2021-01-18 16:25][ERROR] [OBJECT] shader初始化失败 
[2021-01-18 16:25][ERROR] 物体着色器初始化失败
[2021-01-18 16:25][DEBUG] 主进程结束
[2021-01-18 16:25][DEBUG] 资源释放完毕
[2021-01-18 16:26][DEBUG] [CAMERA] 摄像机初始化成功 
[2021-01-18 16:26][DEBUG] 主进程初始化完毕
[2021-01-18 16:26][DEBUG] 初始化物体model/cube
[2021-01-18 16:26][DEBUG] [OBJECT] 物件初始化成功 
[2021-01-18 16:26][DEBUG] [OBJECT] 物体加入全局物件管理器完毕, id->8589934592, vao->1, vbo->1 
[2021-01-18 16:26][DEBUG] [SHADER] 绑定顶点着色器文件 
[2021-01-18 16:26][DEBUG] [SHADER] 绑定片元着色器文件 
[2021-01-18 16:26][ERROR] [SHADER] SHADER_COMPILATION_ERROR of type: fragment 
 0:38(47): error: cannot access field `diffuse' of structure
0:38(47): error: type mismatch
0:38(39): error: no matching function for call to `texture(error, vec2)'; candidates are:
0:38(39): error:    vec4 texture(sampler1D, float)
0:38(39): error:    ivec4 texture(isampler1D, float)
0:38(39): error:    uvec4 texture(usampler1D, float)
0:38(39): error:    vec4 texture(sampler2D, vec2)
0:38(39): error:    ivec4 texture(isampler2D, vec2)
0:38(39): error:    uvec4 texture(usampler2D, vec2)
0:38(39): error:    vec4 texture(sampler3D, vec3)
0:38(39): error:    ivec4 texture(isampler3D, vec3)
0:38(39): error:    uvec4 texture(usampler3D, vec3)
0:38(39): error:    vec4 texture(samplerCube, vec3)
0:38(39): error:    ivec4 texture(isamplerCube, vec3)
0:38(39): error:    uvec4 texture(usamplerCube, vec3)
0:38(39): error:    float texture(sampler1DShadow, vec3)
0:38(39): error:    float texture(sampler2DShadow, vec3)
0:38(39): error:    float texture(samplerCubeShadow, vec4) 
[2021-01-18 16:26][ERROR] [OBJECT] shader初始化失败 
[2021-01-18 16:26][ERROR] 物体着色器初始化失败
[2021-01-18 16:26][DEBUG] 主进程结束
[2021-01-18 16:26][DEBUG] 资源释放完毕
[2021-01-18 16:27][DEBUG] [CAMERA] 摄像机初始化成功 
[2021-01-18 16:27][DEBUG] 主进程初始化完毕
[2021-01-18 16:27][DEBUG] 初始化物体model/cube
[2021-01-18 16:27][DEBUG] [OBJECT] 物件初始化成功 
[2021-01-18 16:27][DEBUG] [OBJECT] 物体加入全局物件管理器完毕, id->8589934592, vao->1, vbo->1 
[2021-01-18 16:27][DEBUG] [SHADER] 绑定顶点着色器文件 
[2021-01-18 16:27][DEBUG] [SHADER] 绑定片元着色器文件 
[2021-01-18 16:27][DEBUG] [SHADER] 着色器程序初始化成功 
[2021-01-18 16:27][ERROR] [TEXTURE] 加载0号纹理失败 
[2021-01-18 16:27][ERROR] [OBJECT] texture初始化失败 
[2021-01-18 16:27][ERROR] [TEXTURE] 激活纹理单元非法, 0号纹理单元未绑定纹理 
[2021-01-18 16:27][DEBUG] 初始化物体model/cube
[2021-01-18 16:27][DEBUG] [OBJECT] 物件初始化成功 
[2021-01-18 16:27][DEBUG] [OBJECT] 物体加入全局物件管理器完毕, id->34359738368, vao->2, vbo->2 
[2021-01-18 16:27][DEBUG] [SHADER] 绑定顶点着色器文件 
[2021-01-18 16:27][DEBUG] [SHADER] 绑定片元着色器文件 
[2021-01-18 16:27][DEBUG] [SHADER] 着色器程序初始化成功 
[2021-01-18 16:27][DEBUG] 主进程结束
[2021-01-18 16:27][DEBUG] 资源释放完毕
[2021-01-18 16:29][DEBUG] [CAMERA] 摄像机初始化成功 
[2021-01-18 16:29][DEBUG] 主进程初始化完毕
[2021-01-18 16:29][DEBUG] 初始化物体model/cube
[2021-01-18 16:29][DEBUG] [OBJECT] 物件初始化成功 
[2021-01-18 16:29][DEBUG] [OBJECT] 物体加入全局物件管理器完毕, id->8589934592, vao->1, vbo->1 
[2021-01-18 16:29][DEBUG] [SHADER] 绑定顶点着色器文件 
[2021-01-18 16:29][DEBUG] [SHADER] 绑定片元着色器文件 
[2021-01-18 16:29][DEBUG] [SHADER] 着色器程序初始化成功 
[2021-01-18 16:29][DEBUG] [TEXTURE] 0号纹理初始化成功 
[2021-01-18 16:29][DEBUG] 初始化物体model/cube
[2021-01-18 16:29][DEBUG] [OBJECT] 物件初始化成功 
[2021-01-18 16:29][DEBUG] [OBJECT] 物体加入全局物件管理器完毕, id->34359738368, vao->2, vbo->2 
[2021-01-18 16:29][DEBUG] [SHADER] 绑定顶点着色器文件 
[2021-01-18 16:29][DEBUG] [SHADER] 绑定片元着色器文件 
[2021-01-18 16:29][DEBUG] [SHADER] 着色器程序初始化成功 
[2021-01-18 16:29][DEBUG] 主进程结束
[2021-01-18 16:29][DEBUG] 资源释放完毕
[2021-01-18 16:41][DEBUG] [CAMERA] 摄像机初始化成功 
[2021-01-18 16:41][DEBUG] 主进程初始化完毕
[2021-01-18 16:41][DEBUG] 初始化物体model/cube
[2021-01-18 16:41][DEBUG] [OBJECT] 物件初始化成功 
[2021-01-18 16:41][DEBUG] [OBJECT] 物体加入全局物件管理器完毕, id->8589934592, vao->1, vbo->1 
[2021-01-18 16:41][DEBUG] [SHADER] 绑定顶点着色器文件 
[2021-01-18 16:41][DEBUG] [SHADER] 绑定片元着色器文件 
[2021-01-18 16:41][DEBUG] [SHADER] 着色器程序初始化成功 
[2021-01-18 16:41][DEBUG] [TEXTURE] 0号纹理初始化成功 
[2021-01-18 16:41][DEBUG] 初始化物体model/cube
[2021-01-18 16:41][DEBUG] [OBJECT] 物件初始化成功 
[2021-01-18 16:41][DEBUG] [OBJECT] 物体加入全局物件管理器完毕, id->34359738368, vao->2, vbo->2 
[2021-01-18 16:41][DEBUG] [SHADER] 绑定顶点着色器文件 
[2021-01-18 16:41][DEBUG] [SHADER] 绑定片元着色器文件 
[2021-01-18 16:41][DEBUG] [SHADER] 着色器程序初始化成功 
[2021-01-18 16:41][DEBUG] 主进程结束
[2021-01-18 16:41][DEBUG] 资源释放完毕
[2021-01-18 16:46][DEBUG] [CAMERA] 摄像机初始化成功 
[2021-01-18 16:46][DEBUG] 主进程初始化完毕
[2021-01-18 16:46][DEBUG] 初始化物体model/cube
[2021-01-18 16:46][DEBUG] [OBJECT] 物件初始化成功 
[2021-01-18 16:46][DEBUG] [OBJECT] 物体加入全局物件管理器完毕, id->8589934592, vao->1, vbo->1 
[2021-01-18 16:46][DEBUG] [SHADER] 绑定顶点着色器文件 
[2021-01-18 16:46][DEBUG] [SHADER] 绑定片元着色器文件 
[2021-01-18 16:46][DEBUG] [SHADER] 着色器程序初始化成功 
[2021-01-18 16:46][DEBUG] [TEXTURE] 0号纹理初始化成功 
[2021-01-18 16:46][DEBUG] 初始化物体model/cube
[2021-01-18 16:46][DEBUG] [OBJECT] 物件初始化成功 
[2021-01-18 16:46][DEBUG] [OBJECT] 物体加入全局物件管理器完毕, id->34359738368, vao->2, vbo->2 
[2021-01-18 16:46][DEBUG] [SHADER] 绑定顶点着色器文件 
[2021-01-18 16:46][DEBUG] [SHADER] 绑定片元着色器文件 
[2021-01-18 16:46][DEBUG] [SHADER] 着色器程序初始化成功 
[2021-01-18 16:47][DEBUG] 主进程结束
[2021-01-18 16:47][DEBUG] 资源释放完毕
[2021-01-18 16:47][DEBUG] [CAMERA] 摄像机初始化成功 
[2021-01-18 16:47][DEBUG] 主进程初始化完毕
[2021-01-18 16:47][DEBUG] 初始化物体model/cube
[2021-01-18 16:47][DEBUG] [OBJECT] 物件初始化成功 
[2021-01-18 16:47][DEBUG] [OBJECT] 物体加入全局物件管理器完毕, id->8589934592, vao->1, vbo->1 
[2021-01-18 16:47][DEBUG] [SHADER] 绑定顶点着色器文件 
[2021-01-18 16:47][DEBUG] [SHADER] 绑定片元着色器文件 
[2021-01-18 16:47][DEBUG] [SHADER] 着色器程序初始化成功 
[2021-01-18 16:47][DEBUG] [TEXTURE] 0号纹理初始化成功 
[2021-01-18 16:47][DEBUG] 初始化物体model/cube
[2021-01-18 16:47][DEBUG] [OBJECT] 物件初始化成功 
[2021-01-18 16:47][DEBUG] [OBJECT] 物体加入全局物件管理器完毕, id->34359738368, vao->2, vbo->2 
[2021-01-18 16:47][DEBUG] [SHADER] 绑定顶点着色器文件 
[2021-01-18 16:47][DEBUG] [SHADER] 绑定片元着色器文件 
[2021-01-18 16:47][DEBUG] [SHADER] 着色器程序初始化成功 
[2021-01-18 16:47][DEBUG] 主进程结束
[2021-01-18 16:47][DEBUG] 资源释放完毕
[2021-01-18 16:58][DEBUG] [CAMERA] 摄像机初始化成功 
[2021-01-18 16:58][DEBUG] 主进程初始化完毕
[2021-01-18 16:58][DEBUG] 初始化物体model/cube
[2021-01-18 16:58][DEBUG] [OBJECT] 物件初始化成功 
[2021-01-18 16:58][DEBUG] [OBJECT] 物体加入全局物件管理器完毕, id->8589934592, vao->1, vbo->1 
[2021-01-18 16:58][DEBUG] [SHADER] 绑定顶点着色器文件 
[2021-01-18 16:58][DEBUG] [SHADER] 绑定片元着色器文件 
[2021-01-18 16:58][DEBUG] [SHADER] 着色器程序初始化成功 
[2021-01-18 16:58][DEBUG] [TEXTURE] 0号纹理初始化成功 
[2021-01-18 16:58][DEBUG] 初始化物体model/cube
[2021-01-18 16:58][DEBUG] [OBJECT] 物件初始化成功 
[2021-01-18 16:58][DEBUG] [OBJECT] 物体加入全局物件管理器完毕, id->34359738368, vao->2, vbo->2 
[2021-01-18 16:58][DEBUG] [SHADER] 绑定顶点着色器文件 
[2021-01-18 16:58][DEBUG] [SHADER] 绑定片元着色器文件 
[2021-01-18 16:58][DEBUG] [SHADER] 着色器程序初始化成功 
[2021-01-18 16:58][DEBUG] 主进程结束
[2021-01-18 16:58][DEBUG] 资源释放完毕
[2021-01-18 17:14][DEBUG] [CAMERA] 摄像机初始化成功 
[2021-01-18 17:14][DEBUG] 主进程初始化完毕
[2021-01-18 17:14][DEBUG] 初始化物体model/cube
[2021-01-18 17:14][DEBUG] [OBJECT] 物件初始化成功 
[2021-01-18 17:14][DEBUG] [OBJECT] 物体加入全局物件管理器完毕, id->8589934592, vao->1, vbo->1 
[2021-01-18 17:14][DEBUG] [SHADER] 绑定顶点着色器文件 
[2021-01-18 17:14][DEBUG] [SHADER] 绑定片元着色器文件 
[2021-01-18 17:14][DEBUG] [SHADER] 着色器程序初始化成功 
[2021-01-18 17:14][DEBUG] [TEXTURE] 0号纹理初始化成功 
[2021-01-18 17:14][DEBUG] 初始化物体model/cube
[2021-01-18 17:14][DEBUG] [OBJECT] 物件初始化成功 
[2021-01-18 17:14][DEBUG] [OBJECT] 物体加入全局物件管理器完毕, id->34359738368, vao->2, vbo->2 
[2021-01-18 17:14][DEBUG] [SHADER] 绑定顶点着色器文件 
[2021-01-18 17:14][DEBUG] [SHADER] 绑定片元着色器文件 
[2021-01-18 17:14][DEBUG] [SHADER] 着色器程序初始化成功 
[2021-01-18 17:14][DEBUG] 主进程结束
[2021-01-18 17:14][DEBUG] 资源释放完毕
[2021-01-18 17:16][DEBUG] [CAMERA] 摄像机初始化成功 
[2021-01-18 17:16][DEBUG] 主进程初始化完毕
[2021-01-18 17:16][DEBUG] 初始化物体model/cube
[2021-01-18 17:16][DEBUG] [OBJECT] 物件初始化成功 
[2021-01-18 17:16][DEBUG] [OBJECT] 物体加入全局物件管理器完毕, id->8589934592, vao->1, vbo->1 
[2021-01-18 17:16][DEBUG] [SHADER] 绑定顶点着色器文件 
[2021-01-18 17:16][DEBUG] [SHADER] 绑定片元着色器文件 
[2021-01-18 17:16][DEBUG] [SHADER] 着色器程序初始化成功 
[2021-01-18 17:16][DEBUG] [TEXTURE] 0号纹理初始化成功, 纹理id 
[2021-01-18 17:16][DEBUG] 初始化物体model/cube
[2021-01-18 17:16][DEBUG] [OBJECT] 物件初始化成功 
[2021-01-18 17:16][DEBUG] [OBJECT] 物体加入全局物件管理器完毕, id->34359738368, vao->2, vbo->2 
[2021-01-18 17:16][DEBUG] [SHADER] 绑定顶点着色器文件 
[2021-01-18 17:16][DEBUG] [SHADER] 绑定片元着色器文件 
[2021-01-18 17:16][DEBUG] [SHADER] 着色器程序初始化成功 
[2021-01-18 17:16][DEBUG] 主进程结束
[2021-01-18 17:16][DEBUG] 资源释放完毕
[2021-01-18 17:16][DEBUG] [CAMERA] 摄像机初始化成功 
[2021-01-18 17:16][DEBUG] 主进程初始化完毕
[2021-01-18 17:16][DEBUG] 初始化物体model/cube
[2021-01-18 17:16][DEBUG] [OBJECT] 物件初始化成功 
[2021-01-18 17:16][DEBUG] [OBJECT] 物体加入全局物件管理器完毕, id->8589934592, vao->1, vbo->1 
[2021-01-18 17:16][DEBUG] [SHADER] 绑定顶点着色器文件 
[2021-01-18 17:16][DEBUG] [SHADER] 绑定片元着色器文件 
[2021-01-18 17:16][DEBUG] [SHADER] 着色器程序初始化成功 
[2021-01-18 17:16][DEBUG] [TEXTURE] 0号纹理初始化成功, 纹理id1 
[2021-01-18 17:16][DEBUG] 初始化物体model/cube
[2021-01-18 17:16][DEBUG] [OBJECT] 物件初始化成功 
[2021-01-18 17:16][DEBUG] [OBJECT] 物体加入全局物件管理器完毕, id->34359738368, vao->2, vbo->2 
[2021-01-18 17:16][DEBUG] [SHADER] 绑定顶点着色器文件 
[2021-01-18 17:16][DEBUG] [SHADER] 绑定片元着色器文件 
[2021-01-18 17:16][DEBUG] [SHADER] 着色器程序初始化成功 
[2021-01-18 17:16][DEBUG] 主进程结束
[2021-01-18 17:16][DEBUG] 资源释放完毕
[2021-01-18 17:19][DEBUG] [CAMERA] 摄像机初始化成功 
[2021-01-18 17:19][DEBUG] 主进程初始化完毕
[2021-01-18 17:19][DEBUG] 初始化物体model/cube
[2021-01-18 17:19][DEBUG] [OBJECT] 物件初始化成功 
[2021-01-18 17:19][DEBUG] [OBJECT] 物体加入全局物件管理器完毕, id->8589934592, vao->1, vbo->1 
[2021-01-18 17:19][DEBUG] [SHADER] 绑定顶点着色器文件 
[2021-01-18 17:19][DEBUG] [SHADER] 绑定片元着色器文件 
[2021-01-18 17:19][DEBUG] [SHADER] 着色器程序初始化成功 
[2021-01-18 17:19][DEBUG] [TEXTURE] 0号纹理初始化成功, 纹理id1 
[2021-01-18 17:19][DEBUG] 初始化物体model/cube
[2021-01-18 17:19][DEBUG] [OBJECT] 物件初始化成功 
[2021-01-18 17:19][DEBUG] [OBJECT] 物体加入全局物件管理器完毕, id->34359738368, vao->2, vbo->2 
[2021-01-18 17:19][DEBUG] [SHADER] 绑定顶点着色器文件 
[2021-01-18 17:19][DEBUG] [SHADER] 绑定片元着色器文件 
[2021-01-18 17:19][DEBUG] [SHADER] 着色器程序初始化成功 
[2021-01-18 17:19][DEBUG] 主进程结束
[2021-01-18 17:19][DEBUG] 资源释放完毕
[2021-01-18 17:23][DEBUG] [CAMERA] 摄像机初始化成功 
[2021-01-18 17:23][DEBUG] 主进程初始化完毕
[2021-01-18 17:23][DEBUG] 初始化物体model/cube
[2021-01-18 17:23][DEBUG] [OBJECT] 物件初始化成功 
[2021-01-18 17:23][DEBUG] [OBJECT] 物体加入全局物件管理器完毕, id->8589934592, vao->1, vbo->1 
[2021-01-18 17:23][DEBUG] [SHADER] 绑定顶点着色器文件 
[2021-01-18 17:23][DEBUG] [SHADER] 绑定片元着色器文件 
[2021-01-18 17:23][DEBUG] [SHADER] 着色器程序初始化成功 
[2021-01-18 17:23][DEBUG] [TEXTURE] 0号纹理初始化成功, 纹理id1 
[2021-01-18 17:23][DEBUG] 初始化物体model/cube
[2021-01-18 17:23][DEBUG] [OBJECT] 物件初始化成功 
[2021-01-18 17:23][DEBUG] [OBJECT] 物体加入全局物件管理器完毕, id->34359738368, vao->2, vbo->2 
[2021-01-18 17:23][DEBUG] [SHADER] 绑定顶点着色器文件 
[2021-01-18 17:23][DEBUG] [SHADER] 绑定片元着色器文件 
[2021-01-18 17:23][DEBUG] [SHADER] 着色器程序初始化成功 
[2021-01-18 17:23][DEBUG] [OBJECT] tid1 
[2021-01-18 17:23][DEBUG] [OBJECT] tid1 
[2021-01-18 17:23][DEBUG] [OBJECT] tid1 
[2021-01-18 17:23][DEBUG] [OBJECT] tid1 
[2021-01-18 17:23][DEBUG] [OBJECT] tid1 
[2021-01-18 17:23][DEBUG] [OBJECT] tid1 
[2021-01-18 17:23][DEBUG] [OBJECT] tid1 
[2021-01-18 17:23][DEBUG] [OBJECT] tid1 
[2021-01-18 17:23][DEBUG] [OBJECT] tid1 
[2021-01-18 17:23][DEBUG] [OBJECT] tid1 
[2021-01-18 17:23][DEBUG] [OBJECT] tid1 
[2021-01-18 17:23][DEBUG] [OBJECT] tid1 
[2021-01-18 17:23][DEBUG] [OBJECT] tid1 
[2021-01-18 17:23][DEBUG] [OBJECT] tid1 
[2021-01-18 17:23][DEBUG] [OBJECT] tid1 
[2021-01-18 17:23][DEBUG] [OBJECT] tid1 
[2021-01-18 17:23][DEBUG] [OBJECT] tid1 
[2021-01-18 17:23][DEBUG] [OBJECT] tid1 
[2021-01-18 17:23][DEBUG] [OBJECT] tid1 
[2021-01-18 17:23][DEBUG] [OBJECT] tid1 
[2021-01-18 17:23][DEBUG] [OBJECT] tid1 
[2021-01-18 17:23][DEBUG] [OBJECT] tid1 
[2021-01-18 17:23][DEBUG] [OBJECT] tid1 
[2021-01-18 17:23][DEBUG] [OBJECT] tid1 
[2021-01-18 17:23][DEBUG] [OBJECT] tid1 
[2021-01-18 17:23][DEBUG] [OBJECT] tid1 
[2021-01-18 17:23][DEBUG] [OBJECT] tid1 
[2021-01-18 17:23][DEBUG] [OBJECT] tid1 
[2021-01-18 17:23][DEBUG] [OBJECT] tid1 
[2021-01-18 17:23][DEBUG] [OBJECT] tid1 
[2021-01-18 17:23][DEBUG] [OBJECT] tid1 
[2021-01-18 17:23][DEBUG] [OBJECT] tid1 
[2021-01-18 17:23][DEBUG] [OBJECT] tid1 
[2021-01-18 17:23][DEBUG] [OBJECT] tid1 
[2021-01-18 17:23][DEBUG] [OBJECT] tid1 
[2021-01-18 17:23][DEBUG] [OBJECT] tid1 
[2021-01-18 17:23][DEBUG] [OBJECT] tid1 
[2021-01-18 17:23][DEBUG] [OBJECT] tid1 
[2021-01-18 17:23][DEBUG] [OBJECT] tid1 
[2021-01-18 17:23][DEBUG] [OBJECT] tid1 
[2021-01-18 17:23][DEBUG] [OBJECT] tid1 
[2021-01-18 17:23][DEBUG] [OBJECT] tid1 
[2021-01-18 17:23][DEBUG] [OBJECT] tid1 
[2021-01-18 17:23][DEBUG] [OBJECT] tid1 
[2021-01-18 17:23][DEBUG] [OBJECT] tid1 
[2021-01-18 17:23][DEBUG] [OBJECT] tid1 
[2021-01-18 17:23][DEBUG] [OBJECT] tid1 
[2021-01-18 17:23][DEBUG] [OBJECT] tid1 
[2021-01-18 17:23][DEBUG] [OBJECT] tid1 
[2021-01-18 17:23][DEBUG] [OBJECT] tid1 
[2021-01-18 17:23][DEBUG] [OBJECT] tid1 
[2021-01-18 17:23][DEBUG] [OBJECT] tid1 
[2021-01-18 17:23][DEBUG] [OBJECT] tid1 
[2021-01-18 17:23][DEBUG] [OBJECT] tid1 
[2021-01-18 17:23][DEBUG] [OBJECT] tid1 
[2021-01-18 17:23][DEBUG] [OBJECT] tid1 
[2021-01-18 17:23][DEBUG] [OBJECT] tid1 
[2021-01-18 17:23][DEBUG] [OBJECT] tid1 
[2021-01-18 17:23][DEBUG] [OBJECT] tid1 
[2021-01-18 17:23][DEBUG] [OBJECT] tid1 
[2021-01-18 17:23][DEBUG] [OBJECT] tid1 
[2021-01-18 17:23][DEBUG] [OBJECT] tid1 
[2021-01-18 17:23][DEBUG] [OBJECT] tid1 
[2021-01-18 17:23][DEBUG] [OBJECT] tid1 
[2021-01-18 17:23][DEBUG] [OBJECT] tid1 
[2021-01-18 17:23][DEBUG] [OBJECT] tid1 
[2021-01-18 17:23][DEBUG] [OBJECT] tid1 
[2021-01-18 17:23][DEBUG] [OBJECT] tid1 
[2021-01-18 17:23][DEBUG] [OBJECT] tid1 
[2021-01-18 17:23][DEBUG] [OBJECT] tid1 
[2021-01-18 17:23][DEBUG] [OBJECT] tid1 
[2021-01-18 17:23][DEBUG] [OBJECT] tid1 
[2021-01-18 17:23][DEBUG] [OBJECT] tid1 
[2021-01-18 17:23][DEBUG] [OBJECT] tid1 
[2021-01-18 17:23][DEBUG] [OBJECT] tid1 
[2021-01-18 17:23][DEBUG] [OBJECT] tid1 
[2021-01-18 17:23][DEBUG] [OBJECT] tid1 
[2021-01-18 17:23][DEBUG] [OBJECT] tid1 
[2021-01-18 17:23][DEBUG] [OBJECT] tid1 
[2021-01-18 17:23][DEBUG] [OBJECT] tid1 
[2021-01-18 17:23][DEBUG] [OBJECT] tid1 
[2021-01-18 17:23][DEBUG] [OBJECT] tid1 
[2021-01-18 17:23][DEBUG] [OBJECT] tid1 
[2021-01-18 17:23][DEBUG] [OBJECT] tid1 
[2021-01-18 17:23][DEBUG] [OBJECT] tid1 
[2021-01-18 17:23][DEBUG] [OBJECT] tid1 
[2021-01-18 17:23][DEBUG] [OBJECT] tid1 
[2021-01-18 17:23][DEBUG] [OBJECT] tid1 
[2021-01-18 17:23][DEBUG] [OBJECT] tid1 
[2021-01-18 17:23][DEBUG] [OBJECT] tid1 
[2021-01-18 17:23][DEBUG] [OBJECT] tid1 
[2021-01-18 17:23][DEBUG] [OBJECT] tid1 
[2021-01-18 17:23][DEBUG] [OBJECT] tid1 
[2021-01-18 17:23][DEBUG] [OBJECT] tid1 
[2021-01-18 17:23][DEBUG] [OBJECT] tid1 
[2021-01-18 17:23][DEBUG] [OBJECT] tid1 
[2021-01-18 17:23][DEBUG] [OBJECT] tid1 
[2021-01-18 17:23][DEBUG] [OBJECT] tid1 
[2021-01-18 17:23][DEBUG] [OBJECT] tid1 
[2021-01-18 17:23][DEBUG] [OBJECT] tid1 
[2021-01-18 17:23][DEBUG] [OBJECT] tid1 
[2021-01-18 17:23][DEBUG] [OBJECT] tid1 
[2021-01-18 17:23][DEBUG] [OBJECT] tid1 
[2021-01-18 17:23][DEBUG] [OBJECT] tid1 
[2021-01-18 17:23][DEBUG] [OBJECT] tid1 
[2021-01-18 17:23][DEBUG] [OBJECT] tid1 
[2021-01-18 17:23][DEBUG] [OBJECT] tid1 
[2021-01-18 17:23][DEBUG] [OBJECT] tid1 
[2021-01-18 17:23][DEBUG] [OBJECT] tid1 
[2021-01-18 17:23][DEBUG] [OBJECT] tid1 
[2021-01-18 17:23][DEBUG] [OBJECT] tid1 
[2021-01-18 17:23][DEBUG] [OBJECT] tid1 
[2021-01-18 17:23][DEBUG] [OBJECT] tid1 
[2021-01-18 17:23][DEBUG] [OBJECT] tid1 
[2021-01-18 17:23][DEBUG] [OBJECT] tid1 
[2021-01-18 17:23][DEBUG] [OBJECT] tid1 
[2021-01-18 17:23][DEBUG] [OBJECT] tid1 
[2021-01-18 17:23][DEBUG] [OBJECT] tid1 
[2021-01-18 17:23][DEBUG] [OBJECT] tid1 
[2021-01-18 17:23][DEBUG] [OBJECT] tid1 
[2021-01-18 17:23][DEBUG] [OBJECT] tid1 
[2021-01-18 17:23][DEBUG] [OBJECT] tid1 
[2021-01-18 17:23][DEBUG] [OBJECT] tid1 
[2021-01-18 17:23][DEBUG] [OBJECT] tid1 
[2021-01-18 17:23][DEBUG] [OBJECT] tid1 
[2021-01-18 17:23][DEBUG] [OBJECT] tid1 
[2021-01-18 17:23][DEBUG] [OBJECT] tid1 
[2021-01-18 17:23][DEBUG] [OBJECT] tid1 
[2021-01-18 17:23][DEBUG] [OBJECT] tid1 
[2021-01-18 17:23][DEBUG] [OBJECT] tid1 
[2021-01-18 17:23][DEBUG] [OBJECT] tid1 
[2021-01-18 17:23][DEBUG] [OBJECT] tid1 
[2021-01-18 17:23][DEBUG] [OBJECT] tid1 
[2021-01-18 17:23][DEBUG] [OBJECT] tid1 
[2021-01-18 17:23][DEBUG] [OBJECT] tid1 
[2021-01-18 17:23][DEBUG] [OBJECT] tid1 
[2021-01-18 17:23][DEBUG] [OBJECT] tid1 
[2021-01-18 17:23][DEBUG] [OBJECT] tid1 
[2021-01-18 17:23][DEBUG] [OBJECT] tid1 
[2021-01-18 17:23][DEBUG] [OBJECT] tid1 
[2021-01-18 17:23][DEBUG] [OBJECT] tid1 
[2021-01-18 17:23][DEBUG] [OBJECT] tid1 
[2021-01-18 17:23][DEBUG] [OBJECT] tid1 
[2021-01-18 17:23][DEBUG] [OBJECT] tid1 
[2021-01-18 17:23][DEBUG] [OBJECT] tid1 
[2021-01-18 17:23][DEBUG] [OBJECT] tid1 
[2021-01-18 17:23][DEBUG] [OBJECT] tid1 
[2021-01-18 17:23][DEBUG] [OBJECT] tid1 
[2021-01-18 17:23][DEBUG] [OBJECT] tid1 
[2021-01-18 17:23][DEBUG] [OBJECT] tid1 
[2021-01-18 17:23][DEBUG] [OBJECT] tid1 
[2021-01-18 17:23][DEBUG] [OBJECT] tid1 
[2021-01-18 17:23][DEBUG] [OBJECT] tid1 
[2021-01-18 17:23][DEBUG] [OBJECT] tid1 
[2021-01-18 17:23][DEBUG] [OBJECT] tid1 
[2021-01-18 17:23][DEBUG] [OBJECT] tid1 
[2021-01-18 17:23][DEBUG] [OBJECT] tid1 
[2021-01-18 17:23][DEBUG] [OBJECT] tid1 
[2021-01-18 17:23][DEBUG] [OBJECT] tid1 
[2021-01-18 17:23][DEBUG] [OBJECT] tid1 
[2021-01-18 17:23][DEBUG] [OBJECT] tid1 
[2021-01-18 17:23][DEBUG] [OBJECT] tid1 
[2021-01-18 17:23][DEBUG] [OBJECT] tid1 
[2021-01-18 17:23][DEBUG] [OBJECT] tid1 
[2021-01-18 17:23][DEBUG] [OBJECT] tid1 
[2021-01-18 17:23][DEBUG] [OBJECT] tid1 
[2021-01-18 17:23][DEBUG] [OBJECT] tid1 
[2021-01-18 17:23][DEBUG] [OBJECT] tid1 
[2021-01-18 17:23][DEBUG] [OBJECT] tid1 
[2021-01-18 17:23][DEBUG] [OBJECT] tid1 
[2021-01-18 17:23][DEBUG] [OBJECT] tid1 
[2021-01-18 17:23][DEBUG] [OBJECT] tid1 
[2021-01-18 17:23][DEBUG] [OBJECT] tid1 
[2021-01-18 17:23][DEBUG] [OBJECT] tid1 
[2021-01-18 17:23][DEBUG] [OBJECT] tid1 
[2021-01-18 17:23][DEBUG] [OBJECT] tid1 
[2021-01-18 17:23][DEBUG] [OBJECT] tid1 
[2021-01-18 17:23][DEBUG] [OBJECT] tid1 
[2021-01-18 17:23][DEBUG] [OBJECT] tid1 
[2021-01-18 17:23][DEBUG] [OBJECT] tid1 
[2021-01-18 17:23][DEBUG] [OBJECT] tid1 
[2021-01-18 17:23][DEBUG] [OBJECT] tid1 
[2021-01-18 17:23][DEBUG] [OBJECT] tid1 
[2021-01-18 17:23][DEBUG] [OBJECT] tid1 
[2021-01-18 17:23][DEBUG] [OBJECT] tid1 
[2021-01-18 17:23][DEBUG] [OBJECT] tid1 
[2021-01-18 17:23][DEBUG] [OBJECT] tid1 
[2021-01-18 17:23][DEBUG] [OBJECT] tid1 
[2021-01-18 17:23][DEBUG] [OBJECT] tid1 
[2021-01-18 17:23][DEBUG] [OBJECT] tid1 
[2021-01-18 17:23][DEBUG] [OBJECT] tid1 
[2021-01-18 17:23][DEBUG] [OBJECT] tid1 
[2021-01-18 17:23][DEBUG] [OBJECT] tid1 
[2021-01-18 17:23][DEBUG] [OBJECT] tid1 
[2021-01-18 17:23][DEBUG] [OBJECT] tid1 
[2021-01-18 17:23][DEBUG] [OBJECT] tid1 
[2021-01-18 17:23][DEBUG] [OBJECT] tid1 
[2021-01-18 17:23][DEBUG] [OBJECT] tid1 
[2021-01-18 17:23][DEBUG] [OBJECT] tid1 
[2021-01-18 17:23][DEBUG] [OBJECT] tid1 
[2021-01-18 17:23][DEBUG] [OBJECT] tid1 
[2021-01-18 17:23][DEBUG] [OBJECT] tid1 
[2021-01-18 17:23][DEBUG] [OBJECT] tid1 
[2021-01-18 17:23][DEBUG] [OBJECT] tid1 
[2021-01-18 17:23][DEBUG] [OBJECT] tid1 
[2021-01-18 17:23][DEBUG] [OBJECT] tid1 
[2021-01-18 17:23][DEBUG] [OBJECT] tid1 
[2021-01-18 17:23][DEBUG] [OBJECT] tid1 
[2021-01-18 17:23][DEBUG] [OBJECT] tid1 
[2021-01-18 17:23][DEBUG] [OBJECT] tid1 
[2021-01-18 17:23][DEBUG] [OBJECT] tid1 
[2021-01-18 17:23][DEBUG] [OBJECT] tid1 
[2021-01-18 17:23][DEBUG] [OBJECT] tid1 
[2021-01-18 17:23][DEBUG] [OBJECT] tid1 
[2021-01-18 17:23][DEBUG] [OBJECT] tid1 
[2021-01-18 17:23][DEBUG] [OBJECT] tid1 
[2021-01-18 17:23][DEBUG] [OBJECT] tid1 
[2021-01-18 17:23][DEBUG] [OBJECT] tid1 
[2021-01-18 17:23][DEBUG] [OBJECT] tid1 
[2021-01-18 17:23][DEBUG] [OBJECT] tid1 
[2021-01-18 17:23][DEBUG] [OBJECT] tid1 
[2021-01-18 17:23][DEBUG] [OBJECT] tid1 
[2021-01-18 17:23][DEBUG] [OBJECT] tid1 
[2021-01-18 17:23][DEBUG] [OBJECT] tid1 
[2021-01-18 17:23][DEBUG] [OBJECT] tid1 
[2021-01-18 17:23][DEBUG] [OBJECT] tid1 
[2021-01-18 17:23][DEBUG] [OBJECT] tid1 
[2021-01-18 17:23][DEBUG] [OBJECT] tid1 
[2021-01-18 17:23][DEBUG] [OBJECT] tid1 
[2021-01-18 17:23][DEBUG] [OBJECT] tid1 
[2021-01-18 17:23][DEBUG] [OBJECT] tid1 
[2021-01-18 17:23][DEBUG] [OBJECT] tid1 
[2021-01-18 17:23][DEBUG] [OBJECT] tid1 
[2021-01-18 17:23][DEBUG] [OBJECT] tid1 
[2021-01-18 17:23][DEBUG] [OBJECT] tid1 
[2021-01-18 17:23][DEBUG] [OBJECT] tid1 
[2021-01-18 17:23][DEBUG] [OBJECT] tid1 
[2021-01-18 17:23][DEBUG] [OBJECT] tid1 
[2021-01-18 17:23][DEBUG] [OBJECT] tid1 
[2021-01-18 17:23][DEBUG] [OBJECT] tid1 
[2021-01-18 17:23][DEBUG] [OBJECT] tid1 
[2021-01-18 17:23][DEBUG] [OBJECT] tid1 
[2021-01-18 17:23][DEBUG] [OBJECT] tid1 
[2021-01-18 17:23][DEBUG] [OBJECT] tid1 
[2021-01-18 17:23][DEBUG] [OBJECT] tid1 
[2021-01-18 17:23][DEBUG] [OBJECT] tid1 
[2021-01-18 17:23][DEBUG] [OBJECT] tid1 
[2021-01-18 17:23][DEBUG] [OBJECT] tid1 
[2021-01-18 17:23][DEBUG] [OBJECT] tid1 
[2021-01-18 17:23][DEBUG] [OBJECT] tid1 
[2021-01-18 17:23][DEBUG] [OBJECT] tid1 
[2021-01-18 17:23][DEBUG] [OBJECT] tid1 
[2021-01-18 17:23][DEBUG] [OBJECT] tid1 
[2021-01-18 17:23][DEBUG] [OBJECT] tid1 
[2021-01-18 17:23][DEBUG] [OBJECT] tid1 
[2021-01-18 17:23][DEBUG] [OBJECT] tid1 
[2021-01-18 17:23][DEBUG] [OBJECT] tid1 
[2021-01-18 17:23][DEBUG] [OBJECT] tid1 
[2021-01-18 17:23][DEBUG] [OBJECT] tid1 
[2021-01-18 17:23][DEBUG] [OBJECT] tid1 
[2021-01-18 17:23][DEBUG] [OBJECT] tid1 
[2021-01-18 17:23][DEBUG] [OBJECT] tid1 
[2021-01-18 17:23][DEBUG] [OBJECT] tid1 
[2021-01-18 17:23][DEBUG] [OBJECT] tid1 
[2021-01-18 17:23][DEBUG] [OBJECT] tid1 
[2021-01-18 17:23][DEBUG] [OBJECT] tid1 
[2021-01-18 17:23][DEBUG] [OBJECT] tid1 
[2021-01-18 17:23][DEBUG] [OBJECT] tid1 
[2021-01-18 17:23][DEBUG] [OBJECT] tid1 
[2021-01-18 17:23][DEBUG] [OBJECT] tid1 
[2021-01-18 17:23][DEBUG] [OBJECT] tid1 
[2021-01-18 17:23][DEBUG] [OBJECT] tid1 
[2021-01-18 17:23][DEBUG] [OBJECT] tid1 
[2021-01-18 17:23][DEBUG] [OBJECT] tid1 
[2021-01-18 17:23][DEBUG] [OBJECT] tid1 
[2021-01-18 17:23][DEBUG] [OBJECT] tid1 
[2021-01-18 17:23][DEBUG] [OBJECT] tid1 
[2021-01-18 17:23][DEBUG] [OBJECT] tid1 
[2021-01-18 17:23][DEBUG] [OBJECT] tid1 
[2021-01-18 17:23][DEBUG] [OBJECT] tid1 
[2021-01-18 17:23][DEBUG] [OBJECT] tid1 
[2021-01-18 17:23][DEBUG] [OBJECT] tid1 
[2021-01-18 17:23][DEBUG] [OBJECT] tid1 
[2021-01-18 17:23][DEBUG] [OBJECT] tid1 
[2021-01-18 17:23][DEBUG] [OBJECT] tid1 
[2021-01-18 17:23][DEBUG] [OBJECT] tid1 
[2021-01-18 17:23][DEBUG] [OBJECT] tid1 
[2021-01-18 17:23][DEBUG] [OBJECT] tid1 
[2021-01-18 17:23][DEBUG] [OBJECT] tid1 
[2021-01-18 17:23][DEBUG] [OBJECT] tid1 
[2021-01-18 17:23][DEBUG] [OBJECT] tid1 
[2021-01-18 17:23][DEBUG] [OBJECT] tid1 
[2021-01-18 17:23][DEBUG] [OBJECT] tid1 
[2021-01-18 17:23][DEBUG] [OBJECT] tid1 
[2021-01-18 17:23][DEBUG] [OBJECT] tid1 
[2021-01-18 17:23][DEBUG] [OBJECT] tid1 
[2021-01-18 17:23][DEBUG] [OBJECT] tid1 
[2021-01-18 17:23][DEBUG] [OBJECT] tid1 
[2021-01-18 17:23][DEBUG] [OBJECT] tid1 
[2021-01-18 17:23][DEBUG] [OBJECT] tid1 
[2021-01-18 17:23][DEBUG] [OBJECT] tid1 
[2021-01-18 17:23][DEBUG] [OBJECT] tid1 
[2021-01-18 17:23][DEBUG] [OBJECT] tid1 
[2021-01-18 17:23][DEBUG] [OBJECT] tid1 
[2021-01-18 17:23][DEBUG] [OBJECT] tid1 
[2021-01-18 17:23][DEBUG] [OBJECT] tid1 
[2021-01-18 17:23][DEBUG] [OBJECT] tid1 
[2021-01-18 17:23][DEBUG] [OBJECT] tid1 
[2021-01-18 17:23][DEBUG] [OBJECT] tid1 
[2021-01-18 17:23][DEBUG] [OBJECT] tid1 
[2021-01-18 17:23][DEBUG] [OBJECT] tid1 
[2021-01-18 17:23][DEBUG] [OBJECT] tid1 
[2021-01-18 17:23][DEBUG] [OBJECT] tid1 
[2021-01-18 17:23][DEBUG] [OBJECT] tid1 
[2021-01-18 17:23][DEBUG] [OBJECT] tid1 
[2021-01-18 17:23][DEBUG] [OBJECT] tid1 
[2021-01-18 17:23][DEBUG] [OBJECT] tid1 
[2021-01-18 17:23][DEBUG] [OBJECT] tid1 
[2021-01-18 17:23][DEBUG] [OBJECT] tid1 
[2021-01-18 17:23][DEBUG] [OBJECT] tid1 
[2021-01-18 17:23][DEBUG] [OBJECT] tid1 
[2021-01-18 17:23][DEBUG] [OBJECT] tid1 
[2021-01-18 17:23][DEBUG] [OBJECT] tid1 
[2021-01-18 17:23][DEBUG] [OBJECT] tid1 
[2021-01-18 17:23][DEBUG] [OBJECT] tid1 
[2021-01-18 17:23][DEBUG] [OBJECT] tid1 
[2021-01-18 17:23][DEBUG] [OBJECT] tid1 
[2021-01-18 17:23][DEBUG] [OBJECT] tid1 
[2021-01-18 17:23][DEBUG] [OBJECT] tid1 
[2021-01-18 17:23][DEBUG] [OBJECT] tid1 
[2021-01-18 17:23][DEBUG] [OBJECT] tid1 
[2021-01-18 17:23][DEBUG] [OBJECT] tid1 
[2021-01-18 17:23][DEBUG] [OBJECT] tid1 
[2021-01-18 17:23][DEBUG] [OBJECT] tid1 
[2021-01-18 17:23][DEBUG] [OBJECT] tid1 
[2021-01-18 17:23][DEBUG] [OBJECT] tid1 
[2021-01-18 17:23][DEBUG] [OBJECT] tid1 
[2021-01-18 17:23][DEBUG] [OBJECT] tid1 
[2021-01-18 17:23][DEBUG] [OBJECT] tid1 
[2021-01-18 17:23][DEBUG] [OBJECT] tid1 
[2021-01-18 17:23][DEBUG] [OBJECT] tid1 
[2021-01-18 17:23][DEBUG] [OBJECT] tid1 
[2021-01-18 17:23][DEBUG] [OBJECT] tid1 
[2021-01-18 17:23][DEBUG] [OBJECT] tid1 
[2021-01-18 17:23][DEBUG] [OBJECT] tid1 
[2021-01-18 17:23][DEBUG] [OBJECT] tid1 
[2021-01-18 17:23][DEBUG] [OBJECT] tid1 
[2021-01-18 17:23][DEBUG] [OBJECT] tid1 
[2021-01-18 17:23][DEBUG] [OBJECT] tid1 
[2021-01-18 17:23][DEBUG] [OBJECT] tid1 
[2021-01-18 17:23][DEBUG] [OBJECT] tid1 
[2021-01-18 17:23][DEBUG] [OBJECT] tid1 
[2021-01-18 17:23][DEBUG] [OBJECT] tid1 
[2021-01-18 17:23][DEBUG] [OBJECT] tid1 
[2021-01-18 17:23][DEBUG] [OBJECT] tid1 
[2021-01-18 17:23][DEBUG] [OBJECT] tid1 
[2021-01-18 17:23][DEBUG] [OBJECT] tid1 
[2021-01-18 17:23][DEBUG] [OBJECT] tid1 
[2021-01-18 17:23][DEBUG] [OBJECT] tid1 
[2021-01-18 17:23][DEBUG] [OBJECT] tid1 
[2021-01-18 17:23][DEBUG] [OBJECT] tid1 
[2021-01-18 17:23][DEBUG] [OBJECT] tid1 
[2021-01-18 17:23][DEBUG] [OBJECT] tid1 
[2021-01-18 17:23][DEBUG] [OBJECT] tid1 
[2021-01-18 17:23][DEBUG] [OBJECT] tid1 
[2021-01-18 17:23][DEBUG] [OBJECT] tid1 
[2021-01-18 17:23][DEBUG] [OBJECT] tid1 
[2021-01-18 17:23][DEBUG] [OBJECT] tid1 
[2021-01-18 17:23][DEBUG] [OBJECT] tid1 
[2021-01-18 17:23][DEBUG] [OBJECT] tid1 
[2021-01-18 17:23][DEBUG] [OBJECT] tid1 
[2021-01-18 17:23][DEBUG] [OBJECT] tid1 
[2021-01-18 17:23][DEBUG] [OBJECT] tid1 
[2021-01-18 17:23][DEBUG] [OBJECT] tid1 
[2021-01-18 17:23][DEBUG] [OBJECT] tid1 
[2021-01-18 17:23][DEBUG] [OBJECT] tid1 
[2021-01-18 17:23][DEBUG] [OBJECT] tid1 
[2021-01-18 17:23][DEBUG] [OBJECT] tid1 
[2021-01-18 17:23][DEBUG] [OBJECT] tid1 
[2021-01-18 17:23][DEBUG] [OBJECT] tid1 
[2021-01-18 17:23][DEBUG] [OBJECT] tid1 
[2021-01-18 17:23][DEBUG] [OBJECT] tid1 
[2021-01-18 17:23][DEBUG] [OBJECT] tid1 
[2021-01-18 17:23][DEBUG] [OBJECT] tid1 
[2021-01-18 17:23][DEBUG] [OBJECT] tid1 
[2021-01-18 17:23][DEBUG] [OBJECT] tid1 
[2021-01-18 17:23][DEBUG] [OBJECT] tid1 
[2021-01-18 17:23][DEBUG] [OBJECT] tid1 
[2021-01-18 17:23][DEBUG] [OBJECT] tid1 
[2021-01-18 17:23][DEBUG] [OBJECT] tid1 
[2021-01-18 17:23][DEBUG] [OBJECT] tid1 
[2021-01-18 17:23][DEBUG] [OBJECT] tid1 
[2021-01-18 17:23][DEBUG] [OBJECT] tid1 
[2021-01-18 17:23][DEBUG] [OBJECT] tid1 
[2021-01-18 17:23][DEBUG] [OBJECT] tid1 
[2021-01-18 17:23][DEBUG] [OBJECT] tid1 
[2021-01-18 17:23][DEBUG] [OBJECT] tid1 
[2021-01-18 17:23][DEBUG] [OBJECT] tid1 
[2021-01-18 17:23][DEBUG] [OBJECT] tid1 
[2021-01-18 17:23][DEBUG] [OBJECT] tid1 
[2021-01-18 17:23][DEBUG] [OBJECT] tid1 
[2021-01-18 17:23][DEBUG] [OBJECT] tid1 
[2021-01-18 17:23][DEBUG] [OBJECT] tid1 
[2021-01-18 17:23][DEBUG] [OBJECT] tid1 
[2021-01-18 17:23][DEBUG] [OBJECT] tid1 
[2021-01-18 17:23][DEBUG] [OBJECT] tid1 
[2021-01-18 17:23][DEBUG] [OBJECT] tid1 
[2021-01-18 17:23][DEBUG] [OBJECT] tid1 
[2021-01-18 17:23][DEBUG] [OBJECT] tid1 
[2021-01-18 17:23][DEBUG] [OBJECT] tid1 
[2021-01-18 17:23][DEBUG] [OBJECT] tid1 
[2021-01-18 17:23][DEBUG] [OBJECT] tid1 
[2021-01-18 17:23][DEBUG] [OBJECT] tid1 
[2021-01-18 17:23][DEBUG] [OBJECT] tid1 
[2021-01-18 17:23][DEBUG] [OBJECT] tid1 
[2021-01-18 17:23][DEBUG] [OBJECT] tid1 
[2021-01-18 17:23][DEBUG] [OBJECT] tid1 
[2021-01-18 17:23][DEBUG] [OBJECT] tid1 
[2021-01-18 17:23][DEBUG] [OBJECT] tid1 
[2021-01-18 17:23][DEBUG] [OBJECT] tid1 
[2021-01-18 17:23][DEBUG] [OBJECT] tid1 
[2021-01-18 17:23][DEBUG] [OBJECT] tid1 
[2021-01-18 17:23][DEBUG] [OBJECT] tid1 
[2021-01-18 17:23][DEBUG] [OBJECT] tid1 
[2021-01-18 17:23][DEBUG] [OBJECT] tid1 
[2021-01-18 17:23][DEBUG] [OBJECT] tid1 
[2021-01-18 17:23][DEBUG] [OBJECT] tid1 
[2021-01-18 17:23][DEBUG] [OBJECT] tid1 
[2021-01-18 17:23][DEBUG] [OBJECT] tid1 
[2021-01-18 17:23][DEBUG] [OBJECT] tid1 
[2021-01-18 17:23][DEBUG] [OBJECT] tid1 
[2021-01-18 17:23][DEBUG] [OBJECT] tid1 
[2021-01-18 17:23][DEBUG] [OBJECT] tid1 
[2021-01-18 17:23][DEBUG] [OBJECT] tid1 
[2021-01-18 17:23][DEBUG] [OBJECT] tid1 
[2021-01-18 17:23][DEBUG] [OBJECT] tid1 
[2021-01-18 17:23][DEBUG] [OBJECT] tid1 
[2021-01-18 17:23][DEBUG] [OBJECT] tid1 
[2021-01-18 17:23][DEBUG] [OBJECT] tid1 
[2021-01-18 17:23][DEBUG] [OBJECT] tid1 
[2021-01-18 17:23][DEBUG] [OBJECT] tid1 
[2021-01-18 17:23][DEBUG] [OBJECT] tid1 
[2021-01-18 17:23][DEBUG] [OBJECT] tid1 
[2021-01-18 17:23][DEBUG] [OBJECT] tid1 
[2021-01-18 17:23][DEBUG] [OBJECT] tid1 
[2021-01-18 17:23][DEBUG] [OBJECT] tid1 
[2021-01-18 17:23][DEBUG] [OBJECT] tid1 
[2021-01-18 17:23][DEBUG] [OBJECT] tid1 
[2021-01-18 17:23][DEBUG] [OBJECT] tid1 
[2021-01-18 17:23][DEBUG] [OBJECT] tid1 
[2021-01-18 17:23][DEBUG] [OBJECT] tid1 
[2021-01-18 17:23][DEBUG] [OBJECT] tid1 
[2021-01-18 17:23][DEBUG] [OBJECT] tid1 
[2021-01-18 17:23][DEBUG] [OBJECT] tid1 
[2021-01-18 17:23][DEBUG] [OBJECT] tid1 
[2021-01-18 17:23][DEBUG] [OBJECT] tid1 
[2021-01-18 17:23][DEBUG] [OBJECT] tid1 
[2021-01-18 17:23][DEBUG] [OBJECT] tid1 
[2021-01-18 17:23][DEBUG] [OBJECT] tid1 
[2021-01-18 17:23][DEBUG] [OBJECT] tid1 
[2021-01-18 17:23][DEBUG] [OBJECT] tid1 
[2021-01-18 17:23][DEBUG] [OBJECT] tid1 
[2021-01-18 17:23][DEBUG] [OBJECT] tid1 
[2021-01-18 17:23][DEBUG] [OBJECT] tid1 
[2021-01-18 17:23][DEBUG] [OBJECT] tid1 
[2021-01-18 17:23][DEBUG] [OBJECT] tid1 
[2021-01-18 17:23][DEBUG] [OBJECT] tid1 
[2021-01-18 17:23][DEBUG] [OBJECT] tid1 
[2021-01-18 17:23][DEBUG] [OBJECT] tid1 
[2021-01-18 17:23][DEBUG] [OBJECT] tid1 
[2021-01-18 17:23][DEBUG] [OBJECT] tid1 
[2021-01-18 17:23][DEBUG] [OBJECT] tid1 
[2021-01-18 17:23][DEBUG] [OBJECT] tid1 
[2021-01-18 17:23][DEBUG] [OBJECT] tid1 
[2021-01-18 17:23][DEBUG] [OBJECT] tid1 
[2021-01-18 17:23][DEBUG] [OBJECT] tid1 
[2021-01-18 17:23][DEBUG] [OBJECT] tid1 
[2021-01-18 17:23][DEBUG] [OBJECT] tid1 
[2021-01-18 17:23][DEBUG] [OBJECT] tid1 
[2021-01-18 17:23][DEBUG] [OBJECT] tid1 
[2021-01-18 17:23][DEBUG] [OBJECT] tid1 
[2021-01-18 17:23][DEBUG] [OBJECT] tid1 
[2021-01-18 17:23][DEBUG] [OBJECT] tid1 
[2021-01-18 17:23][DEBUG] [OBJECT] tid1 
[2021-01-18 17:23][DEBUG] [OBJECT] tid1 
[2021-01-18 17:23][DEBUG] [OBJECT] tid1 
[2021-01-18 17:23][DEBUG] [OBJECT] tid1 
[2021-01-18 17:23][DEBUG] [OBJECT] tid1 
[2021-01-18 17:23][DEBUG] [OBJECT] tid1 
[2021-01-18 17:23][DEBUG] [OBJECT] tid1 
[2021-01-18 17:23][DEBUG] [OBJECT] tid1 
[2021-01-18 17:23][DEBUG] [OBJECT] tid1 
[2021-01-18 17:23][DEBUG] [OBJECT] tid1 
[2021-01-18 17:23][DEBUG] [OBJECT] tid1 
[2021-01-18 17:23][DEBUG] [OBJECT] tid1 
[2021-01-18 17:23][DEBUG] [OBJECT] tid1 
[2021-01-18 17:23][DEBUG] [OBJECT] tid1 
[2021-01-18 17:23][DEBUG] [OBJECT] tid1 
[2021-01-18 17:23][DEBUG] [OBJECT] tid1 
[2021-01-18 17:23][DEBUG] [OBJECT] tid1 
[2021-01-18 17:23][DEBUG] [OBJECT] tid1 
[2021-01-18 17:23][DEBUG] [OBJECT] tid1 
[2021-01-18 17:23][DEBUG] [OBJECT] tid1 
[2021-01-18 17:23][DEBUG] [OBJECT] tid1 
[2021-01-18 17:23][DEBUG] [OBJECT] tid1 
[2021-01-18 17:23][DEBUG] [OBJECT] tid1 
[2021-01-18 17:23][DEBUG] [OBJECT] tid1 
[2021-01-18 17:23][DEBUG] [OBJECT] tid1 
[2021-01-18 17:23][DEBUG] [OBJECT] tid1 
[2021-01-18 17:23][DEBUG] [OBJECT] tid1 
[2021-01-18 17:23][DEBUG] [OBJECT] tid1 
[2021-01-18 17:23][DEBUG] [OBJECT] tid1 
[2021-01-18 17:23][DEBUG] [OBJECT] tid1 
[2021-01-18 17:23][DEBUG] [OBJECT] tid1 
[2021-01-18 17:23][DEBUG] [OBJECT] tid1 
[2021-01-18 17:23][DEBUG] [OBJECT] tid1 
[2021-01-18 17:23][DEBUG] [OBJECT] tid1 
[2021-01-18 17:23][DEBUG] [OBJECT] tid1 
[2021-01-18 17:23][DEBUG] [OBJECT] tid1 
[2021-01-18 17:23][DEBUG] [OBJECT] tid1 
[2021-01-18 17:23][DEBUG] [OBJECT] tid1 
[2021-01-18 17:23][DEBUG] [OBJECT] tid1 
[2021-01-18 17:23][DEBUG] [OBJECT] tid1 
[2021-01-18 17:23][DEBUG] [OBJECT] tid1 
[2021-01-18 17:23][DEBUG] [OBJECT] tid1 
[2021-01-18 17:23][DEBUG] [OBJECT] tid1 
[2021-01-18 17:23][DEBUG] [OBJECT] tid1 
[2021-01-18 17:23][DEBUG] [OBJECT] tid1 
[2021-01-18 17:23][DEBUG] [OBJECT] tid1 
[2021-01-18 17:23][DEBUG] [OBJECT] tid1 
[2021-01-18 17:23][DEBUG] [OBJECT] tid1 
[2021-01-18 17:23][DEBUG] [OBJECT] tid1 
[2021-01-18 17:23][DEBUG] [OBJECT] tid1 
[2021-01-18 17:23][DEBUG] [OBJECT] tid1 
[2021-01-18 17:23][DEBUG] [OBJECT] tid1 
[2021-01-18 17:23][DEBUG] [OBJECT] tid1 
[2021-01-18 17:23][DEBUG] [OBJECT] tid1 
[2021-01-18 17:23][DEBUG] [OBJECT] tid1 
[2021-01-18 17:23][DEBUG] [OBJECT] tid1 
[2021-01-18 17:23][DEBUG] [OBJECT] tid1 
[2021-01-18 17:23][DEBUG] [OBJECT] tid1 
[2021-01-18 17:23][DEBUG] [OBJECT] tid1 
[2021-01-18 17:23][DEBUG] [OBJECT] tid1 
[2021-01-18 17:23][DEBUG] [OBJECT] tid1 
[2021-01-18 17:23][DEBUG] [OBJECT] tid1 
[2021-01-18 17:23][DEBUG] [OBJECT] tid1 
[2021-01-18 17:23][DEBUG] [OBJECT] tid1 
[2021-01-18 17:23][DEBUG] [OBJECT] tid1 
[2021-01-18 17:23][DEBUG] [OBJECT] tid1 
[2021-01-18 17:23][DEBUG] [OBJECT] tid1 
[2021-01-18 17:23][DEBUG] [OBJECT] tid1 
[2021-01-18 17:23][DEBUG] [OBJECT] tid1 
[2021-01-18 17:23][DEBUG] [OBJECT] tid1 
[2021-01-18 17:23][DEBUG] [OBJECT] tid1 
[2021-01-18 17:23][DEBUG] [OBJECT] tid1 
[2021-01-18 17:23][DEBUG] [OBJECT] tid1 
[2021-01-18 17:23][DEBUG] [OBJECT] tid1 
[2021-01-18 17:23][DEBUG] [OBJECT] tid1 
[2021-01-18 17:23][DEBUG] [OBJECT] tid1 
[2021-01-18 17:23][DEBUG] [OBJECT] tid1 
[2021-01-18 17:23][DEBUG] [OBJECT] tid1 
[2021-01-18 17:23][DEBUG] [OBJECT] tid1 
[2021-01-18 17:23][DEBUG] [OBJECT] tid1 
[2021-01-18 17:23][DEBUG] [OBJECT] tid1 
[2021-01-18 17:23][DEBUG] [OBJECT] tid1 
[2021-01-18 17:23][DEBUG] [OBJECT] tid1 
[2021-01-18 17:23][DEBUG] [OBJECT] tid1 
[2021-01-18 17:23][DEBUG] [OBJECT] tid1 
[2021-01-18 17:23][DEBUG] [OBJECT] tid1 
[2021-01-18 17:23][DEBUG] [OBJECT] tid1 
[2021-01-18 17:23][DEBUG] [OBJECT] tid1 
[2021-01-18 17:23][DEBUG] [OBJECT] tid1 
[2021-01-18 17:23][DEBUG] [OBJECT] tid1 
[2021-01-18 17:23][DEBUG] [OBJECT] tid1 
[2021-01-18 17:23][DEBUG] [OBJECT] tid1 
[2021-01-18 17:23][DEBUG] [OBJECT] tid1 
[2021-01-18 17:23][DEBUG] [OBJECT] tid1 
[2021-01-18 17:23][DEBUG] [OBJECT] tid1 
[2021-01-18 17:23][DEBUG] [OBJECT] tid1 
[2021-01-18 17:23][DEBUG] [OBJECT] tid1 
[2021-01-18 17:23][DEBUG] [OBJECT] tid1 
[2021-01-18 17:23][DEBUG] [OBJECT] tid1 
[2021-01-18 17:23][DEBUG] [OBJECT] tid1 
[2021-01-18 17:23][DEBUG] [OBJECT] tid1 
[2021-01-18 17:23][DEBUG] [OBJECT] tid1 
[2021-01-18 17:23][DEBUG] [OBJECT] tid1 
[2021-01-18 17:23][DEBUG] [OBJECT] tid1 
[2021-01-18 17:23][DEBUG] [OBJECT] tid1 
[2021-01-18 17:23][DEBUG] [OBJECT] tid1 
[2021-01-18 17:23][DEBUG] [OBJECT] tid1 
[2021-01-18 17:23][DEBUG] [OBJECT] tid1 
[2021-01-18 17:23][DEBUG] [OBJECT] tid1 
[2021-01-18 17:23][DEBUG] [OBJECT] tid1 
[2021-01-18 17:23][DEBUG] [OBJECT] tid1 
[2021-01-18 17:23][DEBUG] [OBJECT] tid1 
[2021-01-18 17:23][DEBUG] [OBJECT] tid1 
[2021-01-18 17:23][DEBUG] [OBJECT] tid1 
[2021-01-18 17:23][DEBUG] [OBJECT] tid1 
[2021-01-18 17:23][DEBUG] [OBJECT] tid1 
[2021-01-18 17:23][DEBUG] [OBJECT] tid1 
[2021-01-18 17:23][DEBUG] [OBJECT] tid1 
[2021-01-18 17:23][DEBUG] [OBJECT] tid1 
[2021-01-18 17:23][DEBUG] [OBJECT] tid1 
[2021-01-18 17:23][DEBUG] [OBJECT] tid1 
[2021-01-18 17:23][DEBUG] [OBJECT] tid1 
[2021-01-18 17:23][DEBUG] [OBJECT] tid1 
[2021-01-18 17:23][DEBUG] [OBJECT] tid1 
[2021-01-18 17:23][DEBUG] [OBJECT] tid1 
[2021-01-18 17:23][DEBUG] [OBJECT] tid1 
[2021-01-18 17:23][DEBUG] [OBJECT] tid1 
[2021-01-18 17:23][DEBUG] [OBJECT] tid1 
[2021-01-18 17:23][DEBUG] [OBJECT] tid1 
[2021-01-18 17:23][DEBUG] [OBJECT] tid1 
[2021-01-18 17:23][DEBUG] [OBJECT] tid1 
[2021-01-18 17:23][DEBUG] [OBJECT] tid1 
[2021-01-18 17:23][DEBUG] [OBJECT] tid1 
[2021-01-18 17:23][DEBUG] [OBJECT] tid1 
[2021-01-18 17:23][DEBUG] [OBJECT] tid1 
[2021-01-18 17:23][DEBUG] [OBJECT] tid1 
[2021-01-18 17:23][DEBUG] [OBJECT] tid1 
[2021-01-18 17:23][DEBUG] [OBJECT] tid1 
[2021-01-18 17:23][DEBUG] [OBJECT] tid1 
[2021-01-18 17:23][DEBUG] [OBJECT] tid1 
[2021-01-18 17:23][DEBUG] [OBJECT] tid1 
[2021-01-18 17:23][DEBUG] [OBJECT] tid1 
[2021-01-18 17:23][DEBUG] [OBJECT] tid1 
[2021-01-18 17:23][DEBUG] [OBJECT] tid1 
[2021-01-18 17:23][DEBUG] [OBJECT] tid1 
[2021-01-18 17:23][DEBUG] [OBJECT] tid1 
[2021-01-18 17:23][DEBUG] [OBJECT] tid1 
[2021-01-18 17:23][DEBUG] [OBJECT] tid1 
[2021-01-18 17:23][DEBUG] [OBJECT] tid1 
[2021-01-18 17:23][DEBUG] [OBJECT] tid1 
[2021-01-18 17:23][DEBUG] [OBJECT] tid1 
[2021-01-18 17:23][DEBUG] [OBJECT] tid1 
[2021-01-18 17:23][DEBUG] [OBJECT] tid1 
[2021-01-18 17:23][DEBUG] [OBJECT] tid1 
[2021-01-18 17:23][DEBUG] [OBJECT] tid1 
[2021-01-18 17:23][DEBUG] [OBJECT] tid1 
[2021-01-18 17:23][DEBUG] [OBJECT] tid1 
[2021-01-18 17:23][DEBUG] [OBJECT] tid1 
[2021-01-18 17:23][DEBUG] [OBJECT] tid1 
[2021-01-18 17:23][DEBUG] [OBJECT] tid1 
[2021-01-18 17:23][DEBUG] [OBJECT] tid1 
[2021-01-18 17:23][DEBUG] [OBJECT] tid1 
[2021-01-18 17:23][DEBUG] [OBJECT] tid1 
[2021-01-18 17:23][DEBUG] [OBJECT] tid1 
[2021-01-18 17:23][DEBUG] [OBJECT] tid1 
[2021-01-18 17:23][DEBUG] [OBJECT] tid1 
[2021-01-18 17:23][DEBUG] [OBJECT] tid1 
[2021-01-18 17:23][DEBUG] [OBJECT] tid1 
[2021-01-18 17:23][DEBUG] [OBJECT] tid1 
[2021-01-18 17:23][DEBUG] [OBJECT] tid1 
[2021-01-18 17:23][DEBUG] [OBJECT] tid1 
[2021-01-18 17:23][DEBUG] [OBJECT] tid1 
[2021-01-18 17:23][DEBUG] [OBJECT] tid1 
[2021-01-18 17:23][DEBUG] [OBJECT] tid1 
[2021-01-18 17:23][DEBUG] [OBJECT] tid1 
[2021-01-18 17:23][DEBUG] [OBJECT] tid1 
[2021-01-18 17:23][DEBUG] [OBJECT] tid1 
[2021-01-18 17:23][DEBUG] [OBJECT] tid1 
[2021-01-18 17:23][DEBUG] [OBJECT] tid1 
[2021-01-18 17:23][DEBUG] [OBJECT] tid1 
[2021-01-18 17:23][DEBUG] [OBJECT] tid1 
[2021-01-18 17:23][DEBUG] [OBJECT] tid1 
[2021-01-18 17:23][DEBUG] [OBJECT] tid1 
[2021-01-18 17:23][DEBUG] [OBJECT] tid1 
[2021-01-18 17:23][DEBUG] [OBJECT] tid1 
[2021-01-18 17:23][DEBUG] [OBJECT] tid1 
[2021-01-18 17:23][DEBUG] [OBJECT] tid1 
[2021-01-18 17:23][DEBUG] [OBJECT] tid1 
[2021-01-18 17:23][DEBUG] [OBJECT] tid1 
[2021-01-18 17:23][DEBUG] [OBJECT] tid1 
[2021-01-18 17:23][DEBUG] [OBJECT] tid1 
[2021-01-18 17:23][DEBUG] [OBJECT] tid1 
[2021-01-18 17:23][DEBUG] [OBJECT] tid1 
[2021-01-18 17:23][DEBUG] [OBJECT] tid1 
[2021-01-18 17:23][DEBUG] [OBJECT] tid1 
[2021-01-18 17:23][DEBUG] [OBJECT] tid1 
[2021-01-18 17:23][DEBUG] [OBJECT] tid1 
[2021-01-18 17:23][DEBUG] [OBJECT] tid1 
[2021-01-18 17:23][DEBUG] [OBJECT] tid1 
[2021-01-18 17:23][DEBUG] [OBJECT] tid1 
[2021-01-18 17:23][DEBUG] [OBJECT] tid1 
[2021-01-18 17:23][DEBUG] [OBJECT] tid1 
[2021-01-18 17:23][DEBUG] [OBJECT] tid1 
[2021-01-18 17:23][DEBUG] [OBJECT] tid1 
[2021-01-18 17:23][DEBUG] [OBJECT] tid1 
[2021-01-18 17:23][DEBUG] [OBJECT] tid1 
[2021-01-18 17:23][DEBUG] [OBJECT] tid1 
[2021-01-18 17:23][DEBUG] [OBJECT] tid1 
[2021-01-18 17:23][DEBUG] [OBJECT] tid1 
[2021-01-18 17:23][DEBUG] [OBJECT] tid1 
[2021-01-18 17:23][DEBUG] [OBJECT] tid1 
[2021-01-18 17:23][DEBUG] [OBJECT] tid1 
[2021-01-18 17:23][DEBUG] [OBJECT] tid1 
[2021-01-18 17:23][DEBUG] [OBJECT] tid1 
[2021-01-18 17:23][DEBUG] [OBJECT] tid1 
[2021-01-18 17:23][DEBUG] [OBJECT] tid1 
[2021-01-18 17:23][DEBUG] [OBJECT] tid1 
[2021-01-18 17:23][DEBUG] [OBJECT] tid1 
[2021-01-18 17:23][DEBUG] [OBJECT] tid1 
[2021-01-18 17:23][DEBUG] [OBJECT] tid1 
[2021-01-18 17:23][DEBUG] [OBJECT] tid1 
[2021-01-18 17:23][DEBUG] [OBJECT] tid1 
[2021-01-18 17:23][DEBUG] [OBJECT] tid1 
[2021-01-18 17:23][DEBUG] [OBJECT] tid1 
[2021-01-18 17:23][DEBUG] [OBJECT] tid1 
[2021-01-18 17:23][DEBUG] [OBJECT] tid1 
[2021-01-18 17:23][DEBUG] [OBJECT] tid1 
[2021-01-18 17:23][DEBUG] [OBJECT] tid1 
[2021-01-18 17:23][DEBUG] [OBJECT] tid1 
[2021-01-18 17:23][DEBUG] [OBJECT] tid1 
[2021-01-18 17:23][DEBUG] [OBJECT] tid1 
[2021-01-18 17:23][DEBUG] [OBJECT] tid1 
[2021-01-18 17:23][DEBUG] [OBJECT] tid1 
[2021-01-18 17:23][DEBUG] [OBJECT] tid1 
[2021-01-18 17:23][DEBUG] [OBJECT] tid1 
[2021-01-18 17:23][DEBUG] [OBJECT] tid1 
[2021-01-18 17:23][DEBUG] [OBJECT] tid1 
[2021-01-18 17:23][DEBUG] [OBJECT] tid1 
[2021-01-18 17:23][DEBUG] [OBJECT] tid1 
[2021-01-18 17:23][DEBUG] [OBJECT] tid1 
[2021-01-18 17:23][DEBUG] [OBJECT] tid1 
[2021-01-18 17:23][DEBUG] [OBJECT] tid1 
[2021-01-18 17:23][DEBUG] [OBJECT] tid1 
[2021-01-18 17:23][DEBUG] [OBJECT] tid1 
[2021-01-18 17:23][DEBUG] [OBJECT] tid1 
[2021-01-18 17:23][DEBUG] [OBJECT] tid1 
[2021-01-18 17:23][DEBUG] [OBJECT] tid1 
[2021-01-18 17:23][DEBUG] [OBJECT] tid1 
[2021-01-18 17:23][DEBUG] [OBJECT] tid1 
[2021-01-18 17:23][DEBUG] [OBJECT] tid1 
[2021-01-18 17:23][DEBUG] [OBJECT] tid1 
[2021-01-18 17:23][DEBUG] [OBJECT] tid1 
[2021-01-18 17:23][DEBUG] [OBJECT] tid1 
[2021-01-18 17:23][DEBUG] [OBJECT] tid1 
[2021-01-18 17:23][DEBUG] [OBJECT] tid1 
[2021-01-18 17:23][DEBUG] [OBJECT] tid1 
[2021-01-18 17:23][DEBUG] [OBJECT] tid1 
[2021-01-18 17:23][DEBUG] [OBJECT] tid1 
[2021-01-18 17:23][DEBUG] [OBJECT] tid1 
[2021-01-18 17:23][DEBUG] [OBJECT] tid1 
[2021-01-18 17:23][DEBUG] [OBJECT] tid1 
[2021-01-18 17:23][DEBUG] [OBJECT] tid1 
[2021-01-18 17:23][DEBUG] [OBJECT] tid1 
[2021-01-18 17:23][DEBUG] [OBJECT] tid1 
[2021-01-18 17:23][DEBUG] [OBJECT] tid1 
[2021-01-18 17:23][DEBUG] [OBJECT] tid1 
[2021-01-18 17:23][DEBUG] [OBJECT] tid1 
[2021-01-18 17:23][DEBUG] [OBJECT] tid1 
[2021-01-18 17:23][DEBUG] [OBJECT] tid1 
[2021-01-18 17:23][DEBUG] [OBJECT] tid1 
[2021-01-18 17:23][DEBUG] [OBJECT] tid1 
[2021-01-18 17:23][DEBUG] [OBJECT] tid1 
[2021-01-18 17:23][DEBUG] [OBJECT] tid1 
[2021-01-18 17:23][DEBUG] [OBJECT] tid1 
[2021-01-18 17:23][DEBUG] [OBJECT] tid1 
[2021-01-18 17:23][DEBUG] [OBJECT] tid1 
[2021-01-18 17:23][DEBUG] [OBJECT] tid1 
[2021-01-18 17:23][DEBUG] [OBJECT] tid1 
[2021-01-18 17:23][DEBUG] [OBJECT] tid1 
[2021-01-18 17:23][DEBUG] [OBJECT] tid1 
[2021-01-18 17:23][DEBUG] [OBJECT] tid1 
[2021-01-18 17:23][DEBUG] [OBJECT] tid1 
[2021-01-18 17:23][DEBUG] [OBJECT] tid1 
[2021-01-18 17:23][DEBUG] [OBJECT] tid1 
[2021-01-18 17:23][DEBUG] [OBJECT] tid1 
[2021-01-18 17:23][DEBUG] [OBJECT] tid1 
[2021-01-18 17:23][DEBUG] [OBJECT] tid1 
[2021-01-18 17:23][DEBUG] [OBJECT] tid1 
[2021-01-18 17:23][DEBUG] [OBJECT] tid1 
[2021-01-18 17:23][DEBUG] [OBJECT] tid1 
[2021-01-18 17:23][DEBUG] [OBJECT] tid1 
[2021-01-18 17:23][DEBUG] [OBJECT] tid1 
[2021-01-18 17:23][DEBUG] [OBJECT] tid1 
[2021-01-18 17:23][DEBUG] [OBJECT] tid1 
[2021-01-18 17:23][DEBUG] [OBJECT] tid1 
[2021-01-18 17:23][DEBUG] [OBJECT] tid1 
[2021-01-18 17:23][DEBUG] [OBJECT] tid1 
[2021-01-18 17:23][DEBUG] [OBJECT] tid1 
[2021-01-18 17:23][DEBUG] [OBJECT] tid1 
[2021-01-18 17:23][DEBUG] [OBJECT] tid1 
[2021-01-18 17:23][DEBUG] [OBJECT] tid1 
[2021-01-18 17:23][DEBUG] [OBJECT] tid1 
[2021-01-18 17:23][DEBUG] [OBJECT] tid1 
[2021-01-18 17:23][DEBUG] [OBJECT] tid1 
[2021-01-18 17:23][DEBUG] [OBJECT] tid1 
[2021-01-18 17:23][DEBUG] [OBJECT] tid1 
[2021-01-18 17:23][DEBUG] [OBJECT] tid1 
[2021-01-18 17:23][DEBUG] [OBJECT] tid1 
[2021-01-18 17:23][DEBUG] [OBJECT] tid1 
[2021-01-18 17:23][DEBUG] [OBJECT] tid1 
[2021-01-18 17:23][DEBUG] [OBJECT] tid1 
[2021-01-18 17:23][DEBUG] [OBJECT] tid1 
[2021-01-18 17:23][DEBUG] [OBJECT] tid1 
[2021-01-18 17:23][DEBUG] [OBJECT] tid1 
[2021-01-18 17:23][DEBUG] [OBJECT] tid1 
[2021-01-18 17:23][DEBUG] [OBJECT] tid1 
[2021-01-18 17:23][DEBUG] [OBJECT] tid1 
[2021-01-18 17:23][DEBUG] [OBJECT] tid1 
[2021-01-18 17:23][DEBUG] [OBJECT] tid1 
[2021-01-18 17:23][DEBUG] [OBJECT] tid1 
[2021-01-18 17:23][DEBUG] [OBJECT] tid1 
[2021-01-18 17:23][DEBUG] [OBJECT] tid1 
[2021-01-18 17:23][DEBUG] [OBJECT] tid1 
[2021-01-18 17:23][DEBUG] [OBJECT] tid1 
[2021-01-18 17:23][DEBUG] [OBJECT] tid1 
[2021-01-18 17:23][DEBUG] [OBJECT] tid1 
[2021-01-18 17:23][DEBUG] [OBJECT] tid1 
[2021-01-18 17:23][DEBUG] [OBJECT] tid1 
[2021-01-18 17:23][DEBUG] [OBJECT] tid1 
[2021-01-18 17:23][DEBUG] [OBJECT] tid1 
[2021-01-18 17:23][DEBUG] [OBJECT] tid1 
[2021-01-18 17:23][DEBUG] [OBJECT] tid1 
[2021-01-18 17:23][DEBUG] [OBJECT] tid1 
[2021-01-18 17:23][DEBUG] [OBJECT] tid1 
[2021-01-18 17:23][DEBUG] [OBJECT] tid1 
[2021-01-18 17:23][DEBUG] [OBJECT] tid1 
[2021-01-18 17:23][DEBUG] [OBJECT] tid1 
[2021-01-18 17:23][DEBUG] [OBJECT] tid1 
[2021-01-18 17:23][DEBUG] [OBJECT] tid1 
[2021-01-18 17:23][DEBUG] [OBJECT] tid1 
[2021-01-18 17:23][DEBUG] [OBJECT] tid1 
[2021-01-18 17:23][DEBUG] [OBJECT] tid1 
[2021-01-18 17:23][DEBUG] [OBJECT] tid1 
[2021-01-18 17:23][DEBUG] [OBJECT] tid1 
[2021-01-18 17:23][DEBUG] [OBJECT] tid1 
[2021-01-18 17:23][DEBUG] [OBJECT] tid1 
[2021-01-18 17:23][DEBUG] [OBJECT] tid1 
[2021-01-18 17:23][DEBUG] [OBJECT] tid1 
[2021-01-18 17:23][DEBUG] [OBJECT] tid1 
[2021-01-18 17:23][DEBUG] [OBJECT] tid1 
[2021-01-18 17:23][DEBUG] [OBJECT] tid1 
[2021-01-18 17:23][DEBUG] [OBJECT] tid1 
[2021-01-18 17:23][DEBUG] [OBJECT] tid1 
[2021-01-18 17:23][DEBUG] [OBJECT] tid1 
[2021-01-18 17:23][DEBUG] [OBJECT] tid1 
[2021-01-18 17:23][DEBUG] [OBJECT] tid1 
[2021-01-18 17:23][DEBUG] [OBJECT] tid1 
[2021-01-18 17:23][DEBUG] [OBJECT] tid1 
[2021-01-18 17:23][DEBUG] [OBJECT] tid1 
[2021-01-18 17:23][DEBUG] [OBJECT] tid1 
[2021-01-18 17:23][DEBUG] [OBJECT] tid1 
[2021-01-18 17:23][DEBUG] [OBJECT] tid1 
[2021-01-18 17:23][DEBUG] [OBJECT] tid1 
[2021-01-18 17:23][DEBUG] [OBJECT] tid1 
[2021-01-18 17:23][DEBUG] [OBJECT] tid1 
[2021-01-18 17:23][DEBUG] [OBJECT] tid1 
[2021-01-18 17:23][DEBUG] [OBJECT] tid1 
[2021-01-18 17:23][DEBUG] [OBJECT] tid1 
[2021-01-18 17:23][DEBUG] [OBJECT] tid1 
[2021-01-18 17:23][DEBUG] [OBJECT] tid1 
[2021-01-18 17:23][DEBUG] [OBJECT] tid1 
[2021-01-18 17:23][DEBUG] [OBJECT] tid1 
[2021-01-18 17:23][DEBUG] [OBJECT] tid1 
[2021-01-18 17:23][DEBUG] [OBJECT] tid1 
[2021-01-18 17:23][DEBUG] [OBJECT] tid1 
[2021-01-18 17:23][DEBUG] [OBJECT] tid1 
[2021-01-18 17:23][DEBUG] [OBJECT] tid1 
[2021-01-18 17:23][DEBUG] [OBJECT] tid1 
[2021-01-18 17:23][DEBUG] [OBJECT] tid1 
[2021-01-18 17:23][DEBUG] [OBJECT] tid1 
[2021-01-18 17:23][DEBUG] [OBJECT] tid1 
[2021-01-18 17:23][DEBUG] [OBJECT] tid1 
[2021-01-18 17:23][DEBUG] [OBJECT] tid1 
[2021-01-18 17:23][DEBUG] [OBJECT] tid1 
[2021-01-18 17:23][DEBUG] [OBJECT] tid1 
[2021-01-18 17:23][DEBUG] [OBJECT] tid1 
[2021-01-18 17:23][DEBUG] [OBJECT] tid1 
[2021-01-18 17:23][DEBUG] [OBJECT] tid1 
[2021-01-18 17:23][DEBUG] [OBJECT] tid1 
[2021-01-18 17:23][DEBUG] [OBJECT] tid1 
[2021-01-18 17:23][DEBUG] [OBJECT] tid1 
[2021-01-18 17:23][DEBUG] [OBJECT] tid1 
[2021-01-18 17:23][DEBUG] [OBJECT] tid1 
[2021-01-18 17:23][DEBUG] [OBJECT] tid1 
[2021-01-18 17:23][DEBUG] [OBJECT] tid1 
[2021-01-18 17:23][DEBUG] [OBJECT] tid1 
[2021-01-18 17:23][DEBUG] [OBJECT] tid1 
[2021-01-18 17:23][DEBUG] [OBJECT] tid1 
[2021-01-18 17:23][DEBUG] [OBJECT] tid1 
[2021-01-18 17:23][DEBUG] [OBJECT] tid1 
[2021-01-18 17:23][DEBUG] [OBJECT] tid1 
[2021-01-18 17:23][DEBUG] [OBJECT] tid1 
[2021-01-18 17:23][DEBUG] [OBJECT] tid1 
[2021-01-18 17:23][DEBUG] [OBJECT] tid1 
[2021-01-18 17:23][DEBUG] [OBJECT] tid1 
[2021-01-18 17:23][DEBUG] [OBJECT] tid1 
[2021-01-18 17:23][DEBUG] [OBJECT] tid1 
[2021-01-18 17:23][DEBUG] [OBJECT] tid1 
[2021-01-18 17:23][DEBUG] [OBJECT] tid1 
[2021-01-18 17:23][DEBUG] [OBJECT] tid1 
[2021-01-18 17:23][DEBUG] [OBJECT] tid1 
[2021-01-18 17:23][DEBUG] [OBJECT] tid1 
[2021-01-18 17:23][DEBUG] [OBJECT] tid1 
[2021-01-18 17:23][DEBUG] [OBJECT] tid1 
[2021-01-18 17:23][DEBUG] [OBJECT] tid1 
[2021-01-18 17:23][DEBUG] [OBJECT] tid1 
[2021-01-18 17:23][DEBUG] [OBJECT] tid1 
[2021-01-18 17:23][DEBUG] [OBJECT] tid1 
[2021-01-18 17:23][DEBUG] [OBJECT] tid1 
[2021-01-18 17:23][DEBUG] [OBJECT] tid1 
[2021-01-18 17:23][DEBUG] [OBJECT] tid1 
[2021-01-18 17:23][DEBUG] [OBJECT] tid1 
[2021-01-18 17:23][DEBUG] [OBJECT] tid1 
[2021-01-18 17:23][DEBUG] [OBJECT] tid1 
[2021-01-18 17:23][DEBUG] [OBJECT] tid1 
[2021-01-18 17:23][DEBUG] [OBJECT] tid1 
[2021-01-18 17:23][DEBUG] [OBJECT] tid1 
[2021-01-18 17:23][DEBUG] [OBJECT] tid1 
[2021-01-18 17:23][DEBUG] [OBJECT] tid1 
[2021-01-18 17:23][DEBUG] [OBJECT] tid1 
[2021-01-18 17:23][DEBUG] [OBJECT] tid1 
[2021-01-18 17:23][DEBUG] [OBJECT] tid1 
[2021-01-18 17:23][DEBUG] [OBJECT] tid1 
[2021-01-18 17:23][DEBUG] [OBJECT] tid1 
[2021-01-18 17:23][DEBUG] [OBJECT] tid1 
[2021-01-18 17:23][DEBUG] [OBJECT] tid1 
[2021-01-18 17:23][DEBUG] [OBJECT] tid1 
[2021-01-18 17:23][DEBUG] [OBJECT] tid1 
[2021-01-18 17:23][DEBUG] [OBJECT] tid1 
[2021-01-18 17:23][DEBUG] [OBJECT] tid1 
[2021-01-18 17:23][DEBUG] [OBJECT] tid1 
[2021-01-18 17:23][DEBUG] [OBJECT] tid1 
[2021-01-18 17:23][DEBUG] [OBJECT] tid1 
[2021-01-18 17:23][DEBUG] [OBJECT] tid1 
[2021-01-18 17:23][DEBUG] [OBJECT] tid1 
[2021-01-18 17:23][DEBUG] [OBJECT] tid1 
[2021-01-18 17:23][DEBUG] [OBJECT] tid1 
[2021-01-18 17:23][DEBUG] [OBJECT] tid1 
[2021-01-18 17:23][DEBUG] [OBJECT] tid1 
[2021-01-18 17:23][DEBUG] [OBJECT] tid1 
[2021-01-18 17:23][DEBUG] [OBJECT] tid1 
[2021-01-18 17:23][DEBUG] [OBJECT] tid1 
[2021-01-18 17:23][DEBUG] [OBJECT] tid1 
[2021-01-18 17:23][DEBUG] [OBJECT] tid1 
[2021-01-18 17:23][DEBUG] [OBJECT] tid1 
[2021-01-18 17:23][DEBUG] [OBJECT] tid1 
[2021-01-18 17:23][DEBUG] [OBJECT] tid1 
[2021-01-18 17:23][DEBUG] [OBJECT] tid1 
[2021-01-18 17:23][DEBUG] [OBJECT] tid1 
[2021-01-18 17:23][DEBUG] [OBJECT] tid1 
[2021-01-18 17:23][DEBUG] [OBJECT] tid1 
[2021-01-18 17:23][DEBUG] [OBJECT] tid1 
[2021-01-18 17:23][DEBUG] [OBJECT] tid1 
[2021-01-18 17:23][DEBUG] [OBJECT] tid1 
[2021-01-18 17:23][DEBUG] [OBJECT] tid1 
[2021-01-18 17:23][DEBUG] [OBJECT] tid1 
[2021-01-18 17:23][DEBUG] [OBJECT] tid1 
[2021-01-18 17:23][DEBUG] [OBJECT] tid1 
[2021-01-18 17:23][DEBUG] [OBJECT] tid1 
[2021-01-18 17:23][DEBUG] [OBJECT] tid1 
[2021-01-18 17:23][DEBUG] [OBJECT] tid1 
[2021-01-18 17:23][DEBUG] [OBJECT] tid1 
[2021-01-18 17:23][DEBUG] [OBJECT] tid1 
[2021-01-18 17:23][DEBUG] [OBJECT] tid1 
[2021-01-18 17:23][DEBUG] [OBJECT] tid1 
[2021-01-18 17:23][DEBUG] [OBJECT] tid1 
[2021-01-18 17:23][DEBUG] [OBJECT] tid1 
[2021-01-18 17:23][DEBUG] [OBJECT] tid1 
[2021-01-18 17:23][DEBUG] [OBJECT] tid1 
[2021-01-18 17:23][DEBUG] [OBJECT] tid1 
[2021-01-18 17:23][DEBUG] [OBJECT] tid1 
[2021-01-18 17:23][DEBUG] [OBJECT] tid1 
[2021-01-18 17:23][DEBUG] [OBJECT] tid1 
[2021-01-18 17:23][DEBUG] [OBJECT] tid1 
[2021-01-18 17:23][DEBUG] [OBJECT] tid1 
[2021-01-18 17:23][DEBUG] [OBJECT] tid1 
[2021-01-18 17:23][DEBUG] [OBJECT] tid1 
[2021-01-18 17:23][DEBUG] [OBJECT] tid1 
[2021-01-18 17:23][DEBUG] [OBJECT] tid1 
[2021-01-18 17:23][DEBUG] [OBJECT] tid1 
[2021-01-18 17:23][DEBUG] [OBJECT] tid1 
[2021-01-18 17:23][DEBUG] [OBJECT] tid1 
[2021-01-18 17:23][DEBUG] [OBJECT] tid1 
[2021-01-18 17:23][DEBUG] [OBJECT] tid1 
[2021-01-18 17:23][DEBUG] [OBJECT] tid1 
[2021-01-18 17:23][DEBUG] [OBJECT] tid1 
[2021-01-18 17:23][DEBUG] [OBJECT] tid1 
[2021-01-18 17:23][DEBUG] [OBJECT] tid1 
[2021-01-18 17:23][DEBUG] [OBJECT] tid1 
[2021-01-18 17:23][DEBUG] [OBJECT] tid1 
[2021-01-18 17:23][DEBUG] [OBJECT] tid1 
[2021-01-18 17:23][DEBUG] [OBJECT] tid1 
[2021-01-18 17:23][DEBUG] [OBJECT] tid1 
[2021-01-18 17:23][DEBUG] [OBJECT] tid1 
[2021-01-18 17:23][DEBUG] [OBJECT] tid1 
[2021-01-18 17:23][DEBUG] [OBJECT] tid1 
[2021-01-18 17:23][DEBUG] [OBJECT] tid1 
[2021-01-18 17:23][DEBUG] [OBJECT] tid1 
[2021-01-18 17:23][DEBUG] [OBJECT] tid1 
[2021-01-18 17:23][DEBUG] [OBJECT] tid1 
[2021-01-18 17:23][DEBUG] [OBJECT] tid1 
[2021-01-18 17:23][DEBUG] [OBJECT] tid1 
[2021-01-18 17:23][DEBUG] [OBJECT] tid1 
[2021-01-18 17:23][DEBUG] [OBJECT] tid1 
[2021-01-18 17:23][DEBUG] [OBJECT] tid1 
[2021-01-18 17:23][DEBUG] [OBJECT] tid1 
[2021-01-18 17:23][DEBUG] [OBJECT] tid1 
[2021-01-18 17:23][DEBUG] [OBJECT] tid1 
[2021-01-18 17:23][DEBUG] [OBJECT] tid1 
[2021-01-18 17:23][DEBUG] [OBJECT] tid1 
[2021-01-18 17:23][DEBUG] [OBJECT] tid1 
[2021-01-18 17:23][DEBUG] [OBJECT] tid1 
[2021-01-18 17:23][DEBUG] [OBJECT] tid1 
[2021-01-18 17:23][DEBUG] [OBJECT] tid1 
[2021-01-18 17:23][DEBUG] [OBJECT] tid1 
[2021-01-18 17:23][DEBUG] [OBJECT] tid1 
[2021-01-18 17:23][DEBUG] [OBJECT] tid1 
[2021-01-18 17:23][DEBUG] [OBJECT] tid1 
[2021-01-18 17:23][DEBUG] [OBJECT] tid1 
[2021-01-18 17:23][DEBUG] [OBJECT] tid1 
[2021-01-18 17:23][DEBUG] [OBJECT] tid1 
[2021-01-18 17:23][DEBUG] [OBJECT] tid1 
[2021-01-18 17:23][DEBUG] [OBJECT] tid1 
[2021-01-18 17:23][DEBUG] [OBJECT] tid1 
[2021-01-18 17:23][DEBUG] [OBJECT] tid1 
[2021-01-18 17:23][DEBUG] [OBJECT] tid1 
[2021-01-18 17:23][DEBUG] [OBJECT] tid1 
[2021-01-18 17:23][DEBUG] [OBJECT] tid1 
[2021-01-18 17:23][DEBUG] [OBJECT] tid1 
[2021-01-18 17:23][DEBUG] [OBJECT] tid1 
[2021-01-18 17:23][DEBUG] [OBJECT] tid1 
[2021-01-18 17:23][DEBUG] [OBJECT] tid1 
[2021-01-18 17:23][DEBUG] [OBJECT] tid1 
[2021-01-18 17:23][DEBUG] [OBJECT] tid1 
[2021-01-18 17:23][DEBUG] [OBJECT] tid1 
[2021-01-18 17:23][DEBUG] [OBJECT] tid1 
[2021-01-18 17:23][DEBUG] [OBJECT] tid1 
[2021-01-18 17:23][DEBUG] [OBJECT] tid1 
[2021-01-18 17:23][DEBUG] [OBJECT] tid1 
[2021-01-18 17:23][DEBUG] [OBJECT] tid1 
[2021-01-18 17:23][DEBUG] [OBJECT] tid1 
[2021-01-18 17:23][DEBUG] [OBJECT] tid1 
[2021-01-18 17:23][DEBUG] [OBJECT] tid1 
[2021-01-18 17:23][DEBUG] [OBJECT] tid1 
[2021-01-18 17:23][DEBUG] [OBJECT] tid1 
[2021-01-18 17:23][DEBUG] [OBJECT] tid1 
[2021-01-18 17:23][DEBUG] [OBJECT] tid1 
[2021-01-18 17:23][DEBUG] [OBJECT] tid1 
[2021-01-18 17:23][DEBUG] [OBJECT] tid1 
[2021-01-18 17:23][DEBUG] [OBJECT] tid1 
[2021-01-18 17:23][DEBUG] [OBJECT] tid1 
[2021-01-18 17:23][DEBUG] [OBJECT] tid1 
[2021-01-18 17:23][DEBUG] [OBJECT] tid1 
[2021-01-18 17:23][DEBUG] [OBJECT] tid1 
[2021-01-18 17:23][DEBUG] [OBJECT] tid1 
[2021-01-18 17:23][DEBUG] [OBJECT] tid1 
[2021-01-18 17:23][DEBUG] [OBJECT] tid1 
[2021-01-18 17:23][DEBUG] [OBJECT] tid1 
[2021-01-18 17:23][DEBUG] [OBJECT] tid1 
[2021-01-18 17:23][DEBUG] [OBJECT] tid1 
[2021-01-18 17:23][DEBUG] [OBJECT] tid1 
[2021-01-18 17:23][DEBUG] [OBJECT] tid1 
[2021-01-18 17:23][DEBUG] [OBJECT] tid1 
[2021-01-18 17:23][DEBUG] [OBJECT] tid1 
[2021-01-18 17:23][DEBUG] [OBJECT] tid1 
[2021-01-18 17:23][DEBUG] [OBJECT] tid1 
[2021-01-18 17:23][DEBUG] [OBJECT] tid1 
[2021-01-18 17:23][DEBUG] [OBJECT] tid1 
[2021-01-18 17:23][DEBUG] [OBJECT] tid1 
[2021-01-18 17:23][DEBUG] [OBJECT] tid1 
[2021-01-18 17:23][DEBUG] [OBJECT] tid1 
[2021-01-18 17:23][DEBUG] [OBJECT] tid1 
[2021-01-18 17:23][DEBUG] [OBJECT] tid1 
[2021-01-18 17:23][DEBUG] [OBJECT] tid1 
[2021-01-18 17:23][DEBUG] [OBJECT] tid1 
[2021-01-18 17:23][DEBUG] [OBJECT] tid1 
[2021-01-18 17:23][DEBUG] [OBJECT] tid1 
[2021-01-18 17:23][DEBUG] [OBJECT] tid1 
[2021-01-18 17:23][DEBUG] [OBJECT] tid1 
[2021-01-18 17:23][DEBUG] [OBJECT] tid1 
[2021-01-18 17:23][DEBUG] [OBJECT] tid1 
[2021-01-18 17:23][DEBUG] [OBJECT] tid1 
[2021-01-18 17:23][DEBUG] [OBJECT] tid1 
[2021-01-18 17:23][DEBUG] [OBJECT] tid1 
[2021-01-18 17:23][DEBUG] [OBJECT] tid1 
[2021-01-18 17:23][DEBUG] [OBJECT] tid1 
[2021-01-18 17:23][DEBUG] [OBJECT] tid1 
[2021-01-18 17:23][DEBUG] [OBJECT] tid1 
[2021-01-18 17:23][DEBUG] [OBJECT] tid1 
[2021-01-18 17:23][DEBUG] [OBJECT] tid1 
[2021-01-18 17:23][DEBUG] [OBJECT] tid1 
[2021-01-18 17:23][DEBUG] [OBJECT] tid1 
[2021-01-18 17:23][DEBUG] [OBJECT] tid1 
[2021-01-18 17:23][DEBUG] [OBJECT] tid1 
[2021-01-18 17:23][DEBUG] [OBJECT] tid1 
[2021-01-18 17:23][DEBUG] [OBJECT] tid1 
[2021-01-18 17:23][DEBUG] [OBJECT] tid1 
[2021-01-18 17:23][DEBUG] [OBJECT] tid1 
[2021-01-18 17:23][DEBUG] [OBJECT] tid1 
[2021-01-18 17:23][DEBUG] [OBJECT] tid1 
[2021-01-18 17:23][DEBUG] [OBJECT] tid1 
[2021-01-18 17:23][DEBUG] [OBJECT] tid1 
[2021-01-18 17:23][DEBUG] [OBJECT] tid1 
[2021-01-18 17:23][DEBUG] [OBJECT] tid1 
[2021-01-18 17:23][DEBUG] [OBJECT] tid1 
[2021-01-18 17:23][DEBUG] [OBJECT] tid1 
[2021-01-18 17:23][DEBUG] [OBJECT] tid1 
[2021-01-18 17:23][DEBUG] [OBJECT] tid1 
[2021-01-18 17:23][DEBUG] [OBJECT] tid1 
[2021-01-18 17:23][DEBUG] [OBJECT] tid1 
[2021-01-18 17:23][DEBUG] [OBJECT] tid1 
[2021-01-18 17:23][DEBUG] [OBJECT] tid1 
[2021-01-18 17:23][DEBUG] [OBJECT] tid1 
[2021-01-18 17:23][DEBUG] [OBJECT] tid1 
[2021-01-18 17:23][DEBUG] [OBJECT] tid1 
[2021-01-18 17:23][DEBUG] [OBJECT] tid1 
[2021-01-18 17:23][DEBUG] [OBJECT] tid1 
[2021-01-18 17:23][DEBUG] [OBJECT] tid1 
[2021-01-18 17:23][DEBUG] [OBJECT] tid1 
[2021-01-18 17:23][DEBUG] [OBJECT] tid1 
[2021-01-18 17:23][DEBUG] [OBJECT] tid1 
[2021-01-18 17:23][DEBUG] [OBJECT] tid1 
[2021-01-18 17:23][DEBUG] [OBJECT] tid1 
[2021-01-18 17:23][DEBUG] [OBJECT] tid1 
[2021-01-18 17:23][DEBUG] [OBJECT] tid1 
[2021-01-18 17:23][DEBUG] [OBJECT] tid1 
[2021-01-18 17:23][DEBUG] [OBJECT] tid1 
[2021-01-18 17:23][DEBUG] [OBJECT] tid1 
[2021-01-18 17:23][DEBUG] [OBJECT] tid1 
[2021-01-18 17:23][DEBUG] [OBJECT] tid1 
[2021-01-18 17:23][DEBUG] [OBJECT] tid1 
[2021-01-18 17:23][DEBUG] [OBJECT] tid1 
[2021-01-18 17:23][DEBUG] [OBJECT] tid1 
[2021-01-18 17:23][DEBUG] [OBJECT] tid1 
[2021-01-18 17:23][DEBUG] [OBJECT] tid1 
[2021-01-18 17:23][DEBUG] [OBJECT] tid1 
[2021-01-18 17:23][DEBUG] [OBJECT] tid1 
[2021-01-18 17:23][DEBUG] [OBJECT] tid1 
[2021-01-18 17:23][DEBUG] [OBJECT] tid1 
[2021-01-18 17:23][DEBUG] [OBJECT] tid1 
[2021-01-18 17:23][DEBUG] [OBJECT] tid1 
[2021-01-18 17:23][DEBUG] [OBJECT] tid1 
[2021-01-18 17:23][DEBUG] [OBJECT] tid1 
[2021-01-18 17:23][DEBUG] [OBJECT] tid1 
[2021-01-18 17:23][DEBUG] [OBJECT] tid1 
[2021-01-18 17:23][DEBUG] [OBJECT] tid1 
[2021-01-18 17:23][DEBUG] [OBJECT] tid1 
[2021-01-18 17:23][DEBUG] [OBJECT] tid1 
[2021-01-18 17:23][DEBUG] [OBJECT] tid1 
[2021-01-18 17:23][DEBUG] [OBJECT] tid1 
[2021-01-18 17:23][DEBUG] [OBJECT] tid1 
[2021-01-18 17:23][DEBUG] [OBJECT] tid1 
[2021-01-18 17:23][DEBUG] [OBJECT] tid1 
[2021-01-18 17:23][DEBUG] [OBJECT] tid1 
[2021-01-18 17:23][DEBUG] [OBJECT] tid1 
[2021-01-18 17:23][DEBUG] [OBJECT] tid1 
[2021-01-18 17:23][DEBUG] [OBJECT] tid1 
[2021-01-18 17:23][DEBUG] [OBJECT] tid1 
[2021-01-18 17:23][DEBUG] [OBJECT] tid1 
[2021-01-18 17:23][DEBUG] [OBJECT] tid1 
[2021-01-18 17:23][DEBUG] [OBJECT] tid1 
[2021-01-18 17:23][DEBUG] [OBJECT] tid1 
[2021-01-18 17:23][DEBUG] [OBJECT] tid1 
[2021-01-18 17:23][DEBUG] [OBJECT] tid1 
[2021-01-18 17:23][DEBUG] [OBJECT] tid1 
[2021-01-18 17:23][DEBUG] [OBJECT] tid1 
[2021-01-18 17:23][DEBUG] [OBJECT] tid1 
[2021-01-18 17:23][DEBUG] [OBJECT] tid1 
[2021-01-18 17:23][DEBUG] [OBJECT] tid1 
[2021-01-18 17:23][DEBUG] [OBJECT] tid1 
[2021-01-18 17:23][DEBUG] [OBJECT] tid1 
[2021-01-18 17:23][DEBUG] [OBJECT] tid1 
[2021-01-18 17:23][DEBUG] [OBJECT] tid1 
[2021-01-18 17:23][DEBUG] [OBJECT] tid1 
[2021-01-18 17:23][DEBUG] [OBJECT] tid1 
[2021-01-18 17:23][DEBUG] [OBJECT] tid1 
[2021-01-18 17:23][DEBUG] [OBJECT] tid1 
[2021-01-18 17:23][DEBUG] [OBJECT] tid1 
[2021-01-18 17:23][DEBUG] [OBJECT] tid1 
[2021-01-18 17:23][DEBUG] [OBJECT] tid1 
[2021-01-18 17:23][DEBUG] [OBJECT] tid1 
[2021-01-18 17:23][DEBUG] [OBJECT] tid1 
[2021-01-18 17:23][DEBUG] [OBJECT] tid1 
[2021-01-18 17:23][DEBUG] [OBJECT] tid1 
[2021-01-18 17:23][DEBUG] [OBJECT] tid1 
[2021-01-18 17:23][DEBUG] [OBJECT] tid1 
[2021-01-18 17:23][DEBUG] [OBJECT] tid1 
[2021-01-18 17:23][DEBUG] [OBJECT] tid1 
[2021-01-18 17:23][DEBUG] [OBJECT] tid1 
[2021-01-18 17:23][DEBUG] [OBJECT] tid1 
[2021-01-18 17:23][DEBUG] [OBJECT] tid1 
[2021-01-18 17:23][DEBUG] [OBJECT] tid1 
[2021-01-18 17:23][DEBUG] [OBJECT] tid1 
[2021-01-18 17:23][DEBUG] [OBJECT] tid1 
[2021-01-18 17:23][DEBUG] [OBJECT] tid1 
[2021-01-18 17:23][DEBUG] [OBJECT] tid1 
[2021-01-18 17:23][DEBUG] [OBJECT] tid1 
[2021-01-18 17:23][DEBUG] [OBJECT] tid1 
[2021-01-18 17:23][DEBUG] [OBJECT] tid1 
[2021-01-18 17:23][DEBUG] [OBJECT] tid1 
[2021-01-18 17:23][DEBUG] [OBJECT] tid1 
[2021-01-18 17:23][DEBUG] [OBJECT] tid1 
[2021-01-18 17:23][DEBUG] [OBJECT] tid1 
[2021-01-18 17:23][DEBUG] [OBJECT] tid1 
[2021-01-18 17:23][DEBUG] [OBJECT] tid1 
[2021-01-18 17:23][DEBUG] [OBJECT] tid1 
[2021-01-18 17:23][DEBUG] [OBJECT] tid1 
[2021-01-18 17:23][DEBUG] [OBJECT] tid1 
[2021-01-18 17:23][DEBUG] [OBJECT] tid1 
[2021-01-18 17:23][DEBUG] [OBJECT] tid1 
[2021-01-18 17:23][DEBUG] [OBJECT] tid1 
[2021-01-18 17:23][DEBUG] [OBJECT] tid1 
[2021-01-18 17:23][DEBUG] [OBJECT] tid1 
[2021-01-18 17:23][DEBUG] [OBJECT] tid1 
[2021-01-18 17:23][DEBUG] [OBJECT] tid1 
[2021-01-18 17:23][DEBUG] [OBJECT] tid1 
[2021-01-18 17:23][DEBUG] [OBJECT] tid1 
[2021-01-18 17:23][DEBUG] [OBJECT] tid1 
[2021-01-18 17:23][DEBUG] [OBJECT] tid1 
[2021-01-18 17:23][DEBUG] [OBJECT] tid1 
[2021-01-18 17:23][DEBUG] [OBJECT] tid1 
[2021-01-18 17:23][DEBUG] [OBJECT] tid1 
[2021-01-18 17:23][DEBUG] [OBJECT] tid1 
[2021-01-18 17:23][DEBUG] [OBJECT] tid1 
[2021-01-18 17:23][DEBUG] [OBJECT] tid1 
[2021-01-18 17:23][DEBUG] [OBJECT] tid1 
[2021-01-18 17:23][DEBUG] [OBJECT] tid1 
[2021-01-18 17:23][DEBUG] [OBJECT] tid1 
[2021-01-18 17:23][DEBUG] [OBJECT] tid1 
[2021-01-18 17:23][DEBUG] [OBJECT] tid1 
[2021-01-18 17:23][DEBUG] [OBJECT] tid1 
[2021-01-18 17:23][DEBUG] [OBJECT] tid1 
[2021-01-18 17:23][DEBUG] [OBJECT] tid1 
[2021-01-18 17:23][DEBUG] [OBJECT] tid1 
[2021-01-18 17:23][DEBUG] [OBJECT] tid1 
[2021-01-18 17:23][DEBUG] [OBJECT] tid1 
[2021-01-18 17:23][DEBUG] [OBJECT] tid1 
[2021-01-18 17:23][DEBUG] [OBJECT] tid1 
[2021-01-18 17:23][DEBUG] [OBJECT] tid1 
[2021-01-18 17:23][DEBUG] [OBJECT] tid1 
[2021-01-18 17:23][DEBUG] [OBJECT] tid1 
[2021-01-18 17:23][DEBUG] [OBJECT] tid1 
[2021-01-18 17:23][DEBUG] [OBJECT] tid1 
[2021-01-18 17:23][DEBUG] [OBJECT] tid1 
[2021-01-18 17:23][DEBUG] [OBJECT] tid1 
[2021-01-18 17:23][DEBUG] [OBJECT] tid1 
[2021-01-18 17:23][DEBUG] [OBJECT] tid1 
[2021-01-18 17:23][DEBUG] [OBJECT] tid1 
[2021-01-18 17:23][DEBUG] [OBJECT] tid1 
[2021-01-18 17:23][DEBUG] [OBJECT] tid1 
[2021-01-18 17:23][DEBUG] [OBJECT] tid1 
[2021-01-18 17:23][DEBUG] [OBJECT] tid1 
[2021-01-18 17:23][DEBUG] [OBJECT] tid1 
[2021-01-18 17:23][DEBUG] [OBJECT] tid1 
[2021-01-18 17:23][DEBUG] [OBJECT] tid1 
[2021-01-18 17:23][DEBUG] [OBJECT] tid1 
[2021-01-18 17:23][DEBUG] [OBJECT] tid1 
[2021-01-18 17:23][DEBUG] [OBJECT] tid1 
[2021-01-18 17:23][DEBUG] [OBJECT] tid1 
[2021-01-18 17:23][DEBUG] [OBJECT] tid1 
[2021-01-18 17:23][DEBUG] [OBJECT] tid1 
[2021-01-18 17:23][DEBUG] [OBJECT] tid1 
[2021-01-18 17:23][DEBUG] [OBJECT] tid1 
[2021-01-18 17:23][DEBUG] [OBJECT] tid1 
[2021-01-18 17:23][DEBUG] [OBJECT] tid1 
[2021-01-18 17:23][DEBUG] [OBJECT] tid1 
[2021-01-18 17:23][DEBUG] [OBJECT] tid1 
[2021-01-18 17:23][DEBUG] [OBJECT] tid1 
[2021-01-18 17:23][DEBUG] [OBJECT] tid1 
[2021-01-18 17:23][DEBUG] [OBJECT] tid1 
[2021-01-18 17:23][DEBUG] [OBJECT] tid1 
[2021-01-18 17:23][DEBUG] [OBJECT] tid1 
[2021-01-18 17:23][DEBUG] [OBJECT] tid1 
[2021-01-18 17:23][DEBUG] [OBJECT] tid1 
[2021-01-18 17:23][DEBUG] [OBJECT] tid1 
[2021-01-18 17:23][DEBUG] [OBJECT] tid1 
[2021-01-18 17:23][DEBUG] [OBJECT] tid1 
[2021-01-18 17:23][DEBUG] [OBJECT] tid1 
[2021-01-18 17:23][DEBUG] [OBJECT] tid1 
[2021-01-18 17:23][DEBUG] [OBJECT] tid1 
[2021-01-18 17:23][DEBUG] [OBJECT] tid1 
[2021-01-18 17:23][DEBUG] [OBJECT] tid1 
[2021-01-18 17:23][DEBUG] [OBJECT] tid1 
[2021-01-18 17:23][DEBUG] [OBJECT] tid1 
[2021-01-18 17:23][DEBUG] [OBJECT] tid1 
[2021-01-18 17:23][DEBUG] [OBJECT] tid1 
[2021-01-18 17:23][DEBUG] [OBJECT] tid1 
[2021-01-18 17:23][DEBUG] [OBJECT] tid1 
[2021-01-18 17:23][DEBUG] [OBJECT] tid1 
[2021-01-18 17:23][DEBUG] [OBJECT] tid1 
[2021-01-18 17:23][DEBUG] [OBJECT] tid1 
[2021-01-18 17:23][DEBUG] [OBJECT] tid1 
[2021-01-18 17:23][DEBUG] [OBJECT] tid1 
[2021-01-18 17:23][DEBUG] [OBJECT] tid1 
[2021-01-18 17:23][DEBUG] [OBJECT] tid1 
[2021-01-18 17:23][DEBUG] [OBJECT] tid1 
[2021-01-18 17:23][DEBUG] [OBJECT] tid1 
[2021-01-18 17:23][DEBUG] [OBJECT] tid1 
[2021-01-18 17:23][DEBUG] [OBJECT] tid1 
[2021-01-18 17:23][DEBUG] [OBJECT] tid1 
[2021-01-18 17:23][DEBUG] 主进程结束
[2021-01-18 17:23][DEBUG] 资源释放完毕
[2021-01-18 17:25][DEBUG] [CAMERA] 摄像机初始化成功 
[2021-01-18 17:25][DEBUG] 主进程初始化完毕
[2021-01-18 17:25][DEBUG] 初始化物体model/cube
[2021-01-18 17:25][DEBUG] [OBJECT] 物件初始化成功 
[2021-01-18 17:25][DEBUG] [OBJECT] 物体加入全局物件管理器完毕, id->8589934592, vao->1, vbo->1 
[2021-01-18 17:25][DEBUG] [SHADER] 绑定顶点着色器文件 
[2021-01-18 17:25][DEBUG] [SHADER] 绑定片元着色器文件 
[2021-01-18 17:25][DEBUG] [SHADER] 着色器程序初始化成功 
[2021-01-18 17:25][DEBUG] [TEXTURE] 0号纹理初始化成功, 纹理id1 
[2021-01-18 17:25][DEBUG] 初始化物体model/cube
[2021-01-18 17:25][DEBUG] [OBJECT] 物件初始化成功 
[2021-01-18 17:25][DEBUG] [OBJECT] 物体加入全局物件管理器完毕, id->34359738368, vao->2, vbo->2 
[2021-01-18 17:25][DEBUG] [SHADER] 绑定顶点着色器文件 
[2021-01-18 17:25][DEBUG] [SHADER] 绑定片元着色器文件 
[2021-01-18 17:25][DEBUG] [SHADER] 着色器程序初始化成功 
[2021-01-18 17:25][DEBUG] 主进程结束
[2021-01-18 17:25][DEBUG] 资源释放完毕
[2021-01-18 17:30][DEBUG] [CAMERA] 摄像机初始化成功 
[2021-01-18 17:30][DEBUG] 主进程初始化完毕
[2021-01-18 17:30][DEBUG] 初始化物体model/cube
[2021-01-18 17:30][DEBUG] [OBJECT] 物件初始化成功 
[2021-01-18 17:30][DEBUG] [OBJECT] 物体加入全局物件管理器完毕, id->8589934592, vao->1, vbo->1 
[2021-01-18 17:30][DEBUG] [SHADER] 绑定顶点着色器文件 
[2021-01-18 17:30][DEBUG] [SHADER] 绑定片元着色器文件 
[2021-01-18 17:30][DEBUG] [SHADER] 着色器程序初始化成功 
[2021-01-18 17:30][DEBUG] [TEXTURE] 0号纹理初始化成功, 纹理id1 
[2021-01-18 17:30][DEBUG] 初始化物体model/cube
[2021-01-18 17:30][DEBUG] [OBJECT] 物件初始化成功 
[2021-01-18 17:30][DEBUG] [OBJECT] 物体加入全局物件管理器完毕, id->34359738368, vao->2, vbo->2 
[2021-01-18 17:30][DEBUG] [SHADER] 绑定顶点着色器文件 
[2021-01-18 17:30][DEBUG] [SHADER] 绑定片元着色器文件 
[2021-01-18 17:30][DEBUG] [SHADER] 着色器程序初始化成功 
[2021-01-18 17:31][DEBUG] 主进程结束
[2021-01-18 17:31][DEBUG] 资源释放完毕
[2021-01-18 17:32][DEBUG] [CAMERA] 摄像机初始化成功 
[2021-01-18 17:32][DEBUG] 主进程初始化完毕
[2021-01-18 17:32][DEBUG] 初始化物体model/cube
[2021-01-18 17:32][DEBUG] [OBJECT] 物件初始化成功 
[2021-01-18 17:32][DEBUG] [OBJECT] 物体加入全局物件管理器完毕, id->8589934592, vao->1, vbo->1 
[2021-01-18 17:32][DEBUG] [SHADER] 绑定顶点着色器文件 
[2021-01-18 17:32][DEBUG] [SHADER] 绑定片元着色器文件 
[2021-01-18 17:32][DEBUG] [SHADER] 着色器程序初始化成功 
[2021-01-18 17:32][DEBUG] [TEXTURE] 0号纹理初始化成功, 纹理id1 
[2021-01-18 17:32][DEBUG] 初始化物体model/cube
[2021-01-18 17:32][DEBUG] [OBJECT] 物件初始化成功 
[2021-01-18 17:32][DEBUG] [OBJECT] 物体加入全局物件管理器完毕, id->34359738368, vao->2, vbo->2 
[2021-01-18 17:32][DEBUG] [SHADER] 绑定顶点着色器文件 
[2021-01-18 17:32][DEBUG] [SHADER] 绑定片元着色器文件 
[2021-01-18 17:32][DEBUG] [SHADER] 着色器程序初始化成功 
[2021-01-18 17:32][DEBUG] 主进程结束
[2021-01-18 17:32][DEBUG] 资源释放完毕
[2021-01-18 17:33][DEBUG] [CAMERA] 摄像机初始化成功 
[2021-01-18 17:33][DEBUG] 主进程初始化完毕
[2021-01-18 17:33][DEBUG] 初始化物体model/cube
[2021-01-18 17:33][DEBUG] [OBJECT] 物件初始化成功 
[2021-01-18 17:33][DEBUG] [OBJECT] 物体加入全局物件管理器完毕, id->8589934592, vao->1, vbo->1 
[2021-01-18 17:33][DEBUG] [SHADER] 绑定顶点着色器文件 
[2021-01-18 17:33][DEBUG] [SHADER] 绑定片元着色器文件 
[2021-01-18 17:33][DEBUG] [SHADER] 着色器程序初始化成功 
[2021-01-18 17:33][DEBUG] [TEXTURE] 0号纹理初始化成功, 纹理id1 
[2021-01-18 17:33][DEBUG] 初始化物体model/cube
[2021-01-18 17:33][DEBUG] [OBJECT] 物件初始化成功 
[2021-01-18 17:33][DEBUG] [OBJECT] 物体加入全局物件管理器完毕, id->34359738368, vao->2, vbo->2 
[2021-01-18 17:33][DEBUG] [SHADER] 绑定顶点着色器文件 
[2021-01-18 17:33][DEBUG] [SHADER] 绑定片元着色器文件 
[2021-01-18 17:33][DEBUG] [SHADER] 着色器程序初始化成功 
[2021-01-18 17:33][DEBUG] 主进程结束
[2021-01-18 17:33][DEBUG] 资源释放完毕
[2021-01-18 17:36][DEBUG] [CAMERA] 摄像机初始化成功 
[2021-01-18 17:36][DEBUG] 主进程初始化完毕
[2021-01-18 17:36][DEBUG] 初始化物体model/cube
[2021-01-18 17:36][DEBUG] [OBJECT] 物件初始化成功 
[2021-01-18 17:36][DEBUG] [OBJECT] 物体加入全局物件管理器完毕, id->8589934592, vao->1, vbo->1 
[2021-01-18 17:36][DEBUG] [SHADER] 绑定顶点着色器文件 
[2021-01-18 17:36][DEBUG] [SHADER] 绑定片元着色器文件 
[2021-01-18 17:36][DEBUG] [SHADER] 着色器程序初始化成功 
[2021-01-18 17:36][DEBUG] [TEXTURE] 0号纹理初始化成功, 纹理id1 
[2021-01-18 17:36][DEBUG] 初始化物体model/cube
[2021-01-18 17:36][DEBUG] [OBJECT] 物件初始化成功 
[2021-01-18 17:36][DEBUG] [OBJECT] 物体加入全局物件管理器完毕, id->34359738368, vao->2, vbo->2 
[2021-01-18 17:36][DEBUG] [SHADER] 绑定顶点着色器文件 
[2021-01-18 17:36][DEBUG] [SHADER] 绑定片元着色器文件 
[2021-01-18 17:36][DEBUG] [SHADER] 着色器程序初始化成功 
[2021-01-18 17:36][DEBUG] 主进程结束
[2021-01-18 17:36][DEBUG] 资源释放完毕
[2021-01-18 17:36][DEBUG] [CAMERA] 摄像机初始化成功 
[2021-01-18 17:36][DEBUG] 主进程初始化完毕
[2021-01-18 17:36][DEBUG] 初始化物体model/cube
[2021-01-18 17:36][DEBUG] [OBJECT] 物件初始化成功 
[2021-01-18 17:36][DEBUG] [OBJECT] 物体加入全局物件管理器完毕, id->8589934592, vao->1, vbo->1 
[2021-01-18 17:36][DEBUG] [SHADER] 绑定顶点着色器文件 
[2021-01-18 17:36][DEBUG] [SHADER] 绑定片元着色器文件 
[2021-01-18 17:36][DEBUG] [SHADER] 着色器程序初始化成功 
[2021-01-18 17:36][DEBUG] [TEXTURE] 0号纹理初始化成功, 纹理id1 
[2021-01-18 17:36][DEBUG] 初始化物体model/cube
[2021-01-18 17:36][DEBUG] [OBJECT] 物件初始化成功 
[2021-01-18 17:36][DEBUG] [OBJECT] 物体加入全局物件管理器完毕, id->34359738368, vao->2, vbo->2 
[2021-01-18 17:36][DEBUG] [SHADER] 绑定顶点着色器文件 
[2021-01-18 17:36][DEBUG] [SHADER] 绑定片元着色器文件 
[2021-01-18 17:36][DEBUG] [SHADER] 着色器程序初始化成功 
[2021-01-18 17:36][DEBUG] 主进程结束
[2021-01-18 17:36][DEBUG] 资源释放完毕
[2021-01-18 17:37][DEBUG] [CAMERA] 摄像机初始化成功 
[2021-01-18 17:37][DEBUG] 主进程初始化完毕
[2021-01-18 17:37][DEBUG] 初始化物体model/cube
[2021-01-18 17:37][DEBUG] [OBJECT] 物件初始化成功 
[2021-01-18 17:37][DEBUG] [OBJECT] 物体加入全局物件管理器完毕, id->8589934592, vao->1, vbo->1 
[2021-01-18 17:37][DEBUG] [SHADER] 绑定顶点着色器文件 
[2021-01-18 17:37][DEBUG] [SHADER] 绑定片元着色器文件 
[2021-01-18 17:37][DEBUG] [SHADER] 着色器程序初始化成功 
[2021-01-18 17:37][DEBUG] [TEXTURE] 0号纹理初始化成功, 纹理id1 
[2021-01-18 17:37][DEBUG] 初始化物体model/cube
[2021-01-18 17:37][DEBUG] [OBJECT] 物件初始化成功 
[2021-01-18 17:37][DEBUG] [OBJECT] 物体加入全局物件管理器完毕, id->34359738368, vao->2, vbo->2 
[2021-01-18 17:37][DEBUG] [SHADER] 绑定顶点着色器文件 
[2021-01-18 17:37][DEBUG] [SHADER] 绑定片元着色器文件 
[2021-01-18 17:37][DEBUG] [SHADER] 着色器程序初始化成功 
[2021-01-18 17:37][DEBUG] 主进程结束
[2021-01-18 17:37][DEBUG] 资源释放完毕
[2021-01-18 17:37][DEBUG] [CAMERA] 摄像机初始化成功 
[2021-01-18 17:37][DEBUG] 主进程初始化完毕
[2021-01-18 17:37][DEBUG] 初始化物体model/cube
[2021-01-18 17:37][DEBUG] [OBJECT] 物件初始化成功 
[2021-01-18 17:37][DEBUG] [OBJECT] 物体加入全局物件管理器完毕, id->8589934592, vao->1, vbo->1 
[2021-01-18 17:37][DEBUG] [SHADER] 绑定顶点着色器文件 
[2021-01-18 17:37][DEBUG] [SHADER] 绑定片元着色器文件 
[2021-01-18 17:37][DEBUG] [SHADER] 着色器程序初始化成功 
[2021-01-18 17:37][DEBUG] [TEXTURE] 0号纹理初始化成功, 纹理id1 
[2021-01-18 17:37][DEBUG] 初始化物体model/cube
[2021-01-18 17:37][DEBUG] [OBJECT] 物件初始化成功 
[2021-01-18 17:37][DEBUG] [OBJECT] 物体加入全局物件管理器完毕, id->34359738368, vao->2, vbo->2 
[2021-01-18 17:37][DEBUG] [SHADER] 绑定顶点着色器文件 
[2021-01-18 17:37][DEBUG] [SHADER] 绑定片元着色器文件 
[2021-01-18 17:37][DEBUG] [SHADER] 着色器程序初始化成功 
[2021-01-18 17:37][DEBUG] 主进程结束
[2021-01-18 17:37][DEBUG] 资源释放完毕
[2021-01-18 17:41][DEBUG] [CAMERA] 摄像机初始化成功 
[2021-01-18 17:41][DEBUG] 主进程初始化完毕
[2021-01-18 17:41][DEBUG] 初始化物体model/cube
[2021-01-18 17:41][DEBUG] [OBJECT] 物件初始化成功 
[2021-01-18 17:41][DEBUG] [OBJECT] 物体加入全局物件管理器完毕, id->8589934592, vao->1, vbo->1 
[2021-01-18 17:41][DEBUG] [SHADER] 绑定顶点着色器文件 
[2021-01-18 17:41][DEBUG] [SHADER] 绑定片元着色器文件 
[2021-01-18 17:41][DEBUG] [SHADER] 着色器程序初始化成功 
[2021-01-18 17:41][ERROR] [TEXTURE] 加载0号纹理失败 
[2021-01-18 17:41][ERROR] [OBJECT] texture初始化失败 
[2021-01-18 17:41][DEBUG] 初始化物体model/cube
[2021-01-18 17:41][DEBUG] [OBJECT] 物件初始化成功 
[2021-01-18 17:41][DEBUG] [OBJECT] 物体加入全局物件管理器完毕, id->34359738368, vao->2, vbo->2 
[2021-01-18 17:41][DEBUG] [SHADER] 绑定顶点着色器文件 
[2021-01-18 17:41][DEBUG] [SHADER] 绑定片元着色器文件 
[2021-01-18 17:41][DEBUG] [SHADER] 着色器程序初始化成功 
[2021-01-18 17:41][ERROR] [TEXTURE] 激活纹理单元非法, 0号纹理单元未绑定纹理 
[2021-01-18 17:41][ERROR] [TEXTURE] 激活纹理单元非法, 0号纹理单元未绑定纹理 
[2021-01-18 17:41][ERROR] [TEXTURE] 激活纹理单元非法, 0号纹理单元未绑定纹理 
[2021-01-18 17:41][ERROR] [TEXTURE] 激活纹理单元非法, 0号纹理单元未绑定纹理 
[2021-01-18 17:41][ERROR] [TEXTURE] 激活纹理单元非法, 0号纹理单元未绑定纹理 
[2021-01-18 17:41][ERROR] [TEXTURE] 激活纹理单元非法, 0号纹理单元未绑定纹理 
[2021-01-18 17:41][ERROR] [TEXTURE] 激活纹理单元非法, 0号纹理单元未绑定纹理 
[2021-01-18 17:41][ERROR] [TEXTURE] 激活纹理单元非法, 0号纹理单元未绑定纹理 
[2021-01-18 17:41][ERROR] [TEXTURE] 激活纹理单元非法, 0号纹理单元未绑定纹理 
[2021-01-18 17:41][ERROR] [TEXTURE] 激活纹理单元非法, 0号纹理单元未绑定纹理 
[2021-01-18 17:41][ERROR] [TEXTURE] 激活纹理单元非法, 0号纹理单元未绑定纹理 
[2021-01-18 17:41][ERROR] [TEXTURE] 激活纹理单元非法, 0号纹理单元未绑定纹理 
[2021-01-18 17:41][ERROR] [TEXTURE] 激活纹理单元非法, 0号纹理单元未绑定纹理 
[2021-01-18 17:41][ERROR] [TEXTURE] 激活纹理单元非法, 0号纹理单元未绑定纹理 
[2021-01-18 17:41][ERROR] [TEXTURE] 激活纹理单元非法, 0号纹理单元未绑定纹理 
[2021-01-18 17:41][ERROR] [TEXTURE] 激活纹理单元非法, 0号纹理单元未绑定纹理 
[2021-01-18 17:41][ERROR] [TEXTURE] 激活纹理单元非法, 0号纹理单元未绑定纹理 
[2021-01-18 17:41][ERROR] [TEXTURE] 激活纹理单元非法, 0号纹理单元未绑定纹理 
[2021-01-18 17:41][ERROR] [TEXTURE] 激活纹理单元非法, 0号纹理单元未绑定纹理 
[2021-01-18 17:41][ERROR] [TEXTURE] 激活纹理单元非法, 0号纹理单元未绑定纹理 
[2021-01-18 17:41][ERROR] [TEXTURE] 激活纹理单元非法, 0号纹理单元未绑定纹理 
[2021-01-18 17:41][ERROR] [TEXTURE] 激活纹理单元非法, 0号纹理单元未绑定纹理 
[2021-01-18 17:41][ERROR] [TEXTURE] 激活纹理单元非法, 0号纹理单元未绑定纹理 
[2021-01-18 17:41][ERROR] [TEXTURE] 激活纹理单元非法, 0号纹理单元未绑定纹理 
[2021-01-18 17:41][ERROR] [TEXTURE] 激活纹理单元非法, 0号纹理单元未绑定纹理 
[2021-01-18 17:41][ERROR] [TEXTURE] 激活纹理单元非法, 0号纹理单元未绑定纹理 
[2021-01-18 17:41][ERROR] [TEXTURE] 激活纹理单元非法, 0号纹理单元未绑定纹理 
[2021-01-18 17:41][ERROR] [TEXTURE] 激活纹理单元非法, 0号纹理单元未绑定纹理 
[2021-01-18 17:41][ERROR] [TEXTURE] 激活纹理单元非法, 0号纹理单元未绑定纹理 
[2021-01-18 17:41][ERROR] [TEXTURE] 激活纹理单元非法, 0号纹理单元未绑定纹理 
[2021-01-18 17:41][ERROR] [TEXTURE] 激活纹理单元非法, 0号纹理单元未绑定纹理 
[2021-01-18 17:41][ERROR] [TEXTURE] 激活纹理单元非法, 0号纹理单元未绑定纹理 
[2021-01-18 17:41][ERROR] [TEXTURE] 激活纹理单元非法, 0号纹理单元未绑定纹理 
[2021-01-18 17:41][ERROR] [TEXTURE] 激活纹理单元非法, 0号纹理单元未绑定纹理 
[2021-01-18 17:41][ERROR] [TEXTURE] 激活纹理单元非法, 0号纹理单元未绑定纹理 
[2021-01-18 17:41][ERROR] [TEXTURE] 激活纹理单元非法, 0号纹理单元未绑定纹理 
[2021-01-18 17:41][ERROR] [TEXTURE] 激活纹理单元非法, 0号纹理单元未绑定纹理 
[2021-01-18 17:41][ERROR] [TEXTURE] 激活纹理单元非法, 0号纹理单元未绑定纹理 
[2021-01-18 17:41][ERROR] [TEXTURE] 激活纹理单元非法, 0号纹理单元未绑定纹理 
[2021-01-18 17:41][ERROR] [TEXTURE] 激活纹理单元非法, 0号纹理单元未绑定纹理 
[2021-01-18 17:41][ERROR] [TEXTURE] 激活纹理单元非法, 0号纹理单元未绑定纹理 
[2021-01-18 17:41][ERROR] [TEXTURE] 激活纹理单元非法, 0号纹理单元未绑定纹理 
[2021-01-18 17:41][ERROR] [TEXTURE] 激活纹理单元非法, 0号纹理单元未绑定纹理 
[2021-01-18 17:41][ERROR] [TEXTURE] 激活纹理单元非法, 0号纹理单元未绑定纹理 
[2021-01-18 17:41][ERROR] [TEXTURE] 激活纹理单元非法, 0号纹理单元未绑定纹理 
[2021-01-18 17:41][ERROR] [TEXTURE] 激活纹理单元非法, 0号纹理单元未绑定纹理 
[2021-01-18 17:41][ERROR] [TEXTURE] 激活纹理单元非法, 0号纹理单元未绑定纹理 
[2021-01-18 17:41][ERROR] [TEXTURE] 激活纹理单元非法, 0号纹理单元未绑定纹理 
[2021-01-18 17:41][ERROR] [TEXTURE] 激活纹理单元非法, 0号纹理单元未绑定纹理 
[2021-01-18 17:41][ERROR] [TEXTURE] 激活纹理单元非法, 0号纹理单元未绑定纹理 
[2021-01-18 17:41][ERROR] [TEXTURE] 激活纹理单元非法, 0号纹理单元未绑定纹理 
[2021-01-18 17:41][ERROR] [TEXTURE] 激活纹理单元非法, 0号纹理单元未绑定纹理 
[2021-01-18 17:41][ERROR] [TEXTURE] 激活纹理单元非法, 0号纹理单元未绑定纹理 
[2021-01-18 17:41][ERROR] [TEXTURE] 激活纹理单元非法, 0号纹理单元未绑定纹理 
[2021-01-18 17:41][ERROR] [TEXTURE] 激活纹理单元非法, 0号纹理单元未绑定纹理 
[2021-01-18 17:41][ERROR] [TEXTURE] 激活纹理单元非法, 0号纹理单元未绑定纹理 
[2021-01-18 17:41][ERROR] [TEXTURE] 激活纹理单元非法, 0号纹理单元未绑定纹理 
[2021-01-18 17:41][ERROR] [TEXTURE] 激活纹理单元非法, 0号纹理单元未绑定纹理 
[2021-01-18 17:41][ERROR] [TEXTURE] 激活纹理单元非法, 0号纹理单元未绑定纹理 
[2021-01-18 17:41][ERROR] [TEXTURE] 激活纹理单元非法, 0号纹理单元未绑定纹理 
[2021-01-18 17:41][ERROR] [TEXTURE] 激活纹理单元非法, 0号纹理单元未绑定纹理 
[2021-01-18 17:41][ERROR] [TEXTURE] 激活纹理单元非法, 0号纹理单元未绑定纹理 
[2021-01-18 17:41][ERROR] [TEXTURE] 激活纹理单元非法, 0号纹理单元未绑定纹理 
[2021-01-18 17:41][ERROR] [TEXTURE] 激活纹理单元非法, 0号纹理单元未绑定纹理 
[2021-01-18 17:41][ERROR] [TEXTURE] 激活纹理单元非法, 0号纹理单元未绑定纹理 
[2021-01-18 17:41][ERROR] [TEXTURE] 激活纹理单元非法, 0号纹理单元未绑定纹理 
[2021-01-18 17:41][ERROR] [TEXTURE] 激活纹理单元非法, 0号纹理单元未绑定纹理 
[2021-01-18 17:41][ERROR] [TEXTURE] 激活纹理单元非法, 0号纹理单元未绑定纹理 
[2021-01-18 17:41][ERROR] [TEXTURE] 激活纹理单元非法, 0号纹理单元未绑定纹理 
[2021-01-18 17:41][ERROR] [TEXTURE] 激活纹理单元非法, 0号纹理单元未绑定纹理 
[2021-01-18 17:41][ERROR] [TEXTURE] 激活纹理单元非法, 0号纹理单元未绑定纹理 
[2021-01-18 17:41][ERROR] [TEXTURE] 激活纹理单元非法, 0号纹理单元未绑定纹理 
[2021-01-18 17:41][ERROR] [TEXTURE] 激活纹理单元非法, 0号纹理单元未绑定纹理 
[2021-01-18 17:41][ERROR] [TEXTURE] 激活纹理单元非法, 0号纹理单元未绑定纹理 
[2021-01-18 17:41][ERROR] [TEXTURE] 激活纹理单元非法, 0号纹理单元未绑定纹理 
[2021-01-18 17:41][ERROR] [TEXTURE] 激活纹理单元非法, 0号纹理单元未绑定纹理 
[2021-01-18 17:41][ERROR] [TEXTURE] 激活纹理单元非法, 0号纹理单元未绑定纹理 
[2021-01-18 17:41][ERROR] [TEXTURE] 激活纹理单元非法, 0号纹理单元未绑定纹理 
[2021-01-18 17:41][ERROR] [TEXTURE] 激活纹理单元非法, 0号纹理单元未绑定纹理 
[2021-01-18 17:41][ERROR] [TEXTURE] 激活纹理单元非法, 0号纹理单元未绑定纹理 
[2021-01-18 17:41][ERROR] [TEXTURE] 激活纹理单元非法, 0号纹理单元未绑定纹理 
[2021-01-18 17:41][ERROR] [TEXTURE] 激活纹理单元非法, 0号纹理单元未绑定纹理 
[2021-01-18 17:41][ERROR] [TEXTURE] 激活纹理单元非法, 0号纹理单元未绑定纹理 
[2021-01-18 17:41][ERROR] [TEXTURE] 激活纹理单元非法, 0号纹理单元未绑定纹理 
[2021-01-18 17:41][ERROR] [TEXTURE] 激活纹理单元非法, 0号纹理单元未绑定纹理 
[2021-01-18 17:41][ERROR] [TEXTURE] 激活纹理单元非法, 0号纹理单元未绑定纹理 
[2021-01-18 17:41][ERROR] [TEXTURE] 激活纹理单元非法, 0号纹理单元未绑定纹理 
[2021-01-18 17:41][ERROR] [TEXTURE] 激活纹理单元非法, 0号纹理单元未绑定纹理 
[2021-01-18 17:41][ERROR] [TEXTURE] 激活纹理单元非法, 0号纹理单元未绑定纹理 
[2021-01-18 17:41][ERROR] [TEXTURE] 激活纹理单元非法, 0号纹理单元未绑定纹理 
[2021-01-18 17:41][ERROR] [TEXTURE] 激活纹理单元非法, 0号纹理单元未绑定纹理 
[2021-01-18 17:41][ERROR] [TEXTURE] 激活纹理单元非法, 0号纹理单元未绑定纹理 
[2021-01-18 17:41][ERROR] [TEXTURE] 激活纹理单元非法, 0号纹理单元未绑定纹理 
[2021-01-18 17:41][ERROR] [TEXTURE] 激活纹理单元非法, 0号纹理单元未绑定纹理 
[2021-01-18 17:41][ERROR] [TEXTURE] 激活纹理单元非法, 0号纹理单元未绑定纹理 
[2021-01-18 17:41][ERROR] [TEXTURE] 激活纹理单元非法, 0号纹理单元未绑定纹理 
[2021-01-18 17:41][ERROR] [TEXTURE] 激活纹理单元非法, 0号纹理单元未绑定纹理 
[2021-01-18 17:41][ERROR] [TEXTURE] 激活纹理单元非法, 0号纹理单元未绑定纹理 
[2021-01-18 17:41][ERROR] [TEXTURE] 激活纹理单元非法, 0号纹理单元未绑定纹理 
[2021-01-18 17:41][ERROR] [TEXTURE] 激活纹理单元非法, 0号纹理单元未绑定纹理 
[2021-01-18 17:41][ERROR] [TEXTURE] 激活纹理单元非法, 0号纹理单元未绑定纹理 
[2021-01-18 17:41][ERROR] [TEXTURE] 激活纹理单元非法, 0号纹理单元未绑定纹理 
[2021-01-18 17:41][ERROR] [TEXTURE] 激活纹理单元非法, 0号纹理单元未绑定纹理 
[2021-01-18 17:41][ERROR] [TEXTURE] 激活纹理单元非法, 0号纹理单元未绑定纹理 
[2021-01-18 17:41][ERROR] [TEXTURE] 激活纹理单元非法, 0号纹理单元未绑定纹理 
[2021-01-18 17:41][ERROR] [TEXTURE] 激活纹理单元非法, 0号纹理单元未绑定纹理 
[2021-01-18 17:41][ERROR] [TEXTURE] 激活纹理单元非法, 0号纹理单元未绑定纹理 
[2021-01-18 17:41][ERROR] [TEXTURE] 激活纹理单元非法, 0号纹理单元未绑定纹理 
[2021-01-18 17:41][ERROR] [TEXTURE] 激活纹理单元非法, 0号纹理单元未绑定纹理 
[2021-01-18 17:41][ERROR] [TEXTURE] 激活纹理单元非法, 0号纹理单元未绑定纹理 
[2021-01-18 17:41][ERROR] [TEXTURE] 激活纹理单元非法, 0号纹理单元未绑定纹理 
[2021-01-18 17:41][ERROR] [TEXTURE] 激活纹理单元非法, 0号纹理单元未绑定纹理 
[2021-01-18 17:41][ERROR] [TEXTURE] 激活纹理单元非法, 0号纹理单元未绑定纹理 
[2021-01-18 17:41][ERROR] [TEXTURE] 激活纹理单元非法, 0号纹理单元未绑定纹理 
[2021-01-18 17:41][ERROR] [TEXTURE] 激活纹理单元非法, 0号纹理单元未绑定纹理 
[2021-01-18 17:41][ERROR] [TEXTURE] 激活纹理单元非法, 0号纹理单元未绑定纹理 
[2021-01-18 17:41][ERROR] [TEXTURE] 激活纹理单元非法, 0号纹理单元未绑定纹理 
[2021-01-18 17:41][ERROR] [TEXTURE] 激活纹理单元非法, 0号纹理单元未绑定纹理 
[2021-01-18 17:41][ERROR] [TEXTURE] 激活纹理单元非法, 0号纹理单元未绑定纹理 
[2021-01-18 17:41][ERROR] [TEXTURE] 激活纹理单元非法, 0号纹理单元未绑定纹理 
[2021-01-18 17:41][ERROR] [TEXTURE] 激活纹理单元非法, 0号纹理单元未绑定纹理 
[2021-01-18 17:41][ERROR] [TEXTURE] 激活纹理单元非法, 0号纹理单元未绑定纹理 
[2021-01-18 17:41][ERROR] [TEXTURE] 激活纹理单元非法, 0号纹理单元未绑定纹理 
[2021-01-18 17:41][ERROR] [TEXTURE] 激活纹理单元非法, 0号纹理单元未绑定纹理 
[2021-01-18 17:41][ERROR] [TEXTURE] 激活纹理单元非法, 0号纹理单元未绑定纹理 
[2021-01-18 17:41][ERROR] [TEXTURE] 激活纹理单元非法, 0号纹理单元未绑定纹理 
[2021-01-18 17:41][ERROR] [TEXTURE] 激活纹理单元非法, 0号纹理单元未绑定纹理 
[2021-01-18 17:41][ERROR] [TEXTURE] 激活纹理单元非法, 0号纹理单元未绑定纹理 
[2021-01-18 17:41][ERROR] [TEXTURE] 激活纹理单元非法, 0号纹理单元未绑定纹理 
[2021-01-18 17:41][ERROR] [TEXTURE] 激活纹理单元非法, 0号纹理单元未绑定纹理 
[2021-01-18 17:41][ERROR] [TEXTURE] 激活纹理单元非法, 0号纹理单元未绑定纹理 
[2021-01-18 17:41][ERROR] [TEXTURE] 激活纹理单元非法, 0号纹理单元未绑定纹理 
[2021-01-18 17:41][ERROR] [TEXTURE] 激活纹理单元非法, 0号纹理单元未绑定纹理 
[2021-01-18 17:41][ERROR] [TEXTURE] 激活纹理单元非法, 0号纹理单元未绑定纹理 
[2021-01-18 17:41][ERROR] [TEXTURE] 激活纹理单元非法, 0号纹理单元未绑定纹理 
[2021-01-18 17:41][ERROR] [TEXTURE] 激活纹理单元非法, 0号纹理单元未绑定纹理 
[2021-01-18 17:41][ERROR] [TEXTURE] 激活纹理单元非法, 0号纹理单元未绑定纹理 
[2021-01-18 17:41][ERROR] [TEXTURE] 激活纹理单元非法, 0号纹理单元未绑定纹理 
[2021-01-18 17:41][ERROR] [TEXTURE] 激活纹理单元非法, 0号纹理单元未绑定纹理 
[2021-01-18 17:41][ERROR] [TEXTURE] 激活纹理单元非法, 0号纹理单元未绑定纹理 
[2021-01-18 17:41][ERROR] [TEXTURE] 激活纹理单元非法, 0号纹理单元未绑定纹理 
[2021-01-18 17:41][ERROR] [TEXTURE] 激活纹理单元非法, 0号纹理单元未绑定纹理 
[2021-01-18 17:41][ERROR] [TEXTURE] 激活纹理单元非法, 0号纹理单元未绑定纹理 
[2021-01-18 17:41][ERROR] [TEXTURE] 激活纹理单元非法, 0号纹理单元未绑定纹理 
[2021-01-18 17:41][ERROR] [TEXTURE] 激活纹理单元非法, 0号纹理单元未绑定纹理 
[2021-01-18 17:41][ERROR] [TEXTURE] 激活纹理单元非法, 0号纹理单元未绑定纹理 
[2021-01-18 17:41][ERROR] [TEXTURE] 激活纹理单元非法, 0号纹理单元未绑定纹理 
[2021-01-18 17:41][ERROR] [TEXTURE] 激活纹理单元非法, 0号纹理单元未绑定纹理 
[2021-01-18 17:41][ERROR] [TEXTURE] 激活纹理单元非法, 0号纹理单元未绑定纹理 
[2021-01-18 17:41][ERROR] [TEXTURE] 激活纹理单元非法, 0号纹理单元未绑定纹理 
[2021-01-18 17:41][ERROR] [TEXTURE] 激活纹理单元非法, 0号纹理单元未绑定纹理 
[2021-01-18 17:41][ERROR] [TEXTURE] 激活纹理单元非法, 0号纹理单元未绑定纹理 
[2021-01-18 17:41][ERROR] [TEXTURE] 激活纹理单元非法, 0号纹理单元未绑定纹理 
[2021-01-18 17:41][ERROR] [TEXTURE] 激活纹理单元非法, 0号纹理单元未绑定纹理 
[2021-01-18 17:41][ERROR] [TEXTURE] 激活纹理单元非法, 0号纹理单元未绑定纹理 
[2021-01-18 17:41][ERROR] [TEXTURE] 激活纹理单元非法, 0号纹理单元未绑定纹理 
[2021-01-18 17:41][ERROR] [TEXTURE] 激活纹理单元非法, 0号纹理单元未绑定纹理 
[2021-01-18 17:41][ERROR] [TEXTURE] 激活纹理单元非法, 0号纹理单元未绑定纹理 
[2021-01-18 17:41][ERROR] [TEXTURE] 激活纹理单元非法, 0号纹理单元未绑定纹理 
[2021-01-18 17:41][ERROR] [TEXTURE] 激活纹理单元非法, 0号纹理单元未绑定纹理 
[2021-01-18 17:41][ERROR] [TEXTURE] 激活纹理单元非法, 0号纹理单元未绑定纹理 
[2021-01-18 17:41][ERROR] [TEXTURE] 激活纹理单元非法, 0号纹理单元未绑定纹理 
[2021-01-18 17:41][ERROR] [TEXTURE] 激活纹理单元非法, 0号纹理单元未绑定纹理 
[2021-01-18 17:41][ERROR] [TEXTURE] 激活纹理单元非法, 0号纹理单元未绑定纹理 
[2021-01-18 17:41][ERROR] [TEXTURE] 激活纹理单元非法, 0号纹理单元未绑定纹理 
[2021-01-18 17:41][ERROR] [TEXTURE] 激活纹理单元非法, 0号纹理单元未绑定纹理 
[2021-01-18 17:41][ERROR] [TEXTURE] 激活纹理单元非法, 0号纹理单元未绑定纹理 
[2021-01-18 17:41][ERROR] [TEXTURE] 激活纹理单元非法, 0号纹理单元未绑定纹理 
[2021-01-18 17:41][ERROR] [TEXTURE] 激活纹理单元非法, 0号纹理单元未绑定纹理 
[2021-01-18 17:41][ERROR] [TEXTURE] 激活纹理单元非法, 0号纹理单元未绑定纹理 
[2021-01-18 17:41][ERROR] [TEXTURE] 激活纹理单元非法, 0号纹理单元未绑定纹理 
[2021-01-18 17:41][ERROR] [TEXTURE] 激活纹理单元非法, 0号纹理单元未绑定纹理 
[2021-01-18 17:41][ERROR] [TEXTURE] 激活纹理单元非法, 0号纹理单元未绑定纹理 
[2021-01-18 17:41][ERROR] [TEXTURE] 激活纹理单元非法, 0号纹理单元未绑定纹理 
[2021-01-18 17:41][ERROR] [TEXTURE] 激活纹理单元非法, 0号纹理单元未绑定纹理 
[2021-01-18 17:41][ERROR] [TEXTURE] 激活纹理单元非法, 0号纹理单元未绑定纹理 
[2021-01-18 17:41][ERROR] [TEXTURE] 激活纹理单元非法, 0号纹理单元未绑定纹理 
[2021-01-18 17:41][ERROR] [TEXTURE] 激活纹理单元非法, 0号纹理单元未绑定纹理 
[2021-01-18 17:41][ERROR] [TEXTURE] 激活纹理单元非法, 0号纹理单元未绑定纹理 
[2021-01-18 17:41][ERROR] [TEXTURE] 激活纹理单元非法, 0号纹理单元未绑定纹理 
[2021-01-18 17:41][ERROR] [TEXTURE] 激活纹理单元非法, 0号纹理单元未绑定纹理 
[2021-01-18 17:41][ERROR] [TEXTURE] 激活纹理单元非法, 0号纹理单元未绑定纹理 
[2021-01-18 17:41][ERROR] [TEXTURE] 激活纹理单元非法, 0号纹理单元未绑定纹理 
[2021-01-18 17:41][ERROR] [TEXTURE] 激活纹理单元非法, 0号纹理单元未绑定纹理 
[2021-01-18 17:41][ERROR] [TEXTURE] 激活纹理单元非法, 0号纹理单元未绑定纹理 
[2021-01-18 17:41][ERROR] [TEXTURE] 激活纹理单元非法, 0号纹理单元未绑定纹理 
[2021-01-18 17:41][ERROR] [TEXTURE] 激活纹理单元非法, 0号纹理单元未绑定纹理 
[2021-01-18 17:41][ERROR] [TEXTURE] 激活纹理单元非法, 0号纹理单元未绑定纹理 
[2021-01-18 17:41][ERROR] [TEXTURE] 激活纹理单元非法, 0号纹理单元未绑定纹理 
[2021-01-18 17:41][ERROR] [TEXTURE] 激活纹理单元非法, 0号纹理单元未绑定纹理 
[2021-01-18 17:41][ERROR] [TEXTURE] 激活纹理单元非法, 0号纹理单元未绑定纹理 
[2021-01-18 17:41][ERROR] [TEXTURE] 激活纹理单元非法, 0号纹理单元未绑定纹理 
[2021-01-18 17:41][ERROR] [TEXTURE] 激活纹理单元非法, 0号纹理单元未绑定纹理 
[2021-01-18 17:41][ERROR] [TEXTURE] 激活纹理单元非法, 0号纹理单元未绑定纹理 
[2021-01-18 17:41][ERROR] [TEXTURE] 激活纹理单元非法, 0号纹理单元未绑定纹理 
[2021-01-18 17:41][ERROR] [TEXTURE] 激活纹理单元非法, 0号纹理单元未绑定纹理 
[2021-01-18 17:41][ERROR] [TEXTURE] 激活纹理单元非法, 0号纹理单元未绑定纹理 
[2021-01-18 17:41][ERROR] [TEXTURE] 激活纹理单元非法, 0号纹理单元未绑定纹理 
[2021-01-18 17:41][ERROR] [TEXTURE] 激活纹理单元非法, 0号纹理单元未绑定纹理 
[2021-01-18 17:41][ERROR] [TEXTURE] 激活纹理单元非法, 0号纹理单元未绑定纹理 
[2021-01-18 17:41][ERROR] [TEXTURE] 激活纹理单元非法, 0号纹理单元未绑定纹理 
[2021-01-18 17:41][ERROR] [TEXTURE] 激活纹理单元非法, 0号纹理单元未绑定纹理 
[2021-01-18 17:41][ERROR] [TEXTURE] 激活纹理单元非法, 0号纹理单元未绑定纹理 
[2021-01-18 17:41][ERROR] [TEXTURE] 激活纹理单元非法, 0号纹理单元未绑定纹理 
[2021-01-18 17:41][ERROR] [TEXTURE] 激活纹理单元非法, 0号纹理单元未绑定纹理 
[2021-01-18 17:41][ERROR] [TEXTURE] 激活纹理单元非法, 0号纹理单元未绑定纹理 
[2021-01-18 17:41][ERROR] [TEXTURE] 激活纹理单元非法, 0号纹理单元未绑定纹理 
[2021-01-18 17:41][ERROR] [TEXTURE] 激活纹理单元非法, 0号纹理单元未绑定纹理 
[2021-01-18 17:41][ERROR] [TEXTURE] 激活纹理单元非法, 0号纹理单元未绑定纹理 
[2021-01-18 17:41][ERROR] [TEXTURE] 激活纹理单元非法, 0号纹理单元未绑定纹理 
[2021-01-18 17:41][ERROR] [TEXTURE] 激活纹理单元非法, 0号纹理单元未绑定纹理 
[2021-01-18 17:41][ERROR] [TEXTURE] 激活纹理单元非法, 0号纹理单元未绑定纹理 
[2021-01-18 17:41][ERROR] [TEXTURE] 激活纹理单元非法, 0号纹理单元未绑定纹理 
[2021-01-18 17:41][ERROR] [TEXTURE] 激活纹理单元非法, 0号纹理单元未绑定纹理 
[2021-01-18 17:41][ERROR] [TEXTURE] 激活纹理单元非法, 0号纹理单元未绑定纹理 
[2021-01-18 17:41][ERROR] [TEXTURE] 激活纹理单元非法, 0号纹理单元未绑定纹理 
[2021-01-18 17:41][ERROR] [TEXTURE] 激活纹理单元非法, 0号纹理单元未绑定纹理 
[2021-01-18 17:41][ERROR] [TEXTURE] 激活纹理单元非法, 0号纹理单元未绑定纹理 
[2021-01-18 17:41][ERROR] [TEXTURE] 激活纹理单元非法, 0号纹理单元未绑定纹理 
[2021-01-18 17:41][ERROR] [TEXTURE] 激活纹理单元非法, 0号纹理单元未绑定纹理 
[2021-01-18 17:41][ERROR] [TEXTURE] 激活纹理单元非法, 0号纹理单元未绑定纹理 
[2021-01-18 17:41][ERROR] [TEXTURE] 激活纹理单元非法, 0号纹理单元未绑定纹理 
[2021-01-18 17:41][ERROR] [TEXTURE] 激活纹理单元非法, 0号纹理单元未绑定纹理 
[2021-01-18 17:41][ERROR] [TEXTURE] 激活纹理单元非法, 0号纹理单元未绑定纹理 
[2021-01-18 17:41][ERROR] [TEXTURE] 激活纹理单元非法, 0号纹理单元未绑定纹理 
[2021-01-18 17:41][ERROR] [TEXTURE] 激活纹理单元非法, 0号纹理单元未绑定纹理 
[2021-01-18 17:41][ERROR] [TEXTURE] 激活纹理单元非法, 0号纹理单元未绑定纹理 
[2021-01-18 17:41][ERROR] [TEXTURE] 激活纹理单元非法, 0号纹理单元未绑定纹理 
[2021-01-18 17:41][ERROR] [TEXTURE] 激活纹理单元非法, 0号纹理单元未绑定纹理 
[2021-01-18 17:41][ERROR] [TEXTURE] 激活纹理单元非法, 0号纹理单元未绑定纹理 
[2021-01-18 17:41][ERROR] [TEXTURE] 激活纹理单元非法, 0号纹理单元未绑定纹理 
[2021-01-18 17:41][ERROR] [TEXTURE] 激活纹理单元非法, 0号纹理单元未绑定纹理 
[2021-01-18 17:41][ERROR] [TEXTURE] 激活纹理单元非法, 0号纹理单元未绑定纹理 
[2021-01-18 17:41][ERROR] [TEXTURE] 激活纹理单元非法, 0号纹理单元未绑定纹理 
[2021-01-18 17:41][ERROR] [TEXTURE] 激活纹理单元非法, 0号纹理单元未绑定纹理 
[2021-01-18 17:41][ERROR] [TEXTURE] 激活纹理单元非法, 0号纹理单元未绑定纹理 
[2021-01-18 17:41][ERROR] [TEXTURE] 激活纹理单元非法, 0号纹理单元未绑定纹理 
[2021-01-18 17:41][ERROR] [TEXTURE] 激活纹理单元非法, 0号纹理单元未绑定纹理 
[2021-01-18 17:41][ERROR] [TEXTURE] 激活纹理单元非法, 0号纹理单元未绑定纹理 
[2021-01-18 17:41][ERROR] [TEXTURE] 激活纹理单元非法, 0号纹理单元未绑定纹理 
[2021-01-18 17:41][ERROR] [TEXTURE] 激活纹理单元非法, 0号纹理单元未绑定纹理 
[2021-01-18 17:41][ERROR] [TEXTURE] 激活纹理单元非法, 0号纹理单元未绑定纹理 
[2021-01-18 17:41][ERROR] [TEXTURE] 激活纹理单元非法, 0号纹理单元未绑定纹理 
[2021-01-18 17:41][ERROR] [TEXTURE] 激活纹理单元非法, 0号纹理单元未绑定纹理 
[2021-01-18 17:41][ERROR] [TEXTURE] 激活纹理单元非法, 0号纹理单元未绑定纹理 
[2021-01-18 17:41][ERROR] [TEXTURE] 激活纹理单元非法, 0号纹理单元未绑定纹理 
[2021-01-18 17:41][ERROR] [TEXTURE] 激活纹理单元非法, 0号纹理单元未绑定纹理 
[2021-01-18 17:41][ERROR] [TEXTURE] 激活纹理单元非法, 0号纹理单元未绑定纹理 
[2021-01-18 17:41][ERROR] [TEXTURE] 激活纹理单元非法, 0号纹理单元未绑定纹理 
[2021-01-18 17:41][ERROR] [TEXTURE] 激活纹理单元非法, 0号纹理单元未绑定纹理 
[2021-01-18 17:41][ERROR] [TEXTURE] 激活纹理单元非法, 0号纹理单元未绑定纹理 
[2021-01-18 17:41][ERROR] [TEXTURE] 激活纹理单元非法, 0号纹理单元未绑定纹理 
[2021-01-18 17:41][ERROR] [TEXTURE] 激活纹理单元非法, 0号纹理单元未绑定纹理 
[2021-01-18 17:41][ERROR] [TEXTURE] 激活纹理单元非法, 0号纹理单元未绑定纹理 
[2021-01-18 17:41][ERROR] [TEXTURE] 激活纹理单元非法, 0号纹理单元未绑定纹理 
[2021-01-18 17:41][ERROR] [TEXTURE] 激活纹理单元非法, 0号纹理单元未绑定纹理 
[2021-01-18 17:41][ERROR] [TEXTURE] 激活纹理单元非法, 0号纹理单元未绑定纹理 
[2021-01-18 17:41][ERROR] [TEXTURE] 激活纹理单元非法, 0号纹理单元未绑定纹理 
[2021-01-18 17:41][ERROR] [TEXTURE] 激活纹理单元非法, 0号纹理单元未绑定纹理 
[2021-01-18 17:41][ERROR] [TEXTURE] 激活纹理单元非法, 0号纹理单元未绑定纹理 
[2021-01-18 17:41][ERROR] [TEXTURE] 激活纹理单元非法, 0号纹理单元未绑定纹理 
[2021-01-18 17:41][ERROR] [TEXTURE] 激活纹理单元非法, 0号纹理单元未绑定纹理 
[2021-01-18 17:41][ERROR] [TEXTURE] 激活纹理单元非法, 0号纹理单元未绑定纹理 
[2021-01-18 17:41][ERROR] [TEXTURE] 激活纹理单元非法, 0号纹理单元未绑定纹理 
[2021-01-18 17:41][ERROR] [TEXTURE] 激活纹理单元非法, 0号纹理单元未绑定纹理 
[2021-01-18 17:41][ERROR] [TEXTURE] 激活纹理单元非法, 0号纹理单元未绑定纹理 
[2021-01-18 17:41][ERROR] [TEXTURE] 激活纹理单元非法, 0号纹理单元未绑定纹理 
[2021-01-18 17:41][ERROR] [TEXTURE] 激活纹理单元非法, 0号纹理单元未绑定纹理 
[2021-01-18 17:41][ERROR] [TEXTURE] 激活纹理单元非法, 0号纹理单元未绑定纹理 
[2021-01-18 17:41][ERROR] [TEXTURE] 激活纹理单元非法, 0号纹理单元未绑定纹理 
[2021-01-18 17:41][ERROR] [TEXTURE] 激活纹理单元非法, 0号纹理单元未绑定纹理 
[2021-01-18 17:41][ERROR] [TEXTURE] 激活纹理单元非法, 0号纹理单元未绑定纹理 
[2021-01-18 17:41][ERROR] [TEXTURE] 激活纹理单元非法, 0号纹理单元未绑定纹理 
[2021-01-18 17:41][ERROR] [TEXTURE] 激活纹理单元非法, 0号纹理单元未绑定纹理 
[2021-01-18 17:41][ERROR] [TEXTURE] 激活纹理单元非法, 0号纹理单元未绑定纹理 
[2021-01-18 17:41][ERROR] [TEXTURE] 激活纹理单元非法, 0号纹理单元未绑定纹理 
[2021-01-18 17:41][ERROR] [TEXTURE] 激活纹理单元非法, 0号纹理单元未绑定纹理 
[2021-01-18 17:41][ERROR] [TEXTURE] 激活纹理单元非法, 0号纹理单元未绑定纹理 
[2021-01-18 17:41][ERROR] [TEXTURE] 激活纹理单元非法, 0号纹理单元未绑定纹理 
[2021-01-18 17:41][ERROR] [TEXTURE] 激活纹理单元非法, 0号纹理单元未绑定纹理 
[2021-01-18 17:41][ERROR] [TEXTURE] 激活纹理单元非法, 0号纹理单元未绑定纹理 
[2021-01-18 17:41][ERROR] [TEXTURE] 激活纹理单元非法, 0号纹理单元未绑定纹理 
[2021-01-18 17:41][ERROR] [TEXTURE] 激活纹理单元非法, 0号纹理单元未绑定纹理 
[2021-01-18 17:41][ERROR] [TEXTURE] 激活纹理单元非法, 0号纹理单元未绑定纹理 
[2021-01-18 17:41][ERROR] [TEXTURE] 激活纹理单元非法, 0号纹理单元未绑定纹理 
[2021-01-18 17:41][ERROR] [TEXTURE] 激活纹理单元非法, 0号纹理单元未绑定纹理 
[2021-01-18 17:41][ERROR] [TEXTURE] 激活纹理单元非法, 0号纹理单元未绑定纹理 
[2021-01-18 17:41][ERROR] [TEXTURE] 激活纹理单元非法, 0号纹理单元未绑定纹理 
[2021-01-18 17:41][ERROR] [TEXTURE] 激活纹理单元非法, 0号纹理单元未绑定纹理 
[2021-01-18 17:41][ERROR] [TEXTURE] 激活纹理单元非法, 0号纹理单元未绑定纹理 
[2021-01-18 17:41][ERROR] [TEXTURE] 激活纹理单元非法, 0号纹理单元未绑定纹理 
[2021-01-18 17:41][ERROR] [TEXTURE] 激活纹理单元非法, 0号纹理单元未绑定纹理 
[2021-01-18 17:41][ERROR] [TEXTURE] 激活纹理单元非法, 0号纹理单元未绑定纹理 
[2021-01-18 17:41][ERROR] [TEXTURE] 激活纹理单元非法, 0号纹理单元未绑定纹理 
[2021-01-18 17:41][ERROR] [TEXTURE] 激活纹理单元非法, 0号纹理单元未绑定纹理 
[2021-01-18 17:41][ERROR] [TEXTURE] 激活纹理单元非法, 0号纹理单元未绑定纹理 
[2021-01-18 17:41][ERROR] [TEXTURE] 激活纹理单元非法, 0号纹理单元未绑定纹理 
[2021-01-18 17:41][ERROR] [TEXTURE] 激活纹理单元非法, 0号纹理单元未绑定纹理 
[2021-01-18 17:41][ERROR] [TEXTURE] 激活纹理单元非法, 0号纹理单元未绑定纹理 
[2021-01-18 17:41][ERROR] [TEXTURE] 激活纹理单元非法, 0号纹理单元未绑定纹理 
[2021-01-18 17:41][ERROR] [TEXTURE] 激活纹理单元非法, 0号纹理单元未绑定纹理 
[2021-01-18 17:41][ERROR] [TEXTURE] 激活纹理单元非法, 0号纹理单元未绑定纹理 
[2021-01-18 17:41][ERROR] [TEXTURE] 激活纹理单元非法, 0号纹理单元未绑定纹理 
[2021-01-18 17:41][ERROR] [TEXTURE] 激活纹理单元非法, 0号纹理单元未绑定纹理 
[2021-01-18 17:41][ERROR] [TEXTURE] 激活纹理单元非法, 0号纹理单元未绑定纹理 
[2021-01-18 17:41][ERROR] [TEXTURE] 激活纹理单元非法, 0号纹理单元未绑定纹理 
[2021-01-18 17:41][ERROR] [TEXTURE] 激活纹理单元非法, 0号纹理单元未绑定纹理 
[2021-01-18 17:41][ERROR] [TEXTURE] 激活纹理单元非法, 0号纹理单元未绑定纹理 
[2021-01-18 17:41][ERROR] [TEXTURE] 激活纹理单元非法, 0号纹理单元未绑定纹理 
[2021-01-18 17:41][ERROR] [TEXTURE] 激活纹理单元非法, 0号纹理单元未绑定纹理 
[2021-01-18 17:41][ERROR] [TEXTURE] 激活纹理单元非法, 0号纹理单元未绑定纹理 
[2021-01-18 17:41][ERROR] [TEXTURE] 激活纹理单元非法, 0号纹理单元未绑定纹理 
[2021-01-18 17:41][ERROR] [TEXTURE] 激活纹理单元非法, 0号纹理单元未绑定纹理 
[2021-01-18 17:41][ERROR] [TEXTURE] 激活纹理单元非法, 0号纹理单元未绑定纹理 
[2021-01-18 17:41][ERROR] [TEXTURE] 激活纹理单元非法, 0号纹理单元未绑定纹理 
[2021-01-18 17:41][ERROR] [TEXTURE] 激活纹理单元非法, 0号纹理单元未绑定纹理 
[2021-01-18 17:41][ERROR] [TEXTURE] 激活纹理单元非法, 0号纹理单元未绑定纹理 
[2021-01-18 17:41][ERROR] [TEXTURE] 激活纹理单元非法, 0号纹理单元未绑定纹理 
[2021-01-18 17:41][ERROR] [TEXTURE] 激活纹理单元非法, 0号纹理单元未绑定纹理 
[2021-01-18 17:41][ERROR] [TEXTURE] 激活纹理单元非法, 0号纹理单元未绑定纹理 
[2021-01-18 17:41][ERROR] [TEXTURE] 激活纹理单元非法, 0号纹理单元未绑定纹理 
[2021-01-18 17:41][ERROR] [TEXTURE] 激活纹理单元非法, 0号纹理单元未绑定纹理 
[2021-01-18 17:41][ERROR] [TEXTURE] 激活纹理单元非法, 0号纹理单元未绑定纹理 
[2021-01-18 17:41][ERROR] [TEXTURE] 激活纹理单元非法, 0号纹理单元未绑定纹理 
[2021-01-18 17:41][ERROR] [TEXTURE] 激活纹理单元非法, 0号纹理单元未绑定纹理 
[2021-01-18 17:41][ERROR] [TEXTURE] 激活纹理单元非法, 0号纹理单元未绑定纹理 
[2021-01-18 17:41][ERROR] [TEXTURE] 激活纹理单元非法, 0号纹理单元未绑定纹理 
[2021-01-18 17:41][ERROR] [TEXTURE] 激活纹理单元非法, 0号纹理单元未绑定纹理 
[2021-01-18 17:41][ERROR] [TEXTURE] 激活纹理单元非法, 0号纹理单元未绑定纹理 
[2021-01-18 17:41][ERROR] [TEXTURE] 激活纹理单元非法, 0号纹理单元未绑定纹理 
[2021-01-18 17:41][ERROR] [TEXTURE] 激活纹理单元非法, 0号纹理单元未绑定纹理 
[2021-01-18 17:41][ERROR] [TEXTURE] 激活纹理单元非法, 0号纹理单元未绑定纹理 
[2021-01-18 17:41][ERROR] [TEXTURE] 激活纹理单元非法, 0号纹理单元未绑定纹理 
[2021-01-18 17:41][ERROR] [TEXTURE] 激活纹理单元非法, 0号纹理单元未绑定纹理 
[2021-01-18 17:41][ERROR] [TEXTURE] 激活纹理单元非法, 0号纹理单元未绑定纹理 
[2021-01-18 17:41][ERROR] [TEXTURE] 激活纹理单元非法, 0号纹理单元未绑定纹理 
[2021-01-18 17:41][ERROR] [TEXTURE] 激活纹理单元非法, 0号纹理单元未绑定纹理 
[2021-01-18 17:41][ERROR] [TEXTURE] 激活纹理单元非法, 0号纹理单元未绑定纹理 
[2021-01-18 17:41][ERROR] [TEXTURE] 激活纹理单元非法, 0号纹理单元未绑定纹理 
[2021-01-18 17:41][ERROR] [TEXTURE] 激活纹理单元非法, 0号纹理单元未绑定纹理 
[2021-01-18 17:41][ERROR] [TEXTURE] 激活纹理单元非法, 0号纹理单元未绑定纹理 
[2021-01-18 17:41][ERROR] [TEXTURE] 激活纹理单元非法, 0号纹理单元未绑定纹理 
[2021-01-18 17:41][ERROR] [TEXTURE] 激活纹理单元非法, 0号纹理单元未绑定纹理 
[2021-01-18 17:41][ERROR] [TEXTURE] 激活纹理单元非法, 0号纹理单元未绑定纹理 
[2021-01-18 17:41][ERROR] [TEXTURE] 激活纹理单元非法, 0号纹理单元未绑定纹理 
[2021-01-18 17:41][ERROR] [TEXTURE] 激活纹理单元非法, 0号纹理单元未绑定纹理 
[2021-01-18 17:41][ERROR] [TEXTURE] 激活纹理单元非法, 0号纹理单元未绑定纹理 
[2021-01-18 17:41][ERROR] [TEXTURE] 激活纹理单元非法, 0号纹理单元未绑定纹理 
[2021-01-18 17:41][ERROR] [TEXTURE] 激活纹理单元非法, 0号纹理单元未绑定纹理 
[2021-01-18 17:41][ERROR] [TEXTURE] 激活纹理单元非法, 0号纹理单元未绑定纹理 
[2021-01-18 17:41][ERROR] [TEXTURE] 激活纹理单元非法, 0号纹理单元未绑定纹理 
[2021-01-18 17:41][ERROR] [TEXTURE] 激活纹理单元非法, 0号纹理单元未绑定纹理 
[2021-01-18 17:41][ERROR] [TEXTURE] 激活纹理单元非法, 0号纹理单元未绑定纹理 
[2021-01-18 17:41][ERROR] [TEXTURE] 激活纹理单元非法, 0号纹理单元未绑定纹理 
[2021-01-18 17:41][ERROR] [TEXTURE] 激活纹理单元非法, 0号纹理单元未绑定纹理 
[2021-01-18 17:41][ERROR] [TEXTURE] 激活纹理单元非法, 0号纹理单元未绑定纹理 
[2021-01-18 17:41][ERROR] [TEXTURE] 激活纹理单元非法, 0号纹理单元未绑定纹理 
[2021-01-18 17:41][ERROR] [TEXTURE] 激活纹理单元非法, 0号纹理单元未绑定纹理 
[2021-01-18 17:41][ERROR] [TEXTURE] 激活纹理单元非法, 0号纹理单元未绑定纹理 
[2021-01-18 17:41][ERROR] [TEXTURE] 激活纹理单元非法, 0号纹理单元未绑定纹理 
[2021-01-18 17:41][ERROR] [TEXTURE] 激活纹理单元非法, 0号纹理单元未绑定纹理 
[2021-01-18 17:41][ERROR] [TEXTURE] 激活纹理单元非法, 0号纹理单元未绑定纹理 
[2021-01-18 17:41][ERROR] [TEXTURE] 激活纹理单元非法, 0号纹理单元未绑定纹理 
[2021-01-18 17:41][DEBUG] 主进程结束
[2021-01-18 17:41][DEBUG] 资源释放完毕
[2021-01-18 17:43][DEBUG] [CAMERA] 摄像机初始化成功 
[2021-01-18 17:43][DEBUG] 主进程初始化完毕
[2021-01-18 17:43][DEBUG] 初始化物体model/cube
[2021-01-18 17:43][DEBUG] [OBJECT] 物件初始化成功 
[2021-01-18 17:43][DEBUG] [OBJECT] 物体加入全局物件管理器完毕, id->8589934592, vao->1, vbo->1 
[2021-01-18 17:43][DEBUG] [SHADER] 绑定顶点着色器文件 
[2021-01-18 17:43][DEBUG] [SHADER] 绑定片元着色器文件 
[2021-01-18 17:43][DEBUG] [SHADER] 着色器程序初始化成功 
[2021-01-18 17:43][DEBUG] [TEXTURE] format:6408 
[2021-01-18 17:43][DEBUG] [TEXTURE] 0号纹理初始化成功, 纹理id1 
[2021-01-18 17:43][DEBUG] 初始化物体model/cube
[2021-01-18 17:43][DEBUG] [OBJECT] 物件初始化成功 
[2021-01-18 17:43][DEBUG] [OBJECT] 物体加入全局物件管理器完毕, id->34359738368, vao->2, vbo->2 
[2021-01-18 17:43][DEBUG] [SHADER] 绑定顶点着色器文件 
[2021-01-18 17:43][DEBUG] [SHADER] 绑定片元着色器文件 
[2021-01-18 17:43][DEBUG] [SHADER] 着色器程序初始化成功 
[2021-01-18 17:43][DEBUG] 主进程结束
[2021-01-18 17:43][DEBUG] 资源释放完毕
[2021-01-18 17:44][DEBUG] [CAMERA] 摄像机初始化成功 
[2021-01-18 17:44][DEBUG] 主进程初始化完毕
[2021-01-18 17:44][DEBUG] 初始化物体model/cube
[2021-01-18 17:44][DEBUG] [OBJECT] 物件初始化成功 
[2021-01-18 17:44][DEBUG] [OBJECT] 物体加入全局物件管理器完毕, id->8589934592, vao->1, vbo->1 
[2021-01-18 17:44][DEBUG] [SHADER] 绑定顶点着色器文件 
[2021-01-18 17:44][DEBUG] [SHADER] 绑定片元着色器文件 
[2021-01-18 17:44][DEBUG] [SHADER] 着色器程序初始化成功 
[2021-01-18 17:44][DEBUG] [TEXTURE] format:6407 
[2021-01-18 17:44][DEBUG] [TEXTURE] 0号纹理初始化成功, 纹理id1 
[2021-01-18 17:44][DEBUG] 初始化物体model/cube
[2021-01-18 17:44][DEBUG] [OBJECT] 物件初始化成功 
[2021-01-18 17:44][DEBUG] [OBJECT] 物体加入全局物件管理器完毕, id->34359738368, vao->2, vbo->2 
[2021-01-18 17:44][DEBUG] [SHADER] 绑定顶点着色器文件 
[2021-01-18 17:44][DEBUG] [SHADER] 绑定片元着色器文件 
[2021-01-18 17:44][DEBUG] [SHADER] 着色器程序初始化成功 
[2021-01-18 17:44][DEBUG] 主进程结束
[2021-01-18 17:44][DEBUG] 资源释放完毕
[2021-01-18 17:45][DEBUG] [CAMERA] 摄像机初始化成功 
[2021-01-18 17:45][DEBUG] 主进程初始化完毕
[2021-01-18 17:45][DEBUG] 初始化物体model/cube
[2021-01-18 17:45][DEBUG] [OBJECT] 物件初始化成功 
[2021-01-18 17:45][DEBUG] [OBJECT] 物体加入全局物件管理器完毕, id->8589934592, vao->1, vbo->1 
[2021-01-18 17:45][DEBUG] [SHADER] 绑定顶点着色器文件 
[2021-01-18 17:45][DEBUG] [SHADER] 绑定片元着色器文件 
[2021-01-18 17:45][DEBUG] [SHADER] 着色器程序初始化成功 
[2021-01-18 17:45][DEBUG] [TEXTURE] format:6408 
[2021-01-18 17:45][DEBUG] [TEXTURE] 0号纹理初始化成功, 纹理id1 
[2021-01-18 17:45][DEBUG] 初始化物体model/cube
[2021-01-18 17:45][DEBUG] [OBJECT] 物件初始化成功 
[2021-01-18 17:45][DEBUG] [OBJECT] 物体加入全局物件管理器完毕, id->34359738368, vao->2, vbo->2 
[2021-01-18 17:45][DEBUG] [SHADER] 绑定顶点着色器文件 
[2021-01-18 17:45][DEBUG] [SHADER] 绑定片元着色器文件 
[2021-01-18 17:45][DEBUG] [SHADER] 着色器程序初始化成功 
[2021-01-18 17:45][DEBUG] 主进程结束
[2021-01-18 17:45][DEBUG] 资源释放完毕
