[2021-02-22 16:10][DEBUG] [CAMERA] 摄像机初始化成功 
[2021-02-22 16:10][DEBUG] 主进程初始化完毕
[2021-02-22 16:10][DEBUG] 初始化物体model/cube
[2021-02-22 16:10][DEBUG] [OBJECT] 物件初始化成功 
[2021-02-22 16:10][DEBUG] [OBJECT] 物体加入全局物件管理器完毕, id->8589934592, vao->1, vbo->1 
[2021-02-22 16:10][DEBUG] [SHADER] 绑定顶点着色器文件 
[2021-02-22 16:10][DEBUG] [SHADER] 绑定片元着色器文件 
[2021-02-22 16:10][DEBUG] [SHADER] 着色器程序初始化成功 
[2021-02-22 16:10][DEBUG] [TEXTURE] 0号纹理初始化成功, 纹理id1 
[2021-02-22 16:10][DEBUG] [TEXTURE] 1号纹理初始化成功, 纹理id2 
[2021-02-22 16:10][DEBUG] 初始化物体model/cube
[2021-02-22 16:10][DEBUG] [OBJECT] 物件初始化成功 
[2021-02-22 16:10][DEBUG] [OBJECT] 物体加入全局物件管理器完毕, id->34359738368, vao->2, vbo->2 
[2021-02-22 16:10][DEBUG] [SHADER] 绑定顶点着色器文件 
[2021-02-22 16:10][DEBUG] [SHADER] 绑定片元着色器文件 
[2021-02-22 16:10][DEBUG] [SHADER] 着色器程序初始化成功 
[2021-02-22 16:10][ERROR] 光源初始化失败
[2021-02-22 16:10][ERROR] 光源初始化失败
[2021-02-22 16:25][DEBUG] [CAMERA] 摄像机初始化成功 
[2021-02-22 16:25][DEBUG] 主进程初始化完毕
[2021-02-22 16:25][DEBUG] 初始化物体model/cube
[2021-02-22 16:25][DEBUG] [OBJECT] 物件初始化成功 
[2021-02-22 16:25][DEBUG] [OBJECT] 物体加入全局物件管理器完毕, id->8589934592, vao->1, vbo->1 
[2021-02-22 16:25][DEBUG] [SHADER] 绑定顶点着色器文件 
[2021-02-22 16:25][DEBUG] [SHADER] 绑定片元着色器文件 
[2021-02-22 16:25][DEBUG] [SHADER] 着色器程序初始化成功 
[2021-02-22 16:25][DEBUG] [TEXTURE] 0号纹理初始化成功, 纹理id1 
[2021-02-22 16:25][DEBUG] [TEXTURE] 1号纹理初始化成功, 纹理id2 
[2021-02-22 16:25][DEBUG] 初始化物体model/cube
[2021-02-22 16:25][DEBUG] [OBJECT] 物件初始化成功 
[2021-02-22 16:25][DEBUG] [OBJECT] 物体加入全局物件管理器完毕, id->34359738368, vao->2, vbo->2 
[2021-02-22 16:25][DEBUG] [SHADER] 绑定顶点着色器文件 
[2021-02-22 16:25][DEBUG] [SHADER] 绑定片元着色器文件 
[2021-02-22 16:25][DEBUG] [SHADER] 着色器程序初始化成功 
[2021-02-22 16:26][DEBUG] 主进程结束
[2021-02-22 16:26][DEBUG] 资源释放完毕
[2021-02-22 16:38][DEBUG] [CAMERA] 摄像机初始化成功 
[2021-02-22 16:38][DEBUG] 主进程初始化完毕
[2021-02-22 16:38][DEBUG] 初始化物体model/cube
[2021-02-22 16:38][DEBUG] [OBJECT] 物件初始化成功 
[2021-02-22 16:38][DEBUG] [OBJECT] 物体加入全局物件管理器完毕, id->8589934592, vao->1, vbo->1 
[2021-02-22 16:38][DEBUG] [SHADER] 绑定顶点着色器文件 
[2021-02-22 16:38][DEBUG] [SHADER] 绑定片元着色器文件 
[2021-02-22 16:38][DEBUG] [SHADER] 着色器程序初始化成功 
[2021-02-22 16:38][DEBUG] [TEXTURE] 0号纹理初始化成功, 纹理id1 
[2021-02-22 16:38][DEBUG] [TEXTURE] 1号纹理初始化成功, 纹理id2 
[2021-02-22 16:38][DEBUG] 初始化物体model/cube
[2021-02-22 16:38][DEBUG] [OBJECT] 物件初始化成功 
[2021-02-22 16:38][DEBUG] [OBJECT] 物体加入全局物件管理器完毕, id->34359738368, vao->2, vbo->2 
[2021-02-22 16:38][DEBUG] [SHADER] 绑定顶点着色器文件 
[2021-02-22 16:38][DEBUG] [SHADER] 绑定片元着色器文件 
[2021-02-22 16:38][DEBUG] [SHADER] 着色器程序初始化成功 
[2021-02-22 16:38][DEBUG] 主进程结束
[2021-02-22 16:38][DEBUG] 资源释放完毕
[2021-02-22 18:24][DEBUG] [CAMERA] 摄像机初始化成功 
[2021-02-22 18:24][DEBUG] 主进程初始化完毕
[2021-02-22 18:24][DEBUG] 初始化物体model/cube
[2021-02-22 18:24][DEBUG] [OBJECT] 物件初始化成功 
[2021-02-22 18:24][DEBUG] [OBJECT] 物体加入全局物件管理器完毕, id->8589934592, vao->1, vbo->1 
[2021-02-22 18:24][DEBUG] [SHADER] 绑定顶点着色器文件 
[2021-02-22 18:25][DEBUG] [SHADER] 绑定片元着色器文件 
[2021-02-22 18:25][DEBUG] [SHADER] 着色器程序初始化成功 
[2021-02-22 18:25][DEBUG] [TEXTURE] 0号纹理初始化成功, 纹理id1 
[2021-02-22 18:25][DEBUG] [TEXTURE] 1号纹理初始化成功, 纹理id2 
[2021-02-22 18:25][DEBUG] 初始化物体model/cube
[2021-02-22 18:25][DEBUG] [OBJECT] 物件初始化成功 
[2021-02-22 18:25][DEBUG] [OBJECT] 物体加入全局物件管理器完毕, id->34359738368, vao->2, vbo->2 
[2021-02-22 18:25][DEBUG] [SHADER] 绑定顶点着色器文件 
[2021-02-22 18:25][DEBUG] [SHADER] 绑定片元着色器文件 
[2021-02-22 18:25][DEBUG] [SHADER] 着色器程序初始化成功 
[2021-02-22 18:25][DEBUG] 主进程结束
[2021-02-22 18:25][DEBUG] 资源释放完毕
