[2021-01-22 01:29][DEBUG] [CAMERA] 摄像机初始化成功 
[2021-01-22 01:29][DEBUG] 主进程初始化完毕
[2021-01-22 01:29][DEBUG] 初始化物体model/cube
[2021-01-22 01:29][DEBUG] [OBJECT] 物件初始化成功 
[2021-01-22 01:29][DEBUG] [OBJECT] 物体加入全局物件管理器完毕, id->8589934592, vao->1, vbo->1 
[2021-01-22 01:29][DEBUG] [SHADER] 绑定顶点着色器文件 
[2021-01-22 01:29][DEBUG] [SHADER] 绑定片元着色器文件 
[2021-01-22 01:29][DEBUG] [SHADER] 着色器程序初始化成功 
[2021-01-22 01:29][DEBUG] [TEXTURE] 0号纹理初始化成功, 纹理id1 
[2021-01-22 01:29][DEBUG] [TEXTURE] 1号纹理初始化成功, 纹理id2 
[2021-01-22 01:29][DEBUG] 初始化物体model/cube
[2021-01-22 01:29][DEBUG] [OBJECT] 物件初始化成功 
[2021-01-22 01:29][DEBUG] [OBJECT] 物体加入全局物件管理器完毕, id->34359738368, vao->2, vbo->2 
[2021-01-22 01:29][DEBUG] [SHADER] 绑定顶点着色器文件 
[2021-01-22 01:29][DEBUG] [SHADER] 绑定片元着色器文件 
[2021-01-22 01:29][DEBUG] [SHADER] 着色器程序初始化成功 
[2021-01-22 01:29][DEBUG] 主进程结束
[2021-01-22 01:29][DEBUG] 资源释放完毕
[2021-01-22 19:16][DEBUG] [CAMERA] 摄像机初始化成功 
[2021-01-22 19:16][DEBUG] 主进程初始化完毕
[2021-01-22 19:16][DEBUG] 初始化物体model/cube
[2021-01-22 19:16][DEBUG] [OBJECT] 物件初始化成功 
[2021-01-22 19:16][DEBUG] [OBJECT] 物体加入全局物件管理器完毕, id->8589934592, vao->1, vbo->1 
[2021-01-22 19:16][DEBUG] [SHADER] 绑定顶点着色器文件 
[2021-01-22 19:16][DEBUG] [SHADER] 绑定片元着色器文件 
[2021-01-22 19:16][DEBUG] [SHADER] 着色器程序初始化成功 
[2021-01-22 19:16][DEBUG] [TEXTURE] 0号纹理初始化成功, 纹理id1 
[2021-01-22 19:16][DEBUG] [TEXTURE] 1号纹理初始化成功, 纹理id2 
[2021-01-22 19:16][DEBUG] 初始化物体model/cube
[2021-01-22 19:16][DEBUG] [OBJECT] 物件初始化成功 
[2021-01-22 19:16][DEBUG] [OBJECT] 物体加入全局物件管理器完毕, id->34359738368, vao->2, vbo->2 
[2021-01-22 19:16][DEBUG] [SHADER] 绑定顶点着色器文件 
[2021-01-22 19:16][DEBUG] [SHADER] 绑定片元着色器文件 
[2021-01-22 19:16][DEBUG] [SHADER] 着色器程序初始化成功 
[2021-01-22 19:16][DEBUG] xpos861 ypos638
[2021-01-22 19:16][DEBUG] xpos866 ypos638
[2021-01-22 19:16][DEBUG] xpos868 ypos638
[2021-01-22 19:16][DEBUG] xpos872 ypos638
[2021-01-22 19:16][DEBUG] xpos876 ypos638
[2021-01-22 19:16][DEBUG] xpos882 ypos637
[2021-01-22 19:16][DEBUG] xpos883 ypos637
[2021-01-22 19:16][DEBUG] xpos886 ypos637
[2021-01-22 19:16][DEBUG] xpos888 ypos637
[2021-01-22 19:16][DEBUG] xpos892 ypos637
[2021-01-22 19:16][DEBUG] xpos893 ypos636
[2021-01-22 19:16][DEBUG] xpos894 ypos636
[2021-01-22 19:16][DEBUG] xpos897 ypos636
[2021-01-22 19:16][DEBUG] xpos898 ypos636
[2021-01-22 19:16][DEBUG] xpos899 ypos636
[2021-01-22 19:16][DEBUG] xpos900 ypos635
[2021-01-22 19:16][DEBUG] xpos903 ypos634
[2021-01-22 19:16][DEBUG] xpos904 ypos634
[2021-01-22 19:16][DEBUG] xpos905 ypos634
[2021-01-22 19:16][DEBUG] xpos909 ypos633
[2021-01-22 19:16][DEBUG] xpos910 ypos633
[2021-01-22 19:16][DEBUG] xpos911 ypos632
[2021-01-22 19:16][DEBUG] xpos912 ypos630
[2021-01-22 19:16][DEBUG] xpos915 ypos629
[2021-01-22 19:16][DEBUG] xpos916 ypos627
[2021-01-22 19:16][DEBUG] xpos917 ypos627
[2021-01-22 19:16][DEBUG] xpos920 ypos626
[2021-01-22 19:16][DEBUG] xpos922 ypos625
[2021-01-22 19:16][DEBUG] xpos924 ypos623
[2021-01-22 19:16][DEBUG] xpos927 ypos622
[2021-01-22 19:16][DEBUG] xpos928 ypos621
[2021-01-22 19:16][DEBUG] xpos930 ypos620
[2021-01-22 19:16][DEBUG] xpos931 ypos620
[2021-01-22 19:16][DEBUG] xpos932 ypos620
[2021-01-22 19:16][DEBUG] xpos933 ypos619
[2021-01-22 19:16][DEBUG] xpos934 ypos618
[2021-01-22 19:16][DEBUG] xpos935 ypos617
[2021-01-22 19:16][DEBUG] xpos936 ypos617
[2021-01-22 19:16][DEBUG] xpos937 ypos617
[2021-01-22 19:16][DEBUG] xpos939 ypos614
[2021-01-22 19:16][DEBUG] xpos942 ypos613
[2021-01-22 19:16][DEBUG] xpos943 ypos612
[2021-01-22 19:16][DEBUG] xpos944 ypos611
[2021-01-22 19:16][DEBUG] xpos945 ypos609
[2021-01-22 19:16][DEBUG] xpos947 ypos609
[2021-01-22 19:16][DEBUG] xpos951 ypos608
[2021-01-22 19:16][DEBUG] xpos953 ypos608
[2021-01-22 19:16][DEBUG] xpos954 ypos607
[2021-01-22 19:16][DEBUG] xpos955 ypos607
[2021-01-22 19:16][DEBUG] xpos956 ypos607
[2021-01-22 19:16][DEBUG] xpos960 ypos605
[2021-01-22 19:16][DEBUG] xpos961 ypos604
[2021-01-22 19:16][DEBUG] xpos963 ypos603
[2021-01-22 19:16][DEBUG] xpos965 ypos603
[2021-01-22 19:16][DEBUG] xpos967 ypos603
[2021-01-22 19:16][DEBUG] xpos970 ypos602
[2021-01-22 19:16][DEBUG] xpos971 ypos602
[2021-01-22 19:16][DEBUG] xpos973 ypos602
[2021-01-22 19:16][DEBUG] xpos979 ypos600
[2021-01-22 19:16][DEBUG] xpos985 ypos599
[2021-01-22 19:16][DEBUG] xpos986 ypos598
[2021-01-22 19:16][DEBUG] xpos988 ypos598
[2021-01-22 19:16][DEBUG] xpos989 ypos598
[2021-01-22 19:16][DEBUG] xpos991 ypos598
[2021-01-22 19:16][DEBUG] xpos994 ypos598
[2021-01-22 19:16][DEBUG] xpos995 ypos596
[2021-01-22 19:16][DEBUG] xpos997 ypos596
[2021-01-22 19:16][DEBUG] xpos1000 ypos595
[2021-01-22 19:16][DEBUG] xpos1002 ypos595
[2021-01-22 19:16][DEBUG] xpos1003 ypos594
[2021-01-22 19:16][DEBUG] xpos1006 ypos593
[2021-01-22 19:16][DEBUG] xpos1007 ypos592
[2021-01-22 19:16][DEBUG] xpos1008 ypos590
[2021-01-22 19:16][DEBUG] xpos1009 ypos589
[2021-01-22 19:16][DEBUG] xpos1010 ypos589
[2021-01-22 19:16][DEBUG] xpos1012 ypos588
[2021-01-22 19:16][DEBUG] xpos1015 ypos585
[2021-01-22 19:16][DEBUG] xpos1016 ypos584
[2021-01-22 19:16][DEBUG] xpos1018 ypos583
[2021-01-22 19:16][DEBUG] xpos1023 ypos581
[2021-01-22 19:16][DEBUG] xpos1026 ypos580
[2021-01-22 19:16][DEBUG] xpos1027 ypos579
[2021-01-22 19:16][DEBUG] xpos1029 ypos576
[2021-01-22 19:16][DEBUG] xpos1030 ypos575
[2021-01-22 19:16][DEBUG] xpos1034 ypos573
[2021-01-22 19:16][DEBUG] xpos1035 ypos572
[2021-01-22 19:16][DEBUG] xpos1037 ypos571
[2021-01-22 19:16][DEBUG] xpos1040 ypos570
[2021-01-22 19:16][DEBUG] xpos1042 ypos570
[2021-01-22 19:16][DEBUG] xpos1045 ypos567
[2021-01-22 19:16][DEBUG] xpos1049 ypos564
[2021-01-22 19:16][DEBUG] xpos1053 ypos563
[2021-01-22 19:16][DEBUG] xpos1057 ypos560
[2021-01-22 19:16][DEBUG] xpos1059 ypos559
[2021-01-22 19:16][DEBUG] xpos1063 ypos556
[2021-01-22 19:16][DEBUG] xpos1067 ypos555
[2021-01-22 19:16][DEBUG] xpos1070 ypos552
[2021-01-22 19:16][DEBUG] xpos1073 ypos550
[2021-01-22 19:16][DEBUG] xpos1075 ypos549
[2021-01-22 19:16][DEBUG] xpos1081 ypos546
[2021-01-22 19:16][DEBUG] xpos1083 ypos543
[2021-01-22 19:16][DEBUG] xpos1089 ypos543
[2021-01-22 19:16][DEBUG] xpos1095 ypos540
[2021-01-22 19:16][DEBUG] xpos1097 ypos538
[2021-01-22 19:16][DEBUG] xpos1100 ypos537
[2021-01-22 19:16][DEBUG] xpos1102 ypos535
[2021-01-22 19:16][DEBUG] xpos1108 ypos531
[2021-01-22 19:16][DEBUG] xpos1112 ypos530
[2021-01-22 19:16][DEBUG] xpos1116 ypos528
[2021-01-22 19:16][DEBUG] xpos1122 ypos523
[2021-01-22 19:16][DEBUG] xpos1130 ypos520
[2021-01-22 19:16][DEBUG] xpos1133 ypos518
[2021-01-22 19:16][DEBUG] xpos1137 ypos515
[2021-01-22 19:16][DEBUG] xpos1143 ypos513
[2021-01-22 19:16][DEBUG] xpos1146 ypos510
[2021-01-22 19:16][DEBUG] xpos1151 ypos507
[2021-01-22 19:16][DEBUG] xpos1153 ypos505
[2021-01-22 19:16][DEBUG] xpos1155 ypos503
[2021-01-22 19:16][DEBUG] xpos1156 ypos500
[2021-01-22 19:16][DEBUG] xpos1159 ypos498
[2021-01-22 19:16][DEBUG] xpos1162 ypos495
[2021-01-22 19:16][DEBUG] xpos1163 ypos494
[2021-01-22 19:16][DEBUG] xpos1167 ypos493
[2021-01-22 19:16][DEBUG] xpos1168 ypos492
[2021-01-22 19:16][DEBUG] xpos1171 ypos490
[2021-01-22 19:16][DEBUG] xpos1176 ypos485
[2021-01-22 19:16][DEBUG] xpos1179 ypos484
[2021-01-22 19:16][DEBUG] xpos1184 ypos479
[2021-01-22 19:16][DEBUG] xpos1186 ypos476
[2021-01-22 19:16][DEBUG] xpos1189 ypos475
[2021-01-22 19:16][DEBUG] xpos1193 ypos471
[2021-01-22 19:16][DEBUG] xpos1194 ypos469
[2021-01-22 19:16][DEBUG] xpos1197 ypos467
[2021-01-22 19:16][DEBUG] xpos1201 ypos464
[2021-01-22 19:16][DEBUG] xpos1203 ypos462
[2021-01-22 19:16][DEBUG] xpos1206 ypos459
[2021-01-22 19:16][DEBUG] xpos1208 ypos457
[2021-01-22 19:16][DEBUG] xpos1211 ypos455
[2021-01-22 19:16][DEBUG] xpos1214 ypos452
[2021-01-22 19:16][DEBUG] xpos1219 ypos448
[2021-01-22 19:16][DEBUG] xpos1221 ypos446
[2021-01-22 19:16][DEBUG] xpos1226 ypos442
[2021-01-22 19:16][DEBUG] xpos1229 ypos440
[2021-01-22 19:16][DEBUG] xpos1231 ypos437
[2021-01-22 19:16][DEBUG] xpos1234 ypos436
[2021-01-22 19:16][DEBUG] xpos1241 ypos429
[2021-01-22 19:16][DEBUG] xpos1245 ypos425
[2021-01-22 19:16][DEBUG] xpos1247 ypos423
[2021-01-22 19:16][DEBUG] xpos1250 ypos422
[2021-01-22 19:16][DEBUG] xpos1253 ypos420
[2021-01-22 19:16][DEBUG] xpos1254 ypos418
[2021-01-22 19:16][DEBUG] xpos1257 ypos415
[2021-01-22 19:16][DEBUG] xpos1260 ypos412
[2021-01-22 19:16][DEBUG] xpos1261 ypos411
[2021-01-22 19:16][DEBUG] xpos1267 ypos405
[2021-01-22 19:16][DEBUG] xpos1268 ypos404
[2021-01-22 19:16][DEBUG] xpos1273 ypos400
[2021-01-22 19:16][DEBUG] xpos1275 ypos398
[2021-01-22 19:16][DEBUG] xpos1280 ypos393
[2021-01-22 19:16][DEBUG] xpos1282 ypos391
[2021-01-22 19:16][DEBUG] xpos1288 ypos385
[2021-01-22 19:16][DEBUG] xpos1291 ypos381
[2021-01-22 19:16][DEBUG] xpos1293 ypos378
[2021-01-22 19:16][DEBUG] xpos1298 ypos373
[2021-01-22 19:16][DEBUG] xpos1300 ypos369
[2021-01-22 19:16][DEBUG] xpos1305 ypos363
[2021-01-22 19:16][DEBUG] xpos1308 ypos357
[2021-01-22 19:16][DEBUG] xpos1311 ypos354
[2021-01-22 19:16][DEBUG] xpos1313 ypos352
[2021-01-22 19:16][DEBUG] xpos1316 ypos349
[2021-01-22 19:16][DEBUG] xpos1319 ypos344
[2021-01-22 19:16][DEBUG] xpos1322 ypos342
[2021-01-22 19:16][DEBUG] xpos1327 ypos337
[2021-01-22 19:16][DEBUG] xpos1328 ypos333
[2021-01-22 19:16][DEBUG] xpos1331 ypos330
[2021-01-22 19:16][DEBUG] xpos1333 ypos327
[2021-01-22 19:16][DEBUG] xpos1334 ypos326
[2021-01-22 19:16][DEBUG] xpos1336 ypos323
[2021-01-22 19:16][DEBUG] xpos1339 ypos320
[2021-01-22 19:16][DEBUG] xpos1340 ypos319
[2021-01-22 19:16][DEBUG] xpos1341 ypos317
[2021-01-22 19:16][DEBUG] xpos1342 ypos316
[2021-01-22 19:16][DEBUG] xpos1344 ypos314
[2021-01-22 19:16][DEBUG] xpos1346 ypos311
[2021-01-22 19:16][DEBUG] xpos1348 ypos309
[2021-01-22 19:16][DEBUG] xpos1351 ypos306
[2021-01-22 19:16][DEBUG] xpos1355 ypos302
[2021-01-22 19:16][DEBUG] xpos1362 ypos295
[2021-01-22 19:16][DEBUG] xpos1370 ypos288
[2021-01-22 19:16][DEBUG] xpos1377 ypos282
[2021-01-22 19:16][DEBUG] xpos1379 ypos280
[2021-01-22 19:16][DEBUG] xpos1383 ypos275
[2021-01-22 19:16][DEBUG] xpos1390 ypos270
[2021-01-22 19:16][DEBUG] xpos1394 ypos267
[2021-01-22 19:16][DEBUG] xpos1396 ypos266
[2021-01-22 19:16][DEBUG] xpos1399 ypos263
[2021-01-22 19:16][DEBUG] xpos1402 ypos260
[2021-01-22 19:16][DEBUG] xpos1404 ypos259
[2021-01-22 19:16][DEBUG] xpos1407 ypos257
[2021-01-22 19:16][DEBUG] xpos1408 ypos256
[2021-01-22 19:16][DEBUG] xpos1410 ypos255
[2021-01-22 19:16][DEBUG] xpos1411 ypos254
[2021-01-22 19:16][DEBUG] xpos1415 ypos253
[2021-01-22 19:16][DEBUG] xpos1417 ypos250
[2021-01-22 19:16][DEBUG] xpos1419 ypos249
[2021-01-22 19:16][DEBUG] xpos1422 ypos247
[2021-01-22 19:16][DEBUG] xpos1425 ypos244
[2021-01-22 19:16][DEBUG] xpos1429 ypos241
[2021-01-22 19:16][DEBUG] xpos1435 ypos236
[2021-01-22 19:16][DEBUG] xpos1438 ypos234
[2021-01-22 19:16][DEBUG] xpos1445 ypos230
[2021-01-22 19:16][DEBUG] xpos1449 ypos227
[2021-01-22 19:16][DEBUG] xpos1455 ypos223
[2021-01-22 19:16][DEBUG] xpos1458 ypos221
[2021-01-22 19:16][DEBUG] xpos1465 ypos218
[2021-01-22 19:16][DEBUG] xpos1469 ypos216
[2021-01-22 19:16][DEBUG] xpos1481 ypos210
[2021-01-22 19:16][DEBUG] xpos1487 ypos207
[2021-01-22 19:16][DEBUG] xpos1493 ypos204
[2021-01-22 19:16][DEBUG] xpos1499 ypos199
[2021-01-22 19:16][DEBUG] xpos1503 ypos197
[2021-01-22 19:16][DEBUG] xpos1511 ypos192
[2021-01-22 19:16][DEBUG] xpos1521 ypos186
[2021-01-22 19:16][DEBUG] xpos1525 ypos184
[2021-01-22 19:16][DEBUG] xpos1531 ypos179
[2021-01-22 19:16][DEBUG] xpos1535 ypos177
[2021-01-22 19:16][DEBUG] xpos1539 ypos175
[2021-01-22 19:16][DEBUG] xpos1545 ypos171
[2021-01-22 19:16][DEBUG] xpos1546 ypos170
[2021-01-22 19:16][DEBUG] xpos1555 ypos163
[2021-01-22 19:16][DEBUG] xpos1558 ypos162
[2021-01-22 19:16][DEBUG] xpos1564 ypos158
[2021-01-22 19:16][DEBUG] xpos1565 ypos157
[2021-01-22 19:16][DEBUG] xpos1569 ypos156
[2021-01-22 19:16][DEBUG] xpos1571 ypos153
[2021-01-22 19:16][DEBUG] xpos1574 ypos150
[2021-01-22 19:16][DEBUG] xpos1574 ypos151
[2021-01-22 19:16][DEBUG] xpos1574 ypos154
[2021-01-22 19:16][DEBUG] xpos1574 ypos161
[2021-01-22 19:16][DEBUG] xpos1577 ypos169
[2021-01-22 19:16][DEBUG] xpos1579 ypos184
[2021-01-22 19:16][DEBUG] xpos1581 ypos214
[2021-01-22 19:16][DEBUG] xpos1587 ypos250
[2021-01-22 19:16][DEBUG] xpos1587 ypos267
[2021-01-22 19:16][DEBUG] xpos1587 ypos289
[2021-01-22 19:16][DEBUG] xpos1587 ypos308
[2021-01-22 19:16][DEBUG] xpos1587 ypos330
[2021-01-22 19:16][DEBUG] xpos1587 ypos349
[2021-01-22 19:16][DEBUG] xpos1591 ypos366
[2021-01-22 19:16][DEBUG] xpos1593 ypos385
[2021-01-22 19:16][DEBUG] xpos1597 ypos398
[2021-01-22 19:16][DEBUG] xpos1601 ypos430
[2021-01-22 19:16][DEBUG] xpos1602 ypos445
[2021-01-22 19:16][DEBUG] xpos1606 ypos462
[2021-01-22 19:16][DEBUG] xpos1608 ypos474
[2021-01-22 19:16][DEBUG] xpos1610 ypos489
[2021-01-22 19:16][DEBUG] xpos1612 ypos504
[2021-01-22 19:16][DEBUG] xpos1612 ypos516
[2021-01-22 19:16][DEBUG] xpos1616 ypos531
[2021-01-22 19:16][DEBUG] xpos1617 ypos543
[2021-01-22 19:16][DEBUG] xpos1619 ypos551
[2021-01-22 19:16][DEBUG] xpos1621 ypos561
[2021-01-22 19:16][DEBUG] xpos1621 ypos573
[2021-01-22 19:16][DEBUG] xpos1626 ypos584
[2021-01-22 19:16][DEBUG] xpos1629 ypos599
[2021-01-22 19:16][DEBUG] xpos1632 ypos607
[2021-01-22 19:16][DEBUG] xpos1634 ypos622
[2021-01-22 19:16][DEBUG] xpos1634 ypos630
[2021-01-22 19:16][DEBUG] xpos1635 ypos640
[2021-01-22 19:16][DEBUG] xpos1637 ypos648
[2021-01-22 19:16][DEBUG] xpos1641 ypos660
[2021-01-22 19:16][DEBUG] xpos1641 ypos670
[2021-01-22 19:16][DEBUG] xpos1643 ypos678
[2021-01-22 19:16][DEBUG] xpos1645 ypos688
[2021-01-22 19:16][DEBUG] xpos1646 ypos696
[2021-01-22 19:16][DEBUG] xpos1649 ypos704
[2021-01-22 19:16][DEBUG] xpos1649 ypos711
[2021-01-22 19:16][DEBUG] xpos1651 ypos717
[2021-01-22 19:16][DEBUG] xpos1653 ypos725
[2021-01-22 19:16][DEBUG] xpos1654 ypos729
[2021-01-22 19:16][DEBUG] xpos1659 ypos739
[2021-01-22 19:16][DEBUG] xpos1659 ypos744
[2021-01-22 19:16][DEBUG] xpos1662 ypos752
[2021-01-22 19:16][DEBUG] xpos1662 ypos757
[2021-01-22 19:16][DEBUG] xpos1663 ypos766
[2021-01-22 19:16][DEBUG] xpos1666 ypos770
[2021-01-22 19:16][DEBUG] xpos1666 ypos778
[2021-01-22 19:16][DEBUG] xpos1667 ypos783
[2021-01-22 19:16][DEBUG] xpos1670 ypos789
[2021-01-22 19:16][DEBUG] xpos1672 ypos795
[2021-01-22 19:16][DEBUG] xpos1675 ypos803
[2021-01-22 19:16][DEBUG] xpos1675 ypos808
[2021-01-22 19:16][DEBUG] xpos1680 ypos818
[2021-01-22 19:16][DEBUG] xpos1681 ypos823
[2021-01-22 19:16][DEBUG] xpos1683 ypos831
[2021-01-22 19:16][DEBUG] xpos1685 ypos841
[2021-01-22 19:16][DEBUG] xpos1690 ypos849
[2021-01-22 19:16][DEBUG] xpos1692 ypos862
[2021-01-22 19:16][DEBUG] xpos1693 ypos870
[2021-01-22 19:16][DEBUG] xpos1697 ypos880
[2021-01-22 19:16][DEBUG] xpos1700 ypos890
[2021-01-22 19:16][DEBUG] xpos1702 ypos900
[2021-01-22 19:16][DEBUG] xpos1705 ypos909
[2021-01-22 19:16][DEBUG] xpos1709 ypos921
[2021-01-22 19:16][DEBUG] xpos1714 ypos934
[2021-01-22 19:16][DEBUG] xpos1716 ypos942
[2021-01-22 19:16][DEBUG] xpos1718 ypos952
[2021-01-22 19:16][DEBUG] xpos1727 ypos975
[2021-01-22 19:16][DEBUG] xpos1730 ypos986
[2021-01-22 19:16][DEBUG] xpos1733 ypos992
[2021-01-22 19:16][DEBUG] xpos1736 ypos1000
[2021-01-22 19:16][DEBUG] xpos1736 ypos1005
[2021-01-22 19:16][DEBUG] xpos1742 ypos1019
[2021-01-22 19:16][DEBUG] xpos1742 ypos1024
[2021-01-22 19:16][DEBUG] xpos1744 ypos1036
[2021-01-22 19:16][DEBUG] xpos1744 ypos1045
[2021-01-22 19:16][DEBUG] xpos1747 ypos1056
[2021-01-22 19:16][DEBUG] xpos1747 ypos1065
[2021-01-22 19:16][DEBUG] xpos1749 ypos1078
[2021-01-22 19:16][DEBUG] xpos1750 ypos1095
[2021-01-22 19:16][DEBUG] xpos1752 ypos1103
[2021-01-22 19:16][DEBUG] xpos1755 ypos1111
[2021-01-22 19:16][DEBUG] xpos1757 ypos1124
[2021-01-22 19:16][DEBUG] xpos1759 ypos1136
[2021-01-22 19:16][DEBUG] xpos1759 ypos1151
[2021-01-22 19:16][DEBUG] xpos1761 ypos1170
[2021-01-22 19:16][DEBUG] xpos1761 ypos1191
[2021-01-22 19:16][DEBUG] xpos1761 ypos1227
[2021-01-22 19:16][DEBUG] xpos1761 ypos1244
[2021-01-22 19:16][DEBUG] xpos1761 ypos1251
[2021-01-22 19:16][DEBUG] xpos1755 ypos1264
[2021-01-22 19:16][DEBUG] xpos1754 ypos1269
[2021-01-22 19:16][DEBUG] xpos1753 ypos1275
[2021-01-22 19:16][DEBUG] xpos1751 ypos1281
[2021-01-22 19:16][DEBUG] xpos1751 ypos1288
[2021-01-22 19:16][DEBUG] xpos1751 ypos1290
[2021-01-22 19:16][DEBUG] xpos1751 ypos1296
[2021-01-22 19:16][DEBUG] xpos1749 ypos1302
[2021-01-22 19:16][DEBUG] xpos1747 ypos1305
[2021-01-22 19:16][DEBUG] xpos1744 ypos1308
[2021-01-22 19:16][DEBUG] xpos1738 ypos1308
[2021-01-22 19:16][DEBUG] xpos1732 ypos1308
[2021-01-22 19:16][DEBUG] xpos1725 ypos1308
[2021-01-22 19:16][DEBUG] xpos1717 ypos1306
[2021-01-22 19:16][DEBUG] xpos1711 ypos1305
[2021-01-22 19:16][DEBUG] xpos1701 ypos1304
[2021-01-22 19:16][DEBUG] xpos1695 ypos1303
[2021-01-22 19:16][DEBUG] xpos1683 ypos1299
[2021-01-22 19:16][DEBUG] xpos1666 ypos1297
[2021-01-22 19:16][DEBUG] xpos1649 ypos1295
[2021-01-22 19:16][DEBUG] xpos1624 ypos1289
[2021-01-22 19:16][DEBUG] xpos1597 ypos1284
[2021-01-22 19:16][DEBUG] xpos1559 ypos1277
[2021-01-22 19:16][DEBUG] xpos1535 ypos1273
[2021-01-22 19:16][DEBUG] xpos1505 ypos1271
[2021-01-22 19:16][DEBUG] xpos1480 ypos1265
[2021-01-22 19:16][DEBUG] xpos1456 ypos1263
[2021-01-22 19:16][DEBUG] xpos1434 ypos1262
[2021-01-22 19:16][DEBUG] xpos1380 ypos1256
[2021-01-22 19:16][DEBUG] xpos1350 ypos1251
[2021-01-22 19:16][DEBUG] xpos1319 ypos1249
[2021-01-22 19:16][DEBUG] xpos1250 ypos1239
[2021-01-22 19:16][DEBUG] xpos1223 ypos1237
[2021-01-22 19:16][DEBUG] xpos1189 ypos1232
[2021-01-22 19:16][DEBUG] xpos1165 ypos1232
[2021-01-22 19:16][DEBUG] xpos1144 ypos1232
[2021-01-22 19:16][DEBUG] xpos1125 ypos1232
[2021-01-22 19:16][DEBUG] xpos1084 ypos1232
[2021-01-22 19:16][DEBUG] xpos1062 ypos1232
[2021-01-22 19:16][DEBUG] xpos1039 ypos1232
[2021-01-22 19:16][DEBUG] xpos1015 ypos1232
[2021-01-22 19:16][DEBUG] xpos993 ypos1230
[2021-01-22 19:16][DEBUG] xpos966 ypos1227
[2021-01-22 19:16][DEBUG] xpos942 ypos1225
[2021-01-22 19:16][DEBUG] xpos911 ypos1219
[2021-01-22 19:16][DEBUG] xpos887 ypos1219
[2021-01-22 19:16][DEBUG] xpos865 ypos1217
[2021-01-22 19:16][DEBUG] xpos844 ypos1215
[2021-01-22 19:16][DEBUG] xpos824 ypos1209
[2021-01-22 19:16][DEBUG] xpos804 ypos1209
[2021-01-22 19:16][DEBUG] xpos792 ypos1209
[2021-01-22 19:16][DEBUG] xpos775 ypos1209
[2021-01-22 19:16][DEBUG] xpos746 ypos1209
[2021-01-22 19:16][DEBUG] xpos729 ypos1205
[2021-01-22 19:16][DEBUG] xpos709 ypos1201
[2021-01-22 19:16][DEBUG] xpos692 ypos1199
[2021-01-22 19:16][DEBUG] xpos673 ypos1197
[2021-01-22 19:16][DEBUG] xpos656 ypos1194
[2021-01-22 19:16][DEBUG] xpos638 ypos1191
[2021-01-22 19:16][DEBUG] xpos626 ypos1191
[2021-01-22 19:16][DEBUG] xpos616 ypos1189
[2021-01-22 19:16][DEBUG] xpos602 ypos1189
[2021-01-22 19:16][DEBUG] xpos590 ypos1189
[2021-01-22 19:16][DEBUG] xpos575 ypos1186
[2021-01-22 19:16][DEBUG] xpos563 ypos1186
[2021-01-22 19:16][DEBUG] xpos553 ypos1186
[2021-01-22 19:16][DEBUG] xpos536 ypos1184
[2021-01-22 19:16][DEBUG] xpos519 ypos1181
[2021-01-22 19:16][DEBUG] xpos504 ypos1179
[2021-01-22 19:16][DEBUG] xpos487 ypos1177
[2021-01-22 19:16][DEBUG] xpos453 ypos1174
[2021-01-22 19:16][DEBUG] xpos441 ypos1174
[2021-01-22 19:16][DEBUG] xpos429 ypos1174
[2021-01-22 19:16][DEBUG] xpos417 ypos1174
[2021-01-22 19:16][DEBUG] xpos402 ypos1174
[2021-01-22 19:16][DEBUG] xpos390 ypos1174
[2021-01-22 19:16][DEBUG] xpos374 ypos1170
[2021-01-22 19:16][DEBUG] xpos362 ypos1170
[2021-01-22 19:16][DEBUG] xpos355 ypos1170
[2021-01-22 19:16][DEBUG] xpos344 ypos1168
[2021-01-22 19:16][DEBUG] xpos337 ypos1168
[2021-01-22 19:16][DEBUG] xpos321 ypos1168
[2021-01-22 19:16][DEBUG] xpos314 ypos1168
[2021-01-22 19:16][DEBUG] xpos306 ypos1168
[2021-01-22 19:16][DEBUG] xpos294 ypos1168
[2021-01-22 19:16][DEBUG] xpos282 ypos1168
[2021-01-22 19:16][DEBUG] xpos265 ypos1168
[2021-01-22 19:16][DEBUG] xpos252 ypos1168
[2021-01-22 19:16][DEBUG] xpos233 ypos1168
[2021-01-22 19:16][DEBUG] xpos217 ypos1168
[2021-01-22 19:16][DEBUG] xpos200 ypos1168
[2021-01-22 19:16][DEBUG] xpos183 ypos1168
[2021-01-22 19:16][DEBUG] xpos171 ypos1168
[2021-01-22 19:16][DEBUG] xpos142 ypos1168
[2021-01-22 19:16][DEBUG] xpos125 ypos1168
[2021-01-22 19:16][DEBUG] xpos110 ypos1168
[2021-01-22 19:16][DEBUG] xpos96 ypos1166
[2021-01-22 19:16][DEBUG] xpos79 ypos1164
[2021-01-22 19:16][DEBUG] xpos64 ypos1164
[2021-01-22 19:16][DEBUG] xpos34 ypos1158
[2021-01-22 19:16][DEBUG] xpos17 ypos1156
[2021-01-22 19:16][DEBUG] xpos5 ypos1156
[2021-01-22 19:16][DEBUG] xpos-6 ypos1154
[2021-01-22 19:16][DEBUG] xpos-13 ypos1154
[2021-01-22 19:16][DEBUG] xpos-24 ypos1151
[2021-01-22 19:16][DEBUG] xpos-34 ypos1149
[2021-01-22 19:16][DEBUG] xpos-39 ypos1148
[2021-01-22 19:16][DEBUG] xpos-43 ypos1148
[2021-01-22 19:16][DEBUG] xpos-47 ypos1148
[2021-01-22 19:16][DEBUG] xpos-49 ypos1146
[2021-01-22 19:16][DEBUG] xpos-52 ypos1143
[2021-01-22 19:16][DEBUG] xpos-52 ypos1140
[2021-01-22 19:16][DEBUG] xpos-52 ypos1133
[2021-01-22 19:16][DEBUG] xpos-51 ypos1124
[2021-01-22 19:16][DEBUG] xpos-47 ypos1109
[2021-01-22 19:16][DEBUG] xpos-41 ypos1096
[2021-01-22 19:16][DEBUG] xpos-31 ypos1076
[2021-01-22 19:16][DEBUG] xpos-24 ypos1059
[2021-01-22 19:16][DEBUG] xpos-16 ypos1039
[2021-01-22 19:16][DEBUG] xpos-12 ypos1021
[2021-01-22 19:16][DEBUG] xpos-6 ypos1002
[2021-01-22 19:16][DEBUG] xpos-2 ypos985
[2021-01-22 19:16][DEBUG] xpos4 ypos969
[2021-01-22 19:16][DEBUG] xpos8 ypos949
[2021-01-22 19:16][DEBUG] xpos14 ypos931
[2021-01-22 19:16][DEBUG] xpos18 ypos914
[2021-01-22 19:16][DEBUG] xpos24 ypos899
[2021-01-22 19:16][DEBUG] xpos27 ypos882
[2021-01-22 19:16][DEBUG] xpos35 ypos862
[2021-01-22 19:16][DEBUG] xpos35 ypos845
[2021-01-22 19:16][DEBUG] xpos37 ypos825
[2021-01-22 19:16][DEBUG] xpos41 ypos808
[2021-01-22 19:16][DEBUG] xpos43 ypos791
[2021-01-22 19:16][DEBUG] xpos45 ypos776
[2021-01-22 19:16][DEBUG] xpos45 ypos761
[2021-01-22 19:16][DEBUG] xpos45 ypos745
[2021-01-22 19:16][DEBUG] xpos45 ypos730
[2021-01-22 19:16][DEBUG] xpos47 ypos713
[2021-01-22 19:16][DEBUG] xpos51 ypos693
[2021-01-22 19:16][DEBUG] xpos53 ypos676
[2021-01-22 19:16][DEBUG] xpos55 ypos659
[2021-01-22 19:16][DEBUG] xpos57 ypos640
[2021-01-22 19:16][DEBUG] xpos63 ypos620
[2021-01-22 19:16][DEBUG] xpos64 ypos598
[2021-01-22 19:16][DEBUG] xpos66 ypos578
[2021-01-22 19:16][DEBUG] xpos66 ypos559
[2021-01-22 19:16][DEBUG] xpos67 ypos538
[2021-01-22 19:16][DEBUG] xpos67 ypos518
[2021-01-22 19:16][DEBUG] xpos67 ypos499
[2021-01-22 19:16][DEBUG] xpos67 ypos462
[2021-01-22 19:16][DEBUG] xpos67 ypos443
[2021-01-22 19:16][DEBUG] xpos67 ypos424
[2021-01-22 19:16][DEBUG] xpos67 ypos328
[2021-01-22 19:16][DEBUG] xpos66 ypos308
[2021-01-22 19:16][DEBUG] xpos58 ypos291
[2021-01-22 19:16][DEBUG] xpos56 ypos269
[2021-01-22 19:16][DEBUG] xpos50 ypos252
[2021-01-22 19:16][DEBUG] xpos46 ypos232
[2021-01-22 19:16][DEBUG] xpos40 ypos204
[2021-01-22 19:16][DEBUG] xpos38 ypos192
[2021-01-22 19:16][DEBUG] xpos36 ypos179
[2021-01-22 19:16][DEBUG] xpos36 ypos169
[2021-01-22 19:16][DEBUG] xpos32 ypos158
[2021-01-22 19:16][DEBUG] xpos31 ypos148
[2021-01-22 19:16][DEBUG] xpos29 ypos135
[2021-01-22 19:16][DEBUG] xpos29 ypos128
[2021-01-22 19:16][DEBUG] xpos27 ypos120
[2021-01-22 19:16][DEBUG] xpos25 ypos114
[2021-01-22 19:16][DEBUG] xpos24 ypos110
[2021-01-22 19:16][DEBUG] xpos24 ypos106
[2021-01-22 19:16][DEBUG] xpos24 ypos104
[2021-01-22 19:16][DEBUG] xpos22 ypos102
[2021-01-22 19:16][DEBUG] xpos22 ypos101
[2021-01-22 19:16][DEBUG] xpos23 ypos101
[2021-01-22 19:16][DEBUG] xpos26 ypos104
[2021-01-22 19:16][DEBUG] xpos31 ypos110
[2021-01-22 19:16][DEBUG] xpos34 ypos116
[2021-01-22 19:16][DEBUG] xpos43 ypos129
[2021-01-22 19:16][DEBUG] xpos53 ypos142
[2021-01-22 19:16][DEBUG] xpos65 ypos160
[2021-01-22 19:16][DEBUG] xpos79 ypos178
[2021-01-22 19:16][DEBUG] xpos99 ypos199
[2021-01-22 19:16][DEBUG] xpos121 ypos229
[2021-01-22 19:16][DEBUG] xpos137 ypos248
[2021-01-22 19:16][DEBUG] xpos163 ypos273
[2021-01-22 19:16][DEBUG] xpos191 ypos301
[2021-01-22 19:16][DEBUG] xpos266 ypos357
[2021-01-22 19:16][DEBUG] xpos307 ypos373
[2021-01-22 19:16][DEBUG] xpos359 ypos397
[2021-01-22 19:16][DEBUG] xpos408 ypos412
[2021-01-22 19:16][DEBUG] xpos471 ypos431
[2021-01-22 19:16][DEBUG] xpos540 ypos450
[2021-01-22 19:16][DEBUG] xpos598 ypos466
[2021-01-22 19:16][DEBUG] xpos674 ypos475
[2021-01-22 19:16][DEBUG] xpos735 ypos481
[2021-01-22 19:16][DEBUG] xpos806 ypos494
[2021-01-22 19:16][DEBUG] xpos872 ypos504
[2021-01-22 19:16][DEBUG] xpos1021 ypos513
[2021-01-22 19:16][DEBUG] xpos1073 ypos513
[2021-01-22 19:16][DEBUG] xpos1152 ypos513
[2021-01-22 19:16][DEBUG] xpos1225 ypos513
[2021-01-22 19:16][DEBUG] xpos1381 ypos513
[2021-01-22 19:16][DEBUG] xpos1459 ypos513
[2021-01-22 19:16][DEBUG] xpos1472 ypos503
[2021-01-22 19:16][DEBUG] xpos1472 ypos493
[2021-01-22 19:16][DEBUG] xpos1472 ypos487
[2021-01-22 19:16][DEBUG] xpos1570 ypos486
[2021-01-22 19:16][DEBUG] xpos1605 ypos486
[2021-01-22 19:16][DEBUG] xpos1658 ypos486
[2021-01-22 19:16][DEBUG] xpos1680 ypos486
[2021-01-22 19:16][DEBUG] xpos1694 ypos486
[2021-01-22 19:16][DEBUG] xpos1700 ypos486
[2021-01-22 19:16][DEBUG] xpos1703 ypos485
[2021-01-22 19:16][DEBUG] xpos1704 ypos485
[2021-01-22 19:16][DEBUG] xpos1706 ypos485
[2021-01-22 19:16][DEBUG] xpos1705 ypos486
[2021-01-22 19:16][DEBUG] xpos1703 ypos486
[2021-01-22 19:16][DEBUG] xpos1700 ypos486
[2021-01-22 19:16][DEBUG] xpos1695 ypos486
[2021-01-22 19:16][DEBUG] xpos1691 ypos486
[2021-01-22 19:16][DEBUG] xpos1689 ypos486
[2021-01-22 19:16][DEBUG] xpos1685 ypos486
[2021-01-22 19:16][DEBUG] xpos1682 ypos486
[2021-01-22 19:16][DEBUG] xpos1681 ypos486
[2021-01-22 19:16][DEBUG] xpos1678 ypos486
[2021-01-22 19:16][DEBUG] xpos1677 ypos486
[2021-01-22 19:16][DEBUG] xpos1676 ypos486
[2021-01-22 19:16][DEBUG] xpos1674 ypos486
[2021-01-22 19:16][DEBUG] xpos1672 ypos486
[2021-01-22 19:16][DEBUG] xpos1670 ypos486
[2021-01-22 19:16][DEBUG] xpos1667 ypos485
[2021-01-22 19:16][DEBUG] xpos1665 ypos484
[2021-01-22 19:16][DEBUG] xpos1659 ypos483
[2021-01-22 19:16][DEBUG] xpos1657 ypos481
[2021-01-22 19:16][DEBUG] xpos1653 ypos481
[2021-01-22 19:16][DEBUG] xpos1649 ypos481
[2021-01-22 19:16][DEBUG] xpos1645 ypos480
[2021-01-22 19:16][DEBUG] xpos1639 ypos479
[2021-01-22 19:16][DEBUG] xpos1630 ypos479
[2021-01-22 19:16][DEBUG] xpos1622 ypos479
[2021-01-22 19:16][DEBUG] xpos1608 ypos479
[2021-01-22 19:16][DEBUG] xpos1596 ypos479
[2021-01-22 19:16][DEBUG] xpos1574 ypos475
[2021-01-22 19:16][DEBUG] xpos1554 ypos473
[2021-01-22 19:16][DEBUG] xpos1532 ypos469
[2021-01-22 19:16][DEBUG] xpos1479 ypos452
[2021-01-22 19:16][DEBUG] xpos1449 ypos442
[2021-01-22 19:16][DEBUG] xpos1415 ypos435
[2021-01-22 19:16][DEBUG] xpos1385 ypos426
[2021-01-22 19:16][DEBUG] xpos1311 ypos405
[2021-01-22 19:16][DEBUG] xpos1249 ypos391
[2021-01-22 19:16][DEBUG] xpos1217 ypos386
[2021-01-22 19:16][DEBUG] xpos1185 ypos382
[2021-01-22 19:16][DEBUG] xpos1148 ypos377
[2021-01-22 19:16][DEBUG] xpos1103 ypos374
[2021-01-22 19:16][DEBUG] xpos1055 ypos365
[2021-01-22 19:16][DEBUG] xpos1013 ypos360
[2021-01-22 19:16][DEBUG] xpos962 ypos354
[2021-01-22 19:16][DEBUG] xpos864 ypos340
[2021-01-22 19:16][DEBUG] xpos822 ypos335
[2021-01-22 19:16][DEBUG] xpos790 ypos332
[2021-01-22 19:16][DEBUG] xpos758 ypos327
[2021-01-22 19:16][DEBUG] xpos732 ypos327
[2021-01-22 19:16][DEBUG] xpos708 ypos327
[2021-01-22 19:16][DEBUG] xpos663 ypos327
[2021-01-22 19:16][DEBUG] xpos646 ypos327
[2021-01-22 19:16][DEBUG] xpos629 ypos327
[2021-01-22 19:16][DEBUG] xpos606 ypos326
[2021-01-22 19:16][DEBUG] xpos599 ypos326
[2021-01-22 19:16][DEBUG] xpos588 ypos326
[2021-01-22 19:16][DEBUG] xpos587 ypos326
[2021-01-22 19:16][DEBUG] xpos585 ypos325
[2021-01-22 19:16][DEBUG] xpos582 ypos325
[2021-01-22 19:16][DEBUG] xpos582 ypos324
[2021-01-22 19:16][DEBUG] xpos583 ypos323
[2021-01-22 19:16][DEBUG] xpos586 ypos323
[2021-01-22 19:16][DEBUG] xpos587 ypos323
[2021-01-22 19:16][DEBUG] xpos589 ypos320
[2021-01-22 19:16][DEBUG] xpos589 ypos309
[2021-01-22 19:16][DEBUG] xpos589 ypos294
[2021-01-22 19:16][DEBUG] xpos589 ypos275
[2021-01-22 19:16][DEBUG] xpos589 ypos256
[2021-01-22 19:16][DEBUG] xpos587 ypos232
[2021-01-22 19:16][DEBUG] xpos581 ypos208
[2021-01-22 19:16][DEBUG] xpos574 ypos180
[2021-01-22 19:16][DEBUG] xpos565 ypos150
[2021-01-22 19:16][DEBUG] xpos552 ypos114
[2021-01-22 19:16][DEBUG] xpos540 ypos83
[2021-01-22 19:16][DEBUG] xpos533 ypos55
[2021-01-22 19:16][DEBUG] xpos514 ypos13
[2021-01-22 19:16][DEBUG] xpos498 ypos-24
[2021-01-22 19:16][DEBUG] xpos486 ypos-55
[2021-01-22 19:16][DEBUG] xpos447 ypos-122
[2021-01-22 19:16][DEBUG] xpos431 ypos-150
[2021-01-22 19:16][DEBUG] xpos410 ypos-184
[2021-01-22 19:16][DEBUG] xpos391 ypos-210
[2021-01-22 19:16][DEBUG] xpos375 ypos-235
[2021-01-22 19:16][DEBUG] xpos335 ypos-287
[2021-01-22 19:16][DEBUG] xpos311 ypos-314
[2021-01-22 19:16][DEBUG] xpos291 ypos-336
[2021-01-22 19:16][DEBUG] xpos268 ypos-360
[2021-01-22 19:16][DEBUG] xpos246 ypos-379
[2021-01-22 19:16][DEBUG] xpos219 ypos-401
[2021-01-22 19:16][DEBUG] xpos193 ypos-422
[2021-01-22 19:16][DEBUG] xpos171 ypos-442
[2021-01-22 19:16][DEBUG] xpos147 ypos-458
[2021-01-22 19:16][DEBUG] xpos128 ypos-474
[2021-01-22 19:16][DEBUG] xpos115 ypos-488
[2021-01-22 19:16][DEBUG] xpos99 ypos-502
[2021-01-22 19:16][DEBUG] xpos91 ypos-507
[2021-01-22 19:16][DEBUG] xpos81 ypos-517
[2021-01-22 19:16][DEBUG] xpos77 ypos-521
[2021-01-22 19:16][DEBUG] xpos76 ypos-522
[2021-01-22 19:16][DEBUG] xpos74 ypos-524
[2021-01-22 19:16][DEBUG] xpos74 ypos-525
[2021-01-22 19:16][DEBUG] xpos75 ypos-525
[2021-01-22 19:16][DEBUG] xpos79 ypos-525
[2021-01-22 19:16][DEBUG] xpos80 ypos-524
[2021-01-22 19:16][DEBUG] xpos81 ypos-522
[2021-01-22 19:16][DEBUG] xpos84 ypos-521
[2021-01-22 19:16][DEBUG] xpos86 ypos-519
[2021-01-22 19:16][DEBUG] xpos87 ypos-518
[2021-01-22 19:16][DEBUG] xpos92 ypos-517
[2021-01-22 19:16][DEBUG] xpos96 ypos-515
[2021-01-22 19:16][DEBUG] xpos106 ypos-509
[2021-01-22 19:16][DEBUG] xpos116 ypos-504
[2021-01-22 19:16][DEBUG] xpos124 ypos-502
[2021-01-22 19:16][DEBUG] xpos132 ypos-500
[2021-01-22 19:16][DEBUG] xpos147 ypos-495
[2021-01-22 19:16][DEBUG] xpos157 ypos-492
[2021-01-22 19:16][DEBUG] xpos179 ypos-486
[2021-01-22 19:16][DEBUG] xpos199 ypos-484
[2021-01-22 19:16][DEBUG] xpos214 ypos-480
[2021-01-22 19:16][DEBUG] xpos241 ypos-474
[2021-01-22 19:16][DEBUG] xpos268 ypos-472
[2021-01-22 19:16][DEBUG] xpos303 ypos-465
[2021-01-22 19:16][DEBUG] xpos345 ypos-460
[2021-01-22 19:16][DEBUG] xpos383 ypos-452
[2021-01-22 19:16][DEBUG] xpos422 ypos-452
[2021-01-22 19:16][DEBUG] xpos471 ypos-452
[2021-01-22 19:16][DEBUG] xpos510 ypos-452
[2021-01-22 19:16][DEBUG] xpos569 ypos-452
[2021-01-22 19:16][DEBUG] xpos628 ypos-452
[2021-01-22 19:16][DEBUG] xpos696 ypos-452
[2021-01-22 19:16][DEBUG] xpos770 ypos-449
[2021-01-22 19:16][DEBUG] xpos849 ypos-446
[2021-01-22 19:16][DEBUG] xpos925 ypos-436
[2021-01-22 19:16][DEBUG] xpos994 ypos-433
[2021-01-22 19:16][DEBUG] xpos1064 ypos-426
[2021-01-22 19:16][DEBUG] xpos1135 ypos-420
[2021-01-22 19:16][DEBUG] xpos1210 ypos-410
[2021-01-22 19:16][DEBUG] xpos1286 ypos-400
[2021-01-22 19:16][DEBUG] xpos1367 ypos-386
[2021-01-22 19:16][DEBUG] xpos1438 ypos-376
[2021-01-22 19:16][DEBUG] xpos1504 ypos-367
[2021-01-22 19:16][DEBUG] xpos1556 ypos-358
[2021-01-22 19:16][DEBUG] xpos1598 ypos-353
[2021-01-22 19:16][DEBUG] xpos1635 ypos-348
[2021-01-22 19:16][DEBUG] xpos1662 ypos-344
[2021-01-22 19:16][DEBUG] xpos1684 ypos-342
[2021-01-22 19:16][DEBUG] xpos1701 ypos-338
[2021-01-22 19:16][DEBUG] xpos1709 ypos-336
[2021-01-22 19:16][DEBUG] xpos1711 ypos-336
[2021-01-22 19:16][DEBUG] xpos1712 ypos-335
[2021-01-22 19:16][DEBUG] xpos1710 ypos-335
[2021-01-22 19:16][DEBUG] xpos1706 ypos-333
[2021-01-22 19:16][DEBUG] xpos1699 ypos-333
[2021-01-22 19:16][DEBUG] xpos1692 ypos-333
[2021-01-22 19:16][DEBUG] xpos1679 ypos-329
[2021-01-22 19:16][DEBUG] xpos1672 ypos-329
[2021-01-22 19:16][DEBUG] xpos1659 ypos-327
[2021-01-22 19:16][DEBUG] xpos1649 ypos-324
[2021-01-22 19:16][DEBUG] xpos1633 ypos-320
[2021-01-22 19:16][DEBUG] xpos1623 ypos-317
[2021-01-22 19:16][DEBUG] xpos1619 ypos-315
[2021-01-22 19:16][DEBUG] xpos1611 ypos-311
[2021-01-22 19:16][DEBUG] xpos1603 ypos-307
[2021-01-22 19:16][DEBUG] xpos1591 ypos-302
[2021-01-22 19:16][DEBUG] xpos1577 ypos-295
[2021-01-22 19:16][DEBUG] xpos1571 ypos-292
[2021-01-22 19:16][DEBUG] xpos1566 ypos-291
[2021-01-22 19:16][DEBUG] xpos1563 ypos-289
[2021-01-22 19:16][DEBUG] xpos1559 ypos-286
[2021-01-22 19:16][DEBUG] xpos1555 ypos-285
[2021-01-22 19:16][DEBUG] xpos1552 ypos-282
[2021-01-22 19:16][DEBUG] xpos1549 ypos-280
[2021-01-22 19:16][DEBUG] xpos1546 ypos-278
[2021-01-22 19:16][DEBUG] xpos1545 ypos-277
[2021-01-22 19:16][DEBUG] xpos1544 ypos-276
[2021-01-22 19:16][DEBUG] xpos1541 ypos-274
[2021-01-22 19:16][DEBUG] xpos1540 ypos-273
[2021-01-22 19:16][DEBUG] xpos1539 ypos-271
[2021-01-22 19:16][DEBUG] xpos1535 ypos-268
[2021-01-22 19:16][DEBUG] xpos1533 ypos-265
[2021-01-22 19:16][DEBUG] xpos1532 ypos-263
[2021-01-22 19:16][DEBUG] xpos1532 ypos-261
[2021-01-22 19:16][DEBUG] xpos1532 ypos-260
[2021-01-22 19:16][DEBUG] xpos1532 ypos-258
[2021-01-22 19:16][DEBUG] xpos1531 ypos-257
[2021-01-22 19:16][DEBUG] xpos1531 ypos-253
[2021-01-22 19:16][DEBUG] xpos1531 ypos-247
[2021-01-22 19:16][DEBUG] xpos1531 ypos-246
[2021-01-22 19:16][DEBUG] xpos1531 ypos-244
[2021-01-22 19:16][DEBUG] xpos1531 ypos-242
[2021-01-22 19:16][DEBUG] xpos1531 ypos-236
[2021-01-22 19:16][DEBUG] xpos1531 ypos-233
[2021-01-22 19:16][DEBUG] xpos1531 ypos-229
[2021-01-22 19:16][DEBUG] xpos1531 ypos-227
[2021-01-22 19:16][DEBUG] xpos1531 ypos-225
[2021-01-22 19:16][DEBUG] xpos1531 ypos-223
[2021-01-22 19:16][DEBUG] xpos1531 ypos-219
[2021-01-22 19:16][DEBUG] xpos1531 ypos-217
[2021-01-22 19:16][DEBUG] xpos1531 ypos-213
[2021-01-22 19:16][DEBUG] xpos1533 ypos-210
[2021-01-22 19:16][DEBUG] xpos1535 ypos-206
[2021-01-22 19:16][DEBUG] xpos1537 ypos-202
[2021-01-22 19:16][DEBUG] xpos1545 ypos-188
[2021-01-22 19:16][DEBUG] xpos1553 ypos-172
[2021-01-22 19:16][DEBUG] xpos1556 ypos-164
[2021-01-22 19:16][DEBUG] xpos1558 ypos-158
[2021-01-22 19:16][DEBUG] xpos1561 ypos-150
[2021-01-22 19:16][DEBUG] xpos1567 ypos-137
[2021-01-22 19:16][DEBUG] xpos1567 ypos-132
[2021-01-22 19:16][DEBUG] xpos1570 ypos-122
[2021-01-22 19:16][DEBUG] xpos1574 ypos-114
[2021-01-22 19:16][DEBUG] xpos1577 ypos-101
[2021-01-22 19:16][DEBUG] xpos1583 ypos-89
[2021-01-22 19:16][DEBUG] xpos1584 ypos-84
[2021-01-22 19:16][DEBUG] xpos1584 ypos-74
[2021-01-22 19:16][DEBUG] xpos1586 ypos-66
[2021-01-22 19:16][DEBUG] xpos1586 ypos-56
[2021-01-22 19:16][DEBUG] xpos1587 ypos-51
[2021-01-22 19:16][DEBUG] xpos1592 ypos-42
[2021-01-22 19:16][DEBUG] xpos1595 ypos-30
[2021-01-22 19:16][DEBUG] xpos1600 ypos-23
[2021-01-22 19:16][DEBUG] xpos1601 ypos-21
[2021-01-22 19:16][DEBUG] xpos1602 ypos-18
[2021-01-22 19:16][DEBUG] xpos1605 ypos-15
[2021-01-22 19:16][DEBUG] xpos1605 ypos-14
[2021-01-22 19:16][DEBUG] xpos1606 ypos-11
[2021-01-22 19:16][DEBUG] xpos1608 ypos-8
[2021-01-22 19:16][DEBUG] xpos1609 ypos-6
[2021-01-22 19:16][DEBUG] xpos1612 ypos-3
[2021-01-22 19:16][DEBUG] xpos1613 ypos-2
[2021-01-22 19:16][DEBUG] xpos1614 ypos-1
[2021-01-22 19:16][DEBUG] xpos1618 ypos2
[2021-01-22 19:16][DEBUG] xpos1619 ypos3
[2021-01-22 19:16][DEBUG] xpos1624 ypos5
[2021-01-22 19:16][DEBUG] xpos1625 ypos5
[2021-01-22 19:16][DEBUG] xpos1628 ypos6
[2021-01-22 19:16][DEBUG] xpos1632 ypos7
[2021-01-22 19:16][DEBUG] xpos1637 ypos10
[2021-01-22 19:16][DEBUG] xpos1642 ypos13
[2021-01-22 19:16][DEBUG] xpos1646 ypos16
[2021-01-22 19:16][DEBUG] xpos1650 ypos17
[2021-01-22 19:16][DEBUG] xpos1654 ypos19
[2021-01-22 19:16][DEBUG] xpos1656 ypos19
[2021-01-22 19:16][DEBUG] xpos1660 ypos20
[2021-01-22 19:16][DEBUG] xpos1663 ypos20
[2021-01-22 19:16][DEBUG] xpos1667 ypos23
[2021-01-22 19:16][DEBUG] xpos1671 ypos25
[2021-01-22 19:16][DEBUG] xpos1673 ypos25
[2021-01-22 19:16][DEBUG] xpos1677 ypos29
[2021-01-22 19:16][DEBUG] xpos1680 ypos32
[2021-01-22 19:16][DEBUG] xpos1684 ypos36
[2021-01-22 19:16][DEBUG] xpos1688 ypos40
[2021-01-22 19:16][DEBUG] xpos1693 ypos47
[2021-01-22 19:16][DEBUG] xpos1697 ypos51
[2021-01-22 19:16][DEBUG] xpos1702 ypos57
[2021-01-22 19:16][DEBUG] xpos1708 ypos61
[2021-01-22 19:16][DEBUG] xpos1711 ypos65
[2021-01-22 19:16][DEBUG] xpos1715 ypos67
[2021-01-22 19:16][DEBUG] xpos1723 ypos68
[2021-01-22 19:16][DEBUG] xpos1728 ypos69
[2021-01-22 19:16][DEBUG] xpos1734 ypos72
[2021-01-22 19:16][DEBUG] xpos1744 ypos74
[2021-01-22 19:16][DEBUG] xpos1750 ypos79
[2021-01-22 19:16][DEBUG] xpos1756 ypos81
[2021-01-22 19:16][DEBUG] xpos1768 ypos87
[2021-01-22 19:16][DEBUG] xpos1773 ypos88
[2021-01-22 19:16][DEBUG] xpos1775 ypos88
[2021-01-22 19:16][DEBUG] xpos1780 ypos90
[2021-01-22 19:16][DEBUG] xpos1781 ypos90
[2021-01-22 19:16][DEBUG] xpos1785 ypos92
[2021-01-22 19:16][DEBUG] xpos1786 ypos92
[2021-01-22 19:16][DEBUG] xpos1789 ypos93
[2021-01-22 19:16][DEBUG] xpos1800 ypos99
[2021-01-22 19:16][DEBUG] xpos1804 ypos102
[2021-01-22 19:16][DEBUG] xpos1808 ypos103
[2021-01-22 19:16][DEBUG] xpos1820 ypos108
[2021-01-22 19:16][DEBUG] xpos1827 ypos111
[2021-01-22 19:16][DEBUG] xpos1833 ypos114
[2021-01-22 19:16][DEBUG] xpos1845 ypos117
[2021-01-22 19:16][DEBUG] xpos1852 ypos119
[2021-01-22 19:16][DEBUG] xpos1858 ypos122
[2021-01-22 19:16][DEBUG] xpos1867 ypos125
[2021-01-22 19:16][DEBUG] xpos1872 ypos126
[2021-01-22 19:16][DEBUG] xpos1880 ypos131
[2021-01-22 19:16][DEBUG] xpos1886 ypos134
[2021-01-22 19:16][DEBUG] xpos1894 ypos137
[2021-01-22 19:16][DEBUG] xpos1900 ypos140
[2021-01-22 19:16][DEBUG] xpos1911 ypos144
[2021-01-22 19:16][DEBUG] xpos1935 ypos155
[2021-01-22 19:16][DEBUG] xpos1943 ypos158
[2021-01-22 19:16][DEBUG] xpos1958 ypos164
[2021-01-22 19:16][DEBUG] xpos1968 ypos168
[2021-01-22 19:16][DEBUG] xpos1979 ypos174
[2021-01-22 19:16][DEBUG] xpos1994 ypos177
[2021-01-22 19:16][DEBUG] xpos2007 ypos183
[2021-01-22 19:16][DEBUG] xpos2022 ypos187
[2021-01-22 19:16][DEBUG] xpos2037 ypos194
[2021-01-22 19:16][DEBUG] xpos2055 ypos202
[2021-01-22 19:16][DEBUG] xpos2066 ypos207
[2021-01-22 19:16][DEBUG] xpos2083 ypos213
[2021-01-22 19:16][DEBUG] xpos2093 ypos216
[2021-01-22 19:16][DEBUG] xpos2119 ypos225
[2021-01-22 19:16][DEBUG] xpos2134 ypos233
[2021-01-22 19:16][DEBUG] xpos2147 ypos238
[2021-01-22 19:16][DEBUG] xpos2157 ypos242
[2021-01-22 19:16][DEBUG] xpos2167 ypos244
[2021-01-22 19:16][DEBUG] xpos2193 ypos251
[2021-01-22 19:16][DEBUG] xpos2206 ypos257
[2021-01-22 19:16][DEBUG] xpos2216 ypos258
[2021-01-22 19:16][DEBUG] xpos2228 ypos262
[2021-01-22 19:16][DEBUG] xpos2253 ypos269
[2021-01-22 19:16][DEBUG] xpos2266 ypos273
[2021-01-22 19:16][DEBUG] xpos2279 ypos276
[2021-01-22 19:16][DEBUG] xpos2297 ypos281
[2021-01-22 19:16][DEBUG] xpos2305 ypos284
[2021-01-22 19:16][DEBUG] xpos2313 ypos286
[2021-01-22 19:16][DEBUG] xpos2321 ypos287
[2021-01-22 19:16][DEBUG] xpos2327 ypos290
[2021-01-22 19:16][DEBUG] xpos2333 ypos292
[2021-01-22 19:16][DEBUG] xpos2338 ypos293
[2021-01-22 19:16][DEBUG] xpos2344 ypos295
[2021-01-22 19:16][DEBUG] xpos2348 ypos298
[2021-01-22 19:16][DEBUG] xpos2350 ypos298
[2021-01-22 19:16][DEBUG] xpos2354 ypos299
[2021-01-22 19:16][DEBUG] xpos2353 ypos299
[2021-01-22 19:16][DEBUG] xpos2350 ypos299
[2021-01-22 19:16][DEBUG] xpos2349 ypos300
[2021-01-22 19:16][DEBUG] xpos2346 ypos300
[2021-01-22 19:16][DEBUG] xpos2340 ypos302
[2021-01-22 19:16][DEBUG] xpos2336 ypos302
[2021-01-22 19:16][DEBUG] xpos2332 ypos306
[2021-01-22 19:16][DEBUG] xpos2329 ypos308
[2021-01-22 19:16][DEBUG] xpos2327 ypos308
[2021-01-22 19:16][DEBUG] xpos2326 ypos309
[2021-01-22 19:16][DEBUG] xpos2322 ypos309
[2021-01-22 19:16][DEBUG] xpos2319 ypos310
[2021-01-22 19:16][DEBUG] xpos2316 ypos312
[2021-01-22 19:16][DEBUG] xpos2315 ypos312
[2021-01-22 19:16][DEBUG] xpos2314 ypos313
[2021-01-22 19:16][DEBUG] xpos2311 ypos314
[2021-01-22 19:16][DEBUG] xpos2304 ypos319
[2021-01-22 19:16][DEBUG] xpos2301 ypos322
[2021-01-22 19:16][DEBUG] xpos2298 ypos326
[2021-01-22 19:16][DEBUG] xpos2289 ypos342
[2021-01-22 19:16][DEBUG] xpos2286 ypos352
[2021-01-22 19:16][DEBUG] xpos2282 ypos365
[2021-01-22 19:16][DEBUG] xpos2279 ypos378
[2021-01-22 19:16][DEBUG] xpos2256 ypos440
[2021-01-22 19:16][DEBUG] xpos2275 ypos403
[2021-01-22 19:16][DEBUG] xpos2271 ypos418
[2021-01-22 19:16][DEBUG] xpos2271 ypos428
[2021-01-22 19:16][DEBUG] xpos2271 ypos440
[2021-01-22 19:16][DEBUG] xpos2271 ypos452
[2021-01-22 19:16][DEBUG] xpos2271 ypos464
[2021-01-22 19:16][DEBUG] xpos2271 ypos479
[2021-01-22 19:16][DEBUG] xpos2271 ypos489
[2021-01-22 19:16][DEBUG] xpos2271 ypos499
[2021-01-22 19:16][DEBUG] xpos2271 ypos508
[2021-01-22 19:16][DEBUG] xpos2271 ypos518
[2021-01-22 19:16][DEBUG] xpos2271 ypos528
[2021-01-22 19:16][DEBUG] xpos2271 ypos546
[2021-01-22 19:16][DEBUG] xpos2271 ypos555
[2021-01-22 19:16][DEBUG] xpos2271 ypos565
[2021-01-22 19:16][DEBUG] xpos2271 ypos573
[2021-01-22 19:16][DEBUG] xpos2271 ypos585
[2021-01-22 19:16][DEBUG] xpos2271 ypos600
[2021-01-22 19:16][DEBUG] xpos2271 ypos604
[2021-01-22 19:16][DEBUG] xpos2271 ypos609
[2021-01-22 19:16][DEBUG] xpos2271 ypos613
[2021-01-22 19:16][DEBUG] xpos2271 ypos617
[2021-01-22 19:16][DEBUG] xpos2271 ypos621
[2021-01-22 19:16][DEBUG] xpos2271 ypos626
[2021-01-22 19:16][DEBUG] xpos2271 ypos628
[2021-01-22 19:16][DEBUG] xpos2271 ypos634
[2021-01-22 19:16][DEBUG] xpos2271 ypos636
[2021-01-22 19:16][DEBUG] xpos2271 ypos640
[2021-01-22 19:16][DEBUG] xpos2271 ypos646
[2021-01-22 19:16][DEBUG] xpos2271 ypos647
[2021-01-22 19:16][DEBUG] xpos2271 ypos649
[2021-01-22 19:16][DEBUG] xpos2269 ypos653
[2021-01-22 19:16][DEBUG] xpos2269 ypos655
[2021-01-22 19:16][DEBUG] xpos2268 ypos659
[2021-01-22 19:16][DEBUG] xpos2268 ypos660
[2021-01-22 19:16][DEBUG] xpos2268 ypos665
[2021-01-22 19:16][DEBUG] xpos2268 ypos667
[2021-01-22 19:16][DEBUG] xpos2267 ypos671
[2021-01-22 19:16][DEBUG] xpos2267 ypos673
[2021-01-22 19:16][DEBUG] xpos2267 ypos675
[2021-01-22 19:16][DEBUG] xpos2266 ypos676
[2021-01-22 19:16][DEBUG] xpos2265 ypos677
[2021-01-22 19:16][DEBUG] xpos2263 ypos677
[2021-01-22 19:16][DEBUG] xpos2262 ypos677
[2021-01-22 19:16][DEBUG] xpos2260 ypos677
[2021-01-22 19:16][DEBUG] xpos2258 ypos678
[2021-01-22 19:16][DEBUG] xpos2254 ypos678
[2021-01-22 19:16][DEBUG] xpos2244 ypos683
[2021-01-22 19:16][DEBUG] xpos2236 ypos684
[2021-01-22 19:16][DEBUG] xpos2223 ypos692
[2021-01-22 19:16][DEBUG] xpos2189 ypos712
[2021-01-22 19:16][DEBUG] xpos2171 ypos722
[2021-01-22 19:16][DEBUG] xpos2154 ypos734
[2021-01-22 19:16][DEBUG] xpos2124 ypos755
[2021-01-22 19:16][DEBUG] xpos2114 ypos763
[2021-01-22 19:16][DEBUG] xpos2100 ypos772
[2021-01-22 19:16][DEBUG] xpos2087 ypos782
[2021-01-22 19:16][DEBUG] xpos2060 ypos801
[2021-01-22 19:16][DEBUG] xpos2045 ypos811
[2021-01-22 19:16][DEBUG] xpos2029 ypos823
[2021-01-22 19:16][DEBUG] xpos2013 ypos837
[2021-01-22 19:16][DEBUG] xpos1999 ypos849
[2021-01-22 19:16][DEBUG] xpos1993 ypos857
[2021-01-22 19:16][DEBUG] xpos1986 ypos866
[2021-01-22 19:16][DEBUG] xpos1981 ypos870
[2021-01-22 19:16][DEBUG] xpos1979 ypos874
[2021-01-22 19:16][DEBUG] xpos1977 ypos875
[2021-01-22 19:16][DEBUG] xpos1977 ypos877
[2021-01-22 19:16][DEBUG] xpos1976 ypos878
[2021-01-22 19:16][DEBUG] xpos1977 ypos879
[2021-01-22 19:16][DEBUG] xpos1980 ypos881
[2021-01-22 19:16][DEBUG] xpos1985 ypos881
[2021-01-22 19:16][DEBUG] xpos1992 ypos881
[2021-01-22 19:16][DEBUG] xpos2002 ypos881
[2021-01-22 19:16][DEBUG] xpos2012 ypos881
[2021-01-22 19:16][DEBUG] xpos2029 ypos881
[2021-01-22 19:16][DEBUG] xpos2063 ypos878
[2021-01-22 19:16][DEBUG] xpos2084 ypos878
[2021-01-22 19:16][DEBUG] xpos2108 ypos878
[2021-01-22 19:16][DEBUG] xpos2134 ypos878
[2021-01-22 19:16][DEBUG] xpos2160 ypos878
[2021-01-22 19:16][DEBUG] xpos2186 ypos878
[2021-01-22 19:16][DEBUG] xpos2219 ypos878
[2021-01-22 19:16][DEBUG] xpos2245 ypos878
[2021-01-22 19:16][DEBUG] xpos2271 ypos878
[2021-01-22 19:16][DEBUG] xpos2300 ypos878
[2021-01-22 19:16][DEBUG] xpos2327 ypos878
[2021-01-22 19:16][DEBUG] xpos2353 ypos878
[2021-01-22 19:16][DEBUG] xpos2383 ypos878
[2021-01-22 19:16][DEBUG] xpos2414 ypos880
[2021-01-22 19:16][DEBUG] xpos2441 ypos884
[2021-01-22 19:16][DEBUG] xpos2466 ypos889
[2021-01-22 19:16][DEBUG] xpos2509 ypos893
[2021-01-22 19:16][DEBUG] xpos2526 ypos894
[2021-01-22 19:16][DEBUG] xpos2546 ypos898
[2021-01-22 19:16][DEBUG] xpos2558 ypos900
[2021-01-22 19:16][DEBUG] xpos2570 ypos900
[2021-01-22 19:16][DEBUG] xpos2578 ypos901
[2021-01-22 19:16][DEBUG] xpos2585 ypos901
[2021-01-22 19:16][DEBUG] xpos2591 ypos902
[2021-01-22 19:16][DEBUG] xpos2593 ypos902
[2021-01-22 19:16][DEBUG] xpos2594 ypos902
[2021-01-22 19:16][DEBUG] xpos2594 ypos901
[2021-01-22 19:16][DEBUG] xpos2596 ypos894
[2021-01-22 19:16][DEBUG] xpos2598 ypos890
[2021-01-22 19:16][DEBUG] xpos2600 ypos885
[2021-01-22 19:16][DEBUG] xpos2613 ypos858
[2021-01-22 19:16][DEBUG] xpos2623 ypos843
[2021-01-22 19:16][DEBUG] xpos2631 ypos827
[2021-01-22 19:16][DEBUG] xpos2641 ypos809
[2021-01-22 19:16][DEBUG] xpos2651 ypos792
[2021-01-22 19:16][DEBUG] xpos2660 ypos776
[2021-01-22 19:16][DEBUG] xpos2672 ypos758
[2021-01-22 19:16][DEBUG] xpos2707 ypos721
[2021-01-22 19:16][DEBUG] xpos2719 ypos705
[2021-01-22 19:16][DEBUG] xpos2738 ypos683
[2021-01-22 19:16][DEBUG] xpos2752 ypos667
[2021-01-22 19:16][DEBUG] xpos2766 ypos652
[2021-01-22 19:16][DEBUG] xpos2779 ypos638
[2021-01-22 19:16][DEBUG] xpos2791 ypos620
[2021-01-22 19:16][DEBUG] xpos2801 ypos606
[2021-01-22 19:16][DEBUG] xpos2810 ypos593
[2021-01-22 19:16][DEBUG] xpos2817 ypos584
[2021-01-22 19:16][DEBUG] xpos2821 ypos577
[2021-01-22 19:16][DEBUG] xpos2825 ypos573
[2021-01-22 19:16][DEBUG] xpos2828 ypos567
[2021-01-22 19:16][DEBUG] xpos2830 ypos565
[2021-01-22 19:16][DEBUG] xpos2832 ypos559
[2021-01-22 19:16][DEBUG] xpos2833 ypos558
[2021-01-22 19:16][DEBUG] xpos2833 ypos557
[2021-01-22 19:16][DEBUG] xpos2834 ypos554
[2021-01-22 19:16][DEBUG] xpos2834 ypos553
[2021-01-22 19:16][DEBUG] xpos2834 ypos551
[2021-01-22 19:16][DEBUG] xpos2834 ypos548
[2021-01-22 19:16][DEBUG] xpos2834 ypos544
[2021-01-22 19:16][DEBUG] xpos2833 ypos540
[2021-01-22 19:16][DEBUG] xpos2828 ypos534
[2021-01-22 19:16][DEBUG] xpos2824 ypos530
[2021-01-22 19:16][DEBUG] xpos2819 ypos525
[2021-01-22 19:16][DEBUG] xpos2815 ypos522
[2021-01-22 19:16][DEBUG] xpos2808 ypos518
[2021-01-22 19:16][DEBUG] xpos2805 ypos517
[2021-01-22 19:16][DEBUG] xpos2801 ypos515
[2021-01-22 19:16][DEBUG] xpos2791 ypos510
[2021-01-22 19:16][DEBUG] xpos2786 ypos510
[2021-01-22 19:16][DEBUG] xpos2780 ypos508
[2021-01-22 19:16][DEBUG] xpos2775 ypos507
[2021-01-22 19:16][DEBUG] xpos2769 ypos504
[2021-01-22 19:16][DEBUG] xpos2759 ypos502
[2021-01-22 19:16][DEBUG] xpos2748 ypos499
[2021-01-22 19:16][DEBUG] xpos2727 ypos494
[2021-01-22 19:16][DEBUG] xpos2712 ypos490
[2021-01-22 19:16][DEBUG] xpos2692 ypos484
[2021-01-22 19:16][DEBUG] xpos2672 ypos480
[2021-01-22 19:16][DEBUG] xpos2652 ypos474
[2021-01-22 19:16][DEBUG] xpos2633 ypos472
[2021-01-22 19:16][DEBUG] xpos2613 ypos470
[2021-01-22 19:16][DEBUG] xpos2592 ypos470
[2021-01-22 19:16][DEBUG] xpos2572 ypos469
[2021-01-22 19:16][DEBUG] xpos2552 ypos465
[2021-01-22 19:16][DEBUG] xpos2523 ypos465
[2021-01-22 19:16][DEBUG] xpos2499 ypos465
[2021-01-22 19:16][DEBUG] xpos2475 ypos462
[2021-01-22 19:16][DEBUG] xpos2448 ypos462
[2021-01-22 19:16][DEBUG] xpos2411 ypos460
[2021-01-22 19:16][DEBUG] xpos2367 ypos460
[2021-01-22 19:16][DEBUG] xpos2327 ypos459
[2021-01-22 19:16][DEBUG] xpos2293 ypos459
[2021-01-22 19:16][DEBUG] xpos2258 ypos459
[2021-01-22 19:16][DEBUG] xpos2219 ypos459
[2021-01-22 19:16][DEBUG] xpos2184 ypos458
[2021-01-22 19:16][DEBUG] xpos2156 ypos462
[2021-01-22 19:16][DEBUG] xpos2129 ypos467
[2021-01-22 19:16][DEBUG] xpos2098 ypos469
[2021-01-22 19:16][DEBUG] xpos2052 ypos473
[2021-01-22 19:16][DEBUG] xpos2031 ypos473
[2021-01-22 19:16][DEBUG] xpos2009 ypos473
[2021-01-22 19:16][DEBUG] xpos1988 ypos473
[2021-01-22 19:16][DEBUG] xpos1968 ypos473
[2021-01-22 19:16][DEBUG] xpos1925 ypos473
[2021-01-22 19:16][DEBUG] xpos1906 ypos473
[2021-01-22 19:16][DEBUG] xpos1865 ypos469
[2021-01-22 19:16][DEBUG] xpos1845 ypos467
[2021-01-22 19:16][DEBUG] xpos1823 ypos461
[2021-01-22 19:16][DEBUG] xpos1806 ypos460
[2021-01-22 19:16][DEBUG] xpos1786 ypos457
[2021-01-22 19:16][DEBUG] xpos1767 ypos454
[2021-01-22 19:16][DEBUG] xpos1750 ypos452
[2021-01-22 19:16][DEBUG] xpos1735 ypos452
[2021-01-22 19:16][DEBUG] xpos1723 ypos450
[2021-01-22 19:16][DEBUG] xpos1711 ypos448
[2021-01-22 19:16][DEBUG] xpos1698 ypos448
[2021-01-22 19:16][DEBUG] xpos1685 ypos444
[2021-01-22 19:16][DEBUG] xpos1675 ypos444
[2021-01-22 19:16][DEBUG] xpos1663 ypos444
[2021-01-22 19:16][DEBUG] xpos1651 ypos442
[2021-01-22 19:16][DEBUG] xpos1634 ypos440
[2021-01-22 19:16][DEBUG] xpos1624 ypos438
[2021-01-22 19:16][DEBUG] xpos1609 ypos435
[2021-01-22 19:16][DEBUG] xpos1596 ypos433
[2021-01-22 19:16][DEBUG] xpos1584 ypos433
[2021-01-22 19:16][DEBUG] xpos1572 ypos431
[2021-01-22 19:16][DEBUG] xpos1562 ypos431
[2021-01-22 19:16][DEBUG] xpos1552 ypos431
[2021-01-22 19:16][DEBUG] xpos1539 ypos430
[2021-01-22 19:16][DEBUG] xpos1527 ypos430
[2021-01-22 19:16][DEBUG] xpos1517 ypos428
[2021-01-22 19:16][DEBUG] xpos1505 ypos428
[2021-01-22 19:16][DEBUG] xpos1493 ypos428
[2021-01-22 19:16][DEBUG] xpos1475 ypos425
[2021-01-22 19:16][DEBUG] xpos1462 ypos424
[2021-01-22 19:16][DEBUG] xpos1445 ypos424
[2021-01-22 19:16][DEBUG] xpos1429 ypos424
[2021-01-22 19:16][DEBUG] xpos1412 ypos424
[2021-01-22 19:16][DEBUG] xpos1397 ypos423
[2021-01-22 19:16][DEBUG] xpos1382 ypos423
[2021-01-22 19:16][DEBUG] xpos1370 ypos423
[2021-01-22 19:16][DEBUG] xpos1356 ypos423
[2021-01-22 19:16][DEBUG] xpos1339 ypos423
[2021-01-22 19:16][DEBUG] xpos1324 ypos422
[2021-01-22 19:16][DEBUG] xpos1307 ypos422
[2021-01-22 19:16][DEBUG] xpos1288 ypos422
[2021-01-22 19:16][DEBUG] xpos1269 ypos422
[2021-01-22 19:16][DEBUG] xpos1249 ypos422
[2021-01-22 19:16][DEBUG] xpos1224 ypos421
[2021-01-22 19:16][DEBUG] xpos1197 ypos417
[2021-01-22 19:16][DEBUG] xpos1171 ypos415
[2021-01-22 19:16][DEBUG] xpos1144 ypos411
[2021-01-22 19:16][DEBUG] xpos1120 ypos411
[2021-01-22 19:16][DEBUG] xpos1076 ypos406
[2021-01-22 19:16][DEBUG] xpos1055 ypos406
[2021-01-22 19:16][DEBUG] xpos1031 ypos406
[2021-01-22 19:16][DEBUG] xpos1012 ypos406
[2021-01-22 19:16][DEBUG] xpos990 ypos405
[2021-01-22 19:16][DEBUG] xpos973 ypos403
[2021-01-22 19:16][DEBUG] xpos944 ypos400
[2021-01-22 19:16][DEBUG] xpos932 ypos400
[2021-01-22 19:16][DEBUG] xpos919 ypos397
[2021-01-22 19:16][DEBUG] xpos909 ypos396
[2021-01-22 19:16][DEBUG] xpos901 ypos394
[2021-01-22 19:16][DEBUG] xpos894 ypos394
[2021-01-22 19:16][DEBUG] xpos889 ypos394
[2021-01-22 19:16][DEBUG] xpos881 ypos394
[2021-01-22 19:16][DEBUG] xpos873 ypos390
[2021-01-22 19:16][DEBUG] xpos865 ypos390
[2021-01-22 19:16][DEBUG] xpos857 ypos388
[2021-01-22 19:16][DEBUG] xpos850 ypos388
[2021-01-22 19:16][DEBUG] xpos843 ypos388
[2021-01-22 19:16][DEBUG] xpos835 ypos387
[2021-01-22 19:16][DEBUG] xpos831 ypos387
[2021-01-22 19:16][DEBUG] xpos825 ypos386
[2021-01-22 19:16][DEBUG] xpos820 ypos386
[2021-01-22 19:16][DEBUG] xpos815 ypos386
[2021-01-22 19:16][DEBUG] xpos812 ypos386
[2021-01-22 19:16][DEBUG] xpos806 ypos385
[2021-01-22 19:16][DEBUG] xpos801 ypos385
[2021-01-22 19:16][DEBUG] xpos797 ypos385
[2021-01-22 19:16][DEBUG] xpos792 ypos385
[2021-01-22 19:16][DEBUG] xpos785 ypos385
[2021-01-22 19:16][DEBUG] xpos779 ypos385
[2021-01-22 19:16][DEBUG] xpos769 ypos384
[2021-01-22 19:16][DEBUG] xpos762 ypos384
[2021-01-22 19:16][DEBUG] xpos740 ypos384
[2021-01-22 19:16][DEBUG] xpos732 ypos384
[2021-01-22 19:16][DEBUG] xpos723 ypos384
[2021-01-22 19:16][DEBUG] xpos713 ypos383
[2021-01-22 19:16][DEBUG] xpos705 ypos383
[2021-01-22 19:16][DEBUG] xpos691 ypos383
[2021-01-22 19:16][DEBUG] xpos681 ypos383
[2021-01-22 19:16][DEBUG] xpos671 ypos383
[2021-01-22 19:16][DEBUG] xpos661 ypos382
[2021-01-22 19:16][DEBUG] xpos649 ypos382
[2021-01-22 19:16][DEBUG] xpos637 ypos382
[2021-01-22 19:16][DEBUG] xpos627 ypos382
[2021-01-22 19:16][DEBUG] xpos612 ypos382
[2021-01-22 19:16][DEBUG] xpos600 ypos382
[2021-01-22 19:16][DEBUG] xpos585 ypos381
[2021-01-22 19:16][DEBUG] xpos571 ypos381
[2021-01-22 19:16][DEBUG] xpos556 ypos381
[2021-01-22 19:16][DEBUG] xpos547 ypos381
[2021-01-22 19:16][DEBUG] xpos535 ypos381
[2021-01-22 19:16][DEBUG] xpos525 ypos380
[2021-01-22 19:16][DEBUG] xpos512 ypos380
[2021-01-22 19:16][DEBUG] xpos500 ypos380
[2021-01-22 19:16][DEBUG] xpos481 ypos380
[2021-01-22 19:16][DEBUG] xpos471 ypos380
[2021-01-22 19:16][DEBUG] xpos459 ypos380
[2021-01-22 19:16][DEBUG] xpos448 ypos379
[2021-01-22 19:16][DEBUG] xpos439 ypos379
[2021-01-22 19:16][DEBUG] xpos429 ypos379
[2021-01-22 19:16][DEBUG] xpos414 ypos379
[2021-01-22 19:16][DEBUG] xpos405 ypos379
[2021-01-22 19:16][DEBUG] xpos395 ypos378
[2021-01-22 19:16][DEBUG] xpos387 ypos377
[2021-01-22 19:16][DEBUG] xpos380 ypos377
[2021-01-22 19:16][DEBUG] xpos372 ypos377
[2021-01-22 19:16][DEBUG] xpos365 ypos377
[2021-01-22 19:16][DEBUG] xpos359 ypos377
[2021-01-22 19:16][DEBUG] xpos351 ypos376
[2021-01-22 19:16][DEBUG] xpos346 ypos376
[2021-01-22 19:16][DEBUG] xpos341 ypos376
[2021-01-22 19:16][DEBUG] xpos337 ypos376
[2021-01-22 19:16][DEBUG] xpos330 ypos376
[2021-01-22 19:16][DEBUG] xpos324 ypos376
[2021-01-22 19:16][DEBUG] xpos317 ypos375
[2021-01-22 19:16][DEBUG] xpos313 ypos375
[2021-01-22 19:16][DEBUG] xpos309 ypos375
[2021-01-22 19:16][DEBUG] xpos303 ypos375
[2021-01-22 19:16][DEBUG] xpos298 ypos375
[2021-01-22 19:16][DEBUG] xpos294 ypos375
[2021-01-22 19:16][DEBUG] xpos289 ypos374
[2021-01-22 19:16][DEBUG] xpos285 ypos374
[2021-01-22 19:16][DEBUG] xpos281 ypos374
[2021-01-22 19:16][DEBUG] xpos276 ypos374
[2021-01-22 19:16][DEBUG] xpos272 ypos373
[2021-01-22 19:16][DEBUG] xpos266 ypos373
[2021-01-22 19:16][DEBUG] xpos263 ypos373
[2021-01-22 19:16][DEBUG] xpos260 ypos373
[2021-01-22 19:16][DEBUG] xpos257 ypos373
[2021-01-22 19:16][DEBUG] xpos255 ypos373
[2021-01-22 19:16][DEBUG] xpos247 ypos372
[2021-01-22 19:16][DEBUG] xpos245 ypos372
[2021-01-22 19:16][DEBUG] xpos241 ypos372
[2021-01-22 19:16][DEBUG] xpos237 ypos372
[2021-01-22 19:16][DEBUG] xpos232 ypos372
[2021-01-22 19:16][DEBUG] xpos226 ypos372
[2021-01-22 19:16][DEBUG] xpos221 ypos372
[2021-01-22 19:16][DEBUG] xpos210 ypos371
[2021-01-22 19:16][DEBUG] xpos197 ypos371
[2021-01-22 19:16][DEBUG] xpos192 ypos371
[2021-01-22 19:16][DEBUG] xpos186 ypos371
[2021-01-22 19:16][DEBUG] xpos181 ypos370
[2021-01-22 19:16][DEBUG] xpos176 ypos370
[2021-01-22 19:16][DEBUG] xpos169 ypos370
[2021-01-22 19:16][DEBUG] xpos161 ypos370
[2021-01-22 19:16][DEBUG] xpos154 ypos370
[2021-01-22 19:16][DEBUG] xpos144 ypos370
[2021-01-22 19:16][DEBUG] xpos131 ypos369
[2021-01-22 19:16][DEBUG] xpos124 ypos369
[2021-01-22 19:16][DEBUG] xpos112 ypos369
[2021-01-22 19:16][DEBUG] xpos102 ypos369
[2021-01-22 19:16][DEBUG] xpos90 ypos369
[2021-01-22 19:16][DEBUG] xpos80 ypos368
[2021-01-22 19:16][DEBUG] xpos68 ypos368
[2021-01-22 19:16][DEBUG] xpos39 ypos368
[2021-01-22 19:16][DEBUG] xpos22 ypos368
[2021-01-22 19:16][DEBUG] xpos5 ypos367
[2021-01-22 19:16][DEBUG] xpos-50 ypos367
[2021-01-22 19:16][DEBUG] xpos-67 ypos367
[2021-01-22 19:16][DEBUG] xpos-82 ypos367
[2021-01-22 19:16][DEBUG] xpos-98 ypos367
[2021-01-22 19:16][DEBUG] xpos-113 ypos366
[2021-01-22 19:16][DEBUG] xpos-127 ypos366
[2021-01-22 19:16][DEBUG] xpos-142 ypos366
[2021-01-22 19:16][DEBUG] xpos-154 ypos366
[2021-01-22 19:16][DEBUG] xpos-168 ypos366
[2021-01-22 19:16][DEBUG] xpos-181 ypos365
[2021-01-22 19:16][DEBUG] xpos-193 ypos365
[2021-01-22 19:16][DEBUG] xpos-207 ypos365
[2021-01-22 19:16][DEBUG] xpos-224 ypos365
[2021-01-22 19:16][DEBUG] xpos-241 ypos365
[2021-01-22 19:16][DEBUG] xpos-255 ypos365
[2021-01-22 19:16][DEBUG] xpos-270 ypos365
[2021-01-22 19:16][DEBUG] xpos-287 ypos364
[2021-01-22 19:16][DEBUG] xpos-306 ypos364
[2021-01-22 19:16][DEBUG] xpos-321 ypos364
[2021-01-22 19:16][DEBUG] xpos-335 ypos364
[2021-01-22 19:16][DEBUG] xpos-354 ypos364
[2021-01-22 19:16][DEBUG] xpos-369 ypos364
[2021-01-22 19:16][DEBUG] xpos-381 ypos364
[2021-01-22 19:16][DEBUG] xpos-396 ypos363
[2021-01-22 19:16][DEBUG] xpos-415 ypos363
[2021-01-22 19:16][DEBUG] xpos-425 ypos363
[2021-01-22 19:16][DEBUG] xpos-433 ypos363
[2021-01-22 19:16][DEBUG] xpos-443 ypos361
[2021-01-22 19:16][DEBUG] xpos-448 ypos360
[2021-01-22 19:16][DEBUG] xpos-454 ypos359
[2021-01-22 19:16][DEBUG] xpos-469 ypos351
[2021-01-22 19:16][DEBUG] xpos-478 ypos347
[2021-01-22 19:16][DEBUG] xpos-482 ypos343
[2021-01-22 19:16][DEBUG] xpos-489 ypos332
[2021-01-22 19:16][DEBUG] xpos-489 ypos331
[2021-01-22 19:16][DEBUG] xpos-491 ypos327
[2021-01-22 19:16][DEBUG] xpos-491 ypos326
[2021-01-22 19:16][DEBUG] xpos-495 ypos325
[2021-01-22 19:16][DEBUG] xpos-497 ypos325
[2021-01-22 19:16][DEBUG] xpos-503 ypos325
[2021-01-22 19:16][DEBUG] xpos-512 ypos325
[2021-01-22 19:16][DEBUG] xpos-520 ypos324
[2021-01-22 19:16][DEBUG] xpos-535 ypos324
[2021-01-22 19:16][DEBUG] xpos-547 ypos324
[2021-01-22 19:16][DEBUG] xpos-564 ypos324
[2021-01-22 19:16][DEBUG] xpos-574 ypos324
[2021-01-22 19:16][DEBUG] xpos-587 ypos323
[2021-01-22 19:16][DEBUG] xpos-599 ypos325
[2021-01-22 19:16][DEBUG] xpos-611 ypos325
[2021-01-22 19:16][DEBUG] xpos-626 ypos327
[2021-01-22 19:16][DEBUG] xpos-645 ypos329
[2021-01-22 19:16][DEBUG] xpos-665 ypos331
[2021-01-22 19:16][DEBUG] xpos-707 ypos339
[2021-01-22 19:16][DEBUG] xpos-728 ypos343
[2021-01-22 19:16][DEBUG] xpos-748 ypos347
[2021-01-22 19:16][DEBUG] xpos-768 ypos349
[2021-01-22 19:16][DEBUG] xpos-785 ypos351
[2021-01-22 19:16][DEBUG] xpos-804 ypos355
[2021-01-22 19:16][DEBUG] xpos-819 ypos357
[2021-01-22 19:16][DEBUG] xpos-836 ypos359
[2021-01-22 19:16][DEBUG] xpos-851 ypos360
[2021-01-22 19:16][DEBUG] xpos-864 ypos364
[2021-01-22 19:16][DEBUG] xpos-879 ypos366
[2021-01-22 19:16][DEBUG] xpos-893 ypos368
[2021-01-22 19:16][DEBUG] xpos-906 ypos370
[2021-01-22 19:16][DEBUG] xpos-921 ypos373
[2021-01-22 19:16][DEBUG] xpos-932 ypos375
[2021-01-22 19:16][DEBUG] xpos-946 ypos375
[2021-01-22 19:16][DEBUG] xpos-954 ypos377
[2021-01-22 19:16][DEBUG] xpos-964 ypos377
[2021-01-22 19:16][DEBUG] xpos-974 ypos377
[2021-01-22 19:16][DEBUG] xpos-992 ypos377
[2021-01-22 19:16][DEBUG] xpos-1004 ypos377
[2021-01-22 19:16][DEBUG] xpos-1011 ypos377
[2021-01-22 19:16][DEBUG] xpos-1024 ypos377
[2021-01-22 19:16][DEBUG] xpos-1047 ypos377
[2021-01-22 19:16][DEBUG] xpos-1056 ypos377
[2021-01-22 19:16][DEBUG] xpos-1064 ypos377
[2021-01-22 19:16][DEBUG] xpos-1071 ypos377
[2021-01-22 19:16][DEBUG] xpos-1082 ypos377
[2021-01-22 19:16][DEBUG] xpos-1089 ypos377
[2021-01-22 19:16][DEBUG] xpos-1104 ypos377
[2021-01-22 19:16][DEBUG] xpos-1111 ypos377
[2021-01-22 19:16][DEBUG] xpos-1119 ypos377
[2021-01-22 19:16][DEBUG] xpos-1129 ypos377
[2021-01-22 19:16][DEBUG] xpos-1138 ypos377
[2021-01-22 19:16][DEBUG] xpos-1148 ypos377
[2021-01-22 19:16][DEBUG] xpos-1160 ypos377
[2021-01-22 19:16][DEBUG] xpos-1175 ypos377
[2021-01-22 19:16][DEBUG] xpos-1188 ypos377
[2021-01-22 19:16][DEBUG] xpos-1200 ypos377
[2021-01-22 19:16][DEBUG] xpos-1212 ypos377
[2021-01-22 19:16][DEBUG] xpos-1224 ypos377
[2021-01-22 19:16][DEBUG] xpos-1232 ypos377
[2021-01-22 19:16][DEBUG] xpos-1242 ypos377
[2021-01-22 19:16][DEBUG] xpos-1252 ypos377
[2021-01-22 19:16][DEBUG] xpos-1262 ypos377
[2021-01-22 19:16][DEBUG] xpos-1271 ypos377
[2021-01-22 19:16][DEBUG] xpos-1283 ypos377
[2021-01-22 19:16][DEBUG] xpos-1295 ypos377
[2021-01-22 19:16][DEBUG] xpos-1307 ypos377
[2021-01-22 19:16][DEBUG] xpos-1334 ypos377
[2021-01-22 19:16][DEBUG] xpos-1349 ypos379
[2021-01-22 19:16][DEBUG] xpos-1359 ypos382
[2021-01-22 19:16][DEBUG] xpos-1374 ypos384
[2021-01-22 19:16][DEBUG] xpos-1384 ypos384
[2021-01-22 19:16][DEBUG] xpos-1391 ypos384
[2021-01-22 19:16][DEBUG] xpos-1399 ypos384
[2021-01-22 19:16][DEBUG] xpos-1409 ypos385
[2021-01-22 19:16][DEBUG] xpos-1414 ypos385
[2021-01-22 19:16][DEBUG] xpos-1422 ypos385
[2021-01-22 19:16][DEBUG] xpos-1429 ypos385
[2021-01-22 19:16][DEBUG] xpos-1439 ypos385
[2021-01-22 19:16][DEBUG] xpos-1446 ypos385
[2021-01-22 19:16][DEBUG] xpos-1471 ypos386
[2021-01-22 19:16][DEBUG] xpos-1486 ypos386
[2021-01-22 19:16][DEBUG] xpos-1498 ypos386
[2021-01-22 19:16][DEBUG] xpos-1510 ypos386
[2021-01-22 19:16][DEBUG] xpos-1524 ypos386
[2021-01-22 19:16][DEBUG] xpos-1539 ypos386
[2021-01-22 19:16][DEBUG] xpos-1552 ypos387
[2021-01-22 19:16][DEBUG] xpos-1566 ypos387
[2021-01-22 19:16][DEBUG] xpos-1595 ypos387
[2021-01-22 19:16][DEBUG] xpos-1607 ypos387
[2021-01-22 19:16][DEBUG] xpos-1622 ypos387
[2021-01-22 19:16][DEBUG] xpos-1659 ypos388
[2021-01-22 19:16][DEBUG] xpos-1667 ypos388
[2021-01-22 19:16][DEBUG] xpos-1674 ypos388
[2021-01-22 19:16][DEBUG] xpos-1678 ypos388
[2021-01-22 19:16][DEBUG] xpos-1682 ypos389
[2021-01-22 19:16][DEBUG] xpos-1683 ypos389
[2021-01-22 19:16][DEBUG] xpos-1686 ypos389
[2021-01-22 19:16][DEBUG] xpos-1687 ypos389
[2021-01-22 19:16][DEBUG] xpos-1688 ypos389
[2021-01-22 19:16][DEBUG] xpos-1690 ypos389
[2021-01-22 19:16][DEBUG] xpos-1691 ypos389
[2021-01-22 19:16][DEBUG] xpos-1692 ypos388
[2021-01-22 19:16][DEBUG] xpos-1692 ypos385
[2021-01-22 19:16][DEBUG] xpos-1687 ypos377
[2021-01-22 19:16][DEBUG] xpos-1690 ypos373
[2021-01-22 19:16][DEBUG] xpos-1692 ypos373
[2021-01-22 19:16][DEBUG] xpos-1694 ypos373
[2021-01-22 19:16][DEBUG] xpos-1703 ypos373
[2021-01-22 19:16][DEBUG] xpos-1709 ypos371
[2021-01-22 19:16][DEBUG] xpos-1711 ypos371
[2021-01-22 19:16][DEBUG] xpos-1717 ypos371
[2021-01-22 19:16][DEBUG] xpos-1723 ypos370
[2021-01-22 19:16][DEBUG] xpos-1725 ypos370
[2021-01-22 19:16][DEBUG] xpos-1730 ypos370
[2021-01-22 19:16][DEBUG] xpos-1733 ypos370
[2021-01-22 19:16][DEBUG] xpos-1736 ypos370
[2021-01-22 19:16][DEBUG] xpos-1737 ypos370
[2021-01-22 19:16][DEBUG] xpos-1741 ypos370
[2021-01-22 19:16][DEBUG] xpos-1743 ypos369
[2021-01-22 19:16][DEBUG] xpos-1744 ypos369
[2021-01-22 19:16][DEBUG] xpos-1745 ypos369
[2021-01-22 19:16][DEBUG] xpos-1748 ypos368
[2021-01-22 19:16][DEBUG] xpos-1749 ypos368
[2021-01-22 19:16][DEBUG] xpos-1750 ypos368
[2021-01-22 19:16][DEBUG] xpos-1752 ypos367
[2021-01-22 19:16][DEBUG] xpos-1754 ypos367
[2021-01-22 19:16][DEBUG] xpos-1756 ypos366
[2021-01-22 19:16][DEBUG] xpos-1757 ypos365
[2021-01-22 19:16][DEBUG] xpos-1758 ypos365
[2021-01-22 19:16][DEBUG] xpos-1762 ypos365
[2021-01-22 19:16][DEBUG] xpos-1764 ypos365
[2021-01-22 19:16][DEBUG] xpos-1766 ypos365
[2021-01-22 19:16][DEBUG] xpos-1769 ypos364
[2021-01-22 19:16][DEBUG] xpos-1770 ypos364
[2021-01-22 19:16][DEBUG] xpos-1779 ypos364
[2021-01-22 19:16][DEBUG] xpos-1783 ypos364
[2021-01-22 19:16][DEBUG] xpos-1788 ypos364
[2021-01-22 19:16][DEBUG] xpos-1795 ypos364
[2021-01-22 19:16][DEBUG] xpos-1811 ypos360
[2021-01-22 19:16][DEBUG] xpos-1823 ypos358
[2021-01-22 19:16][DEBUG] xpos-1836 ypos355
[2021-01-22 19:16][DEBUG] xpos-1843 ypos355
[2021-01-22 19:16][DEBUG] xpos-1856 ypos353
[2021-01-22 19:16][DEBUG] xpos-1871 ypos350
[2021-01-22 19:16][DEBUG] xpos-1891 ypos347
[2021-01-22 19:16][DEBUG] xpos-1897 ypos345
[2021-01-22 19:16][DEBUG] xpos-1903 ypos342
[2021-01-22 19:16][DEBUG] xpos-1911 ypos339
[2021-01-22 19:16][DEBUG] xpos-1917 ypos339
[2021-01-22 19:16][DEBUG] xpos-1921 ypos339
[2021-01-22 19:16][DEBUG] xpos-1929 ypos339
[2021-01-22 19:16][DEBUG] xpos-1931 ypos339
[2021-01-22 19:16][DEBUG] xpos-1933 ypos339
[2021-01-22 19:16][DEBUG] xpos-1936 ypos339
[2021-01-22 19:16][DEBUG] xpos-1942 ypos339
[2021-01-22 19:16][DEBUG] xpos-1945 ypos339
[2021-01-22 19:16][DEBUG] xpos-1950 ypos339
[2021-01-22 19:16][DEBUG] xpos-1956 ypos339
[2021-01-22 19:16][DEBUG] xpos-1963 ypos339
[2021-01-22 19:16][DEBUG] xpos-1978 ypos339
[2021-01-22 19:16][DEBUG] xpos-1987 ypos339
[2021-01-22 19:16][DEBUG] xpos-1997 ypos339
[2021-01-22 19:16][DEBUG] xpos-2007 ypos339
[2021-01-22 19:16][DEBUG] xpos-2029 ypos339
[2021-01-22 19:16][DEBUG] xpos-2037 ypos339
[2021-01-22 19:16][DEBUG] xpos-2047 ypos339
[2021-01-22 19:16][DEBUG] xpos-2055 ypos339
[2021-01-22 19:16][DEBUG] xpos-2060 ypos339
[2021-01-22 19:16][DEBUG] xpos-2069 ypos339
[2021-01-22 19:16][DEBUG] xpos-2079 ypos339
[2021-01-22 19:16][DEBUG] xpos-2094 ypos339
[2021-01-22 19:16][DEBUG] xpos-2106 ypos339
[2021-01-22 19:16][DEBUG] xpos-2123 ypos341
[2021-01-22 19:16][DEBUG] xpos-2140 ypos341
[2021-01-22 19:16][DEBUG] xpos-2156 ypos343
[2021-01-22 19:16][DEBUG] xpos-2170 ypos345
[2021-01-22 19:16][DEBUG] xpos-2189 ypos345
[2021-01-22 19:16][DEBUG] xpos-2204 ypos345
[2021-01-22 19:16][DEBUG] xpos-2218 ypos345
[2021-01-22 19:16][DEBUG] xpos-2233 ypos345
[2021-01-22 19:16][DEBUG] xpos-2253 ypos345
[2021-01-22 19:16][DEBUG] xpos-2270 ypos345
[2021-01-22 19:16][DEBUG] xpos-2284 ypos345
[2021-01-22 19:16][DEBUG] xpos-2303 ypos345
[2021-01-22 19:16][DEBUG] xpos-2322 ypos345
[2021-01-22 19:16][DEBUG] xpos-2339 ypos345
[2021-01-22 19:16][DEBUG] xpos-2361 ypos343
[2021-01-22 19:16][DEBUG] xpos-2381 ypos340
[2021-01-22 19:16][DEBUG] xpos-2405 ypos336
[2021-01-22 19:16][DEBUG] xpos-2426 ypos334
[2021-01-22 19:16][DEBUG] xpos-2444 ypos330
[2021-01-22 19:16][DEBUG] xpos-2476 ypos325
[2021-01-22 19:16][DEBUG] xpos-2496 ypos323
[2021-01-22 19:16][DEBUG] xpos-2513 ypos318
[2021-01-22 19:16][DEBUG] xpos-2526 ypos310
[2021-01-22 19:16][DEBUG] xpos-2543 ypos306
[2021-01-22 19:16][DEBUG] xpos-2571 ypos298
[2021-01-22 19:16][DEBUG] xpos-2584 ypos294
[2021-01-22 19:16][DEBUG] xpos-2594 ypos291
[2021-01-22 19:16][DEBUG] xpos-2598 ypos290
[2021-01-22 19:16][DEBUG] xpos-2603 ypos290
[2021-01-22 19:16][DEBUG] xpos-2604 ypos289
[2021-01-22 19:16][DEBUG] xpos-2605 ypos287
[2021-01-22 19:16][DEBUG] xpos-2603 ypos287
[2021-01-22 19:16][DEBUG] xpos-2599 ypos283
[2021-01-22 19:16][DEBUG] xpos-2590 ypos282
[2021-01-22 19:16][DEBUG] xpos-2584 ypos281
[2021-01-22 19:16][DEBUG] xpos-2576 ypos275
[2021-01-22 19:16][DEBUG] xpos-2561 ypos271
[2021-01-22 19:16][DEBUG] xpos-2560 ypos270
[2021-01-22 19:16][DEBUG] xpos-2548 ypos267
[2021-01-22 19:16][DEBUG] xpos-2536 ypos263
[2021-01-22 19:16][DEBUG] xpos-2518 ypos257
[2021-01-22 19:16][DEBUG] xpos-2509 ypos250
[2021-01-22 19:16][DEBUG] xpos-2504 ypos234
[2021-01-22 19:16][DEBUG] xpos-2502 ypos217
[2021-01-22 19:16][DEBUG] xpos-2502 ypos203
[2021-01-22 19:16][DEBUG] xpos-2500 ypos186
[2021-01-22 19:16][DEBUG] xpos-2498 ypos147
[2021-01-22 19:16][DEBUG] xpos-2498 ypos123
[2021-01-22 19:16][DEBUG] xpos-2498 ypos94
[2021-01-22 19:16][DEBUG] xpos-2498 ypos64
[2021-01-22 19:16][DEBUG] xpos-2498 ypos29
[2021-01-22 19:16][DEBUG] xpos-2498 ypos2
[2021-01-22 19:16][DEBUG] xpos-2498 ypos-30
[2021-01-22 19:16][DEBUG] xpos-2498 ypos-60
[2021-01-22 19:16][DEBUG] xpos-2498 ypos-90
[2021-01-22 19:16][DEBUG] xpos-2498 ypos-143
[2021-01-22 19:16][DEBUG] xpos-2498 ypos-167
[2021-01-22 19:16][DEBUG] xpos-2498 ypos-193
[2021-01-22 19:16][DEBUG] xpos-2498 ypos-215
[2021-01-22 19:16][DEBUG] xpos-2502 ypos-240
[2021-01-22 19:16][DEBUG] xpos-2504 ypos-264
[2021-01-22 19:16][DEBUG] xpos-2506 ypos-283
[2021-01-22 19:16][DEBUG] xpos-2508 ypos-302
[2021-01-22 19:16][DEBUG] xpos-2508 ypos-321
[2021-01-22 19:16][DEBUG] xpos-2509 ypos-341
[2021-01-22 19:16][DEBUG] xpos-2509 ypos-360
[2021-01-22 19:16][DEBUG] xpos-2509 ypos-372
[2021-01-22 19:16][DEBUG] xpos-2509 ypos-387
[2021-01-22 19:16][DEBUG] xpos-2512 ypos-397
[2021-01-22 19:16][DEBUG] xpos-2514 ypos-403
[2021-01-22 19:16][DEBUG] xpos-2515 ypos-413
[2021-01-22 19:16][DEBUG] xpos-2515 ypos-417
[2021-01-22 19:16][DEBUG] xpos-2515 ypos-418
[2021-01-22 19:16][DEBUG] xpos-2517 ypos-421
[2021-01-22 19:16][DEBUG] xpos-2518 ypos-420
[2021-01-22 19:16][DEBUG] xpos-2518 ypos-417
[2021-01-22 19:16][DEBUG] xpos-2518 ypos-406
[2021-01-22 19:16][DEBUG] xpos-2519 ypos-394
[2021-01-22 19:16][DEBUG] xpos-2519 ypos-380
[2021-01-22 19:16][DEBUG] xpos-2517 ypos-360
[2021-01-22 19:16][DEBUG] xpos-2513 ypos-341
[2021-01-22 19:16][DEBUG] xpos-2509 ypos-317
[2021-01-22 19:16][DEBUG] xpos-2507 ypos-296
[2021-01-22 19:16][DEBUG] xpos-2502 ypos-265
[2021-01-22 19:16][DEBUG] xpos-2498 ypos-237
[2021-01-22 19:16][DEBUG] xpos-2496 ypos-211
[2021-01-22 19:16][DEBUG] xpos-2487 ypos-176
[2021-01-22 19:16][DEBUG] xpos-2467 ypos-102
[2021-01-22 19:16][DEBUG] xpos-2453 ypos-62
[2021-01-22 19:16][DEBUG] xpos-2446 ypos-29
[2021-01-22 19:16][DEBUG] xpos-2432 ypos15
[2021-01-22 19:16][DEBUG] xpos-2426 ypos37
[2021-01-22 19:16][DEBUG] xpos-2422 ypos64
[2021-01-22 19:16][DEBUG] xpos-2416 ypos86
[2021-01-22 19:16][DEBUG] xpos-2414 ypos103
[2021-01-22 19:16][DEBUG] xpos-2412 ypos116
[2021-01-22 19:16][DEBUG] xpos-2408 ypos133
[2021-01-22 19:16][DEBUG] xpos-2407 ypos150
[2021-01-22 19:16][DEBUG] xpos-2407 ypos169
[2021-01-22 19:16][DEBUG] xpos-2407 ypos191
[2021-01-22 19:16][DEBUG] xpos-2407 ypos212
[2021-01-22 19:16][DEBUG] xpos-2407 ypos258
[2021-01-22 19:16][DEBUG] xpos-2407 ypos277
[2021-01-22 19:16][DEBUG] xpos-2407 ypos289
[2021-01-22 19:16][DEBUG] xpos-2407 ypos303
[2021-01-22 19:16][DEBUG] xpos-2407 ypos313
[2021-01-22 19:16][DEBUG] xpos-2407 ypos323
[2021-01-22 19:16][DEBUG] xpos-2407 ypos335
[2021-01-22 19:16][DEBUG] xpos-2407 ypos345
[2021-01-22 19:16][DEBUG] xpos-2407 ypos355
[2021-01-22 19:16][DEBUG] xpos-2407 ypos377
[2021-01-22 19:16][DEBUG] xpos-2407 ypos387
[2021-01-22 19:16][DEBUG] xpos-2405 ypos397
[2021-01-22 19:16][DEBUG] xpos-2405 ypos404
[2021-01-22 19:16][DEBUG] xpos-2404 ypos410
[2021-01-22 19:16][DEBUG] xpos-2402 ypos420
[2021-01-22 19:16][DEBUG] xpos-2401 ypos428
[2021-01-22 19:16][DEBUG] xpos-2401 ypos436
[2021-01-22 19:16][DEBUG] xpos-2401 ypos448
[2021-01-22 19:16][DEBUG] xpos-2401 ypos465
[2021-01-22 19:16][DEBUG] xpos-2401 ypos494
[2021-01-22 19:16][DEBUG] xpos-2401 ypos504
[2021-01-22 19:16][DEBUG] xpos-2401 ypos518
[2021-01-22 19:16][DEBUG] xpos-2403 ypos541
[2021-01-22 19:16][DEBUG] xpos-2406 ypos553
[2021-01-22 19:16][DEBUG] xpos-2409 ypos561
[2021-01-22 19:16][DEBUG] xpos-2413 ypos572
[2021-01-22 19:16][DEBUG] xpos-2414 ypos577
[2021-01-22 19:16][DEBUG] xpos-2418 ypos588
[2021-01-22 19:16][DEBUG] xpos-2429 ypos611
[2021-01-22 19:16][DEBUG] xpos-2432 ypos624
[2021-01-22 19:16][DEBUG] xpos-2440 ypos637
[2021-01-22 19:16][DEBUG] xpos-2446 ypos652
[2021-01-22 19:16][DEBUG] xpos-2454 ypos665
[2021-01-22 19:16][DEBUG] xpos-2461 ypos674
[2021-01-22 19:16][DEBUG] xpos-2466 ypos683
[2021-01-22 19:16][DEBUG] xpos-2473 ypos693
[2021-01-22 19:16][DEBUG] xpos-2476 ypos699
[2021-01-22 19:16][DEBUG] xpos-2483 ypos712
[2021-01-22 19:16][DEBUG] xpos-2487 ypos725
[2021-01-22 19:16][DEBUG] xpos-2493 ypos736
[2021-01-22 19:16][DEBUG] xpos-2500 ypos753
[2021-01-22 19:16][DEBUG] xpos-2504 ypos762
[2021-01-22 19:16][DEBUG] xpos-2509 ypos772
[2021-01-22 19:16][DEBUG] xpos-2514 ypos785
[2021-01-22 19:16][DEBUG] xpos-2519 ypos793
[2021-01-22 19:16][DEBUG] xpos-2523 ypos802
[2021-01-22 19:16][DEBUG] xpos-2527 ypos808
[2021-01-22 19:16][DEBUG] xpos-2531 ypos820
[2021-01-22 19:16][DEBUG] xpos-2537 ypos826
[2021-01-22 19:16][DEBUG] xpos-2540 ypos835
[2021-01-22 19:16][DEBUG] xpos-2548 ypos851
[2021-01-22 19:16][DEBUG] xpos-2554 ypos864
[2021-01-22 19:16][DEBUG] xpos-2557 ypos874
[2021-01-22 19:16][DEBUG] xpos-2560 ypos880
[2021-01-22 19:16][DEBUG] xpos-2565 ypos888
[2021-01-22 19:16][DEBUG] xpos-2571 ypos896
[2021-01-22 19:16][DEBUG] xpos-2572 ypos900
[2021-01-22 19:16][DEBUG] xpos-2572 ypos901
[2021-01-22 19:16][DEBUG] xpos-2575 ypos905
[2021-01-22 19:16][DEBUG] xpos-2575 ypos906
[2021-01-22 19:16][DEBUG] xpos-2575 ypos908
[2021-01-22 19:16][DEBUG] xpos-2575 ypos912
[2021-01-22 19:16][DEBUG] xpos-2576 ypos913
[2021-01-22 19:16][DEBUG] xpos-2576 ypos917
[2021-01-22 19:16][DEBUG] xpos-2576 ypos919
[2021-01-22 19:16][DEBUG] xpos-2577 ypos920
[2021-01-22 19:16][DEBUG] xpos-2576 ypos921
[2021-01-22 19:16][DEBUG] xpos-2575 ypos921
[2021-01-22 19:16][DEBUG] xpos-2570 ypos921
[2021-01-22 19:16][DEBUG] xpos-2563 ypos921
[2021-01-22 19:16][DEBUG] xpos-2555 ypos921
[2021-01-22 19:16][DEBUG] xpos-2541 ypos921
[2021-01-22 19:16][DEBUG] xpos-2533 ypos920
[2021-01-22 19:16][DEBUG] xpos-2525 ypos920
[2021-01-22 19:16][DEBUG] xpos-2515 ypos920
[2021-01-22 19:16][DEBUG] xpos-2509 ypos920
[2021-01-22 19:16][DEBUG] xpos-2505 ypos920
[2021-01-22 19:16][DEBUG] xpos-2503 ypos920
[2021-01-22 19:16][DEBUG] xpos-2501 ypos920
[2021-01-22 19:16][DEBUG] xpos-2499 ypos916
[2021-01-22 19:16][DEBUG] xpos-2499 ypos912
[2021-01-22 19:16][DEBUG] 主进程结束
[2021-01-22 19:16][DEBUG] 资源释放完毕
